[0mGET / [32m200[0m 86.430 ms - 10747[0m
[0mPOST /posts/create [32m200[0m 24.949 ms - 300[0m
[0mPOST /comments/create [32m200[0m 38.545 ms - 331[0m
[0mGET /comments/destroy/5ee3cb3a80f876270f28bb3c [36m302[0m 30.361 ms - 44[0m
[0mGET / [32m200[0m 28.617 ms - 13935[0m
[0mGET /comments/destroy/5ee3cb3a80f876270f28bb3c [36m302[0m 15.529 ms - 44[0m
[0mGET / [36m304[0m 30.845 ms - -[0m
[0mGET / [32m200[0m 118.535 ms - 13637[0m
[0mPOST /posts/create [32m200[0m 21.598 ms - 299[0m
[0mPOST /comments/create [32m200[0m 44.084 ms - 331[0m
[0mGET /comments/destroy/5ee3cb78afa455277230dc4e [36m302[0m 42.060 ms - 44[0m
[0mGET / [32m200[0m 35.718 ms - 16824[0m
[0mGET / [32m200[0m 125.752 ms - 16526[0m
[0mPOST /posts/create [32m200[0m 16.370 ms - 300[0m
[0mPOST /comments/create [32m200[0m 43.306 ms - 331[0m
[0mGET /comments/destroy/5ee3cf3b97207529c7d7e9d3 [36m302[0m 19.936 ms - 44[0m
[0mGET / [32m200[0m 39.104 ms - 19714[0m
[0mGET / [32m200[0m 142.248 ms - 19416[0m
[0mPOST /posts/create [32m200[0m 22.286 ms - 296[0m
[0mPOST /comments/create [32m200[0m 46.539 ms - 331[0m
[0mGET /comments/destroy/5ee3cf6ac7f4102a0d0c2cea [36m302[0m 41.586 ms - 44[0m
[0mGET / [32m200[0m 41.774 ms - 22600[0m
[0mGET / [32m200[0m 77.243 ms - 22302[0m
[0mGET /comments/destroy/5ee3cf6ac7f4102a0d0c2cea [36m302[0m 7.817 ms - 44[0m
[0mGET / [32m200[0m 44.159 ms - 22600[0m
[0mGET /comments/destroy/5ee3cf6ac7f4102a0d0c2cea [36m302[0m 15.129 ms - 44[0m
[0mGET / [36m304[0m 38.112 ms - -[0m
[0mPOST /comments/create [32m200[0m 29.792 ms - 331[0m
[0mGET /comments/destroy/5ee3cf6ac7f4102a0d0c2cea [36m302[0m 29.870 ms - 44[0m
[0mGET / [32m200[0m 61.224 ms - 23537[0m
[0mGET /comments/destroy/5ee3cfbbc7f4102a0d0c2cec [36m302[0m 14.395 ms - 44[0m
[0mGET / [36m304[0m 63.151 ms - -[0m
[0mGET /comments/destroy/5ee3cf3b97207529c7d7e9d3 [36m302[0m 18.503 ms - 44[0m
[0mGET / [36m304[0m 37.494 ms - -[0m
[0mGET / [32m200[0m 154.741 ms - 23239[0m
[0mGET /comments/destroy/5ee3cf3b97207529c7d7e9d3 [36m302[0m 20.621 ms - 44[0m
[0mGET / [32m200[0m 36.341 ms - 23537[0m
[0mGET /comments/destroy/5ee3cf3b97207529c7d7e9d3 [36m302[0m 17.604 ms - 44[0m
[0mGET / [36m304[0m 35.971 ms - -[0m
[0mGET /comments/destroy/5ee3cb78afa455277230dc4e [36m302[0m 33.243 ms - 44[0m
[0mGET / [36m304[0m 46.322 ms - -[0m
[0mGET / [32m200[0m 140.950 ms - 23239[0m
[0mGET /comments/destroy/5ee3cb78afa455277230dc4e [36m302[0m 30.880 ms - 44[0m
[0mGET / [32m200[0m 55.849 ms - 23537[0m
[0mGET / [32m200[0m 135.322 ms - 23239[0m
[0mGET /comments/destroy/5ee3cb78afa455277230dc4e [36m302[0m 20.781 ms - 44[0m
[0mGET / [32m200[0m 41.525 ms - 23537[0m
[0mGET / [32m200[0m 155.080 ms - 23239[0m
[0mGET /comments/destroy/5ee3cb78afa455277230dc4e [36m302[0m 30.213 ms - 44[0m
[0mGET / [32m200[0m 53.561 ms - 23537[0m
[0mGET /comments/destroy/5ee3cb78afa455277230dc4e [36m302[0m 18.918 ms - 44[0m
[0mGET / [36m304[0m 55.473 ms - -[0m
[0mGET / [32m200[0m 117.756 ms - 23239[0m
[0mGET / [36m304[0m 162.873 ms - -[0m
[0mGET /comments/destroy/5ee3cb78afa455277230dc4e [36m302[0m 15.971 ms - 44[0m
[0mGET / [32m200[0m 37.224 ms - 23537[0m
[0mGET /comments/destroy/5ee3cb78afa455277230dc4e [36m302[0m 28.916 ms - 44[0m
[0mGET / [36m304[0m 57.846 ms - -[0m
[0mGET / [32m200[0m 128.038 ms - 23239[0m
[0mGET /comments/destroy/5ee3cb78afa455277230dc4e [36m302[0m 39.949 ms - 44[0m
[0mGET / [32m200[0m 58.629 ms - 23537[0m
[0mGET / [32m200[0m 149.122 ms - 23239[0m
[0mGET /comments/destroy/5ee3cb78afa455277230dc4e [36m302[0m 21.303 ms - 44[0m
[0mGET / [32m200[0m 59.629 ms - 23537[0m
[0mGET / [32m200[0m 190.279 ms - 23239[0m
[0mGET /comments/destroy/5ee3cb78afa455277230dc4e [36m302[0m 33.934 ms - 44[0m
[0mGET / [32m200[0m 38.003 ms - 23537[0m
[0mGET / [32m200[0m 176.557 ms - 23239[0m
[0mGET /comments/destroy/5ee3cb78afa455277230dc4e [32m200[0m 33.650 ms - 75[0m
[0mGET / [32m200[0m 168.031 ms - 22302[0m
[0mPOST /comments/create [32m200[0m 39.915 ms - 331[0m
[0mGET /comments/destroy/5ee3d1f0ad7b2e2d69e9678b [32m200[0m 85.266 ms - 75[0m
[0mGET / [36m304[0m 166.157 ms - -[0m
[0mPOST /posts/create [32m200[0m 26.062 ms - 300[0m
[0mGET / [32m200[0m 155.478 ms - 24255[0m
[0mGET /posts/destroy/5ee3d24aa94d922e33cd5ecf [32m200[0m 45.645 ms - 72[0m
[0mGET /posts/destroy/5ee3cf65c7f4102a0d0c2ce9 [32m200[0m 55.641 ms - 72[0m
[0mGET /posts/destroy/5ee3cf3797207529c7d7e9d2 [32m200[0m 42.530 ms - 72[0m
[0mGET /posts/destroy/5ee3cb75afa455277230dc4d [32m200[0m 31.975 ms - 72[0m
[0mGET /posts/destroy/5ee3cb3680f876270f28bb3b [32m200[0m 36.682 ms - 72[0m
[0mGET /posts/destroy/5ee3c6a38405e023eb936533 [32m200[0m 28.507 ms - 72[0m
[0mGET /posts/destroy/5ee3c558dcf22c229b097daf [32m200[0m 49.580 ms - 72[0m
[0mGET / [32m200[0m 42.283 ms - 3981[0m
[0mGET /users/sign-in [32m200[0m 12.111 ms - 2333[0m
[0mGET /users/auth/google [36m302[0m 12.199 ms - 0[0m
[0mGET /users/auth/google/callback?code=4%2F0wG7F5y5h2IQ7GEc5K8ITC4Q_ngQLPNpoFgsIJHBqfoL_WqFXQXuMr7TsAF3LguIXEr5J8KzZ9tI5xqTUxsnGzE&scope=email+profile+https%3A%2F%2Fwww.googleapis.com%2Fauth%2Fuserinfo.profile+https%3A%2F%2Fwww.googleapis.com%2Fauth%2Fuserinfo.email+openid&authuser=0&prompt=consent [36m302[0m 776.885 ms - 46[0m
[0mGET / [32m200[0m 73.886 ms - 6196[0m
[0mGET /games/pong [36m304[0m 20.570 ms - -[0m
[0mGET /favicon.ico [33m404[0m 5.298 ms - 150[0m
[0mGET /favicon.ico [33m404[0m 9.584 ms - 150[0m
[0mGET / [32m200[0m 51.280 ms - 5906[0m
[0mGET /games/snakes [36m304[0m 23.465 ms - -[0m
[0mGET /favicon.ico [33m404[0m 4.036 ms - 150[0m
[0mGET /favicon.ico [33m404[0m 13.950 ms - 150[0m
[0mGET /favicon.ico [33m404[0m 13.619 ms - 150[0m
[0mGET /favicon.ico [33m404[0m 11.102 ms - 150[0m
[0mGET /favicon.ico [33m404[0m 15.549 ms - 150[0m
[0mGET /games/snakes [36m304[0m 37.863 ms - -[0m
[0mGET /favicon.ico [33m404[0m 16.201 ms - 150[0m
[0mGET /favicon.ico [33m404[0m 18.612 ms - 150[0m
[0mGET /favicon.ico [33m404[0m 10.320 ms - 150[0m
[0mGET /favicon.ico [33m404[0m 10.852 ms - 150[0m
[0mGET /favicon.ico [33m404[0m 12.978 ms - 150[0m
[0mGET /favicon.ico [33m404[0m 10.702 ms - 150[0m
[0mGET /favicon.ico [33m404[0m 10.197 ms - 150[0m
[0mGET /favicon.ico [33m404[0m 17.127 ms - 150[0m
[0mGET /games/snakes [36m304[0m 8.054 ms - -[0m
[0mGET /favicon.ico [33m404[0m 15.871 ms - 150[0m
[0mGET /favicon.ico [33m404[0m 12.971 ms - 150[0m
[0mGET /favicon.ico [33m404[0m 10.304 ms - 150[0m
[0mGET /favicon.ico [33m404[0m 11.289 ms - 150[0m
[0mGET /favicon.ico [33m404[0m 10.545 ms - 150[0m
[0mGET /favicon.ico [33m404[0m 10.197 ms - 150[0m
[0mGET /favicon.ico [33m404[0m 17.705 ms - 150[0m
[0mGET /favicon.ico [33m404[0m 9.775 ms - 150[0m
[0mGET /favicon.ico [33m404[0m 10.078 ms - 150[0m
[0mGET /favicon.ico [33m404[0m 14.057 ms - 150[0m
[0mGET /favicon.ico [33m404[0m 3.770 ms - 150[0m
[0mGET /favicon.ico [33m404[0m 12.444 ms - 150[0m
[0mGET /favicon.ico [33m404[0m 11.928 ms - 150[0m
[0mGET /favicon.ico [33m404[0m 8.835 ms - 150[0m
[0mGET /favicon.ico [33m404[0m 15.525 ms - 150[0m
[0mGET /favicon.ico [33m404[0m 14.469 ms - 150[0m
[0mGET /favicon.ico [33m404[0m 19.899 ms - 150[0m
[0mGET /favicon.ico [33m404[0m 15.283 ms - 150[0m
[0mGET /favicon.ico [33m404[0m 10.125 ms - 150[0m
[0mGET /favicon.ico [33m404[0m 12.104 ms - 150[0m
[0mGET /favicon.ico [33m404[0m 28.923 ms - 150[0m
[0mGET /favicon.ico [33m404[0m 19.380 ms - 150[0m
[0mGET /favicon.ico [33m404[0m 4.524 ms - 150[0m
[0mGET /favicon.ico [33m404[0m 10.845 ms - 150[0m
[0mGET /favicon.ico [33m404[0m 9.819 ms - 150[0m
[0mGET /favicon.ico [33m404[0m 11.917 ms - 150[0m
[0mGET /favicon.ico [33m404[0m 14.348 ms - 150[0m
[0mGET /favicon.ico [33m404[0m 12.350 ms - 150[0m
[0mGET /favicon.ico [33m404[0m 10.502 ms - 150[0m
[0mGET /favicon.ico [33m404[0m 9.687 ms - 150[0m
[0mGET /favicon.ico [33m404[0m 9.830 ms - 150[0m
[0mGET /favicon.ico [33m404[0m 10.143 ms - 150[0m
[0mGET /favicon.ico [33m404[0m 9.471 ms - 150[0m
[0mGET /favicon.ico [33m404[0m 31.243 ms - 150[0m
[0mGET /favicon.ico [33m404[0m 11.077 ms - 150[0m
[0mGET /favicon.ico [33m404[0m 11.366 ms - 150[0m
[0mGET /favicon.ico [33m404[0m 14.926 ms - 150[0m
[0mGET /favicon.ico [33m404[0m 14.471 ms - 150[0m
[0mGET /favicon.ico [33m404[0m 15.404 ms - 150[0m
[0mGET /favicon.ico [33m404[0m 8.396 ms - 150[0m
[0mGET /favicon.ico [33m404[0m 2.876 ms - 150[0m
[0mGET /favicon.ico [33m404[0m 10.989 ms - 150[0m
[0mGET /favicon.ico [33m404[0m 14.606 ms - 150[0m
[0mGET /favicon.ico [33m404[0m 11.352 ms - 150[0m
[0mGET /favicon.ico [33m404[0m 9.511 ms - 150[0m
[0mGET /favicon.ico [33m404[0m 9.599 ms - 150[0m
[0mGET /favicon.ico [33m404[0m 19.893 ms - 150[0m
[0mGET /favicon.ico [33m404[0m 9.154 ms - 150[0m
[0mGET /favicon.ico [33m404[0m 14.908 ms - 150[0m
[0mGET /favicon.ico [33m404[0m 13.943 ms - 150[0m
[0mGET /favicon.ico [33m404[0m 11.991 ms - 150[0m
[0mGET /favicon.ico [33m404[0m 12.904 ms - 150[0m
[0mGET /favicon.ico [33m404[0m 15.828 ms - 150[0m
[0mGET /favicon.ico [33m404[0m 21.442 ms - 150[0m
[0mGET /favicon.ico [33m404[0m 10.773 ms - 150[0m
[0mGET /favicon.ico [33m404[0m 11.634 ms - 150[0m
[0mGET /favicon.ico [33m404[0m 12.464 ms - 150[0m
[0mGET /favicon.ico [33m404[0m 10.445 ms - 150[0m
[0mGET /favicon.ico [33m404[0m 12.354 ms - 150[0m
[0mGET /favicon.ico [33m404[0m 8.973 ms - 150[0m
[0mGET /favicon.ico [33m404[0m 9.726 ms - 150[0m
[0mGET /favicon.ico [33m404[0m 2.953 ms - 150[0m
[0mGET /favicon.ico [33m404[0m 15.072 ms - 150[0m
[0mGET /favicon.ico [33m404[0m 11.633 ms - 150[0m
[0mGET /favicon.ico [33m404[0m 9.399 ms - 150[0m
[0mGET /favicon.ico [33m404[0m 10.731 ms - 150[0m
[0mGET /favicon.ico [33m404[0m 9.392 ms - 150[0m
[0mGET /favicon.ico [33m404[0m 14.120 ms - 150[0m
[0mGET /favicon.ico [33m404[0m 13.918 ms - 150[0m
[0mGET /favicon.ico [33m404[0m 10.267 ms - 150[0m
[0mGET /favicon.ico [33m404[0m 10.670 ms - 150[0m
[0mGET /favicon.ico [33m404[0m 11.800 ms - 150[0m
[0mGET /favicon.ico [33m404[0m 13.335 ms - 150[0m
[0mGET /games/snakes [36m304[0m 11.660 ms - -[0m
[0mGET /favicon.ico [33m404[0m 11.432 ms - 150[0m
[0mGET /favicon.ico [33m404[0m 9.385 ms - 150[0m
[0mGET /favicon.ico [33m404[0m 11.134 ms - 150[0m
[0mGET /favicon.ico [33m404[0m 9.723 ms - 150[0m
[0mGET /favicon.ico [33m404[0m 12.081 ms - 150[0m
[0mGET /favicon.ico [33m404[0m 9.554 ms - 150[0m
[0mGET /favicon.ico [33m404[0m 11.019 ms - 150[0m
[0mGET /favicon.ico [33m404[0m 9.631 ms - 150[0m
[0mGET /favicon.ico [33m404[0m 13.809 ms - 150[0m
[0mGET /favicon.ico [33m404[0m 12.463 ms - 150[0m
[0mGET /favicon.ico [33m404[0m 9.948 ms - 150[0m
[0mGET /favicon.ico [33m404[0m 13.237 ms - 150[0m
[0mGET /games/snakes [36m304[0m 11.380 ms - -[0m
[0mGET /favicon.ico [33m404[0m 14.133 ms - 150[0m
[0mGET /favicon.ico [33m404[0m 11.589 ms - 150[0m
[0mGET /favicon.ico [33m404[0m 19.271 ms - 150[0m
[0mGET /favicon.ico [33m404[0m 10.200 ms - 150[0m
[0mGET /favicon.ico [33m404[0m 12.922 ms - 150[0m
[0mGET /favicon.ico [33m404[0m 14.397 ms - 150[0m
[0mGET /favicon.ico [33m404[0m 15.045 ms - 150[0m
[0mGET /favicon.ico [33m404[0m 12.858 ms - 150[0m
[0mGET /favicon.ico [33m404[0m 14.800 ms - 150[0m
[0mGET /favicon.ico [33m404[0m 9.020 ms - 150[0m
[0mGET /favicon.ico [33m404[0m 10.988 ms - 150[0m
[0mGET /favicon.ico [33m404[0m 10.876 ms - 150[0m
[0mGET /games/snakes [36m304[0m 15.726 ms - -[0m
[0mGET /favicon.ico [33m404[0m 12.659 ms - 150[0m
[0mGET /favicon.ico [33m404[0m 13.867 ms - 150[0m
[0mGET /games/snakes [36m304[0m 13.565 ms - -[0m
[0mGET /favicon.ico [33m404[0m 18.159 ms - 150[0m
[0mGET /favicon.ico [33m404[0m 8.552 ms - 150[0m
[0mGET /favicon.ico [33m404[0m 9.283 ms - 150[0m
[0mGET /favicon.ico [33m404[0m 9.604 ms - 150[0m
[0mGET /favicon.ico [33m404[0m 10.124 ms - 150[0m
[0mGET /favicon.ico [33m404[0m 8.544 ms - 150[0m
[0mGET /favicon.ico [33m404[0m 8.494 ms - 150[0m
[0mGET /favicon.ico [33m404[0m 15.681 ms - 150[0m
[0mGET /favicon.ico [33m404[0m 9.502 ms - 150[0m
[0mGET /favicon.ico [33m404[0m 8.841 ms - 150[0m
[0mGET /favicon.ico [33m404[0m 10.810 ms - 150[0m
[0mGET /favicon.ico [33m404[0m 13.445 ms - 150[0m
[0mGET /favicon.ico [33m404[0m 14.387 ms - 150[0m
[0mGET /favicon.ico [33m404[0m 11.025 ms - 150[0m
[0mGET /favicon.ico [33m404[0m 12.749 ms - 150[0m
[0mGET /favicon.ico [33m404[0m 9.354 ms - 150[0m
[0mGET /favicon.ico [33m404[0m 12.371 ms - 150[0m
[0mGET /favicon.ico [33m404[0m 8.962 ms - 150[0m
[0mGET /favicon.ico [33m404[0m 13.888 ms - 150[0m
[0mGET /favicon.ico [33m404[0m 12.204 ms - 150[0m
[0mGET /favicon.ico [33m404[0m 9.564 ms - 150[0m
[0mGET /favicon.ico [33m404[0m 11.121 ms - 150[0m
[0mGET /favicon.ico [33m404[0m 8.899 ms - 150[0m
[0mGET /favicon.ico [33m404[0m 14.117 ms - 150[0m
[0mGET /favicon.ico [33m404[0m 10.098 ms - 150[0m
[0mGET /favicon.ico [33m404[0m 10.772 ms - 150[0m
[0mGET /favicon.ico [33m404[0m 9.109 ms - 150[0m
[0mGET /favicon.ico [33m404[0m 13.553 ms - 150[0m
[0mGET /favicon.ico [33m404[0m 10.397 ms - 150[0m
[0mGET /favicon.ico [33m404[0m 11.914 ms - 150[0m
[0mGET /favicon.ico [33m404[0m 13.552 ms - 150[0m
[0mGET /favicon.ico [33m404[0m 13.073 ms - 150[0m
[0mGET /favicon.ico [33m404[0m 8.575 ms - 150[0m
[0mGET /favicon.ico [33m404[0m 12.735 ms - 150[0m
[0mGET /favicon.ico [33m404[0m 15.437 ms - 150[0m
[0mGET /favicon.ico [33m404[0m 11.993 ms - 150[0m
[0mGET /favicon.ico [33m404[0m 9.258 ms - 150[0m
[0mGET /favicon.ico [33m404[0m 8.993 ms - 150[0m
[0mGET /favicon.ico [33m404[0m 9.225 ms - 150[0m
[0mGET /favicon.ico [33m404[0m 11.138 ms - 150[0m
[0mGET /favicon.ico [33m404[0m 8.558 ms - 150[0m
[0mGET /favicon.ico [33m404[0m 11.171 ms - 150[0m
[0mGET /favicon.ico [33m404[0m 8.457 ms - 150[0m
[0mGET /favicon.ico [33m404[0m 10.789 ms - 150[0m
[0mGET /favicon.ico [33m404[0m 14.024 ms - 150[0m
[0mGET /favicon.ico [33m404[0m 12.980 ms - 150[0m
[0mGET /favicon.ico [33m404[0m 10.967 ms - 150[0m
[0mGET /favicon.ico [33m404[0m 10.270 ms - 150[0m
[0mGET /favicon.ico [33m404[0m 13.371 ms - 150[0m
[0mGET /favicon.ico [33m404[0m 10.282 ms - 150[0m
[0mGET /favicon.ico [33m404[0m 16.661 ms - 150[0m
[0mGET /favicon.ico [33m404[0m 8.763 ms - 150[0m
[0mGET /favicon.ico [33m404[0m 8.118 ms - 150[0m
[0mGET /favicon.ico [33m404[0m 15.499 ms - 150[0m
[0mGET /favicon.ico [33m404[0m 12.546 ms - 150[0m
[0mGET /favicon.ico [33m404[0m 13.651 ms - 150[0m
[0mGET /favicon.ico [33m404[0m 15.646 ms - 150[0m
[0mGET /favicon.ico [33m404[0m 9.759 ms - 150[0m
[0mGET /favicon.ico [33m404[0m 23.085 ms - 150[0m
[0mGET /favicon.ico [33m404[0m 8.340 ms - 150[0m
[0mGET /favicon.ico [33m404[0m 8.930 ms - 150[0m
[0mGET /favicon.ico [33m404[0m 14.766 ms - 150[0m
[0mGET /favicon.ico [33m404[0m 8.902 ms - 150[0m
[0mGET /favicon.ico [33m404[0m 11.245 ms - 150[0m
[0mGET /favicon.ico [33m404[0m 10.423 ms - 150[0m
[0mGET /favicon.ico [33m404[0m 10.513 ms - 150[0m
[0mGET /favicon.ico [33m404[0m 10.278 ms - 150[0m
[0mGET /favicon.ico [33m404[0m 10.740 ms - 150[0m
[0mGET /favicon.ico [33m404[0m 8.374 ms - 150[0m
[0mGET /favicon.ico [33m404[0m 8.671 ms - 150[0m
[0mGET /favicon.ico [33m404[0m 13.140 ms - 150[0m
[0mGET /favicon.ico [33m404[0m 11.267 ms - 150[0m
[0mGET /favicon.ico [33m404[0m 11.523 ms - 150[0m
[0mGET /favicon.ico [33m404[0m 10.032 ms - 150[0m
[0mGET /favicon.ico [33m404[0m 13.727 ms - 150[0m
[0mGET /favicon.ico [33m404[0m 10.375 ms - 150[0m
[0mGET /favicon.ico [33m404[0m 8.203 ms - 150[0m
[0mGET /favicon.ico [33m404[0m 8.715 ms - 150[0m
[0mGET /favicon.ico [33m404[0m 11.220 ms - 150[0m
[0mGET /favicon.ico [33m404[0m 14.421 ms - 150[0m
[0mGET /favicon.ico [33m404[0m 8.727 ms - 150[0m
[0mGET /favicon.ico [33m404[0m 10.140 ms - 150[0m
[0mGET /favicon.ico [33m404[0m 15.019 ms - 150[0m
[0mGET /favicon.ico [33m404[0m 13.095 ms - 150[0m
[0mGET /favicon.ico [33m404[0m 9.041 ms - 150[0m
[0mGET /favicon.ico [33m404[0m 10.493 ms - 150[0m
[0mGET /favicon.ico [33m404[0m 9.860 ms - 150[0m
[0mGET /favicon.ico [33m404[0m 9.111 ms - 150[0m
[0mGET /favicon.ico [33m404[0m 16.313 ms - 150[0m
[0mGET /favicon.ico [33m404[0m 9.065 ms - 150[0m
[0mGET /favicon.ico [33m404[0m 9.211 ms - 150[0m
[0mGET /favicon.ico [33m404[0m 10.362 ms - 150[0m
[0mGET /favicon.ico [33m404[0m 11.300 ms - 150[0m
[0mGET /favicon.ico [33m404[0m 9.746 ms - 150[0m
[0mGET /favicon.ico [33m404[0m 10.017 ms - 150[0m
[0mGET /favicon.ico [33m404[0m 12.980 ms - 150[0m
[0mGET /favicon.ico [33m404[0m 14.343 ms - 150[0m
[0mGET /favicon.ico [33m404[0m 8.239 ms - 150[0m
[0mGET /favicon.ico [33m404[0m 10.270 ms - 150[0m
[0mGET /favicon.ico [33m404[0m 10.402 ms - 150[0m
[0mGET /favicon.ico [33m404[0m 9.078 ms - 150[0m
[0mGET /favicon.ico [33m404[0m 10.599 ms - 150[0m
[0mGET /favicon.ico [33m404[0m 11.957 ms - 150[0m
[0mGET /favicon.ico [33m404[0m 8.107 ms - 150[0m
[0mGET /favicon.ico [33m404[0m 11.701 ms - 150[0m
[0mGET /favicon.ico [33m404[0m 11.343 ms - 150[0m
[0mGET /favicon.ico [33m404[0m 13.264 ms - 150[0m
[0mGET /favicon.ico [33m404[0m 8.605 ms - 150[0m
[0mGET /favicon.ico [33m404[0m 11.589 ms - 150[0m
[0mGET /favicon.ico [33m404[0m 20.168 ms - 150[0m
[0mGET /favicon.ico [33m404[0m 9.600 ms - 150[0m
[0mGET /favicon.ico [33m404[0m 10.570 ms - 150[0m
[0mGET /favicon.ico [33m404[0m 20.129 ms - 150[0m
[0mGET /favicon.ico [33m404[0m 12.931 ms - 150[0m
[0mGET /games/snakes [36m304[0m 14.696 ms - -[0m
[0mGET /favicon.ico [33m404[0m 11.234 ms - 150[0m
[0mGET /favicon.ico [33m404[0m 12.435 ms - 150[0m
[0mGET /favicon.ico [33m404[0m 11.639 ms - 150[0m
[0mGET /favicon.ico [33m404[0m 14.054 ms - 150[0m
[0mGET /favicon.ico [33m404[0m 11.433 ms - 150[0m
[0mGET /favicon.ico [33m404[0m 11.336 ms - 150[0m
[0mGET /favicon.ico [33m404[0m 14.117 ms - 150[0m
[0mGET /favicon.ico [33m404[0m 8.113 ms - 150[0m
[0mGET /games/snakes [36m304[0m 19.522 ms - -[0m
[0mGET /favicon.ico [33m404[0m 8.850 ms - 150[0m
[0mGET /favicon.ico [33m404[0m 11.234 ms - 150[0m
[0mGET /games/snakes [36m304[0m 12.773 ms - -[0m
[0mGET /favicon.ico [33m404[0m 9.696 ms - 150[0m
[0mGET /favicon.ico [33m404[0m 12.972 ms - 150[0m
[0mGET /favicon.ico [33m404[0m 9.988 ms - 150[0m
[0mGET /favicon.ico [33m404[0m 8.127 ms - 150[0m
[0mGET /favicon.ico [33m404[0m 12.271 ms - 150[0m
[0mGET /favicon.ico [33m404[0m 13.777 ms - 150[0m
[0mGET /favicon.ico [33m404[0m 8.505 ms - 150[0m
[0mGET /favicon.ico [33m404[0m 9.915 ms - 150[0m
[0mGET /favicon.ico [33m404[0m 10.317 ms - 150[0m
[0mGET /favicon.ico [33m404[0m 9.417 ms - 150[0m
[0mGET /favicon.ico [33m404[0m 10.299 ms - 150[0m
[0mGET /favicon.ico [33m404[0m 9.848 ms - 150[0m
[0mGET /favicon.ico [33m404[0m 9.848 ms - 150[0m
[0mGET /favicon.ico [33m404[0m 9.055 ms - 150[0m
[0mGET /favicon.ico [33m404[0m 8.546 ms - 150[0m
[0mGET /favicon.ico [33m404[0m 12.414 ms - 150[0m
[0mGET /favicon.ico [33m404[0m 11.665 ms - 150[0m
[0mGET /favicon.ico [33m404[0m 7.975 ms - 150[0m
[0mGET /favicon.ico [33m404[0m 8.059 ms - 150[0m
[0mGET /favicon.ico [33m404[0m 8.347 ms - 150[0m
[0mGET /favicon.ico [33m404[0m 9.042 ms - 150[0m
[0mGET /favicon.ico [33m404[0m 11.065 ms - 150[0m
[0mGET /favicon.ico [33m404[0m 2.792 ms - 150[0m
[0mGET /favicon.ico [33m404[0m 11.017 ms - 150[0m
[0mGET /favicon.ico [33m404[0m 11.150 ms - 150[0m
[0mGET /games/snakes [36m304[0m 19.152 ms - -[0m
[0mGET /favicon.ico [33m404[0m 10.951 ms - 150[0m
[0mGET /favicon.ico [33m404[0m 8.320 ms - 150[0m
[0mGET /favicon.ico [33m404[0m 12.793 ms - 150[0m
[0mGET /favicon.ico [33m404[0m 8.700 ms - 150[0m
[0mGET /favicon.ico [33m404[0m 18.638 ms - 150[0m
[0mGET /favicon.ico [33m404[0m 8.101 ms - 150[0m
[0mGET /favicon.ico [33m404[0m 9.811 ms - 150[0m
[0mGET /favicon.ico [33m404[0m 10.197 ms - 150[0m
[0mGET /favicon.ico [33m404[0m 8.423 ms - 150[0m
[0mGET /favicon.ico [33m404[0m 13.637 ms - 150[0m
[0mGET /favicon.ico [33m404[0m 9.611 ms - 150[0m
[0mGET /favicon.ico [33m404[0m 9.662 ms - 150[0m
[0mGET /favicon.ico [33m404[0m 13.649 ms - 150[0m
[0mGET /favicon.ico [33m404[0m 12.877 ms - 150[0m
[0mGET /favicon.ico [33m404[0m 7.923 ms - 150[0m
[0mGET /favicon.ico [33m404[0m 11.112 ms - 150[0m
[0mGET /favicon.ico [33m404[0m 12.308 ms - 150[0m
[0mGET /favicon.ico [33m404[0m 8.250 ms - 150[0m
[0mGET /favicon.ico [33m404[0m 13.396 ms - 150[0m
[0mGET /favicon.ico [33m404[0m 10.113 ms - 150[0m
[0mGET /favicon.ico [33m404[0m 10.486 ms - 150[0m
[0mGET /favicon.ico [33m404[0m 9.339 ms - 150[0m
[0mGET /favicon.ico [33m404[0m 8.511 ms - 150[0m
[0mGET /favicon.ico [33m404[0m 9.188 ms - 150[0m
[0mGET /favicon.ico [33m404[0m 9.590 ms - 150[0m
[0mGET /favicon.ico [33m404[0m 9.422 ms - 150[0m
[0mGET /favicon.ico [33m404[0m 7.947 ms - 150[0m
[0mGET /favicon.ico [33m404[0m 10.187 ms - 150[0m
[0mGET /favicon.ico [33m404[0m 8.761 ms - 150[0m
[0mGET /favicon.ico [33m404[0m 10.757 ms - 150[0m
[0mGET /favicon.ico [33m404[0m 11.494 ms - 150[0m
[0mGET /favicon.ico [33m404[0m 10.248 ms - 150[0m
[0mGET /favicon.ico [33m404[0m 9.647 ms - 150[0m
[0mGET /favicon.ico [33m404[0m 10.645 ms - 150[0m
[0mGET /favicon.ico [33m404[0m 9.423 ms - 150[0m
[0mGET /favicon.ico [33m404[0m 10.058 ms - 150[0m
[0mGET /favicon.ico [33m404[0m 10.945 ms - 150[0m
[0mGET /favicon.ico [33m404[0m 8.231 ms - 150[0m
[0mGET /favicon.ico [33m404[0m 25.385 ms - 150[0m
[0mGET /favicon.ico [33m404[0m 10.746 ms - 150[0m
[0mGET /favicon.ico [33m404[0m 8.749 ms - 150[0m
[0mGET /favicon.ico [33m404[0m 9.401 ms - 150[0m
[0mGET /favicon.ico [33m404[0m 15.028 ms - 150[0m
[0mGET /favicon.ico [33m404[0m 11.670 ms - 150[0m
[0mGET /favicon.ico [33m404[0m 8.779 ms - 150[0m
[0mGET /favicon.ico [33m404[0m 12.855 ms - 150[0m
[0mGET /favicon.ico [33m404[0m 10.557 ms - 150[0m
[0mGET /favicon.ico [33m404[0m 11.174 ms - 150[0m
[0mGET /favicon.ico [33m404[0m 9.573 ms - 150[0m
[0mGET /favicon.ico [33m404[0m 10.074 ms - 150[0m
[0mGET /favicon.ico [33m404[0m 9.630 ms - 150[0m
[0mGET /favicon.ico [33m404[0m 8.767 ms - 150[0m
[0mGET /favicon.ico [33m404[0m 12.738 ms - 150[0m
[0mGET /favicon.ico [33m404[0m 10.090 ms - 150[0m
[0mGET /favicon.ico [33m404[0m 8.331 ms - 150[0m
[0mGET /favicon.ico [33m404[0m 8.568 ms - 150[0m
[0mGET /favicon.ico [33m404[0m 7.736 ms - 150[0m
[0mGET /favicon.ico [33m404[0m 9.744 ms - 150[0m
[0mGET /favicon.ico [33m404[0m 9.691 ms - 150[0m
[0mGET /favicon.ico [33m404[0m 12.204 ms - 150[0m
[0mGET /favicon.ico [33m404[0m 8.199 ms - 150[0m
[0mGET /favicon.ico [33m404[0m 11.990 ms - 150[0m
[0mGET /favicon.ico [33m404[0m 9.160 ms - 150[0m
[0mGET /favicon.ico [33m404[0m 9.656 ms - 150[0m
[0mGET /favicon.ico [33m404[0m 12.477 ms - 150[0m
[0mGET /favicon.ico [33m404[0m 9.072 ms - 150[0m
[0mGET /favicon.ico [33m404[0m 10.750 ms - 150[0m
[0mGET /favicon.ico [33m404[0m 9.186 ms - 150[0m
[0mGET /favicon.ico [33m404[0m 12.600 ms - 150[0m
[0mGET /favicon.ico [33m404[0m 9.700 ms - 150[0m
[0mGET /favicon.ico [33m404[0m 8.133 ms - 150[0m
[0mGET /favicon.ico [33m404[0m 8.305 ms - 150[0m
[0mGET /favicon.ico [33m404[0m 9.697 ms - 150[0m
[0mGET /favicon.ico [33m404[0m 7.904 ms - 150[0m
[0mGET /favicon.ico [33m404[0m 26.276 ms - 150[0m
[0mGET /favicon.ico [33m404[0m 12.443 ms - 150[0m
[0mGET /favicon.ico [33m404[0m 8.654 ms - 150[0m
[0mGET /favicon.ico [33m404[0m 3.013 ms - 150[0m
[0mGET /favicon.ico [33m404[0m 8.633 ms - 150[0m
[0mGET /favicon.ico [33m404[0m 10.328 ms - 150[0m
[0mGET /favicon.ico [33m404[0m 12.115 ms - 150[0m
[0mGET /favicon.ico [33m404[0m 7.995 ms - 150[0m
[0mGET /favicon.ico [33m404[0m 9.969 ms - 150[0m
[0mGET /favicon.ico [33m404[0m 10.553 ms - 150[0m
[0mGET /favicon.ico [33m404[0m 9.472 ms - 150[0m
[0mGET /favicon.ico [33m404[0m 10.648 ms - 150[0m
[0mGET /favicon.ico [33m404[0m 11.441 ms - 150[0m
[0mGET /favicon.ico [33m404[0m 7.729 ms - 150[0m
[0mGET /favicon.ico [33m404[0m 9.842 ms - 150[0m
[0mGET /favicon.ico [33m404[0m 8.995 ms - 150[0m
[0mGET /favicon.ico [33m404[0m 8.117 ms - 150[0m
[0mGET /favicon.ico [33m404[0m 13.383 ms - 150[0m
[0mGET /favicon.ico [33m404[0m 9.570 ms - 150[0m
[0mGET /favicon.ico [33m404[0m 12.626 ms - 150[0m
[0mGET /favicon.ico [33m404[0m 7.925 ms - 150[0m
[0mGET /favicon.ico [33m404[0m 10.424 ms - 150[0m
[0mGET /favicon.ico [33m404[0m 8.031 ms - 150[0m
[0mGET /favicon.ico [33m404[0m 8.397 ms - 150[0m
[0mGET /favicon.ico [33m404[0m 8.118 ms - 150[0m
[0mGET /favicon.ico [33m404[0m 11.695 ms - 150[0m
[0mGET /favicon.ico [33m404[0m 9.754 ms - 150[0m
[0mGET /favicon.ico [33m404[0m 10.096 ms - 150[0m
[0mGET /favicon.ico [33m404[0m 13.645 ms - 150[0m
[0mGET /favicon.ico [33m404[0m 12.183 ms - 150[0m
[0mGET /favicon.ico [33m404[0m 12.876 ms - 150[0m
[0mGET /favicon.ico [33m404[0m 10.131 ms - 150[0m
[0mGET /favicon.ico [33m404[0m 8.063 ms - 150[0m
[0mGET /favicon.ico [33m404[0m 7.874 ms - 150[0m
[0mGET /favicon.ico [33m404[0m 13.351 ms - 150[0m
[0mGET /favicon.ico [33m404[0m 8.653 ms - 150[0m
[0mGET /favicon.ico [33m404[0m 9.600 ms - 150[0m
[0mGET /favicon.ico [33m404[0m 7.912 ms - 150[0m
[0mGET /favicon.ico [33m404[0m 7.845 ms - 150[0m
[0mGET /favicon.ico [33m404[0m 9.387 ms - 150[0m
[0mGET /favicon.ico [33m404[0m 9.451 ms - 150[0m
[0mGET /favicon.ico [33m404[0m 9.744 ms - 150[0m
[0mGET /favicon.ico [33m404[0m 9.266 ms - 150[0m
[0mGET /favicon.ico [33m404[0m 9.307 ms - 150[0m
[0mGET /favicon.ico [33m404[0m 7.742 ms - 150[0m
[0mGET /favicon.ico [33m404[0m 12.334 ms - 150[0m
[0mGET /favicon.ico [33m404[0m 7.799 ms - 150[0m
[0mGET /favicon.ico [33m404[0m 8.658 ms - 150[0m
[0mGET /favicon.ico [33m404[0m 7.998 ms - 150[0m
[0mGET /favicon.ico [33m404[0m 7.934 ms - 150[0m
[0mGET /favicon.ico [33m404[0m 10.479 ms - 150[0m
[0mGET /favicon.ico [33m404[0m 10.963 ms - 150[0m
[0mGET /favicon.ico [33m404[0m 15.077 ms - 150[0m
[0mGET /favicon.ico [33m404[0m 9.154 ms - 150[0m
[0mGET /favicon.ico [33m404[0m 9.014 ms - 150[0m
[0mGET /favicon.ico [33m404[0m 7.954 ms - 150[0m
[0mGET /favicon.ico [33m404[0m 12.754 ms - 150[0m
[0mGET /favicon.ico [33m404[0m 9.207 ms - 150[0m
[0mGET /favicon.ico [33m404[0m 8.999 ms - 150[0m
[0mGET /favicon.ico [33m404[0m 7.672 ms - 150[0m
[0mGET /favicon.ico [33m404[0m 6.489 ms - 150[0m
[0mGET /favicon.ico [33m404[0m 8.909 ms - 150[0m
[0mGET /favicon.ico [33m404[0m 10.502 ms - 150[0m
[0mGET /favicon.ico [33m404[0m 10.202 ms - 150[0m
[0mGET /favicon.ico [33m404[0m 7.903 ms - 150[0m
[0mGET /favicon.ico [33m404[0m 32.676 ms - 150[0m
[0mGET /favicon.ico [33m404[0m 17.344 ms - 150[0m
[0mGET /favicon.ico [33m404[0m 9.237 ms - 150[0m
[0mGET / [36m304[0m 26.636 ms - -[0m
[0mGET /features/todo/5ed976358c3d9c4a23a00074 [36m304[0m 17.938 ms - -[0m
[0mGET /js/home [33m404[0m 5.073 ms - 146[0m
[0mGET /js/home [33m404[0m 2.947 ms - 146[0m
[0mGET /users/profile/5ed976358c3d9c4a23a00074 [36m304[0m 31.127 ms - -[0m
[0mGET / [36m304[0m 20.185 ms - -[0m
[0mGET / [36m304[0m 55.075 ms - -[0m
[0mGET / [36m304[0m 30.934 ms - -[0m
[0mGET /users/profile/5ed976358c3d9c4a23a00074 [36m304[0m 35.082 ms - -[0m
[0mGET / [36m304[0m 49.862 ms - -[0m
[0mGET /users/profile/5ed976218c3d9c4a23a00072 [32m200[0m 18.292 ms - 3356[0m
[0mGET / [36m304[0m 29.579 ms - -[0m
[0mGET /users/profile/5ee1e8c009e11b447e8a188e [32m200[0m 27.948 ms - 3354[0m
[0mGET / [36m304[0m 25.134 ms - -[0m
[0mGET /users/profile/5ed976358c3d9c4a23a00074 [36m304[0m 29.554 ms - -[0m
[0mGET / [36m304[0m 24.571 ms - -[0m
[0mPOST /search [32m200[0m 6.319 ms - 562[0m
[0mPOST /search [32m200[0m 13.173 ms - 2087[0m
[0mPOST /search [32m200[0m 16.451 ms - 1324[0m
[0mPOST /search [32m200[0m 11.292 ms - 306[0m
[0mPOST /search [32m200[0m 12.449 ms - 303[0m
[0mPOST /search [32m200[0m 11.077 ms - 311[0m
[0mPOST /posts/create [32m200[0m 34.052 ms - 300[0m
[0mPOST /comments/create [32m200[0m 38.362 ms - 331[0m
[0mGET /comments/destroy/5ee46ed268c9c9320c56b7f6 [32m200[0m 67.968 ms - 75[0m
[0mGET /posts/destroy/5ee46ecf68c9c9320c56b7f5 [32m200[0m 47.871 ms - 72[0m
[0mGET / [32m200[0m 48.488 ms - 3981[0m
[0mGET /users/sign-in [36m304[0m 19.066 ms - -[0m
[0mGET /users/auth/google [36m302[0m 19.432 ms - 0[0m
[0mGET /users/auth/google/callback?code=4%2F0wEvJptNcd2XZJeFE5uhQ9ynWka5qPndwMAZrNcqJRfuZKK1bCjOFA-qNf3F5MJ9CDtQ3IdIA5c1k0LXZAKP_U4&scope=email+profile+https%3A%2F%2Fwww.googleapis.com%2Fauth%2Fuserinfo.profile+https%3A%2F%2Fwww.googleapis.com%2Fauth%2Fuserinfo.email+openid&authuser=0&prompt=consent [36m302[0m 804.482 ms - 46[0m
[0mGET / [32m200[0m 66.666 ms - 6196[0m
[0mGET /users/profile/5ed976358c3d9c4a23a00074 [36m304[0m 76.731 ms - -[0m
[0mGET /friends/destroy/5ed976218c3d9c4a23a00072 [36m302[0m 35.846 ms - 164[0m
[0mGET /users/profile/5ed976358c3d9c4a23a00074 [32m200[0m 36.038 ms - 6361[0m
[0mGET /friends/destroy/5ee1e8c009e11b447e8a188e [36m302[0m 21.363 ms - 164[0m
[0mGET /users/profile/5ed976358c3d9c4a23a00074 [32m200[0m 30.530 ms - 5822[0m
[0mGET /users/profile/5ed976358c3d9c4a23a00074 [32m200[0m 65.614 ms - 5531[0m
[0mGET /friends/accept/5ee1e93809e11b447e8a1890 [36m302[0m 39.788 ms - 164[0m
[0mGET /users/profile/5ed976358c3d9c4a23a00074 [32m200[0m 28.179 ms - 5739[0m
[0mGET /users/profile/5ed976358c3d9c4a23a00074 [32m200[0m 54.172 ms - 5451[0m
[0mGET /friends/destroy/5ee1e93809e11b447e8a1890 [36m302[0m 30.379 ms - 164[0m
[0mGET /users/profile/5ed976358c3d9c4a23a00074 [32m200[0m 25.157 ms - 5204[0m
[0mGET /users/profile/5ed976358c3d9c4a23a00074 [32m200[0m 118.969 ms - 4916[0m
[0mGET /users/profile/5ed976358c3d9c4a23a00074 [36m304[0m 127.656 ms - -[0m
[0mGET /users/profile/5ed976358c3d9c4a23a00074 [36m304[0m 80.238 ms - -[0m
[0mGET /friends/accept/5ee1e8dd09e11b447e8a188f [36m302[0m 119.069 ms - 164[0m
[0mGET /users/profile/5ed976358c3d9c4a23a00074 [32m200[0m 35.579 ms - 5124[0m
[0mGET /friends/destroy/5ee1e8dd09e11b447e8a188f [36m302[0m 29.070 ms - 164[0m
[0mGET /users/profile/5ed976358c3d9c4a23a00074 [32m200[0m 22.046 ms - 4589[0m
[0mGET /users/profile/5ed976358c3d9c4a23a00074 [32m200[0m 94.219 ms - 4298[0m
[0mGET /users/profile/5ed976358c3d9c4a23a00074 [36m304[0m 49.083 ms - -[0m
[0mGET /users/profile/5ed976358c3d9c4a23a00074 [36m304[0m 46.715 ms - -[0m
[0mGET /users/profile/5ed976358c3d9c4a23a00074 [36m304[0m 51.362 ms - -[0m
[0mGET /friends/accept/5ee1e95409e11b447e8a1891 [36m302[0m 112.278 ms - 164[0m
[0mGET /users/profile/5ed976358c3d9c4a23a00074 [32m200[0m 28.574 ms - 4506[0m
[0mGET /friends/destroy/5ee1e95409e11b447e8a1891 [0m-[0m - ms - -[0m
[0mGET /users/profile/5ed976358c3d9c4a23a00074 [32m200[0m 14.371 ms - 3680[0m
[0mGET /users/profile/5ed976358c3d9c4a23a00074 [36m304[0m 55.022 ms - -[0m
[0mGET /users/profile/5ed976358c3d9c4a23a00074 [36m304[0m 54.968 ms - -[0m
[0mGET /users/profile/5ed976358c3d9c4a23a00074 [36m304[0m 116.320 ms - -[0m
[0mGET /users/profile/5ed976358c3d9c4a23a00074 [36m304[0m 50.277 ms - -[0m
[0mGET /users/profile/5ed976358c3d9c4a23a00074 [36m304[0m 59.485 ms - -[0m
[0mGET /users/profile/5ed976358c3d9c4a23a00074 [36m304[0m 103.450 ms - -[0m
[0mGET /friends/accept/5ed9762f8c3d9c4a23a00073 [36m302[0m 80.030 ms - 164[0m
[0mGET /users/profile/5ed976358c3d9c4a23a00074 [32m200[0m 21.838 ms - 3888[0m
[0mGET /friends/destroy/5ed9762f8c3d9c4a23a00073 [36m302[0m 71.238 ms - 164[0m
[0mGET /users/profile/5ed976358c3d9c4a23a00074 [32m200[0m 60.047 ms - 3353[0m
[0mGET / [32m200[0m 38.929 ms - 5315[0m
[0mGET / [36m304[0m 64.318 ms - -[0m
[0mGET /users/sign-out [36m302[0m 13.173 ms - 72[0m
[0mGET /users/sign-in [32m200[0m 3.125 ms - 2624[0m
[0mPOST /users/create-session [36m302[0m 11.919 ms - 46[0m
[0mGET / [32m200[0m 11.865 ms - 5595[0m
[0mPOST /search [32m200[0m 23.047 ms - 402[0m
[0mGET /users/profile/5ed976358c3d9c4a23a00074 [32m200[0m 17.419 ms - 2956[0m
[0mGET /friends/sendreq/5ed976358c3d9c4a23a00074 [36m302[0m 18.357 ms - 164[0m
[0mGET /users/profile/5ed976358c3d9c4a23a00074 [32m200[0m 23.444 ms - 3240[0m
[0mGET /users/sign-out [36m302[0m 9.484 ms - 72[0m
[0mGET /users/sign-in [36m304[0m 3.428 ms - -[0m
[0mGET /users/auth/google [36m302[0m 25.374 ms - 0[0m
[0mGET /users/auth/google/callback?code=4%2F0wGHwczg_sLuN42BOb2fjbhR7yYjy6ng-4cNKiExj4Zb7rpGcW71HJypCSLHaVrQgCBK5RvkC2mRGqAvLN0yfWo&scope=email+profile+https%3A%2F%2Fwww.googleapis.com%2Fauth%2Fuserinfo.profile+https%3A%2F%2Fwww.googleapis.com%2Fauth%2Fuserinfo.email+openid&authuser=0&prompt=consent [36m302[0m 858.806 ms - 46[0m
[0mGET / [32m200[0m 35.728 ms - 5605[0m
[0mGET /users/profile/5ed976358c3d9c4a23a00074 [32m200[0m 22.654 ms - 3676[0m
[0mGET /users/profile/5ed976358c3d9c4a23a00074 [36m304[0m 41.789 ms - -[0m
[0mGET /friends/accept/5ee1e8c009e11b447e8a188e [36m302[0m 71.901 ms - 164[0m
[0mGET /users/profile/5ed976358c3d9c4a23a00074 [32m200[0m 25.249 ms - 3884[0m
[0mGET /users/profile/5ed976358c3d9c4a23a00074 [32m200[0m 35.365 ms - 3596[0m
[0mGET /friends/destroy/5ee1e8c009e11b447e8a188e [36m302[0m 26.662 ms - 164[0m
[0mGET /users/profile/5ed976358c3d9c4a23a00074 [32m200[0m 15.303 ms - 3349[0m
[0mGET /users/profile/5ed976358c3d9c4a23a00074 [32m200[0m 82.647 ms - 3058[0m
[0mGET / [32m200[0m 39.270 ms - 3981[0m
[0mGET /users/sign-in [32m200[0m 13.114 ms - 2333[0m
[0mPOST /users/create-session [36m302[0m 12.908 ms - 46[0m
[0mGET / [32m200[0m 13.543 ms - 5595[0m
[0mPOST /search [32m200[0m 24.544 ms - 402[0m
[0mGET /users/profile/5ed976358c3d9c4a23a00074 [32m200[0m 15.237 ms - 2956[0m
[0mGET /friends/sendreq/5ed976358c3d9c4a23a00074 [36m302[0m 14.973 ms - 164[0m
[0mGET /users/profile/5ed976358c3d9c4a23a00074 [32m200[0m 33.991 ms - 3240[0m
[0mGET /users/profile/5ed976358c3d9c4a23a00074 [32m200[0m 44.921 ms - 3676[0m
[0mGET /friends/accept/5ee1e8c009e11b447e8a188e [36m302[0m 41.820 ms - 164[0m
[0mGET /users/profile/5ed976358c3d9c4a23a00074 [32m200[0m 29.153 ms - 3884[0m
[0mGET /users/profile/5ed976358c3d9c4a23a00074 [32m200[0m 43.258 ms - 3596[0m
[0mGET /friends/destroy/5ee1e8c009e11b447e8a188e [36m302[0m 161.004 ms - 164[0m
[0mGET /users/profile/5ed976358c3d9c4a23a00074 [32m200[0m 51.678 ms - 3349[0m
[0mGET /users/profile/5ed976358c3d9c4a23a00074 [32m200[0m 67.507 ms - 3058[0m
[0mGET /friends/sendreq/5ed976358c3d9c4a23a00074 [36m302[0m 13.315 ms - 164[0m
[0mGET /users/profile/5ed976358c3d9c4a23a00074 [36m304[0m 27.476 ms - -[0m
[0mGET /users/profile/5ed976358c3d9c4a23a00074 [32m200[0m 49.880 ms - 3676[0m
[0mGET /friends/accept/5ee1e8c009e11b447e8a188e [36m302[0m 39.522 ms - 164[0m
[0mGET /users/profile/5ed976358c3d9c4a23a00074 [32m200[0m 23.002 ms - 3884[0m
[0mGET /friends/destroy/5ee1e8c009e11b447e8a188e [36m302[0m 41.070 ms - 164[0m
[0mGET /users/profile/5ed976358c3d9c4a23a00074 [32m200[0m 14.089 ms - 3349[0m
[0mGET /friends/sendreq/5ed976358c3d9c4a23a00074 [36m302[0m 66.835 ms - 164[0m
[0mGET /users/profile/5ed976358c3d9c4a23a00074 [36m304[0m 78.913 ms - -[0m
[0mGET /users/profile/5ed976358c3d9c4a23a00074 [32m200[0m 56.200 ms - 3676[0m
[0mGET /friends/accept/5ee1e8c009e11b447e8a188e [36m302[0m 81.613 ms - 164[0m
[0mGET /users/profile/5ed976358c3d9c4a23a00074 [32m200[0m 28.314 ms - 3884[0m
[0mGET /friends/destroy/5ee1e8c009e11b447e8a188e [36m302[0m 28.707 ms - 164[0m
[0mGET /users/profile/5ed976358c3d9c4a23a00074 [32m200[0m 24.350 ms - 3349[0m
[0mGET /users/profile/5ed976358c3d9c4a23a00074 [32m200[0m 103.183 ms - 3058[0m
[0mGET /friends/sendreq/5ed976358c3d9c4a23a00074 [36m302[0m 37.361 ms - 164[0m
[0mGET /users/profile/5ed976358c3d9c4a23a00074 [36m304[0m 36.177 ms - -[0m
[0mGET /users/profile/5ed976358c3d9c4a23a00074 [32m200[0m 54.216 ms - 3676[0m
[0mGET /friends/accept/5ee1e8c009e11b447e8a188e [36m302[0m 65.486 ms - 164[0m
[0mGET /users/profile/5ed976358c3d9c4a23a00074 [32m200[0m 23.895 ms - 3884[0m
[0mGET /users/profile/5ed976358c3d9c4a23a00074 [32m200[0m 49.177 ms - 3596[0m
[0mGET /friends/destroy/5ee1e8c009e11b447e8a188e [36m302[0m 128.787 ms - 164[0m
[0mGET /users/profile/5ed976358c3d9c4a23a00074 [32m200[0m 77.355 ms - 3349[0m
[0mGET /users/profile/5ed976358c3d9c4a23a00074 [32m200[0m 27.461 ms - 3058[0m
[0mGET /friends/sendreq/5ed976358c3d9c4a23a00074 [36m302[0m 23.816 ms - 164[0m
[0mGET /users/profile/5ed976358c3d9c4a23a00074 [36m304[0m 70.402 ms - -[0m
[0mGET /users/profile/5ed976358c3d9c4a23a00074 [32m200[0m 46.252 ms - 3676[0m
[0mGET /friends/accept/5ee1e8c009e11b447e8a188e [36m302[0m 67.985 ms - 164[0m
[0mGET /users/profile/5ed976358c3d9c4a23a00074 [32m200[0m 44.186 ms - 3884[0m
[0mGET /friends/destroy/5ee1e8c009e11b447e8a188e [36m302[0m 35.557 ms - 164[0m
[0mGET /users/profile/5ed976358c3d9c4a23a00074 [32m200[0m 16.691 ms - 3349[0m
[0mGET /friends/sendreq/5ed976358c3d9c4a23a00074 [36m302[0m 54.137 ms - 164[0m
[0mGET /users/profile/5ed976358c3d9c4a23a00074 [36m304[0m 53.672 ms - -[0m
[0mGET /users/profile/5ed976358c3d9c4a23a00074 [32m200[0m 60.121 ms - 2956[0m
[0mGET /users/profile/5ed976358c3d9c4a23a00074 [32m200[0m 42.832 ms - 3676[0m
[0mGET /friends/accept/5ee1e8c009e11b447e8a188e [36m302[0m 76.395 ms - 164[0m
[0mGET /users/profile/5ed976358c3d9c4a23a00074 [32m200[0m 20.854 ms - 3884[0m
[0mGET /friends/destroy/5ee1e8c009e11b447e8a188e [36m302[0m 26.307 ms - 164[0m
[0mGET /users/profile/5ed976358c3d9c4a23a00074 [32m200[0m 38.678 ms - 3349[0m
[0mGET /friends/sendreq/5ed976358c3d9c4a23a00074 [36m302[0m 147.596 ms - 164[0m
[0mGET /users/profile/5ed976358c3d9c4a23a00074 [32m200[0m 92.417 ms - 3240[0m
[0mGET /users/profile/5ed976358c3d9c4a23a00074 [32m200[0m 67.819 ms - 3676[0m
[0mGET /friends/accept/5ee1e8c009e11b447e8a188e [36m302[0m 82.940 ms - 164[0m
[0mGET /users/profile/5ed976358c3d9c4a23a00074 [32m200[0m 31.725 ms - 3884[0m
[0mGET /friends/destroy/5ee1e8c009e11b447e8a188e [0m-[0m - ms - -[0m
[0mGET /friends/destroy/5ee1e8c009e11b447e8a188e [0m-[0m - ms - -[0m
[0mGET /friends/sendreq/5ed976358c3d9c4a23a00074 [36m302[0m 75.838 ms - 164[0m
[0mGET /users/profile/5ed976358c3d9c4a23a00074 [36m304[0m 72.591 ms - -[0m
[0mGET /friends/destroy/5ee1e8c009e11b447e8a188e [0m-[0m - ms - -[0m
[0mGET /users/profile/5ed976358c3d9c4a23a00074 [32m200[0m 31.040 ms - 3676[0m
[0mGET /friends/accept/5ee1e8c009e11b447e8a188e [36m302[0m 76.562 ms - 164[0m
[0mGET /users/profile/5ed976358c3d9c4a23a00074 [32m200[0m 23.895 ms - 3884[0m
::ffff:127.0.0.1 - - [14/Jun/2020:16:44:19 +0000] "GET / HTTP/1.1" 200 5014 "-" "Mozilla/5.0 (X11; Linux x86_64) AppleWebKit/537.36 (KHTML, like Gecko) Chrome/83.0.4103.97 Safari/537.36"
::ffff:127.0.0.1 - - [14/Jun/2020:16:44:19 +0000] "GET /js/home_comments.js HTTP/1.1" 404 158 "http://127.0.0.1:8000/" "Mozilla/5.0 (X11; Linux x86_64) AppleWebKit/537.36 (KHTML, like Gecko) Chrome/83.0.4103.97 Safari/537.36"
::ffff:127.0.0.1 - - [14/Jun/2020:16:44:19 +0000] "GET /js/home_posts.js HTTP/1.1" 404 155 "http://127.0.0.1:8000/" "Mozilla/5.0 (X11; Linux x86_64) AppleWebKit/537.36 (KHTML, like Gecko) Chrome/83.0.4103.97 Safari/537.36"
::ffff:127.0.0.1 - - [14/Jun/2020:16:44:19 +0000] "GET /js/search.js HTTP/1.1" 404 151 "http://127.0.0.1:8000/" "Mozilla/5.0 (X11; Linux x86_64) AppleWebKit/537.36 (KHTML, like Gecko) Chrome/83.0.4103.97 Safari/537.36"
::ffff:127.0.0.1 - - [14/Jun/2020:16:44:19 +0000] "GET /js/toggle_likes.js HTTP/1.1" 404 157 "http://127.0.0.1:8000/" "Mozilla/5.0 (X11; Linux x86_64) AppleWebKit/537.36 (KHTML, like Gecko) Chrome/83.0.4103.97 Safari/537.36"
::ffff:127.0.0.1 - - [14/Jun/2020:16:44:19 +0000] "GET /js/chat_engine.js HTTP/1.1" 404 156 "http://127.0.0.1:8000/" "Mozilla/5.0 (X11; Linux x86_64) AppleWebKit/537.36 (KHTML, like Gecko) Chrome/83.0.4103.97 Safari/537.36"
::ffff:127.0.0.1 - - [14/Jun/2020:16:44:21 +0000] "GET /js/home_comments.js HTTP/1.1" 404 158 "http://127.0.0.1:8000/" "Mozilla/5.0 (X11; Linux x86_64) AppleWebKit/537.36 (KHTML, like Gecko) Chrome/83.0.4103.97 Safari/537.36"
::ffff:127.0.0.1 - - [14/Jun/2020:16:44:21 +0000] "GET /js/home_posts.js HTTP/1.1" 404 155 "http://127.0.0.1:8000/" "Mozilla/5.0 (X11; Linux x86_64) AppleWebKit/537.36 (KHTML, like Gecko) Chrome/83.0.4103.97 Safari/537.36"
::ffff:127.0.0.1 - - [14/Jun/2020:16:44:21 +0000] "GET /js/toggle_likes.js HTTP/1.1" 404 157 "http://127.0.0.1:8000/" "Mozilla/5.0 (X11; Linux x86_64) AppleWebKit/537.36 (KHTML, like Gecko) Chrome/83.0.4103.97 Safari/537.36"
::ffff:127.0.0.1 - - [14/Jun/2020:16:44:21 +0000] "GET /js/search.js HTTP/1.1" 404 151 "http://127.0.0.1:8000/" "Mozilla/5.0 (X11; Linux x86_64) AppleWebKit/537.36 (KHTML, like Gecko) Chrome/83.0.4103.97 Safari/537.36"
::ffff:127.0.0.1 - - [14/Jun/2020:16:44:21 +0000] "GET /js/chat_engine.js HTTP/1.1" 404 156 "http://127.0.0.1:8000/" "Mozilla/5.0 (X11; Linux x86_64) AppleWebKit/537.36 (KHTML, like Gecko) Chrome/83.0.4103.97 Safari/537.36"
::ffff:127.0.0.1 - - [14/Jun/2020:16:44:25 +0000] "GET /favicon.ico HTTP/1.1" 404 150 "http://127.0.0.1:8000/" "Mozilla/5.0 (X11; Linux x86_64) AppleWebKit/537.36 (KHTML, like Gecko) Chrome/83.0.4103.97 Safari/537.36"
::ffff:127.0.0.1 - - [14/Jun/2020:16:44:48 +0000] "GET / HTTP/1.1" 304 - "-" "Mozilla/5.0 (X11; Linux x86_64) AppleWebKit/537.36 (KHTML, like Gecko) Chrome/83.0.4103.97 Safari/537.36"
::ffff:127.0.0.1 - - [14/Jun/2020:16:44:48 +0000] "GET /js/home_posts.js HTTP/1.1" 404 155 "http://127.0.0.1:8000/" "Mozilla/5.0 (X11; Linux x86_64) AppleWebKit/537.36 (KHTML, like Gecko) Chrome/83.0.4103.97 Safari/537.36"
::ffff:127.0.0.1 - - [14/Jun/2020:16:44:48 +0000] "GET /js/home_comments.js HTTP/1.1" 404 158 "http://127.0.0.1:8000/" "Mozilla/5.0 (X11; Linux x86_64) AppleWebKit/537.36 (KHTML, like Gecko) Chrome/83.0.4103.97 Safari/537.36"
::ffff:127.0.0.1 - - [14/Jun/2020:16:44:48 +0000] "GET /js/toggle_likes.js HTTP/1.1" 404 157 "http://127.0.0.1:8000/" "Mozilla/5.0 (X11; Linux x86_64) AppleWebKit/537.36 (KHTML, like Gecko) Chrome/83.0.4103.97 Safari/537.36"
::ffff:127.0.0.1 - - [14/Jun/2020:16:44:48 +0000] "GET /js/chat_engine.js HTTP/1.1" 404 156 "http://127.0.0.1:8000/" "Mozilla/5.0 (X11; Linux x86_64) AppleWebKit/537.36 (KHTML, like Gecko) Chrome/83.0.4103.97 Safari/537.36"
::ffff:127.0.0.1 - - [14/Jun/2020:16:44:48 +0000] "GET /js/search.js HTTP/1.1" 404 151 "http://127.0.0.1:8000/" "Mozilla/5.0 (X11; Linux x86_64) AppleWebKit/537.36 (KHTML, like Gecko) Chrome/83.0.4103.97 Safari/537.36"
::ffff:127.0.0.1 - - [14/Jun/2020:16:44:48 +0000] "GET /js/home_comments.js HTTP/1.1" 404 158 "http://127.0.0.1:8000/" "Mozilla/5.0 (X11; Linux x86_64) AppleWebKit/537.36 (KHTML, like Gecko) Chrome/83.0.4103.97 Safari/537.36"
::ffff:127.0.0.1 - - [14/Jun/2020:16:44:48 +0000] "GET /js/home_posts.js HTTP/1.1" 404 155 "http://127.0.0.1:8000/" "Mozilla/5.0 (X11; Linux x86_64) AppleWebKit/537.36 (KHTML, like Gecko) Chrome/83.0.4103.97 Safari/537.36"
::ffff:127.0.0.1 - - [14/Jun/2020:16:44:48 +0000] "GET /js/toggle_likes.js HTTP/1.1" 404 157 "http://127.0.0.1:8000/" "Mozilla/5.0 (X11; Linux x86_64) AppleWebKit/537.36 (KHTML, like Gecko) Chrome/83.0.4103.97 Safari/537.36"
::ffff:127.0.0.1 - - [14/Jun/2020:16:44:48 +0000] "GET /js/search.js HTTP/1.1" 404 151 "http://127.0.0.1:8000/" "Mozilla/5.0 (X11; Linux x86_64) AppleWebKit/537.36 (KHTML, like Gecko) Chrome/83.0.4103.97 Safari/537.36"
::ffff:127.0.0.1 - - [14/Jun/2020:16:44:48 +0000] "GET /js/chat_engine.js HTTP/1.1" 404 156 "http://127.0.0.1:8000/" "Mozilla/5.0 (X11; Linux x86_64) AppleWebKit/537.36 (KHTML, like Gecko) Chrome/83.0.4103.97 Safari/537.36"
::ffff:127.0.0.1 - - [14/Jun/2020:16:44:49 +0000] "GET / HTTP/1.1" 304 - "-" "Mozilla/5.0 (X11; Linux x86_64) AppleWebKit/537.36 (KHTML, like Gecko) Chrome/83.0.4103.97 Safari/537.36"
::ffff:127.0.0.1 - - [14/Jun/2020:16:44:49 +0000] "GET /js/home_comments.js HTTP/1.1" 404 158 "http://127.0.0.1:8000/" "Mozilla/5.0 (X11; Linux x86_64) AppleWebKit/537.36 (KHTML, like Gecko) Chrome/83.0.4103.97 Safari/537.36"
::ffff:127.0.0.1 - - [14/Jun/2020:16:44:49 +0000] "GET /js/home_posts.js HTTP/1.1" 404 155 "http://127.0.0.1:8000/" "Mozilla/5.0 (X11; Linux x86_64) AppleWebKit/537.36 (KHTML, like Gecko) Chrome/83.0.4103.97 Safari/537.36"
::ffff:127.0.0.1 - - [14/Jun/2020:16:44:49 +0000] "GET /js/chat_engine.js HTTP/1.1" 404 156 "http://127.0.0.1:8000/" "Mozilla/5.0 (X11; Linux x86_64) AppleWebKit/537.36 (KHTML, like Gecko) Chrome/83.0.4103.97 Safari/537.36"
::ffff:127.0.0.1 - - [14/Jun/2020:16:44:49 +0000] "GET /js/toggle_likes.js HTTP/1.1" 404 157 "http://127.0.0.1:8000/" "Mozilla/5.0 (X11; Linux x86_64) AppleWebKit/537.36 (KHTML, like Gecko) Chrome/83.0.4103.97 Safari/537.36"
::ffff:127.0.0.1 - - [14/Jun/2020:16:44:49 +0000] "GET /js/search.js HTTP/1.1" 404 151 "http://127.0.0.1:8000/" "Mozilla/5.0 (X11; Linux x86_64) AppleWebKit/537.36 (KHTML, like Gecko) Chrome/83.0.4103.97 Safari/537.36"
::ffff:127.0.0.1 - - [14/Jun/2020:16:44:49 +0000] "GET /js/home_comments.js HTTP/1.1" 404 158 "http://127.0.0.1:8000/" "Mozilla/5.0 (X11; Linux x86_64) AppleWebKit/537.36 (KHTML, like Gecko) Chrome/83.0.4103.97 Safari/537.36"
::ffff:127.0.0.1 - - [14/Jun/2020:16:44:49 +0000] "GET /js/home_posts.js HTTP/1.1" 404 155 "http://127.0.0.1:8000/" "Mozilla/5.0 (X11; Linux x86_64) AppleWebKit/537.36 (KHTML, like Gecko) Chrome/83.0.4103.97 Safari/537.36"
::ffff:127.0.0.1 - - [14/Jun/2020:16:44:49 +0000] "GET /js/toggle_likes.js HTTP/1.1" 404 157 "http://127.0.0.1:8000/" "Mozilla/5.0 (X11; Linux x86_64) AppleWebKit/537.36 (KHTML, like Gecko) Chrome/83.0.4103.97 Safari/537.36"
::ffff:127.0.0.1 - - [14/Jun/2020:16:44:49 +0000] "GET /js/search.js HTTP/1.1" 404 151 "http://127.0.0.1:8000/" "Mozilla/5.0 (X11; Linux x86_64) AppleWebKit/537.36 (KHTML, like Gecko) Chrome/83.0.4103.97 Safari/537.36"
::ffff:127.0.0.1 - - [14/Jun/2020:16:44:49 +0000] "GET /js/chat_engine.js HTTP/1.1" 404 156 "http://127.0.0.1:8000/" "Mozilla/5.0 (X11; Linux x86_64) AppleWebKit/537.36 (KHTML, like Gecko) Chrome/83.0.4103.97 Safari/537.36"
::ffff:127.0.0.1 - - [14/Jun/2020:16:44:50 +0000] "GET / HTTP/1.1" 304 - "-" "Mozilla/5.0 (X11; Linux x86_64) AppleWebKit/537.36 (KHTML, like Gecko) Chrome/83.0.4103.97 Safari/537.36"
::ffff:127.0.0.1 - - [14/Jun/2020:16:44:50 +0000] "GET /js/home_comments.js HTTP/1.1" 404 158 "http://127.0.0.1:8000/" "Mozilla/5.0 (X11; Linux x86_64) AppleWebKit/537.36 (KHTML, like Gecko) Chrome/83.0.4103.97 Safari/537.36"
::ffff:127.0.0.1 - - [14/Jun/2020:16:44:50 +0000] "GET /js/home_posts.js HTTP/1.1" 404 155 "http://127.0.0.1:8000/" "Mozilla/5.0 (X11; Linux x86_64) AppleWebKit/537.36 (KHTML, like Gecko) Chrome/83.0.4103.97 Safari/537.36"
::ffff:127.0.0.1 - - [14/Jun/2020:16:44:50 +0000] "GET /js/toggle_likes.js HTTP/1.1" 404 157 "http://127.0.0.1:8000/" "Mozilla/5.0 (X11; Linux x86_64) AppleWebKit/537.36 (KHTML, like Gecko) Chrome/83.0.4103.97 Safari/537.36"
::ffff:127.0.0.1 - - [14/Jun/2020:16:44:50 +0000] "GET /js/search.js HTTP/1.1" 404 151 "http://127.0.0.1:8000/" "Mozilla/5.0 (X11; Linux x86_64) AppleWebKit/537.36 (KHTML, like Gecko) Chrome/83.0.4103.97 Safari/537.36"
::ffff:127.0.0.1 - - [14/Jun/2020:16:44:50 +0000] "GET /js/chat_engine.js HTTP/1.1" 404 156 "http://127.0.0.1:8000/" "Mozilla/5.0 (X11; Linux x86_64) AppleWebKit/537.36 (KHTML, like Gecko) Chrome/83.0.4103.97 Safari/537.36"
::ffff:127.0.0.1 - - [14/Jun/2020:16:44:50 +0000] "GET /js/home_comments.js HTTP/1.1" 404 158 "http://127.0.0.1:8000/" "Mozilla/5.0 (X11; Linux x86_64) AppleWebKit/537.36 (KHTML, like Gecko) Chrome/83.0.4103.97 Safari/537.36"
::ffff:127.0.0.1 - - [14/Jun/2020:16:44:50 +0000] "GET /js/home_posts.js HTTP/1.1" 404 155 "http://127.0.0.1:8000/" "Mozilla/5.0 (X11; Linux x86_64) AppleWebKit/537.36 (KHTML, like Gecko) Chrome/83.0.4103.97 Safari/537.36"
::ffff:127.0.0.1 - - [14/Jun/2020:16:44:50 +0000] "GET /js/toggle_likes.js HTTP/1.1" 404 157 "http://127.0.0.1:8000/" "Mozilla/5.0 (X11; Linux x86_64) AppleWebKit/537.36 (KHTML, like Gecko) Chrome/83.0.4103.97 Safari/537.36"
::ffff:127.0.0.1 - - [14/Jun/2020:16:44:50 +0000] "GET /js/search.js HTTP/1.1" 404 151 "http://127.0.0.1:8000/" "Mozilla/5.0 (X11; Linux x86_64) AppleWebKit/537.36 (KHTML, like Gecko) Chrome/83.0.4103.97 Safari/537.36"
::ffff:127.0.0.1 - - [14/Jun/2020:16:44:50 +0000] "GET /js/chat_engine.js HTTP/1.1" 404 156 "http://127.0.0.1:8000/" "Mozilla/5.0 (X11; Linux x86_64) AppleWebKit/537.36 (KHTML, like Gecko) Chrome/83.0.4103.97 Safari/537.36"
::ffff:127.0.0.1 - - [14/Jun/2020:16:44:51 +0000] "GET / HTTP/1.1" 304 - "-" "Mozilla/5.0 (X11; Linux x86_64) AppleWebKit/537.36 (KHTML, like Gecko) Chrome/83.0.4103.97 Safari/537.36"
::ffff:127.0.0.1 - - [14/Jun/2020:16:44:51 +0000] "GET /js/home_comments.js HTTP/1.1" 404 158 "http://127.0.0.1:8000/" "Mozilla/5.0 (X11; Linux x86_64) AppleWebKit/537.36 (KHTML, like Gecko) Chrome/83.0.4103.97 Safari/537.36"
::ffff:127.0.0.1 - - [14/Jun/2020:16:44:51 +0000] "GET /js/search.js HTTP/1.1" 404 151 "http://127.0.0.1:8000/" "Mozilla/5.0 (X11; Linux x86_64) AppleWebKit/537.36 (KHTML, like Gecko) Chrome/83.0.4103.97 Safari/537.36"
::ffff:127.0.0.1 - - [14/Jun/2020:16:44:51 +0000] "GET /js/toggle_likes.js HTTP/1.1" 404 157 "http://127.0.0.1:8000/" "Mozilla/5.0 (X11; Linux x86_64) AppleWebKit/537.36 (KHTML, like Gecko) Chrome/83.0.4103.97 Safari/537.36"
::ffff:127.0.0.1 - - [14/Jun/2020:16:44:51 +0000] "GET /js/home_posts.js HTTP/1.1" 404 155 "http://127.0.0.1:8000/" "Mozilla/5.0 (X11; Linux x86_64) AppleWebKit/537.36 (KHTML, like Gecko) Chrome/83.0.4103.97 Safari/537.36"
::ffff:127.0.0.1 - - [14/Jun/2020:16:44:51 +0000] "GET /js/chat_engine.js HTTP/1.1" 404 156 "http://127.0.0.1:8000/" "Mozilla/5.0 (X11; Linux x86_64) AppleWebKit/537.36 (KHTML, like Gecko) Chrome/83.0.4103.97 Safari/537.36"
::ffff:127.0.0.1 - - [14/Jun/2020:16:44:51 +0000] "GET /js/home_comments.js HTTP/1.1" 404 158 "http://127.0.0.1:8000/" "Mozilla/5.0 (X11; Linux x86_64) AppleWebKit/537.36 (KHTML, like Gecko) Chrome/83.0.4103.97 Safari/537.36"
::ffff:127.0.0.1 - - [14/Jun/2020:16:44:51 +0000] "GET /js/home_posts.js HTTP/1.1" 404 155 "http://127.0.0.1:8000/" "Mozilla/5.0 (X11; Linux x86_64) AppleWebKit/537.36 (KHTML, like Gecko) Chrome/83.0.4103.97 Safari/537.36"
::ffff:127.0.0.1 - - [14/Jun/2020:16:44:51 +0000] "GET /js/toggle_likes.js HTTP/1.1" 404 157 "http://127.0.0.1:8000/" "Mozilla/5.0 (X11; Linux x86_64) AppleWebKit/537.36 (KHTML, like Gecko) Chrome/83.0.4103.97 Safari/537.36"
::ffff:127.0.0.1 - - [14/Jun/2020:16:44:51 +0000] "GET /js/search.js HTTP/1.1" 404 151 "http://127.0.0.1:8000/" "Mozilla/5.0 (X11; Linux x86_64) AppleWebKit/537.36 (KHTML, like Gecko) Chrome/83.0.4103.97 Safari/537.36"
::ffff:127.0.0.1 - - [14/Jun/2020:16:44:51 +0000] "GET /js/chat_engine.js HTTP/1.1" 404 156 "http://127.0.0.1:8000/" "Mozilla/5.0 (X11; Linux x86_64) AppleWebKit/537.36 (KHTML, like Gecko) Chrome/83.0.4103.97 Safari/537.36"
::ffff:127.0.0.1 - - [14/Jun/2020:16:44:51 +0000] "GET / HTTP/1.1" 304 - "-" "Mozilla/5.0 (X11; Linux x86_64) AppleWebKit/537.36 (KHTML, like Gecko) Chrome/83.0.4103.97 Safari/537.36"
::ffff:127.0.0.1 - - [14/Jun/2020:16:44:52 +0000] "GET /js/toggle_likes.js HTTP/1.1" 404 157 "http://127.0.0.1:8000/" "Mozilla/5.0 (X11; Linux x86_64) AppleWebKit/537.36 (KHTML, like Gecko) Chrome/83.0.4103.97 Safari/537.36"
::ffff:127.0.0.1 - - [14/Jun/2020:16:44:52 +0000] "GET /js/home_comments.js HTTP/1.1" 404 158 "http://127.0.0.1:8000/" "Mozilla/5.0 (X11; Linux x86_64) AppleWebKit/537.36 (KHTML, like Gecko) Chrome/83.0.4103.97 Safari/537.36"
::ffff:127.0.0.1 - - [14/Jun/2020:16:44:52 +0000] "GET /js/home_posts.js HTTP/1.1" 404 155 "http://127.0.0.1:8000/" "Mozilla/5.0 (X11; Linux x86_64) AppleWebKit/537.36 (KHTML, like Gecko) Chrome/83.0.4103.97 Safari/537.36"
::ffff:127.0.0.1 - - [14/Jun/2020:16:44:52 +0000] "GET /js/search.js HTTP/1.1" 404 151 "http://127.0.0.1:8000/" "Mozilla/5.0 (X11; Linux x86_64) AppleWebKit/537.36 (KHTML, like Gecko) Chrome/83.0.4103.97 Safari/537.36"
::ffff:127.0.0.1 - - [14/Jun/2020:16:44:52 +0000] "GET /js/chat_engine.js HTTP/1.1" 404 156 "http://127.0.0.1:8000/" "Mozilla/5.0 (X11; Linux x86_64) AppleWebKit/537.36 (KHTML, like Gecko) Chrome/83.0.4103.97 Safari/537.36"
::ffff:127.0.0.1 - - [14/Jun/2020:16:44:52 +0000] "GET /js/home_comments.js HTTP/1.1" 404 158 "http://127.0.0.1:8000/" "Mozilla/5.0 (X11; Linux x86_64) AppleWebKit/537.36 (KHTML, like Gecko) Chrome/83.0.4103.97 Safari/537.36"
::ffff:127.0.0.1 - - [14/Jun/2020:16:44:52 +0000] "GET /js/home_posts.js HTTP/1.1" 404 155 "http://127.0.0.1:8000/" "Mozilla/5.0 (X11; Linux x86_64) AppleWebKit/537.36 (KHTML, like Gecko) Chrome/83.0.4103.97 Safari/537.36"
::ffff:127.0.0.1 - - [14/Jun/2020:16:44:52 +0000] "GET /js/toggle_likes.js HTTP/1.1" 404 157 "http://127.0.0.1:8000/" "Mozilla/5.0 (X11; Linux x86_64) AppleWebKit/537.36 (KHTML, like Gecko) Chrome/83.0.4103.97 Safari/537.36"
::ffff:127.0.0.1 - - [14/Jun/2020:16:44:52 +0000] "GET /js/search.js HTTP/1.1" 404 151 "http://127.0.0.1:8000/" "Mozilla/5.0 (X11; Linux x86_64) AppleWebKit/537.36 (KHTML, like Gecko) Chrome/83.0.4103.97 Safari/537.36"
::ffff:127.0.0.1 - - [14/Jun/2020:16:44:52 +0000] "GET /js/chat_engine.js HTTP/1.1" 404 156 "http://127.0.0.1:8000/" "Mozilla/5.0 (X11; Linux x86_64) AppleWebKit/537.36 (KHTML, like Gecko) Chrome/83.0.4103.97 Safari/537.36"
::ffff:127.0.0.1 - - [14/Jun/2020:16:45:37 +0000] "GET /users/sign-out HTTP/1.1" 302 72 "http://127.0.0.1:8000/" "Mozilla/5.0 (X11; Linux x86_64) AppleWebKit/537.36 (KHTML, like Gecko) Chrome/83.0.4103.97 Safari/537.36"
::ffff:127.0.0.1 - - [14/Jun/2020:16:45:37 +0000] "GET /users/sign-in HTTP/1.1" 304 - "http://127.0.0.1:8000/" "Mozilla/5.0 (X11; Linux x86_64) AppleWebKit/537.36 (KHTML, like Gecko) Chrome/83.0.4103.97 Safari/537.36"
::ffff:127.0.0.1 - - [14/Jun/2020:16:46:52 +0000] "GET / HTTP/1.1" 200 5014 "-" "Mozilla/5.0 (X11; Linux x86_64) AppleWebKit/537.36 (KHTML, like Gecko) Chrome/83.0.4103.97 Safari/537.36"
::ffff:127.0.0.1 - - [14/Jun/2020:16:46:52 +0000] "GET /js/home_posts.js HTTP/1.1" 404 155 "http://127.0.0.1:8000/" "Mozilla/5.0 (X11; Linux x86_64) AppleWebKit/537.36 (KHTML, like Gecko) Chrome/83.0.4103.97 Safari/537.36"
::ffff:127.0.0.1 - - [14/Jun/2020:16:46:52 +0000] "GET /js/home_comments.js HTTP/1.1" 404 158 "http://127.0.0.1:8000/" "Mozilla/5.0 (X11; Linux x86_64) AppleWebKit/537.36 (KHTML, like Gecko) Chrome/83.0.4103.97 Safari/537.36"
::ffff:127.0.0.1 - - [14/Jun/2020:16:46:52 +0000] "GET /js/toggle_likes.js HTTP/1.1" 404 157 "http://127.0.0.1:8000/" "Mozilla/5.0 (X11; Linux x86_64) AppleWebKit/537.36 (KHTML, like Gecko) Chrome/83.0.4103.97 Safari/537.36"
::ffff:127.0.0.1 - - [14/Jun/2020:16:46:52 +0000] "GET /js/chat_engine.js HTTP/1.1" 404 156 "http://127.0.0.1:8000/" "Mozilla/5.0 (X11; Linux x86_64) AppleWebKit/537.36 (KHTML, like Gecko) Chrome/83.0.4103.97 Safari/537.36"
::ffff:127.0.0.1 - - [14/Jun/2020:16:46:52 +0000] "GET /js/search.js HTTP/1.1" 404 151 "http://127.0.0.1:8000/" "Mozilla/5.0 (X11; Linux x86_64) AppleWebKit/537.36 (KHTML, like Gecko) Chrome/83.0.4103.97 Safari/537.36"
::ffff:127.0.0.1 - - [14/Jun/2020:16:46:53 +0000] "GET /js/home_comments.js HTTP/1.1" 404 158 "http://127.0.0.1:8000/" "Mozilla/5.0 (X11; Linux x86_64) AppleWebKit/537.36 (KHTML, like Gecko) Chrome/83.0.4103.97 Safari/537.36"
::ffff:127.0.0.1 - - [14/Jun/2020:16:46:53 +0000] "GET /js/home_posts.js HTTP/1.1" 404 155 "http://127.0.0.1:8000/" "Mozilla/5.0 (X11; Linux x86_64) AppleWebKit/537.36 (KHTML, like Gecko) Chrome/83.0.4103.97 Safari/537.36"
::ffff:127.0.0.1 - - [14/Jun/2020:16:46:53 +0000] "GET /js/toggle_likes.js HTTP/1.1" 404 157 "http://127.0.0.1:8000/" "Mozilla/5.0 (X11; Linux x86_64) AppleWebKit/537.36 (KHTML, like Gecko) Chrome/83.0.4103.97 Safari/537.36"
::ffff:127.0.0.1 - - [14/Jun/2020:16:46:53 +0000] "GET /js/search.js HTTP/1.1" 404 151 "http://127.0.0.1:8000/" "Mozilla/5.0 (X11; Linux x86_64) AppleWebKit/537.36 (KHTML, like Gecko) Chrome/83.0.4103.97 Safari/537.36"
::ffff:127.0.0.1 - - [14/Jun/2020:16:46:53 +0000] "GET /js/chat_engine.js HTTP/1.1" 404 156 "http://127.0.0.1:8000/" "Mozilla/5.0 (X11; Linux x86_64) AppleWebKit/537.36 (KHTML, like Gecko) Chrome/83.0.4103.97 Safari/537.36"
::ffff:127.0.0.1 - - [14/Jun/2020:16:46:58 +0000] "GET /users/sign-in HTTP/1.1" 200 2333 "http://127.0.0.1:8000/" "Mozilla/5.0 (X11; Linux x86_64) AppleWebKit/537.36 (KHTML, like Gecko) Chrome/83.0.4103.97 Safari/537.36"
::ffff:127.0.0.1 - - [14/Jun/2020:16:47:01 +0000] "POST /users/create-session HTTP/1.1" 302 72 "http://127.0.0.1:8000/users/sign-in" "Mozilla/5.0 (X11; Linux x86_64) AppleWebKit/537.36 (KHTML, like Gecko) Chrome/83.0.4103.97 Safari/537.36"
::ffff:127.0.0.1 - - [14/Jun/2020:16:47:01 +0000] "GET /users/sign-in HTTP/1.1" 200 2628 "http://127.0.0.1:8000/users/sign-in" "Mozilla/5.0 (X11; Linux x86_64) AppleWebKit/537.36 (KHTML, like Gecko) Chrome/83.0.4103.97 Safari/537.36"
::ffff:127.0.0.1 - - [14/Jun/2020:16:47:07 +0000] "POST /users/create-session HTTP/1.1" 302 46 "http://127.0.0.1:8000/users/sign-in" "Mozilla/5.0 (X11; Linux x86_64) AppleWebKit/537.36 (KHTML, like Gecko) Chrome/83.0.4103.97 Safari/537.36"
::ffff:127.0.0.1 - - [14/Jun/2020:16:47:07 +0000] "GET / HTTP/1.1" 200 7552 "http://127.0.0.1:8000/users/sign-in" "Mozilla/5.0 (X11; Linux x86_64) AppleWebKit/537.36 (KHTML, like Gecko) Chrome/83.0.4103.97 Safari/537.36"
::ffff:127.0.0.1 - - [14/Jun/2020:16:47:07 +0000] "GET /js/toggle_likes.js HTTP/1.1" 404 157 "http://127.0.0.1:8000/" "Mozilla/5.0 (X11; Linux x86_64) AppleWebKit/537.36 (KHTML, like Gecko) Chrome/83.0.4103.97 Safari/537.36"
::ffff:127.0.0.1 - - [14/Jun/2020:16:47:07 +0000] "GET /js/home_comments.js HTTP/1.1" 404 158 "http://127.0.0.1:8000/" "Mozilla/5.0 (X11; Linux x86_64) AppleWebKit/537.36 (KHTML, like Gecko) Chrome/83.0.4103.97 Safari/537.36"
::ffff:127.0.0.1 - - [14/Jun/2020:16:47:07 +0000] "GET /js/home_posts.js HTTP/1.1" 404 155 "http://127.0.0.1:8000/" "Mozilla/5.0 (X11; Linux x86_64) AppleWebKit/537.36 (KHTML, like Gecko) Chrome/83.0.4103.97 Safari/537.36"
::ffff:127.0.0.1 - - [14/Jun/2020:16:47:07 +0000] "GET /js/search.js HTTP/1.1" 404 151 "http://127.0.0.1:8000/" "Mozilla/5.0 (X11; Linux x86_64) AppleWebKit/537.36 (KHTML, like Gecko) Chrome/83.0.4103.97 Safari/537.36"
::ffff:127.0.0.1 - - [14/Jun/2020:16:47:07 +0000] "GET /js/chat_engine.js HTTP/1.1" 404 156 "http://127.0.0.1:8000/" "Mozilla/5.0 (X11; Linux x86_64) AppleWebKit/537.36 (KHTML, like Gecko) Chrome/83.0.4103.97 Safari/537.36"
::ffff:127.0.0.1 - - [14/Jun/2020:16:47:07 +0000] "GET /js/home_comments.js HTTP/1.1" 404 158 "http://127.0.0.1:8000/" "Mozilla/5.0 (X11; Linux x86_64) AppleWebKit/537.36 (KHTML, like Gecko) Chrome/83.0.4103.97 Safari/537.36"
::ffff:127.0.0.1 - - [14/Jun/2020:16:47:07 +0000] "GET /js/home_posts.js HTTP/1.1" 404 155 "http://127.0.0.1:8000/" "Mozilla/5.0 (X11; Linux x86_64) AppleWebKit/537.36 (KHTML, like Gecko) Chrome/83.0.4103.97 Safari/537.36"
::ffff:127.0.0.1 - - [14/Jun/2020:16:47:07 +0000] "GET /js/toggle_likes.js HTTP/1.1" 404 157 "http://127.0.0.1:8000/" "Mozilla/5.0 (X11; Linux x86_64) AppleWebKit/537.36 (KHTML, like Gecko) Chrome/83.0.4103.97 Safari/537.36"
::ffff:127.0.0.1 - - [14/Jun/2020:16:47:07 +0000] "GET /js/search.js HTTP/1.1" 404 151 "http://127.0.0.1:8000/" "Mozilla/5.0 (X11; Linux x86_64) AppleWebKit/537.36 (KHTML, like Gecko) Chrome/83.0.4103.97 Safari/537.36"
::ffff:127.0.0.1 - - [14/Jun/2020:16:47:07 +0000] "GET /js/chat_engine.js HTTP/1.1" 404 156 "http://127.0.0.1:8000/" "Mozilla/5.0 (X11; Linux x86_64) AppleWebKit/537.36 (KHTML, like Gecko) Chrome/83.0.4103.97 Safari/537.36"
::ffff:127.0.0.1 - - [14/Jun/2020:16:47:10 +0000] "GET /users/profile/5edc08032646154bb583d827 HTTP/1.1" 200 3015 "http://127.0.0.1:8000/" "Mozilla/5.0 (X11; Linux x86_64) AppleWebKit/537.36 (KHTML, like Gecko) Chrome/83.0.4103.97 Safari/537.36"
::ffff:127.0.0.1 - - [14/Jun/2020:16:47:10 +0000] "GET /js/friendreq.js HTTP/1.1" 404 154 "http://127.0.0.1:8000/users/profile/5edc08032646154bb583d827" "Mozilla/5.0 (X11; Linux x86_64) AppleWebKit/537.36 (KHTML, like Gecko) Chrome/83.0.4103.97 Safari/537.36"
::ffff:127.0.0.1 - - [14/Jun/2020:16:47:10 +0000] "GET /js/friendreq.js HTTP/1.1" 404 154 "http://127.0.0.1:8000/users/profile/5edc08032646154bb583d827" "Mozilla/5.0 (X11; Linux x86_64) AppleWebKit/537.36 (KHTML, like Gecko) Chrome/83.0.4103.97 Safari/537.36"
::ffff:127.0.0.1 - - [14/Jun/2020:16:47:17 +0000] "GET /users/profile/5edc08032646154bb583d827 HTTP/1.1" 304 - "http://127.0.0.1:8000/" "Mozilla/5.0 (X11; Linux x86_64) AppleWebKit/537.36 (KHTML, like Gecko) Chrome/83.0.4103.97 Safari/537.36"
::ffff:127.0.0.1 - - [14/Jun/2020:16:47:17 +0000] "GET /js/friendreq.js HTTP/1.1" 404 154 "http://127.0.0.1:8000/users/profile/5edc08032646154bb583d827" "Mozilla/5.0 (X11; Linux x86_64) AppleWebKit/537.36 (KHTML, like Gecko) Chrome/83.0.4103.97 Safari/537.36"
::ffff:127.0.0.1 - - [14/Jun/2020:16:47:17 +0000] "GET /js/friendreq.js HTTP/1.1" 404 154 "http://127.0.0.1:8000/users/profile/5edc08032646154bb583d827" "Mozilla/5.0 (X11; Linux x86_64) AppleWebKit/537.36 (KHTML, like Gecko) Chrome/83.0.4103.97 Safari/537.36"
::ffff:127.0.0.1 - - [14/Jun/2020:16:47:19 +0000] "GET / HTTP/1.1" 200 7262 "http://127.0.0.1:8000/users/profile/5edc08032646154bb583d827" "Mozilla/5.0 (X11; Linux x86_64) AppleWebKit/537.36 (KHTML, like Gecko) Chrome/83.0.4103.97 Safari/537.36"
::ffff:127.0.0.1 - - [14/Jun/2020:16:47:19 +0000] "GET /js/home_posts.js HTTP/1.1" 404 155 "http://127.0.0.1:8000/" "Mozilla/5.0 (X11; Linux x86_64) AppleWebKit/537.36 (KHTML, like Gecko) Chrome/83.0.4103.97 Safari/537.36"
::ffff:127.0.0.1 - - [14/Jun/2020:16:47:19 +0000] "GET /js/toggle_likes.js HTTP/1.1" 404 157 "http://127.0.0.1:8000/" "Mozilla/5.0 (X11; Linux x86_64) AppleWebKit/537.36 (KHTML, like Gecko) Chrome/83.0.4103.97 Safari/537.36"
::ffff:127.0.0.1 - - [14/Jun/2020:16:47:19 +0000] "GET /js/home_comments.js HTTP/1.1" 404 158 "http://127.0.0.1:8000/" "Mozilla/5.0 (X11; Linux x86_64) AppleWebKit/537.36 (KHTML, like Gecko) Chrome/83.0.4103.97 Safari/537.36"
::ffff:127.0.0.1 - - [14/Jun/2020:16:47:19 +0000] "GET /js/search.js HTTP/1.1" 404 151 "http://127.0.0.1:8000/" "Mozilla/5.0 (X11; Linux x86_64) AppleWebKit/537.36 (KHTML, like Gecko) Chrome/83.0.4103.97 Safari/537.36"
::ffff:127.0.0.1 - - [14/Jun/2020:16:47:19 +0000] "GET /js/chat_engine.js HTTP/1.1" 404 156 "http://127.0.0.1:8000/" "Mozilla/5.0 (X11; Linux x86_64) AppleWebKit/537.36 (KHTML, like Gecko) Chrome/83.0.4103.97 Safari/537.36"
::ffff:127.0.0.1 - - [14/Jun/2020:16:47:19 +0000] "GET /js/home_comments.js HTTP/1.1" 404 158 "http://127.0.0.1:8000/" "Mozilla/5.0 (X11; Linux x86_64) AppleWebKit/537.36 (KHTML, like Gecko) Chrome/83.0.4103.97 Safari/537.36"
::ffff:127.0.0.1 - - [14/Jun/2020:16:47:19 +0000] "GET /js/home_posts.js HTTP/1.1" 404 155 "http://127.0.0.1:8000/" "Mozilla/5.0 (X11; Linux x86_64) AppleWebKit/537.36 (KHTML, like Gecko) Chrome/83.0.4103.97 Safari/537.36"
::ffff:127.0.0.1 - - [14/Jun/2020:16:47:19 +0000] "GET /js/toggle_likes.js HTTP/1.1" 404 157 "http://127.0.0.1:8000/" "Mozilla/5.0 (X11; Linux x86_64) AppleWebKit/537.36 (KHTML, like Gecko) Chrome/83.0.4103.97 Safari/537.36"
::ffff:127.0.0.1 - - [14/Jun/2020:16:47:19 +0000] "GET /js/search.js HTTP/1.1" 404 151 "http://127.0.0.1:8000/" "Mozilla/5.0 (X11; Linux x86_64) AppleWebKit/537.36 (KHTML, like Gecko) Chrome/83.0.4103.97 Safari/537.36"
::ffff:127.0.0.1 - - [14/Jun/2020:16:47:19 +0000] "GET /js/chat_engine.js HTTP/1.1" 404 156 "http://127.0.0.1:8000/" "Mozilla/5.0 (X11; Linux x86_64) AppleWebKit/537.36 (KHTML, like Gecko) Chrome/83.0.4103.97 Safari/537.36"
::ffff:127.0.0.1 - - [14/Jun/2020:16:47:21 +0000] "GET /users/sign-out HTTP/1.1" 302 72 "http://127.0.0.1:8000/" "Mozilla/5.0 (X11; Linux x86_64) AppleWebKit/537.36 (KHTML, like Gecko) Chrome/83.0.4103.97 Safari/537.36"
::ffff:127.0.0.1 - - [14/Jun/2020:16:47:21 +0000] "GET /users/sign-in HTTP/1.1" 200 2624 "http://127.0.0.1:8000/" "Mozilla/5.0 (X11; Linux x86_64) AppleWebKit/537.36 (KHTML, like Gecko) Chrome/83.0.4103.97 Safari/537.36"
::ffff:127.0.0.1 - - [14/Jun/2020:16:47:24 +0000] "GET /users/auth/google HTTP/1.1" 302 0 "http://127.0.0.1:8000/users/sign-in" "Mozilla/5.0 (X11; Linux x86_64) AppleWebKit/537.36 (KHTML, like Gecko) Chrome/83.0.4103.97 Safari/537.36"
::ffff:127.0.0.1 - - [14/Jun/2020:16:47:40 +0000] "POST /users/create-session HTTP/1.1" 302 46 "http://127.0.0.1:8000/users/sign-in" "Mozilla/5.0 (X11; Linux x86_64) AppleWebKit/537.36 (KHTML, like Gecko) Chrome/83.0.4103.97 Safari/537.36"
::ffff:127.0.0.1 - - [14/Jun/2020:16:47:40 +0000] "GET / HTTP/1.1" 200 7552 "http://127.0.0.1:8000/users/sign-in" "Mozilla/5.0 (X11; Linux x86_64) AppleWebKit/537.36 (KHTML, like Gecko) Chrome/83.0.4103.97 Safari/537.36"
::ffff:127.0.0.1 - - [14/Jun/2020:16:47:40 +0000] "GET /js/home_comments.js HTTP/1.1" 404 158 "http://127.0.0.1:8000/" "Mozilla/5.0 (X11; Linux x86_64) AppleWebKit/537.36 (KHTML, like Gecko) Chrome/83.0.4103.97 Safari/537.36"
::ffff:127.0.0.1 - - [14/Jun/2020:16:47:40 +0000] "GET /js/home_posts.js HTTP/1.1" 404 155 "http://127.0.0.1:8000/" "Mozilla/5.0 (X11; Linux x86_64) AppleWebKit/537.36 (KHTML, like Gecko) Chrome/83.0.4103.97 Safari/537.36"
::ffff:127.0.0.1 - - [14/Jun/2020:16:47:40 +0000] "GET /js/search.js HTTP/1.1" 404 151 "http://127.0.0.1:8000/" "Mozilla/5.0 (X11; Linux x86_64) AppleWebKit/537.36 (KHTML, like Gecko) Chrome/83.0.4103.97 Safari/537.36"
::ffff:127.0.0.1 - - [14/Jun/2020:16:47:40 +0000] "GET /js/chat_engine.js HTTP/1.1" 404 156 "http://127.0.0.1:8000/" "Mozilla/5.0 (X11; Linux x86_64) AppleWebKit/537.36 (KHTML, like Gecko) Chrome/83.0.4103.97 Safari/537.36"
::ffff:127.0.0.1 - - [14/Jun/2020:16:47:40 +0000] "GET /js/toggle_likes.js HTTP/1.1" 404 157 "http://127.0.0.1:8000/" "Mozilla/5.0 (X11; Linux x86_64) AppleWebKit/537.36 (KHTML, like Gecko) Chrome/83.0.4103.97 Safari/537.36"
::ffff:127.0.0.1 - - [14/Jun/2020:16:47:40 +0000] "GET /js/home_comments.js HTTP/1.1" 404 158 "http://127.0.0.1:8000/" "Mozilla/5.0 (X11; Linux x86_64) AppleWebKit/537.36 (KHTML, like Gecko) Chrome/83.0.4103.97 Safari/537.36"
::ffff:127.0.0.1 - - [14/Jun/2020:16:47:40 +0000] "GET /js/home_posts.js HTTP/1.1" 404 155 "http://127.0.0.1:8000/" "Mozilla/5.0 (X11; Linux x86_64) AppleWebKit/537.36 (KHTML, like Gecko) Chrome/83.0.4103.97 Safari/537.36"
::ffff:127.0.0.1 - - [14/Jun/2020:16:47:40 +0000] "GET /js/toggle_likes.js HTTP/1.1" 404 157 "http://127.0.0.1:8000/" "Mozilla/5.0 (X11; Linux x86_64) AppleWebKit/537.36 (KHTML, like Gecko) Chrome/83.0.4103.97 Safari/537.36"
::ffff:127.0.0.1 - - [14/Jun/2020:16:47:40 +0000] "GET /js/search.js HTTP/1.1" 404 151 "http://127.0.0.1:8000/" "Mozilla/5.0 (X11; Linux x86_64) AppleWebKit/537.36 (KHTML, like Gecko) Chrome/83.0.4103.97 Safari/537.36"
::ffff:127.0.0.1 - - [14/Jun/2020:16:47:40 +0000] "GET /js/chat_engine.js HTTP/1.1" 404 156 "http://127.0.0.1:8000/" "Mozilla/5.0 (X11; Linux x86_64) AppleWebKit/537.36 (KHTML, like Gecko) Chrome/83.0.4103.97 Safari/537.36"
::ffff:127.0.0.1 - - [14/Jun/2020:16:47:50 +0000] "GET /users/profile/5edc08032646154bb583d827 HTTP/1.1" 304 - "http://127.0.0.1:8000/" "Mozilla/5.0 (X11; Linux x86_64) AppleWebKit/537.36 (KHTML, like Gecko) Chrome/83.0.4103.97 Safari/537.36"
::ffff:127.0.0.1 - - [14/Jun/2020:16:47:50 +0000] "GET /js/friendreq.js HTTP/1.1" 404 154 "http://127.0.0.1:8000/users/profile/5edc08032646154bb583d827" "Mozilla/5.0 (X11; Linux x86_64) AppleWebKit/537.36 (KHTML, like Gecko) Chrome/83.0.4103.97 Safari/537.36"
::ffff:127.0.0.1 - - [14/Jun/2020:16:47:50 +0000] "GET /js/friendreq.js HTTP/1.1" 404 154 "http://127.0.0.1:8000/users/profile/5edc08032646154bb583d827" "Mozilla/5.0 (X11; Linux x86_64) AppleWebKit/537.36 (KHTML, like Gecko) Chrome/83.0.4103.97 Safari/537.36"
[0mGET /users/profile/5edc08032646154bb583d827 [36m302[0m 40.271 ms - 72[0m
[0mGET /users/sign-in [32m200[0m 59.063 ms - 2333[0m
[0mGET /users/auth/google [36m302[0m 19.177 ms - 0[0m
[0mGET /users/auth/google/callback?code=4%2F0wEAHOz9TUjZbyrtEeaaa2m627YN2OUGGMKPahZAhXy6iXe4wiyrC5mqdShMJ2XqpDUPds5Fczem6kmFZuMJIDI&scope=email+profile+https%3A%2F%2Fwww.googleapis.com%2Fauth%2Fuserinfo.profile+https%3A%2F%2Fwww.googleapis.com%2Fauth%2Fuserinfo.email+openid&authuser=0&prompt=consent [36m302[0m 901.435 ms - 46[0m
[0mGET / [32m200[0m 102.321 ms - 5605[0m
[0mGET /users/profile/5ed976358c3d9c4a23a00074 [32m200[0m 22.526 ms - 3058[0m
[0mGET / [32m200[0m 13.935 ms - 5315[0m
[0mGET /users/profile/5ed976358c3d9c4a23a00074 [36m304[0m 87.915 ms - -[0m
[0mGET / [36m304[0m 62.645 ms - -[0m
[0mGET /users/profile/5ed976358c3d9c4a23a00074 [36m304[0m 56.715 ms - -[0m
[0mGET /users/sign-out [36m302[0m 73.844 ms - 72[0m
[0mGET /users/sign-in [32m200[0m 19.062 ms - 2624[0m
[0mPOST /users/create-session [36m302[0m 25.577 ms - 46[0m
[0mGET / [32m200[0m 23.538 ms - 5595[0m
::ffff:127.0.0.1 - - [14/Jun/2020:16:51:34 +0000] "GET /users/sign-out HTTP/1.1" 302 72 "http://127.0.0.1:8000/" "Mozilla/5.0 (X11; Linux x86_64) AppleWebKit/537.36 (KHTML, like Gecko) Chrome/83.0.4103.97 Safari/537.36"
::ffff:127.0.0.1 - - [14/Jun/2020:16:51:34 +0000] "GET /users/sign-in HTTP/1.1" 304 - "http://127.0.0.1:8000/" "Mozilla/5.0 (X11; Linux x86_64) AppleWebKit/537.36 (KHTML, like Gecko) Chrome/83.0.4103.97 Safari/537.36"
::ffff:127.0.0.1 - - [14/Jun/2020:16:51:38 +0000] "POST /users/create-session HTTP/1.1" 302 46 "http://127.0.0.1:8000/users/sign-in" "Mozilla/5.0 (X11; Linux x86_64) AppleWebKit/537.36 (KHTML, like Gecko) Chrome/83.0.4103.97 Safari/537.36"
::ffff:127.0.0.1 - - [14/Jun/2020:16:51:38 +0000] "GET / HTTP/1.1" 200 7552 "http://127.0.0.1:8000/users/sign-in" "Mozilla/5.0 (X11; Linux x86_64) AppleWebKit/537.36 (KHTML, like Gecko) Chrome/83.0.4103.97 Safari/537.36"
::ffff:127.0.0.1 - - [14/Jun/2020:16:51:38 +0000] "GET /js/home_posts.js HTTP/1.1" 404 155 "http://127.0.0.1:8000/" "Mozilla/5.0 (X11; Linux x86_64) AppleWebKit/537.36 (KHTML, like Gecko) Chrome/83.0.4103.97 Safari/537.36"
::ffff:127.0.0.1 - - [14/Jun/2020:16:51:38 +0000] "GET /js/home_comments.js HTTP/1.1" 404 158 "http://127.0.0.1:8000/" "Mozilla/5.0 (X11; Linux x86_64) AppleWebKit/537.36 (KHTML, like Gecko) Chrome/83.0.4103.97 Safari/537.36"
::ffff:127.0.0.1 - - [14/Jun/2020:16:51:38 +0000] "GET /js/chat_engine.js HTTP/1.1" 404 156 "http://127.0.0.1:8000/" "Mozilla/5.0 (X11; Linux x86_64) AppleWebKit/537.36 (KHTML, like Gecko) Chrome/83.0.4103.97 Safari/537.36"
::ffff:127.0.0.1 - - [14/Jun/2020:16:51:38 +0000] "GET /js/search.js HTTP/1.1" 404 151 "http://127.0.0.1:8000/" "Mozilla/5.0 (X11; Linux x86_64) AppleWebKit/537.36 (KHTML, like Gecko) Chrome/83.0.4103.97 Safari/537.36"
::ffff:127.0.0.1 - - [14/Jun/2020:16:51:38 +0000] "GET /js/toggle_likes.js HTTP/1.1" 404 157 "http://127.0.0.1:8000/" "Mozilla/5.0 (X11; Linux x86_64) AppleWebKit/537.36 (KHTML, like Gecko) Chrome/83.0.4103.97 Safari/537.36"
::ffff:127.0.0.1 - - [14/Jun/2020:16:51:38 +0000] "GET /js/search.js HTTP/1.1" 404 151 "http://127.0.0.1:8000/" "Mozilla/5.0 (X11; Linux x86_64) AppleWebKit/537.36 (KHTML, like Gecko) Chrome/83.0.4103.97 Safari/537.36"
::ffff:127.0.0.1 - - [14/Jun/2020:16:51:39 +0000] "GET /js/chat_engine.js HTTP/1.1" 404 156 "http://127.0.0.1:8000/" "Mozilla/5.0 (X11; Linux x86_64) AppleWebKit/537.36 (KHTML, like Gecko) Chrome/83.0.4103.97 Safari/537.36"
::ffff:127.0.0.1 - - [14/Jun/2020:16:52:29 +0000] "GET / HTTP/1.1" 200 7262 "http://127.0.0.1:8000/" "Mozilla/5.0 (X11; Linux x86_64) AppleWebKit/537.36 (KHTML, like Gecko) Chrome/83.0.4103.97 Safari/537.36"
::ffff:127.0.0.1 - - [14/Jun/2020:16:52:29 +0000] "GET /js/home_comments.js HTTP/1.1" 404 158 "http://127.0.0.1:8000/" "Mozilla/5.0 (X11; Linux x86_64) AppleWebKit/537.36 (KHTML, like Gecko) Chrome/83.0.4103.97 Safari/537.36"
::ffff:127.0.0.1 - - [14/Jun/2020:16:52:29 +0000] "GET /js/toggle_likes.js HTTP/1.1" 404 157 "http://127.0.0.1:8000/" "Mozilla/5.0 (X11; Linux x86_64) AppleWebKit/537.36 (KHTML, like Gecko) Chrome/83.0.4103.97 Safari/537.36"
::ffff:127.0.0.1 - - [14/Jun/2020:16:52:29 +0000] "GET /js/home_posts.js HTTP/1.1" 404 155 "http://127.0.0.1:8000/" "Mozilla/5.0 (X11; Linux x86_64) AppleWebKit/537.36 (KHTML, like Gecko) Chrome/83.0.4103.97 Safari/537.36"
::ffff:127.0.0.1 - - [14/Jun/2020:16:52:29 +0000] "GET /js/search.js HTTP/1.1" 404 151 "http://127.0.0.1:8000/" "Mozilla/5.0 (X11; Linux x86_64) AppleWebKit/537.36 (KHTML, like Gecko) Chrome/83.0.4103.97 Safari/537.36"
::ffff:127.0.0.1 - - [14/Jun/2020:16:52:29 +0000] "GET /js/chat_engine.js HTTP/1.1" 404 156 "http://127.0.0.1:8000/" "Mozilla/5.0 (X11; Linux x86_64) AppleWebKit/537.36 (KHTML, like Gecko) Chrome/83.0.4103.97 Safari/537.36"
::ffff:127.0.0.1 - - [14/Jun/2020:16:52:30 +0000] "GET /js/home_comments.js HTTP/1.1" 404 158 "http://127.0.0.1:8000/" "Mozilla/5.0 (X11; Linux x86_64) AppleWebKit/537.36 (KHTML, like Gecko) Chrome/83.0.4103.97 Safari/537.36"
::ffff:127.0.0.1 - - [14/Jun/2020:16:52:30 +0000] "GET /js/home_posts.js HTTP/1.1" 404 155 "http://127.0.0.1:8000/" "Mozilla/5.0 (X11; Linux x86_64) AppleWebKit/537.36 (KHTML, like Gecko) Chrome/83.0.4103.97 Safari/537.36"
::ffff:127.0.0.1 - - [14/Jun/2020:16:52:30 +0000] "GET /js/toggle_likes.js HTTP/1.1" 404 157 "http://127.0.0.1:8000/" "Mozilla/5.0 (X11; Linux x86_64) AppleWebKit/537.36 (KHTML, like Gecko) Chrome/83.0.4103.97 Safari/537.36"
::ffff:127.0.0.1 - - [14/Jun/2020:16:52:30 +0000] "GET /js/search.js HTTP/1.1" 404 151 "http://127.0.0.1:8000/" "Mozilla/5.0 (X11; Linux x86_64) AppleWebKit/537.36 (KHTML, like Gecko) Chrome/83.0.4103.97 Safari/537.36"
::ffff:127.0.0.1 - - [14/Jun/2020:16:52:30 +0000] "GET /js/chat_engine.js HTTP/1.1" 404 156 "http://127.0.0.1:8000/" "Mozilla/5.0 (X11; Linux x86_64) AppleWebKit/537.36 (KHTML, like Gecko) Chrome/83.0.4103.97 Safari/537.36"
::ffff:127.0.0.1 - - [14/Jun/2020:16:52:34 +0000] "GET /users/profile/5edc08032646154bb583d827 HTTP/1.1" 200 3015 "http://127.0.0.1:8000/" "Mozilla/5.0 (X11; Linux x86_64) AppleWebKit/537.36 (KHTML, like Gecko) Chrome/83.0.4103.97 Safari/537.36"
::ffff:127.0.0.1 - - [14/Jun/2020:16:52:34 +0000] "GET /js/friendreq.js HTTP/1.1" 404 154 "http://127.0.0.1:8000/users/profile/5edc08032646154bb583d827" "Mozilla/5.0 (X11; Linux x86_64) AppleWebKit/537.36 (KHTML, like Gecko) Chrome/83.0.4103.97 Safari/537.36"
::ffff:127.0.0.1 - - [14/Jun/2020:16:52:34 +0000] "GET /js/friendreq.js HTTP/1.1" 404 154 "http://127.0.0.1:8000/users/profile/5edc08032646154bb583d827" "Mozilla/5.0 (X11; Linux x86_64) AppleWebKit/537.36 (KHTML, like Gecko) Chrome/83.0.4103.97 Safari/537.36"
::ffff:127.0.0.1 - - [14/Jun/2020:16:53:41 +0000] "POST /users/update/5edc08032646154bb583d827 HTTP/1.1" 302 164 "http://127.0.0.1:8000/users/profile/5edc08032646154bb583d827" "Mozilla/5.0 (X11; Linux x86_64) AppleWebKit/537.36 (KHTML, like Gecko) Chrome/83.0.4103.97 Safari/537.36"
::ffff:127.0.0.1 - - [14/Jun/2020:16:53:41 +0000] "GET /users/profile/5edc08032646154bb583d827 HTTP/1.1" 200 3056 "http://127.0.0.1:8000/users/profile/5edc08032646154bb583d827" "Mozilla/5.0 (X11; Linux x86_64) AppleWebKit/537.36 (KHTML, like Gecko) Chrome/83.0.4103.97 Safari/537.36"
::ffff:127.0.0.1 - - [14/Jun/2020:16:53:41 +0000] "GET /js/friendreq.js HTTP/1.1" 404 154 "http://127.0.0.1:8000/users/profile/5edc08032646154bb583d827" "Mozilla/5.0 (X11; Linux x86_64) AppleWebKit/537.36 (KHTML, like Gecko) Chrome/83.0.4103.97 Safari/537.36"
::ffff:127.0.0.1 - - [14/Jun/2020:16:53:42 +0000] "GET /js/friendreq.js HTTP/1.1" 404 154 "http://127.0.0.1:8000/users/profile/5edc08032646154bb583d827" "Mozilla/5.0 (X11; Linux x86_64) AppleWebKit/537.36 (KHTML, like Gecko) Chrome/83.0.4103.97 Safari/537.36"
::ffff:127.0.0.1 - - [14/Jun/2020:16:53:53 +0000] "GET /users/profile/5edc08032646154bb583d827 HTTP/1.1" 304 - "http://127.0.0.1:8000/users/profile/5edc08032646154bb583d827" "Mozilla/5.0 (X11; Linux x86_64) AppleWebKit/537.36 (KHTML, like Gecko) Chrome/83.0.4103.97 Safari/537.36"
::ffff:127.0.0.1 - - [14/Jun/2020:16:53:53 +0000] "GET /js/friendreq.js HTTP/1.1" 404 154 "http://127.0.0.1:8000/users/profile/5edc08032646154bb583d827" "Mozilla/5.0 (X11; Linux x86_64) AppleWebKit/537.36 (KHTML, like Gecko) Chrome/83.0.4103.97 Safari/537.36"
::ffff:127.0.0.1 - - [14/Jun/2020:16:53:53 +0000] "GET /js/friendreq.js HTTP/1.1" 404 154 "http://127.0.0.1:8000/users/profile/5edc08032646154bb583d827" "Mozilla/5.0 (X11; Linux x86_64) AppleWebKit/537.36 (KHTML, like Gecko) Chrome/83.0.4103.97 Safari/537.36"
::ffff:127.0.0.1 - - [14/Jun/2020:16:53:54 +0000] "GET / HTTP/1.1" 304 - "http://127.0.0.1:8000/users/profile/5edc08032646154bb583d827" "Mozilla/5.0 (X11; Linux x86_64) AppleWebKit/537.36 (KHTML, like Gecko) Chrome/83.0.4103.97 Safari/537.36"
::ffff:127.0.0.1 - - [14/Jun/2020:16:53:55 +0000] "GET /js/home_posts.js HTTP/1.1" 404 155 "http://127.0.0.1:8000/" "Mozilla/5.0 (X11; Linux x86_64) AppleWebKit/537.36 (KHTML, like Gecko) Chrome/83.0.4103.97 Safari/537.36"
::ffff:127.0.0.1 - - [14/Jun/2020:16:53:55 +0000] "GET /js/home_comments.js HTTP/1.1" 404 158 "http://127.0.0.1:8000/" "Mozilla/5.0 (X11; Linux x86_64) AppleWebKit/537.36 (KHTML, like Gecko) Chrome/83.0.4103.97 Safari/537.36"
::ffff:127.0.0.1 - - [14/Jun/2020:16:53:55 +0000] "GET /js/chat_engine.js HTTP/1.1" 404 156 "http://127.0.0.1:8000/" "Mozilla/5.0 (X11; Linux x86_64) AppleWebKit/537.36 (KHTML, like Gecko) Chrome/83.0.4103.97 Safari/537.36"
::ffff:127.0.0.1 - - [14/Jun/2020:16:53:55 +0000] "GET /js/toggle_likes.js HTTP/1.1" 404 157 "http://127.0.0.1:8000/" "Mozilla/5.0 (X11; Linux x86_64) AppleWebKit/537.36 (KHTML, like Gecko) Chrome/83.0.4103.97 Safari/537.36"
::ffff:127.0.0.1 - - [14/Jun/2020:16:53:55 +0000] "GET /js/search.js HTTP/1.1" 404 151 "http://127.0.0.1:8000/" "Mozilla/5.0 (X11; Linux x86_64) AppleWebKit/537.36 (KHTML, like Gecko) Chrome/83.0.4103.97 Safari/537.36"
::ffff:127.0.0.1 - - [14/Jun/2020:16:53:55 +0000] "GET /js/home_comments.js HTTP/1.1" 404 158 "http://127.0.0.1:8000/" "Mozilla/5.0 (X11; Linux x86_64) AppleWebKit/537.36 (KHTML, like Gecko) Chrome/83.0.4103.97 Safari/537.36"
::ffff:127.0.0.1 - - [14/Jun/2020:16:53:55 +0000] "GET /js/home_posts.js HTTP/1.1" 404 155 "http://127.0.0.1:8000/" "Mozilla/5.0 (X11; Linux x86_64) AppleWebKit/537.36 (KHTML, like Gecko) Chrome/83.0.4103.97 Safari/537.36"
::ffff:127.0.0.1 - - [14/Jun/2020:16:53:55 +0000] "GET /js/toggle_likes.js HTTP/1.1" 404 157 "http://127.0.0.1:8000/" "Mozilla/5.0 (X11; Linux x86_64) AppleWebKit/537.36 (KHTML, like Gecko) Chrome/83.0.4103.97 Safari/537.36"
::ffff:127.0.0.1 - - [14/Jun/2020:16:53:55 +0000] "GET /js/search.js HTTP/1.1" 404 151 "http://127.0.0.1:8000/" "Mozilla/5.0 (X11; Linux x86_64) AppleWebKit/537.36 (KHTML, like Gecko) Chrome/83.0.4103.97 Safari/537.36"
::ffff:127.0.0.1 - - [14/Jun/2020:16:53:55 +0000] "GET /js/chat_engine.js HTTP/1.1" 404 156 "http://127.0.0.1:8000/" "Mozilla/5.0 (X11; Linux x86_64) AppleWebKit/537.36 (KHTML, like Gecko) Chrome/83.0.4103.97 Safari/537.36"
::ffff:127.0.0.1 - - [14/Jun/2020:16:53:56 +0000] "GET /features/todo/5edc08032646154bb583d827 HTTP/1.1" 200 4362 "http://127.0.0.1:8000/" "Mozilla/5.0 (X11; Linux x86_64) AppleWebKit/537.36 (KHTML, like Gecko) Chrome/83.0.4103.97 Safari/537.36"
::ffff:127.0.0.1 - - [14/Jun/2020:16:53:56 +0000] "GET /js/home HTTP/1.1" 404 146 "http://127.0.0.1:8000/features/todo/5edc08032646154bb583d827" "Mozilla/5.0 (X11; Linux x86_64) AppleWebKit/537.36 (KHTML, like Gecko) Chrome/83.0.4103.97 Safari/537.36"
::ffff:127.0.0.1 - - [14/Jun/2020:16:53:56 +0000] "GET /js/home HTTP/1.1" 404 146 "http://127.0.0.1:8000/features/todo/5edc08032646154bb583d827" "Mozilla/5.0 (X11; Linux x86_64) AppleWebKit/537.36 (KHTML, like Gecko) Chrome/83.0.4103.97 Safari/537.36"
::ffff:127.0.0.1 - - [14/Jun/2020:16:54:00 +0000] "GET / HTTP/1.1" 304 - "http://127.0.0.1:8000/features/todo/5edc08032646154bb583d827" "Mozilla/5.0 (X11; Linux x86_64) AppleWebKit/537.36 (KHTML, like Gecko) Chrome/83.0.4103.97 Safari/537.36"
::ffff:127.0.0.1 - - [14/Jun/2020:16:54:00 +0000] "GET /js/home_posts.js HTTP/1.1" 404 155 "http://127.0.0.1:8000/" "Mozilla/5.0 (X11; Linux x86_64) AppleWebKit/537.36 (KHTML, like Gecko) Chrome/83.0.4103.97 Safari/537.36"
::ffff:127.0.0.1 - - [14/Jun/2020:16:54:00 +0000] "GET /js/home_comments.js HTTP/1.1" 404 158 "http://127.0.0.1:8000/" "Mozilla/5.0 (X11; Linux x86_64) AppleWebKit/537.36 (KHTML, like Gecko) Chrome/83.0.4103.97 Safari/537.36"
::ffff:127.0.0.1 - - [14/Jun/2020:16:54:00 +0000] "GET /js/search.js HTTP/1.1" 404 151 "http://127.0.0.1:8000/" "Mozilla/5.0 (X11; Linux x86_64) AppleWebKit/537.36 (KHTML, like Gecko) Chrome/83.0.4103.97 Safari/537.36"
::ffff:127.0.0.1 - - [14/Jun/2020:16:54:00 +0000] "GET /js/toggle_likes.js HTTP/1.1" 404 157 "http://127.0.0.1:8000/" "Mozilla/5.0 (X11; Linux x86_64) AppleWebKit/537.36 (KHTML, like Gecko) Chrome/83.0.4103.97 Safari/537.36"
::ffff:127.0.0.1 - - [14/Jun/2020:16:54:00 +0000] "GET /js/chat_engine.js HTTP/1.1" 404 156 "http://127.0.0.1:8000/" "Mozilla/5.0 (X11; Linux x86_64) AppleWebKit/537.36 (KHTML, like Gecko) Chrome/83.0.4103.97 Safari/537.36"
::ffff:127.0.0.1 - - [14/Jun/2020:16:54:00 +0000] "GET /js/home_comments.js HTTP/1.1" 404 158 "http://127.0.0.1:8000/" "Mozilla/5.0 (X11; Linux x86_64) AppleWebKit/537.36 (KHTML, like Gecko) Chrome/83.0.4103.97 Safari/537.36"
::ffff:127.0.0.1 - - [14/Jun/2020:16:54:00 +0000] "GET /js/home_posts.js HTTP/1.1" 404 155 "http://127.0.0.1:8000/" "Mozilla/5.0 (X11; Linux x86_64) AppleWebKit/537.36 (KHTML, like Gecko) Chrome/83.0.4103.97 Safari/537.36"
::ffff:127.0.0.1 - - [14/Jun/2020:16:54:00 +0000] "GET /js/toggle_likes.js HTTP/1.1" 404 157 "http://127.0.0.1:8000/" "Mozilla/5.0 (X11; Linux x86_64) AppleWebKit/537.36 (KHTML, like Gecko) Chrome/83.0.4103.97 Safari/537.36"
::ffff:127.0.0.1 - - [14/Jun/2020:16:54:00 +0000] "GET /js/search.js HTTP/1.1" 404 151 "http://127.0.0.1:8000/" "Mozilla/5.0 (X11; Linux x86_64) AppleWebKit/537.36 (KHTML, like Gecko) Chrome/83.0.4103.97 Safari/537.36"
::ffff:127.0.0.1 - - [14/Jun/2020:16:54:00 +0000] "GET /js/chat_engine.js HTTP/1.1" 404 156 "http://127.0.0.1:8000/" "Mozilla/5.0 (X11; Linux x86_64) AppleWebKit/537.36 (KHTML, like Gecko) Chrome/83.0.4103.97 Safari/537.36"
::ffff:127.0.0.1 - - [14/Jun/2020:16:54:01 +0000] "GET /features/calculator HTTP/1.1" 200 3380 "http://127.0.0.1:8000/" "Mozilla/5.0 (X11; Linux x86_64) AppleWebKit/537.36 (KHTML, like Gecko) Chrome/83.0.4103.97 Safari/537.36"
::ffff:127.0.0.1 - - [14/Jun/2020:16:54:03 +0000] "GET / HTTP/1.1" 304 - "http://127.0.0.1:8000/features/calculator" "Mozilla/5.0 (X11; Linux x86_64) AppleWebKit/537.36 (KHTML, like Gecko) Chrome/83.0.4103.97 Safari/537.36"
::ffff:127.0.0.1 - - [14/Jun/2020:16:54:03 +0000] "GET /js/home_comments.js HTTP/1.1" 404 158 "http://127.0.0.1:8000/" "Mozilla/5.0 (X11; Linux x86_64) AppleWebKit/537.36 (KHTML, like Gecko) Chrome/83.0.4103.97 Safari/537.36"
::ffff:127.0.0.1 - - [14/Jun/2020:16:54:03 +0000] "GET /js/home_posts.js HTTP/1.1" 404 155 "http://127.0.0.1:8000/" "Mozilla/5.0 (X11; Linux x86_64) AppleWebKit/537.36 (KHTML, like Gecko) Chrome/83.0.4103.97 Safari/537.36"
::ffff:127.0.0.1 - - [14/Jun/2020:16:54:03 +0000] "GET /js/toggle_likes.js HTTP/1.1" 404 157 "http://127.0.0.1:8000/" "Mozilla/5.0 (X11; Linux x86_64) AppleWebKit/537.36 (KHTML, like Gecko) Chrome/83.0.4103.97 Safari/537.36"
::ffff:127.0.0.1 - - [14/Jun/2020:16:54:03 +0000] "GET /js/chat_engine.js HTTP/1.1" 404 156 "http://127.0.0.1:8000/" "Mozilla/5.0 (X11; Linux x86_64) AppleWebKit/537.36 (KHTML, like Gecko) Chrome/83.0.4103.97 Safari/537.36"
::ffff:127.0.0.1 - - [14/Jun/2020:16:54:03 +0000] "GET /js/search.js HTTP/1.1" 404 151 "http://127.0.0.1:8000/" "Mozilla/5.0 (X11; Linux x86_64) AppleWebKit/537.36 (KHTML, like Gecko) Chrome/83.0.4103.97 Safari/537.36"
::ffff:127.0.0.1 - - [14/Jun/2020:16:54:03 +0000] "GET /js/home_comments.js HTTP/1.1" 404 158 "http://127.0.0.1:8000/" "Mozilla/5.0 (X11; Linux x86_64) AppleWebKit/537.36 (KHTML, like Gecko) Chrome/83.0.4103.97 Safari/537.36"
::ffff:127.0.0.1 - - [14/Jun/2020:16:54:03 +0000] "GET /js/home_posts.js HTTP/1.1" 404 155 "http://127.0.0.1:8000/" "Mozilla/5.0 (X11; Linux x86_64) AppleWebKit/537.36 (KHTML, like Gecko) Chrome/83.0.4103.97 Safari/537.36"
::ffff:127.0.0.1 - - [14/Jun/2020:16:54:03 +0000] "GET /js/toggle_likes.js HTTP/1.1" 404 157 "http://127.0.0.1:8000/" "Mozilla/5.0 (X11; Linux x86_64) AppleWebKit/537.36 (KHTML, like Gecko) Chrome/83.0.4103.97 Safari/537.36"
::ffff:127.0.0.1 - - [14/Jun/2020:16:54:03 +0000] "GET /js/search.js HTTP/1.1" 404 151 "http://127.0.0.1:8000/" "Mozilla/5.0 (X11; Linux x86_64) AppleWebKit/537.36 (KHTML, like Gecko) Chrome/83.0.4103.97 Safari/537.36"
::ffff:127.0.0.1 - - [14/Jun/2020:16:54:03 +0000] "GET /js/chat_engine.js HTTP/1.1" 404 156 "http://127.0.0.1:8000/" "Mozilla/5.0 (X11; Linux x86_64) AppleWebKit/537.36 (KHTML, like Gecko) Chrome/83.0.4103.97 Safari/537.36"
::ffff:127.0.0.1 - - [14/Jun/2020:16:54:05 +0000] "GET /games/pong HTTP/1.1" 200 2226 "http://127.0.0.1:8000/" "Mozilla/5.0 (X11; Linux x86_64) AppleWebKit/537.36 (KHTML, like Gecko) Chrome/83.0.4103.97 Safari/537.36"
::ffff:127.0.0.1 - - [14/Jun/2020:16:54:06 +0000] "GET /favicon.ico HTTP/1.1" 404 150 "http://127.0.0.1:8000/games/pong" "Mozilla/5.0 (X11; Linux x86_64) AppleWebKit/537.36 (KHTML, like Gecko) Chrome/83.0.4103.97 Safari/537.36"
::ffff:127.0.0.1 - - [14/Jun/2020:16:54:06 +0000] "GET /favicon.ico HTTP/1.1" 404 150 "http://127.0.0.1:8000/games/pong" "Mozilla/5.0 (X11; Linux x86_64) AppleWebKit/537.36 (KHTML, like Gecko) Chrome/83.0.4103.97 Safari/537.36"
::ffff:127.0.0.1 - - [14/Jun/2020:16:54:07 +0000] "GET /favicon.ico HTTP/1.1" 404 150 "http://127.0.0.1:8000/games/pong" "Mozilla/5.0 (X11; Linux x86_64) AppleWebKit/537.36 (KHTML, like Gecko) Chrome/83.0.4103.97 Safari/537.36"
::ffff:127.0.0.1 - - [14/Jun/2020:16:54:08 +0000] "GET / HTTP/1.1" 304 - "http://127.0.0.1:8000/games/pong" "Mozilla/5.0 (X11; Linux x86_64) AppleWebKit/537.36 (KHTML, like Gecko) Chrome/83.0.4103.97 Safari/537.36"
::ffff:127.0.0.1 - - [14/Jun/2020:16:54:08 +0000] "GET /js/toggle_likes.js HTTP/1.1" 404 157 "http://127.0.0.1:8000/" "Mozilla/5.0 (X11; Linux x86_64) AppleWebKit/537.36 (KHTML, like Gecko) Chrome/83.0.4103.97 Safari/537.36"
::ffff:127.0.0.1 - - [14/Jun/2020:16:54:08 +0000] "GET /js/home_posts.js HTTP/1.1" 404 155 "http://127.0.0.1:8000/" "Mozilla/5.0 (X11; Linux x86_64) AppleWebKit/537.36 (KHTML, like Gecko) Chrome/83.0.4103.97 Safari/537.36"
::ffff:127.0.0.1 - - [14/Jun/2020:16:54:08 +0000] "GET /js/search.js HTTP/1.1" 404 151 "http://127.0.0.1:8000/" "Mozilla/5.0 (X11; Linux x86_64) AppleWebKit/537.36 (KHTML, like Gecko) Chrome/83.0.4103.97 Safari/537.36"
::ffff:127.0.0.1 - - [14/Jun/2020:16:54:08 +0000] "GET /js/home_comments.js HTTP/1.1" 404 158 "http://127.0.0.1:8000/" "Mozilla/5.0 (X11; Linux x86_64) AppleWebKit/537.36 (KHTML, like Gecko) Chrome/83.0.4103.97 Safari/537.36"
::ffff:127.0.0.1 - - [14/Jun/2020:16:54:08 +0000] "GET /js/chat_engine.js HTTP/1.1" 404 156 "http://127.0.0.1:8000/" "Mozilla/5.0 (X11; Linux x86_64) AppleWebKit/537.36 (KHTML, like Gecko) Chrome/83.0.4103.97 Safari/537.36"
::ffff:127.0.0.1 - - [14/Jun/2020:16:54:08 +0000] "GET /js/home_comments.js HTTP/1.1" 404 158 "http://127.0.0.1:8000/" "Mozilla/5.0 (X11; Linux x86_64) AppleWebKit/537.36 (KHTML, like Gecko) Chrome/83.0.4103.97 Safari/537.36"
::ffff:127.0.0.1 - - [14/Jun/2020:16:54:08 +0000] "GET /js/home_posts.js HTTP/1.1" 404 155 "http://127.0.0.1:8000/" "Mozilla/5.0 (X11; Linux x86_64) AppleWebKit/537.36 (KHTML, like Gecko) Chrome/83.0.4103.97 Safari/537.36"
::ffff:127.0.0.1 - - [14/Jun/2020:16:54:08 +0000] "GET /js/toggle_likes.js HTTP/1.1" 404 157 "http://127.0.0.1:8000/" "Mozilla/5.0 (X11; Linux x86_64) AppleWebKit/537.36 (KHTML, like Gecko) Chrome/83.0.4103.97 Safari/537.36"
::ffff:127.0.0.1 - - [14/Jun/2020:16:54:08 +0000] "GET /js/search.js HTTP/1.1" 404 151 "http://127.0.0.1:8000/" "Mozilla/5.0 (X11; Linux x86_64) AppleWebKit/537.36 (KHTML, like Gecko) Chrome/83.0.4103.97 Safari/537.36"
::ffff:127.0.0.1 - - [14/Jun/2020:16:54:08 +0000] "GET /js/chat_engine.js HTTP/1.1" 404 156 "http://127.0.0.1:8000/" "Mozilla/5.0 (X11; Linux x86_64) AppleWebKit/537.36 (KHTML, like Gecko) Chrome/83.0.4103.97 Safari/537.36"
::ffff:127.0.0.1 - - [14/Jun/2020:16:54:10 +0000] "GET /games/snakes HTTP/1.1" 200 2640 "http://127.0.0.1:8000/" "Mozilla/5.0 (X11; Linux x86_64) AppleWebKit/537.36 (KHTML, like Gecko) Chrome/83.0.4103.97 Safari/537.36"
::ffff:127.0.0.1 - - [14/Jun/2020:16:54:11 +0000] "GET / HTTP/1.1" 304 - "http://127.0.0.1:8000/games/snakes" "Mozilla/5.0 (X11; Linux x86_64) AppleWebKit/537.36 (KHTML, like Gecko) Chrome/83.0.4103.97 Safari/537.36"
::ffff:127.0.0.1 - - [14/Jun/2020:16:54:11 +0000] "GET /js/home_comments.js HTTP/1.1" 404 158 "http://127.0.0.1:8000/" "Mozilla/5.0 (X11; Linux x86_64) AppleWebKit/537.36 (KHTML, like Gecko) Chrome/83.0.4103.97 Safari/537.36"
::ffff:127.0.0.1 - - [14/Jun/2020:16:54:11 +0000] "GET /js/home_posts.js HTTP/1.1" 404 155 "http://127.0.0.1:8000/" "Mozilla/5.0 (X11; Linux x86_64) AppleWebKit/537.36 (KHTML, like Gecko) Chrome/83.0.4103.97 Safari/537.36"
::ffff:127.0.0.1 - - [14/Jun/2020:16:54:11 +0000] "GET /js/toggle_likes.js HTTP/1.1" 404 157 "http://127.0.0.1:8000/" "Mozilla/5.0 (X11; Linux x86_64) AppleWebKit/537.36 (KHTML, like Gecko) Chrome/83.0.4103.97 Safari/537.36"
::ffff:127.0.0.1 - - [14/Jun/2020:16:54:11 +0000] "GET /js/search.js HTTP/1.1" 404 151 "http://127.0.0.1:8000/" "Mozilla/5.0 (X11; Linux x86_64) AppleWebKit/537.36 (KHTML, like Gecko) Chrome/83.0.4103.97 Safari/537.36"
::ffff:127.0.0.1 - - [14/Jun/2020:16:54:11 +0000] "GET /js/chat_engine.js HTTP/1.1" 404 156 "http://127.0.0.1:8000/" "Mozilla/5.0 (X11; Linux x86_64) AppleWebKit/537.36 (KHTML, like Gecko) Chrome/83.0.4103.97 Safari/537.36"
::ffff:127.0.0.1 - - [14/Jun/2020:16:54:11 +0000] "GET /js/home_comments.js HTTP/1.1" 404 158 "http://127.0.0.1:8000/" "Mozilla/5.0 (X11; Linux x86_64) AppleWebKit/537.36 (KHTML, like Gecko) Chrome/83.0.4103.97 Safari/537.36"
::ffff:127.0.0.1 - - [14/Jun/2020:16:54:11 +0000] "GET /js/home_posts.js HTTP/1.1" 404 155 "http://127.0.0.1:8000/" "Mozilla/5.0 (X11; Linux x86_64) AppleWebKit/537.36 (KHTML, like Gecko) Chrome/83.0.4103.97 Safari/537.36"
::ffff:127.0.0.1 - - [14/Jun/2020:16:54:11 +0000] "GET /js/toggle_likes.js HTTP/1.1" 404 157 "http://127.0.0.1:8000/" "Mozilla/5.0 (X11; Linux x86_64) AppleWebKit/537.36 (KHTML, like Gecko) Chrome/83.0.4103.97 Safari/537.36"
::ffff:127.0.0.1 - - [14/Jun/2020:16:54:11 +0000] "GET /js/search.js HTTP/1.1" 404 151 "http://127.0.0.1:8000/" "Mozilla/5.0 (X11; Linux x86_64) AppleWebKit/537.36 (KHTML, like Gecko) Chrome/83.0.4103.97 Safari/537.36"
::ffff:127.0.0.1 - - [14/Jun/2020:16:54:11 +0000] "GET /js/chat_engine.js HTTP/1.1" 404 156 "http://127.0.0.1:8000/" "Mozilla/5.0 (X11; Linux x86_64) AppleWebKit/537.36 (KHTML, like Gecko) Chrome/83.0.4103.97 Safari/537.36"
::ffff:127.0.0.1 - - [14/Jun/2020:16:54:17 +0000] "GET /users/sign-out HTTP/1.1" 302 72 "http://127.0.0.1:8000/" "Mozilla/5.0 (X11; Linux x86_64) AppleWebKit/537.36 (KHTML, like Gecko) Chrome/83.0.4103.97 Safari/537.36"
::ffff:127.0.0.1 - - [14/Jun/2020:16:54:17 +0000] "GET /users/sign-in HTTP/1.1" 304 - "http://127.0.0.1:8000/" "Mozilla/5.0 (X11; Linux x86_64) AppleWebKit/537.36 (KHTML, like Gecko) Chrome/83.0.4103.97 Safari/537.36"
::ffff:127.0.0.1 - - [14/Jun/2020:16:54:58 +0000] "GET /users/sign-in HTTP/1.1" 200 2333 "http://127.0.0.1:8000/" "Mozilla/5.0 (X11; Linux x86_64) AppleWebKit/537.36 (KHTML, like Gecko) Chrome/83.0.4103.97 Safari/537.36"
::ffff:127.0.0.1 - - [14/Jun/2020:18:58:50 +0000] "GET /users/auth/google HTTP/1.1" 302 0 "http://127.0.0.1:8000/users/sign-in" "Mozilla/5.0 (X11; Linux x86_64) AppleWebKit/537.36 (KHTML, like Gecko) Chrome/83.0.4103.97 Safari/537.36"
