[0mGET / [36m302[0m 86.694 ms - 72[0m
[0mGET /users/sign-in [36m304[0m 325.614 ms - -[0m
[0mPOST /users/create-session [36m302[0m 106.227 ms - 46[0m
[0mGET / [32m200[0m 421.956 ms - 64057[0m
[0mPOST /posts/create [32m200[0m 337.358 ms - 294[0m
[0mPOST /posts/create [32m200[0m 204.971 ms - 294[0m
[0mPOST /posts/create [32m200[0m 59.125 ms - 294[0m
[0mGET / [0m-[0m - ms - -[0m
[0mGET / [0m-[0m - ms - -[0m
[0mGET / [0m-[0m - ms - -[0m
[0mGET / [0m-[0m - ms - -[0m
[0mGET / [0m-[0m - ms - -[0m
[0mGET / [0m-[0m - ms - -[0m
[0mGET / [0m-[0m - ms - -[0m
[0mGET / [32m200[0m 632.394 ms - 69032[0m
[0mPOST /posts/create [32m200[0m 145.918 ms - 297[0m
[0mPOST /posts/create [32m200[0m 43.389 ms - 297[0m
[0mPOST /posts/create [32m200[0m 25.399 ms - 293[0m
[0mGET / [32m200[0m 866.393 ms - 74302[0m
[0mPOST /posts/create [32m200[0m 107.591 ms - 296[0m
[0mPOST /posts/create [32m200[0m 36.199 ms - 296[0m
[0mPOST /posts/create [32m200[0m 39.944 ms - 297[0m
[0mGET / [0m-[0m - ms - -[0m
[0mGET / [32m200[0m 796.149 ms - 79574[0m
[0mGET / [36m304[0m 337.877 ms - -[0m
[0mPOST /posts/create [32m200[0m 561.108 ms - 345[0m
[0mPOST /posts/create [32m200[0m 33.679 ms - 344[0m
[0mPOST /posts/create [0m-[0m - ms - -[0m
[0mPOST /posts/create [0m-[0m - ms - -[0m
[0mPOST /posts/create [0m-[0m - ms - -[0m
[0mPOST /posts/create [0m-[0m - ms - -[0m
[0mPOST /posts/create [0m-[0m - ms - -[0m
[0mPOST /posts/create [0m-[0m - ms - -[0m
[0mGET / [32m200[0m 311.941 ms - 83469[0m
[0mPOST /posts/create [32m200[0m 77.473 ms - 345[0m
[0mPOST /posts/create [32m200[0m 23.924 ms - 344[0m
[0mPOST /posts/create [0m-[0m - ms - -[0m
[0mPOST /posts/create [0m-[0m - ms - -[0m
[0mPOST /posts/create [0m-[0m - ms - -[0m
[0mPOST /posts/create [0m-[0m - ms - -[0m
[0mPOST /posts/create [0m-[0m - ms - -[0m
[0mPOST /posts/create [0m-[0m - ms - -[0m
[0mGET / [32m200[0m 672.977 ms - 87364[0m
[0mGET /posts/destroy/5f0ee0e0ac082256a4aac3d9 [32m200[0m 1035.061 ms - 72[0m
[0mGET /posts/destroy/5f0ee0d7ac082256a4aac3d5 [32m200[0m 64.710 ms - 72[0m
[0mGET /posts/destroy/5f0ee0adac082256a4aac3d0 [32m200[0m 38.087 ms - 72[0m
[0mGET /posts/destroy/5f0ee0a7ac082256a4aac3cd [32m200[0m 21.631 ms - 72[0m
[0mGET /users/sign-out [36m302[0m 205.211 ms - 72[0m
[0mGET /users/sign-in [32m200[0m 32.705 ms - 3075[0m
[0mGET / [36m302[0m 41.890 ms - 72[0m
[0mGET /users/sign-in [32m200[0m 162.113 ms - 2784[0m
[0mGET /favicon.ico [33m404[0m 9.546 ms - 150[0m
[0mPOST /users/create-session [36m302[0m 57.524 ms - 46[0m
[0mGET / [32m200[0m 213.993 ms - 79864[0m
[0mGET / [32m200[0m 202.819 ms - 79567[0m
[0mGET / [32m200[0m 266.815 ms - 79572[0m
[0mGET / [32m200[0m 171.550 ms - 79584[0m
[0mGET / [32m200[0m 176.622 ms - 79656[0m
[0mGET / [32m200[0m 235.744 ms - 79630[0m
[0mGET / [36m304[0m 164.059 ms - -[0m
[0mGET / [36m304[0m 149.385 ms - -[0m
[0mGET / [36m304[0m 192.503 ms - -[0m
[0mGET / [36m304[0m 159.333 ms - -[0m
[0mGET / [36m304[0m 152.703 ms - -[0m
[0mGET / [36m304[0m 138.459 ms - -[0m
[0mGET / [36m304[0m 183.819 ms - -[0m
[0mGET / [36m304[0m 129.820 ms - -[0m
[0mGET / [36m304[0m 213.199 ms - -[0m
[0mGET / [36m304[0m 190.796 ms - -[0m
[0mGET / [36m304[0m 233.400 ms - -[0m
[0mGET / [36m304[0m 141.114 ms - -[0m
[0mGET / [36m304[0m 166.293 ms - -[0m
[0mGET / [32m200[0m 220.068 ms - 79603[0m
[0mGET / [32m200[0m 148.787 ms - 79633[0m
[0mGET /users/profile/5efc6b3be17d013bb4a6668d [32m200[0m 69.022 ms - 4630[0m
[0mGET /users/profile/5efc6b3be17d013bb4a6668d [36m304[0m 41.616 ms - -[0m
[0mGET /users/profile/5efc6b3be17d013bb4a6668d [32m200[0m 35.185 ms - 4724[0m
[0mGET / [32m200[0m 136.480 ms - 79727[0m
[0mGET / [36m304[0m 135.561 ms - -[0m
[0mGET / [32m200[0m 147.545 ms - 79718[0m
[0mGET / [32m200[0m 118.510 ms - 79741[0m
[0mGET / [32m200[0m 157.316 ms - 79741[0m
[0mGET / [32m200[0m 142.433 ms - 79769[0m
[0mGET / [32m200[0m 126.489 ms - 79769[0m
[0mGET / [32m200[0m 123.674 ms - 79788[0m
[0mGET / [32m200[0m 136.995 ms - 79788[0m
[0mGET / [32m200[0m 148.130 ms - 79788[0m
[0mGET / [32m200[0m 133.656 ms - 79822[0m
[0mGET / [32m200[0m 167.456 ms - 79822[0m
[0mGET / [32m200[0m 140.449 ms - 79822[0m
[0mGET / [32m200[0m 125.152 ms - 79822[0m
[0mGET / [32m200[0m 122.640 ms - 79827[0m
[0mGET / [32m200[0m 135.211 ms - 79813[0m
[0mGET / [36m304[0m 139.462 ms - -[0m
[0mGET / [36m304[0m 123.320 ms - -[0m
[0mGET / [36m304[0m 115.179 ms - -[0m
[0mGET / [36m304[0m 147.811 ms - -[0m
[0mGET / [36m304[0m 109.091 ms - -[0m
[0mGET / [36m304[0m 133.919 ms - -[0m
[0mGET / [32m200[0m 122.659 ms - 79755[0m
[0mGET / [36m304[0m 119.873 ms - -[0m
[0mGET / [36m304[0m 129.321 ms - -[0m
[0mGET / [36m304[0m 122.215 ms - -[0m
[0mGET /users/sign-out [36m302[0m 19.453 ms - 72[0m
[0mGET /users/sign-in [32m200[0m 17.376 ms - 3075[0m
[0mPOST /users/create-session [36m302[0m 11.762 ms - 46[0m
[0mGET / [32m200[0m 108.182 ms - 80407[0m
[0mGET / [32m200[0m 130.948 ms - 80134[0m
[0mGET / [36m304[0m 143.313 ms - -[0m
[0mGET / [32m200[0m 133.136 ms - 80143[0m
[0mGET /users/sign-out [36m302[0m 17.369 ms - 72[0m
[0mGET /users/sign-in [36m304[0m 16.464 ms - -[0m
[0mPOST /users/create-session [36m302[0m 14.737 ms - 46[0m
[0mGET / [32m200[0m 81.678 ms - 80051[0m
[0mGET /users/sign-out [36m302[0m 16.214 ms - 72[0m
[0mGET /users/sign-in [36m304[0m 13.668 ms - -[0m
[0mPOST /users/create-session [36m302[0m 11.500 ms - 46[0m
[0mGET / [32m200[0m 100.609 ms - 80433[0m
[0mGET / [32m200[0m 131.467 ms - 80134[0m
[0mGET / [32m200[0m 119.913 ms - 80157[0m
[0mGET / [32m200[0m 134.519 ms - 80146[0m
[0mGET / [32m200[0m 113.484 ms - 80166[0m
[0mPOST /posts/create [32m200[0m 155.089 ms - 346[0m
[0mGET / [36m302[0m 50.389 ms - 72[0m
[0mGET /users/sign-in [32m200[0m 441.140 ms - 2784[0m
[0mGET /favicon.ico [33m404[0m 4.204 ms - 150[0m
[0mPOST /users/create-session [36m302[0m 118.554 ms - 46[0m
[0mGET / [32m200[0m 391.503 ms - 81782[0m
[0mGET / [32m200[0m 139.394 ms - 16000[0m
[0mPOST /posts/create [32m200[0m 116.223 ms - 306[0m
[0mGET / [32m200[0m 87.480 ms - 16013[0m
[0mGET / [32m200[0m 126.158 ms - 16024[0m
[0mGET /chat/5efc6b29e17d013bb4a6668c [32m200[0m 101.086 ms - 900[0m
[0mGET /posts/destroy/5f0edfa72b5fd555764d23bf [36m302[0m 16.737 ms - 36[0m
[0mGET /users/sign-in [36m304[0m 86.432 ms - -[0m
[0mGET /posts/destroy/5f0edfac2b5fd555764d23c1 [36m302[0m 8.015 ms - 36[0m
[0mGET /users/sign-in [36m304[0m 17.304 ms - -[0m
[0mGET /posts/destroy/5f0ee00a61502d55c0849eb5 [36m302[0m 5.944 ms - 36[0m
[0mGET /users/sign-in [36m304[0m 22.782 ms - -[0m
[0mGET / [36m302[0m 14.091 ms - 72[0m
[0mGET /users/sign-in [36m304[0m 25.741 ms - -[0m
[0mPOST /users/create-session [36m302[0m 23.246 ms - 46[0m
[0mGET / [32m200[0m 189.297 ms - 83549[0m
[0mGET /posts/destroy/5f1b2bae19e69a1e74770173 [32m200[0m 83.795 ms - 72[0m
[0mGET /posts/destroy/5f0ee01361502d55c0849ebc [32m200[0m 31.983 ms - 72[0m
[0mGET /posts/destroy/5f0ee00f61502d55c0849eb8 [32m200[0m 37.112 ms - 72[0m
[0mGET /posts/destroy/5f0ee00a61502d55c0849eb5 [32m200[0m 45.614 ms - 72[0m
[0mGET /posts/destroy/5f0edfac2b5fd555764d23c1 [32m200[0m 33.735 ms - 72[0m
[0mGET /posts/destroy/5f0edfa72b5fd555764d23bf [32m200[0m 30.894 ms - 72[0m
[0mGET /posts/destroy/5f0edfa72b5fd555764d23be [32m200[0m 47.180 ms - 72[0m
[0mGET /posts/destroy/5f0ede57dc70ff533053feb7 [32m200[0m 21.423 ms - 72[0m
[0mGET /posts/destroy/5f0ede57dc70ff533053feb6 [32m200[0m 33.227 ms - 72[0m
[0mGET /posts/destroy/5f0ede57dc70ff533053feb5 [32m200[0m 25.635 ms - 72[0m
[0mGET / [36m302[0m 137.430 ms - 72[0m
[0mGET /users/sign-in [36m304[0m 172.808 ms - -[0m
[0mGET /favicon.ico [33m404[0m 10.761 ms - 150[0m
[0mPOST /users/create-session [36m302[0m 62.787 ms - 46[0m
[0mGET / [32m200[0m 240.288 ms - 65975[0m
[0mGET / [32m200[0m 173.188 ms - 65685[0m
[0mGET / [36m304[0m 142.567 ms - -[0m
[0mGET /users/sign-out [36m302[0m 21.588 ms - 72[0m
[0mGET /users/sign-in [32m200[0m 15.725 ms - 3075[0m
[0mGET /users/sign-up [32m200[0m 34.541 ms - 2846[0m
[0mGET /users/sign-in [32m200[0m 10.911 ms - 2784[0m
[0mGET /users/sign-up [36m304[0m 8.782 ms - -[0m
[0mGET /users/sign-in [36m304[0m 8.147 ms - -[0m
[0mGET /users/sign-up [36m304[0m 12.297 ms - -[0m
[0mGET /users/sign-in [36m304[0m 10.552 ms - -[0m
[0mGET /users/sign-up [36m304[0m 10.449 ms - -[0m
[0mGET /users/sign-in [36m304[0m 9.461 ms - -[0m
[0mGET /users/sign-up [36m304[0m 11.792 ms - -[0m
[0mGET /users/sign-in [36m304[0m 11.482 ms - -[0m
[0mGET / [36m302[0m 24.593 ms - 72[0m
[0mGET /users/sign-in [32m200[0m 69.429 ms - 2784[0m
[0mGET /favicon.ico [33m404[0m 4.123 ms - 150[0m
[0mGET /users/auth/google [36m302[0m 22.271 ms - 0[0m
[0mPOST /users/create-session [36m302[0m 23.145 ms - 46[0m
[0mGET / [32m200[0m 237.141 ms - 65975[0m
[0mGET / [36m302[0m 3.843 ms - 72[0m
[0mGET /users/sign-in [36m304[0m 19.223 ms - -[0m
[0mPOST /users/create-session [36m302[0m 13.462 ms - 46[0m
[0mGET / [32m200[0m 130.394 ms - 68530[0m
[0mGET /chat/5efc6b3be17d013bb4a6668d [32m200[0m 73.114 ms - 899[0m
[0mGET /chat/5efc6b29e17d013bb4a6668c [32m200[0m 67.638 ms - 900[0m
[0mGET /favicon.ico [33m404[0m 10.992 ms - 150[0m
[0mGET /favicon.ico [33m404[0m 6.826 ms - 150[0m
[0mGET /favicon.ico [33m404[0m 10.743 ms - 150[0m
[0mGET /favicon.ico [33m404[0m 13.571 ms - 150[0m
[0mGET /favicon.ico [33m404[0m 12.040 ms - 150[0m
[0mGET /chat/5eff889bb54ab544997b0e14 [32m200[0m 54.919 ms - 976[0m
[0mGET /favicon.ico [33m404[0m 12.672 ms - 150[0m
[0mGET /chat/5efc6b29e17d013bb4a6668c [36m304[0m 59.450 ms - -[0m
[0mGET /favicon.ico [33m404[0m 13.127 ms - 150[0m
[0mGET /favicon.ico [33m404[0m 11.533 ms - 150[0m
[0mGET /favicon.ico [33m404[0m 10.618 ms - 150[0m
[0mGET / [36m302[0m 0.709 ms - 72[0m
[0mGET /users/sign-in [32m200[0m 12.663 ms - 2784[0m
[0mGET /favicon.ico [33m404[0m 2.166 ms - 150[0m
[0mPOST /users/create-session [36m302[0m 3.825 ms - 46[0m
[0mGET / [32m200[0m 81.850 ms - 68530[0m
[0mGET /features/todo/5efc6b29e17d013bb4a6668c [32m200[0m 45.451 ms - 4480[0m
[0mGET /js/home [33m404[0m 8.117 ms - 146[0m
[0mGET /js/home [33m404[0m 5.134 ms - 146[0m
[0mGET / [32m200[0m 126.212 ms - 68240[0m
[0mGET /chat/5efc6b3be17d013bb4a6668d [32m200[0m 21.993 ms - 899[0m
[0mGET /favicon.ico [33m404[0m 4.833 ms - 150[0m
[0mGET /favicon.ico [33m404[0m 5.836 ms - 150[0m
[0mGET /users/sign-out [36m302[0m 7.759 ms - 72[0m
[0mGET /users/sign-in [32m200[0m 3.831 ms - 3075[0m
[0mGET /users/auth/google [36m302[0m 9.804 ms - 0[0m
[0mGET /users/auth/google/callback?code=4%2F2gHokAdFZ2715vq9daaXZAaBmOaFC4LSqxeLqRjyZ4AxI2eKqdQvtL81bXn_uyC78Gkew1A8Vtpnsa-e2nu_6cQ&scope=email+profile+https%3A%2F%2Fwww.googleapis.com%2Fauth%2Fuserinfo.profile+https%3A%2F%2Fwww.googleapis.com%2Fauth%2Fuserinfo.email+openid&authuser=1&prompt=consent [36m302[0m 795.103 ms - 46[0m
[0mGET / [32m200[0m 170.509 ms - 67308[0m
[0mGET /chat/5efc6b3be17d013bb4a6668d [32m200[0m 28.853 ms - 983[0m
[0mGET /favicon.ico [33m404[0m 6.873 ms - 150[0m
[0mGET /favicon.ico [33m404[0m 13.430 ms - 150[0m
[0mGET /chat/5efc6b29e17d013bb4a6668c [32m200[0m 46.396 ms - 901[0m
[0mGET /favicon.ico [33m404[0m 7.906 ms - 150[0m
[0mGET /favicon.ico [33m404[0m 6.569 ms - 150[0m
[0mGET / [32m200[0m 136.479 ms - 65685[0m
[0mGET / [32m200[0m 112.414 ms - 68240[0m
[0mGET / [32m200[0m 111.634 ms - 67018[0m
[0mGET /chat/5efc6b3be17d013bb4a6668d [32m200[0m 27.144 ms - 983[0m
[0mGET /chat/5eff889bb54ab544997b0e14 [32m200[0m 37.918 ms - 975[0m
[0mGET /favicon.ico [33m404[0m 6.384 ms - 150[0m
[0mGET /chat/5efc6b3be17d013bb4a6668d [32m200[0m 58.820 ms - 899[0m
[0mGET /chat/5eff889bb54ab544997b0e14 [36m304[0m 40.156 ms - -[0m
[0mGET /favicon.ico [33m404[0m 7.168 ms - 150[0m
[0mGET / [32m200[0m 143.431 ms - 65682[0m
[0mGET /chat/5efc6b29e17d013bb4a6668c [32m200[0m 40.816 ms - 900[0m
[0mGET /favicon.ico [33m404[0m 6.689 ms - 150[0m
[0mGET /favicon.ico [33m404[0m 6.278 ms - 150[0m
[0mGET /chat/5eff889bb54ab544997b0e14 [32m200[0m 41.866 ms - 975[0m
[0mGET /favicon.ico [33m404[0m 3.533 ms - 150[0m
[0mGET /favicon.ico [33m404[0m 12.629 ms - 150[0m
[0mGET /favicon.ico [33m404[0m 10.875 ms - 150[0m
[0mGET /favicon.ico [33m404[0m 12.331 ms - 150[0m
[0mGET /favicon.ico [33m404[0m 5.095 ms - 150[0m
[0mGET / [36m302[0m 51.152 ms - 72[0m
[0mGET /users/sign-in [36m304[0m 30.408 ms - -[0m
[0mPOST /users/create-session [36m302[0m 58.442 ms - 46[0m
[0mGET / [32m200[0m 113.199 ms - 65972[0m
[0mGET / [36m302[0m 3.858 ms - 72[0m
[0mGET /users/sign-in [36m304[0m 30.018 ms - -[0m
[0mPOST /users/create-session [36m302[0m 29.414 ms - 46[0m
[0mGET / [32m200[0m 113.108 ms - 68530[0m
[0mGET /chat/5efc6b3be17d013bb4a6668d [32m200[0m 52.440 ms - 899[0m
[0mGET / [32m200[0m 165.324 ms - 68240[0m
[0mGET /chat/5efc6b3be17d013bb4a6668d [32m200[0m 79.522 ms - 899[0m
[0mGET /chat/5efc6b29e17d013bb4a6668c [32m200[0m 30.083 ms - 900[0m
[0mGET /favicon.ico [33m404[0m 10.939 ms - 150[0m
[0mGET /favicon.ico [33m404[0m 12.202 ms - 150[0m
[0mGET / [32m200[0m 127.816 ms - 65682[0m
[0mGET / [36m302[0m 33.484 ms - 72[0m
[0mGET /users/sign-in [36m304[0m 29.145 ms - -[0m
[0mPOST /users/create-session [36m302[0m 44.036 ms - 46[0m
[0mGET / [32m200[0m 98.438 ms - 65972[0m
[0mGET / [36m302[0m 4.306 ms - 72[0m
[0mGET /users/sign-in [36m304[0m 7.409 ms - -[0m
[0mPOST /users/create-session [36m302[0m 20.458 ms - 46[0m
[0mGET / [32m200[0m 107.819 ms - 68530[0m
[0mGET / [36m302[0m 2.867 ms - 72[0m
[0mGET /users/sign-in [32m200[0m 10.615 ms - 2784[0m
[0mGET /users/auth/google [36m302[0m 28.250 ms - 0[0m
[0mGET /users/auth/google/callback?code=4%2F2gHmSkfzet7XO9BUq6gAnrm7Aty-l-rcPL-KgOKmSkYAhbxM-0OhVjNvAnCIQcplpJmoA9PUDsOo0OgY8TVYsa4&scope=email+profile+https%3A%2F%2Fwww.googleapis.com%2Fauth%2Fuserinfo.profile+https%3A%2F%2Fwww.googleapis.com%2Fauth%2Fuserinfo.email+openid&authuser=1&prompt=consent [36m302[0m 3960.995 ms - 46[0m
[0mGET / [32m200[0m 101.953 ms - 67308[0m
[0mGET /chat/5efc6b3be17d013bb4a6668d [32m200[0m 33.160 ms - 899[0m
[0mGET /chat/5efc6b3be17d013bb4a6668d [36m304[0m 52.452 ms - -[0m
[0mGET /chat/5efc6b29e17d013bb4a6668c [32m200[0m 42.417 ms - 900[0m
[0mGET / [32m200[0m 183.109 ms - 65682[0m
[0mGET / [32m200[0m 175.112 ms - 68240[0m
[0mGET /chat/5efc6b3be17d013bb4a6668d [32m200[0m 52.972 ms - 899[0m
[0mGET /chat/5efc6b3be17d013bb4a6668d [36m304[0m 125.228 ms - -[0m
[0mGET / [36m304[0m 187.311 ms - -[0m
[0mGET / [36m304[0m 178.610 ms - -[0m
[0mGET / [36m304[0m 153.528 ms - -[0m
[0mGET /chat/5efc6b3be17d013bb4a6668d [32m200[0m 92.403 ms - 899[0m
[0mGET /chat/5efc6b3be17d013bb4a6668d [36m304[0m 87.991 ms - -[0m
[0mGET / [36m304[0m 139.298 ms - -[0m
[0mGET /chat/5efc6b3be17d013bb4a6668d [32m200[0m 73.780 ms - 899[0m
[0mGET / [36m304[0m 162.850 ms - -[0m
[0mGET /chat/5efc6b29e17d013bb4a6668c [32m200[0m 36.739 ms - 900[0m
[0mGET / [36m304[0m 204.030 ms - -[0m
[0mGET /chat/5efc6b3be17d013bb4a6668d [32m200[0m 79.159 ms - 899[0m
[0mGET /favicon.ico [33m404[0m 14.899 ms - 150[0m
[0mGET /chat/5efc6b3be17d013bb4a6668d [36m304[0m 55.833 ms - -[0m
[0mGET /favicon.ico [33m404[0m 8.126 ms - 150[0m
[0mGET /favicon.ico [33m404[0m 4.248 ms - 150[0m
[0mGET /favicon.ico [33m404[0m 10.350 ms - 150[0m
[0mGET /favicon.ico [33m404[0m 9.615 ms - 150[0m
[0mGET /favicon.ico [33m404[0m 5.053 ms - 150[0m
[0mGET /favicon.ico [33m404[0m 1.388 ms - 150[0m
[0mGET /favicon.ico [33m404[0m 0.709 ms - 150[0m
[0mGET / [36m302[0m 12.289 ms - 72[0m
[0mGET /users/sign-in [36m304[0m 5.605 ms - -[0m
[0mGET / [36m302[0m 4.701 ms - 72[0m
[0mGET /users/sign-in [36m304[0m 20.722 ms - -[0m
[0mGET /users/sign-in [36m304[0m 12.579 ms - -[0m
[0mPOST /users/create-session [36m302[0m 24.556 ms - 46[0m
[0mGET / [32m200[0m 84.734 ms - 65972[0m
[0mPOST /users/create-session [36m302[0m 20.654 ms - 46[0m
[0mGET / [32m200[0m 108.730 ms - 68530[0m
[0mGET /chat/5efc6b3be17d013bb4a6668d [32m200[0m 94.384 ms - 899[0m
[0mGET /chat/5efc6b29e17d013bb4a6668c [32m200[0m 53.389 ms - 900[0m
[0mGET /favicon.ico [33m404[0m 7.182 ms - 150[0m
[0mGET /favicon.ico [33m404[0m 9.163 ms - 150[0m
[0mGET /favicon.ico [33m404[0m 12.543 ms - 150[0m
[0mGET / [36m302[0m 5.611 ms - 72[0m
[0mGET /users/sign-in [36m304[0m 10.577 ms - -[0m
[0mGET /users/auth/google [36m302[0m 6.072 ms - 0[0m
[0mGET /users/auth/google/callback?code=4%2F2gGgMq_cZY8VlR7CVoN9PlnaYRCg4SLayae8UpELJC7bUEiTvUZzUgev6Zkr7aF63uTYpvMiinvbHwO6EBktKIE&scope=email+profile+https%3A%2F%2Fwww.googleapis.com%2Fauth%2Fuserinfo.profile+https%3A%2F%2Fwww.googleapis.com%2Fauth%2Fuserinfo.email+openid&authuser=1&prompt=consent [36m302[0m 1341.175 ms - 46[0m
[0mGET / [32m200[0m 110.358 ms - 67308[0m
[0mGET /chat/5efc6b3be17d013bb4a6668d [32m200[0m 30.733 ms - 983[0m
[0mGET /chat/5eff889bb54ab544997b0e14 [32m200[0m 52.432 ms - 975[0m
[0mGET /favicon.ico [33m404[0m 8.322 ms - 150[0m
[0mGET /favicon.ico [33m404[0m 7.559 ms - 150[0m
[0mGET /chat/5efc6b29e17d013bb4a6668c [36m304[0m 73.591 ms - -[0m
[0mGET /favicon.ico [33m404[0m 5.562 ms - 150[0m
[0mGET /favicon.ico [33m404[0m 5.572 ms - 150[0m
[0mGET / [32m200[0m 177.476 ms - 65682[0m
[0mGET /chat/5efc6b29e17d013bb4a6668c [32m200[0m 39.875 ms - 900[0m
[0mGET /favicon.ico [33m404[0m 6.227 ms - 150[0m
[0mGET /favicon.ico [33m404[0m 4.700 ms - 150[0m
[0mGET /chat/5eff889bb54ab544997b0e14 [32m200[0m 26.735 ms - 975[0m
[0mGET /favicon.ico [33m404[0m 8.290 ms - 150[0m
[0mGET /favicon.ico [33m404[0m 3.687 ms - 150[0m
[0mGET / [36m302[0m 3.273 ms - 72[0m
[0mGET /users/sign-in [36m304[0m 3.705 ms - -[0m
[0mGET /users/auth/google [36m302[0m 7.950 ms - 0[0m
[0mGET /users/auth/google/callback?code=4%2F2gE8TN1DbBuILA0dS0qwMijxZ1HcUlX4FdcFmvIAuT9DGPn8giFEu2TBdilg6XIXi-uFfNFj-PbA2Z93wFyUt9s&scope=email+profile+https%3A%2F%2Fwww.googleapis.com%2Fauth%2Fuserinfo.profile+https%3A%2F%2Fwww.googleapis.com%2Fauth%2Fuserinfo.email+openid&authuser=1&prompt=consent [36m302[0m 1642.492 ms - 46[0m
[0mGET / [32m200[0m 125.126 ms - 67308[0m
[0mGET / [36m302[0m 1.219 ms - 72[0m
[0mGET /users/sign-in [36m304[0m 3.567 ms - -[0m
[0mGET /users/sign-in [36m304[0m 13.027 ms - -[0m
[0mGET / [36m302[0m 2.354 ms - 72[0m
[0mGET /users/sign-in [36m304[0m 10.136 ms - -[0m
[0mPOST /users/create-session [36m302[0m 13.384 ms - 46[0m
[0mGET / [32m200[0m 117.031 ms - 65972[0m
[0mPOST /users/create-session [36m302[0m 15.974 ms - 46[0m
[0mGET / [32m200[0m 82.529 ms - 65972[0m
[0mGET /chat/5efc6b29e17d013bb4a6668c [32m200[0m 72.943 ms - 900[0m
[0mGET /chat/5efc6b29e17d013bb4a6668c [32m200[0m 71.842 ms - 900[0m
[0mGET / [32m200[0m 188.560 ms - 65682[0m
[0mGET /users/sign-out [36m302[0m 49.758 ms - 72[0m
[0mGET /users/sign-in [32m200[0m 16.593 ms - 3075[0m
[0mPOST /users/create-session [36m302[0m 22.723 ms - 46[0m
[0mGET / [32m200[0m 90.921 ms - 68533[0m
[0mGET /chat/5efc6b3be17d013bb4a6668d [32m200[0m 88.573 ms - 900[0m
[0mGET /chat/5efc6b3be17d013bb4a6668d [36m304[0m 72.087 ms - -[0m
[0mGET / [32m200[0m 142.132 ms - 68243[0m
[0mGET /chat/5efc6b3be17d013bb4a6668d [32m200[0m 76.617 ms - 900[0m
[0mGET / [36m304[0m 195.016 ms - -[0m
[0mGET / [32m200[0m 200.738 ms - 65682[0m
[0mGET /chat/5efc6b29e17d013bb4a6668c [32m200[0m 91.817 ms - 900[0m
[0mGET / [36m304[0m 185.299 ms - -[0m
[0mGET / [32m200[0m 116.091 ms - 68240[0m
[0mGET /chat/5efc6b29e17d013bb4a6668c [32m200[0m 94.884 ms - 900[0m
[0mGET /chat/5efc6b29e17d013bb4a6668c [36m304[0m 109.746 ms - -[0m
[0mGET / [36m304[0m 161.005 ms - -[0m
[0mGET /chat/5efc6b29e17d013bb4a6668c [32m200[0m 28.227 ms - 900[0m
[0mGET / [36m304[0m 206.624 ms - -[0m
[0mGET / [36m304[0m 111.815 ms - -[0m
[0mGET /chat/5efc6b3be17d013bb4a6668d [32m200[0m 44.631 ms - 899[0m
[0mGET /chat/5efc6b29e17d013bb4a6668c [32m200[0m 81.636 ms - 900[0m
[0mGET /favicon.ico [33m404[0m 11.160 ms - 150[0m
[0mGET /favicon.ico [33m404[0m 9.364 ms - 150[0m
[0mGET /favicon.ico [33m404[0m 11.048 ms - 150[0m
[0mGET /favicon.ico [33m404[0m 13.854 ms - 150[0m
[0mGET /chat/5efc6b3be17d013bb4a6668d [0m-[0m - ms - -[0m
[0mGET / [36m302[0m 19.724 ms - 72[0m
[0mGET /users/sign-in [36m304[0m 5.498 ms - -[0m
[0mGET /users/auth/google [36m302[0m 16.149 ms - 0[0m
[0mGET /users/auth/google/callback?code=4%2F2gGVbxXc6tWbyaEU5P52OsYXxxfihdUIHYyDfBo3tfHQ8FPNe2tQmBk_BLrx0KLsTmsyHAFWe3aes6eOH5HWAtA&scope=email+profile+https%3A%2F%2Fwww.googleapis.com%2Fauth%2Fuserinfo.profile+https%3A%2F%2Fwww.googleapis.com%2Fauth%2Fuserinfo.email+openid&authuser=1&prompt=consent [36m302[0m 1425.419 ms - 46[0m
[0mGET / [32m200[0m 131.986 ms - 67308[0m
[0mGET /chat/5efc6b3be17d013bb4a6668d [32m200[0m 58.947 ms - 983[0m
[0mGET / [36m302[0m 2.652 ms - 72[0m
[0mGET /users/sign-in [36m304[0m 6.223 ms - -[0m
[0mGET /chat/5eff889bb54ab544997b0e14 [0m-[0m - ms - -[0m
[0mGET /chat/5efc6b29e17d013bb4a6668c [0m-[0m - ms - -[0m
[0mGET /users/auth/google [36m302[0m 8.663 ms - 0[0m
[0mPOST /users/create-session [36m302[0m 4.552 ms - 46[0m
[0mGET / [32m200[0m 67.869 ms - 68530[0m
[0mGET / [36m304[0m 127.204 ms - -[0m
[0mGET /users/sign-out [36m302[0m 22.196 ms - 72[0m
[0mGET /users/sign-in [36m304[0m 16.172 ms - -[0m
[0mPOST /users/create-session [36m302[0m 21.130 ms - 46[0m
[0mGET / [32m200[0m 97.253 ms - 65975[0m
[0mGET /chat/5efc6b3be17d013bb4a6668d [32m200[0m 49.223 ms - 900[0m
[0mGET /chat/5efc6b29e17d013bb4a6668c [32m200[0m 56.981 ms - 901[0m
[0mGET /favicon.ico [33m404[0m 3.346 ms - 150[0m
[0mGET /favicon.ico [33m404[0m 10.440 ms - 150[0m
[0mGET /favicon.ico [33m404[0m 5.221 ms - 150[0m
[0mGET /chat/5eff889bb54ab544997b0e14 [32m200[0m 71.037 ms - 975[0m
[0mGET /favicon.ico [33m404[0m 9.611 ms - 150[0m
[0mGET /favicon.ico [33m404[0m 6.189 ms - 150[0m
[0mGET /favicon.ico [33m404[0m 6.693 ms - 150[0m
[0mGET /favicon.ico [33m404[0m 5.046 ms - 150[0m
[0mGET /favicon.ico [33m404[0m 10.290 ms - 150[0m
[0mGET / [32m200[0m 100.625 ms - 67018[0m
[0mGET /chat/5efc6b3be17d013bb4a6668d [32m200[0m 69.270 ms - 983[0m
[0mGET /favicon.ico [33m404[0m 7.853 ms - 150[0m
[0mGET /favicon.ico [33m404[0m 6.492 ms - 150[0m
[0mGET / [32m200[0m 152.885 ms - 65685[0m
[0mGET /chat/5efc6b29e17d013bb4a6668c [32m200[0m 71.372 ms - 901[0m
[0mGET /favicon.ico [33m404[0m 10.986 ms - 150[0m
[0mGET /favicon.ico [33m404[0m 8.190 ms - 150[0m
[0mGET /chat/5eff889bb54ab544997b0e14 [32m200[0m 91.501 ms - 975[0m
[0mGET /favicon.ico [33m404[0m 7.982 ms - 150[0m
[0mGET /favicon.ico [33m404[0m 7.084 ms - 150[0m
[0mGET / [36m302[0m 27.755 ms - 72[0m
[0mGET /users/sign-in [32m200[0m 30.743 ms - 2784[0m
[0mGET /chat/5efc6b29e17d013bb4a6668c [0m-[0m - ms - -[0m
[0mPOST /users/create-session [36m302[0m 27.717 ms - 46[0m
[0mGET / [32m200[0m 158.667 ms - 65975[0m
[0mGET /chat/5efc6b29e17d013bb4a6668c [32m200[0m 40.095 ms - 901[0m
[0mGET /favicon.ico [33m404[0m 5.328 ms - 150[0m
[0mGET /favicon.ico [33m404[0m 15.996 ms - 150[0m
[0mGET / [32m200[0m 195.003 ms - 65685[0m
[0mGET /chat/5efc6b29e17d013bb4a6668c [32m200[0m 49.050 ms - 901[0m
[0mGET /chat/5efc6b29e17d013bb4a6668c [36m304[0m 84.596 ms - -[0m
[0mGET / [36m304[0m 189.481 ms - -[0m
[0mGET /chat/5efc6b29e17d013bb4a6668c [32m200[0m 93.673 ms - 901[0m
[0mGET / [36m304[0m 172.863 ms - -[0m
[0mGET /chat/5efc6b29e17d013bb4a6668c [32m200[0m 76.055 ms - 901[0m
[0mGET /favicon.ico [33m404[0m 8.874 ms - 150[0m
[0mGET /favicon.ico [33m404[0m 8.865 ms - 150[0m
[0mGET / [36m304[0m 178.978 ms - -[0m
[0mGET /chat/5efc6b29e17d013bb4a6668c [32m200[0m 73.501 ms - 901[0m
[0mGET /favicon.ico [33m404[0m 9.631 ms - 150[0m
[0mGET /favicon.ico [33m404[0m 26.630 ms - 150[0m
[0mGET / [36m304[0m 192.658 ms - -[0m
[0mGET /chat/5efc6b29e17d013bb4a6668c [32m200[0m 39.852 ms - 901[0m
[0mGET /favicon.ico [33m404[0m 8.051 ms - 150[0m
[0mGET /favicon.ico [33m404[0m 6.889 ms - 150[0m
[0mGET / [36m304[0m 195.441 ms - -[0m
[0mGET /chat/5efc6b29e17d013bb4a6668c [32m200[0m 69.138 ms - 901[0m
[0mGET /favicon.ico [33m404[0m 6.695 ms - 150[0m
[0mGET /favicon.ico [33m404[0m 9.696 ms - 150[0m
