[0mGET /users/profile/5eee02099b3e435a1e2ad698 [36m304[0m 147.664 ms - -[0m
[0mGET /users/profile/5eee02099b3e435a1e2ad698 [36m304[0m 65.203 ms - -[0m
[0mGET /users/profile/5eee02099b3e435a1e2ad698 [36m304[0m 60.291 ms - -[0m
[0mGET /users/profile/5eee02099b3e435a1e2ad698 [36m304[0m 46.045 ms - -[0m
[0mGET /users/profile/5eee02099b3e435a1e2ad698 [36m304[0m 62.483 ms - -[0m
[0mGET /users/profile/5eee02099b3e435a1e2ad698 [36m304[0m 39.726 ms - -[0m
[0mGET /users/profile/5eee02099b3e435a1e2ad698 [36m304[0m 34.857 ms - -[0m
[0mGET /users/profile/5eee02099b3e435a1e2ad698 [36m304[0m 10.900 ms - -[0m
[0mGET /users/profile/5eee02099b3e435a1e2ad698 [36m304[0m 29.439 ms - -[0m
[0mGET /friends/sendreq/5eee02099b3e435a1e2ad698 [32m200[0m 28.440 ms - 53[0m
[0mGET /friends/sendreq/5eee02099b3e435a1e2ad698 [32m200[0m 32.136 ms - 53[0m
[0mGET /friends/sendreq/5eee02099b3e435a1e2ad698 [32m200[0m 28.426 ms - 53[0m
[0mGET / [36m304[0m 122.010 ms - -[0m
[0mGET /users/profile/5ee1e8c009e11b447e8a188e [32m200[0m 34.524 ms - 4741[0m
[0mGET / [36m304[0m 60.536 ms - -[0m
[0mGET / [36m304[0m 206.929 ms - -[0m
[0mGET / [36m304[0m 154.183 ms - -[0m
[0mGET /users/profile/5ed976218c3d9c4a23a00072 [31m500[0m 57.865 ms - 1949[0m
[0mGET / [36m304[0m 121.510 ms - -[0m
[0mGET / [36m304[0m 171.895 ms - -[0m
[0mGET /users/profile/5ee1e8c009e11b447e8a188e [36m304[0m 37.433 ms - -[0m
[0mGET / [36m304[0m 54.751 ms - -[0m
[0mGET /users/profile/5ed976218c3d9c4a23a00072 [32m200[0m 28.219 ms - 3251[0m
[0mGET /friends/sendreq/5ed976218c3d9c4a23a00072 [36m304[0m 16.160 ms - -[0m
[0mGET /users/profile/5ed976218c3d9c4a23a00072 [36m304[0m 14.961 ms - -[0m
[0mGET /users/profile/5ed976218c3d9c4a23a00072 [36m304[0m 27.117 ms - -[0m
[0mGET /users/profile/5ed976218c3d9c4a23a00072 [36m304[0m 44.125 ms - -[0m
[0mGET /friends/sendreq/5ed976218c3d9c4a23a00072 [36m304[0m 9.036 ms - -[0m
[0mGET /users/profile/5ed976218c3d9c4a23a00072 [36m304[0m 40.085 ms - -[0m
[0mGET /users/profile/5ed976218c3d9c4a23a00072 [36m304[0m 130.900 ms - -[0m
[0mGET /users/profile/5ed976218c3d9c4a23a00072 [32m200[0m 71.456 ms - 3272[0m
[0mGET /users/profile/5ed976218c3d9c4a23a00072 [36m304[0m 16.367 ms - -[0m
[0mGET /users/profile/5ed976218c3d9c4a23a00072 [36m304[0m 63.217 ms - -[0m
[0mGET /users/profile/5ed976218c3d9c4a23a00072 [36m304[0m 105.469 ms - -[0m
[0mGET /users/profile/5ed976218c3d9c4a23a00072 [36m304[0m 72.479 ms - -[0m
[0mGET /users/profile/5ed976218c3d9c4a23a00072 [36m304[0m 124.242 ms - -[0m
[0mGET /users/profile/5ed976218c3d9c4a23a00072 [36m304[0m 138.173 ms - -[0m
[0mGET /users/profile/5ed976218c3d9c4a23a00072 [32m200[0m 148.570 ms - 3287[0m
[0mGET /users/profile/5ed976218c3d9c4a23a00072 [36m304[0m 79.009 ms - -[0m
[0mGET / [36m304[0m 59.300 ms - -[0m
[0mPOST /search [32m200[0m 10.928 ms - 1573[0m
[0mGET /users/profile/5eee02099b3e435a1e2ad698 [32m200[0m 39.121 ms - 2926[0m
[0mGET /users/profile/5eee02099b3e435a1e2ad698 [36m304[0m 63.364 ms - -[0m
[0mGET /users/profile/5ee1e8c009e11b447e8a188e [36m304[0m 39.139 ms - -[0m
[0mGET / [36m304[0m 64.392 ms - -[0m
[0mPOST /search [32m200[0m 38.663 ms - 1573[0m
[0mGET /users/profile/5eee02099b3e435a1e2ad698 [36m304[0m 15.785 ms - -[0m
[0mGET /users/profile/5eee02099b3e435a1e2ad698 [36m304[0m 48.135 ms - -[0m
[0mGET /friends/sendreq/5eee02099b3e435a1e2ad698 [32m200[0m 38.196 ms - 53[0m
[0mGET /friends/sendreq/5eee02099b3e435a1e2ad698 [32m200[0m 6.837 ms - 53[0m
[0mGET /friends/sendreq/5eee02099b3e435a1e2ad698 [32m200[0m 32.377 ms - 53[0m
[0mGET /friends/sendreq/5eee02099b3e435a1e2ad698 [32m200[0m 18.261 ms - 53[0m
[0mGET /users/profile/5eee02099b3e435a1e2ad698 [36m304[0m 40.760 ms - -[0m
[0mGET /friends/sendreq/5eee02099b3e435a1e2ad698 [32m200[0m 17.980 ms - 53[0m
[0mGET /friends/sendreq/5eee02099b3e435a1e2ad698 [32m200[0m 28.172 ms - 53[0m
[0mGET /users/profile/5eee02099b3e435a1e2ad698 [36m304[0m 45.302 ms - -[0m
[0mGET /users/profile/5eee02099b3e435a1e2ad698 [36m304[0m 20.505 ms - -[0m
[0mGET /users/profile/5eee02099b3e435a1e2ad698 [36m304[0m 121.689 ms - -[0m
[0mGET /friends/sendreq/5eee02099b3e435a1e2ad698 [32m200[0m 27.452 ms - 53[0m
[0mGET /friends/sendreq/5eee02099b3e435a1e2ad698 [32m200[0m 15.954 ms - 53[0m
[0mGET /friends/sendreq/5eee02099b3e435a1e2ad698 [32m200[0m 25.226 ms - 53[0m
[0mGET /users/profile/5eee02099b3e435a1e2ad698 [36m304[0m 57.589 ms - -[0m
[0mGET /friends/sendreq/5eee02099b3e435a1e2ad698 [32m200[0m 20.041 ms - 53[0m
[0mGET /users/profile/5eee02099b3e435a1e2ad698 [36m304[0m 75.980 ms - -[0m
[0mGET /users/profile/5eee02099b3e435a1e2ad698 [32m200[0m 128.583 ms - 2936[0m
[0mGET /friends/sendreq/5eee02099b3e435a1e2ad698 [32m200[0m 23.892 ms - 53[0m
[0mGET /users/profile/5eee02099b3e435a1e2ad698 [32m200[0m 60.138 ms - 2926[0m
[0mGET /friends/sendreq/5eee02099b3e435a1e2ad698 [32m200[0m 29.714 ms - 53[0m
[0mGET /users/profile/5eee02099b3e435a1e2ad698 [32m200[0m 52.361 ms - 2936[0m
[0mGET /friends/sendreq/5eee02099b3e435a1e2ad698 [32m200[0m 25.119 ms - 53[0m
[0mGET /users/profile/5eee02099b3e435a1e2ad698 [32m200[0m 53.393 ms - 2926[0m
[0mGET /users/profile/5eee02099b3e435a1e2ad698 [36m304[0m 11.380 ms - -[0m
[0mGET /users/profile/5eee02099b3e435a1e2ad698 [36m304[0m 50.368 ms - -[0m
[0mGET /users/profile/5eee02099b3e435a1e2ad698 [32m200[0m 37.962 ms - 2973[0m
[0mGET /friends/sendreq/5eee02099b3e435a1e2ad698 [32m200[0m 17.107 ms - 53[0m
[0mGET /friends/sendreq/5eee02099b3e435a1e2ad698 [32m200[0m 33.396 ms - 53[0m
[0mGET /friends/sendreq/5eee02099b3e435a1e2ad698 [32m200[0m 41.823 ms - 53[0m
[0mGET /users/profile/5eee02099b3e435a1e2ad698 [32m200[0m 58.079 ms - 2981[0m
[0mGET /users/profile/5eee02099b3e435a1e2ad698 [32m200[0m 63.774 ms - 2981[0m
[0mGET /friends/sendreq/5eee02099b3e435a1e2ad698 [32m200[0m 21.138 ms - 53[0m
[0mGET /friends/sendreq/5eee02099b3e435a1e2ad698 [32m200[0m 23.344 ms - 53[0m
[0mGET / [36m304[0m 106.482 ms - -[0m
[0mGET /users/profile/5ed976218c3d9c4a23a00072 [32m200[0m 40.608 ms - 3333[0m
[0mGET /users/profile/5ed976218c3d9c4a23a00072 [36m304[0m 44.858 ms - -[0m
[0mGET /users/profile/5ed976218c3d9c4a23a00072 [36m304[0m 50.167 ms - -[0m
[0mGET /users/profile/5ed976218c3d9c4a23a00072 [36m304[0m 33.321 ms - -[0m
[0mGET /users/profile/5ed976218c3d9c4a23a00072 [36m304[0m 30.879 ms - -[0m
[0mGET /users/profile/5ed976218c3d9c4a23a00072 [36m302[0m 24.767 ms - 72[0m
[0mGET /users/sign-in [36m304[0m 42.091 ms - -[0m
[0mPOST /users/create-session [36m302[0m 6.534 ms - 46[0m
[0mGET / [32m200[0m 43.316 ms - 39156[0m
[0mGET /users/profile/5ee1e8c009e11b447e8a188e [36m304[0m 37.263 ms - -[0m
[0mGET / [32m200[0m 58.194 ms - 38866[0m
[0mGET /users/profile/5ed976218c3d9c4a23a00072 [32m200[0m 20.230 ms - 3333[0m
[0mGET /users/profile/5ed976218c3d9c4a23a00072 [36m304[0m 51.278 ms - -[0m
[0mGET /users/profile/5ed976218c3d9c4a23a00072 [36m304[0m 56.203 ms - -[0m
[0mGET /users/profile/5ed976218c3d9c4a23a00072 [36m304[0m 53.622 ms - -[0m
[0mGET / [36m304[0m 77.592 ms - -[0m
[0mGET /users/profile/5ef3c2f2c1efcd57476e1a8d [32m200[0m 14.317 ms - 3302[0m
[0mGET / [36m304[0m 38.916 ms - -[0m
[0mPOST /search [32m200[0m 23.744 ms - 2896[0m
[0mGET /users/profile/5ee1e8dd09e11b447e8a188f [32m200[0m 26.137 ms - 2969[0m
[0mGET /friends/sendreq/5ee1e8dd09e11b447e8a188f [32m200[0m 13.042 ms - 53[0m
[0mGET /friends/sendreq/5ee1e8dd09e11b447e8a188f [32m200[0m 23.567 ms - 53[0m
[0mGET /users/profile/5ee1e8dd09e11b447e8a188f [36m304[0m 37.774 ms - -[0m
[0mGET /users/profile/5ee1e8dd09e11b447e8a188f [36m304[0m 35.419 ms - -[0m
[0mGET / [36m304[0m 55.464 ms - -[0m
[0mGET /users/profile/5ee1e8c009e11b447e8a188e [36m304[0m 16.254 ms - -[0m
[0mGET / [36m304[0m 53.937 ms - -[0m
[0mGET /users/profile/5ed976218c3d9c4a23a00072 [36m304[0m 18.318 ms - -[0m
[0mGET / [36m304[0m 37.651 ms - -[0m
[0mGET /users/profile/5ee1e8c009e11b447e8a188e [36m304[0m 33.610 ms - -[0m
[0mGET / [36m304[0m 57.271 ms - -[0m
[0mGET / [32m200[0m 129.508 ms - 38266[0m
[0mGET /users/profile/5ee1e8c009e11b447e8a188e [36m302[0m 32.530 ms - 72[0m
[0mGET /users/sign-in [36m304[0m 11.448 ms - -[0m
[0mPOST /users/create-session [36m302[0m 24.845 ms - 46[0m
[0mGET / [32m200[0m 62.043 ms - 38556[0m
[0mGET /users/profile/5ed976218c3d9c4a23a00072 [36m304[0m 70.196 ms - -[0m
[0mGET /users/profile/5ee1e8c009e11b447e8a188e [32m200[0m 37.661 ms - 4741[0m
[0mGET / [32m200[0m 66.775 ms - 38266[0m
[0mPOST /search [32m200[0m 24.589 ms - 2896[0m
[0mPOST /search [32m200[0m 15.258 ms - 62[0m
[0mPOST /comments/create [32m200[0m 127.998 ms - 325[0m
[0mGET /comments/destroy/5efbafb9700d205caf66d337 [32m200[0m 54.700 ms - 75[0m
[0mGET /users/profile/5ed976218c3d9c4a23a00072 [36m304[0m 75.501 ms - -[0m
[0mGET /users/profile/5ee1e8c009e11b447e8a188e [36m304[0m 40.242 ms - -[0m
[0mGET /friends/destroy/5ed9762f8c3d9c4a23a00073 [36m302[0m 94.906 ms - 164[0m
[0mGET /users/profile/5ee1e8c009e11b447e8a188e [32m200[0m 17.956 ms - 4526[0m
[0mGET /friends/destroy/5ef3c2f2c1efcd57476e1a8d [36m302[0m 29.796 ms - 164[0m
[0mGET /users/profile/5ee1e8c009e11b447e8a188e [32m200[0m 23.424 ms - 4016[0m
[0mGET /friends/destroy/5ed976218c3d9c4a23a00072 [36m302[0m 43.952 ms - 164[0m
[0mGET /users/profile/5ee1e8c009e11b447e8a188e [32m200[0m 40.818 ms - 3395[0m
[0mGET / [36m302[0m 1.444 ms - 72[0m
[0mGET /users/sign-in [32m200[0m 17.340 ms - 2365[0m
[0mPOST /users/create-session [36m302[0m 9.106 ms - 46[0m
[0mGET / [32m200[0m 73.471 ms - 34323[0m
[0mPOST /search [32m200[0m 45.601 ms - 1467[0m
[0mGET /users/profile/5ee1e8c009e11b447e8a188e [32m200[0m 23.816 ms - 2969[0m
[0mGET /friends/sendreq/5ee1e8c009e11b447e8a188e [32m200[0m 24.692 ms - 53[0m
[0mGET /users/profile/5ee1e8c009e11b447e8a188e [32m200[0m 22.171 ms - 3774[0m
[0mGET / [32m200[0m 111.794 ms - 37451[0m
[0mGET /users/profile/5ee1e8c009e11b447e8a188e [36m304[0m 19.543 ms - -[0m
[0mGET /friends/accept/5ed976218c3d9c4a23a00072 [36m302[0m 42.510 ms - 164[0m
[0mGET /users/profile/5ee1e8c009e11b447e8a188e [32m200[0m 28.520 ms - 4013[0m
[0mGET /users/profile/5ee1e8c009e11b447e8a188e [32m200[0m 40.512 ms - 3725[0m
[0mGET /users/profile/5ee1e8c009e11b447e8a188e [36m304[0m 106.788 ms - -[0m
[0mGET /users/profile/5ee1e8c009e11b447e8a188e [36m304[0m 71.034 ms - -[0m
[0mGET /friends/destroy/5ed976218c3d9c4a23a00072 [36m302[0m 84.477 ms - 164[0m
[0mGET /users/profile/5ee1e8c009e11b447e8a188e [32m200[0m 21.551 ms - 3395[0m
[0mGET / [36m304[0m 102.827 ms - -[0m
[0mPOST /search [32m200[0m 19.233 ms - 1467[0m
[0mGET / [36m304[0m 146.376 ms - -[0m
[0mGET /posts/destroy/5ef3184a159d2c1501b38cbd [32m200[0m 77.891 ms - 72[0m
[0mGET /posts/destroy/5ef38bf655c12c2827836702 [32m200[0m 36.930 ms - 72[0m
[0mGET /posts/destroy/5ef318237ad2b814a4f8aab5 [32m200[0m 30.764 ms - 72[0m
[0mGET /posts/destroy/5ef38c307d6e8e28fabddeef [32m200[0m 44.890 ms - 72[0m
[0mGET /posts/destroy/5ef38c317d6e8e28fabddef0 [32m200[0m 54.666 ms - 72[0m
[0mGET /features/todo/5ee1e8c009e11b447e8a188e [32m200[0m 34.316 ms - 3830[0m
[0mGET /js/home [33m404[0m 6.335 ms - 146[0m
[0mGET /js/home [33m404[0m 17.326 ms - 146[0m
[0mGET / [32m200[0m 89.396 ms - 22613[0m
[0mGET / [36m302[0m 25.539 ms - 72[0m
[0mGET /users/sign-in [36m304[0m 20.685 ms - -[0m
[0mGET /users/sign-in [36m304[0m 53.243 ms - -[0m
[0mGET /users/sign-in [36m304[0m 28.073 ms - -[0m
[0mGET /users/profile/5ee1e8c009e11b447e8a188e [36m302[0m 15.935 ms - 72[0m
[0mGET /users/sign-in [36m304[0m 6.576 ms - -[0m
[0mPOST /users/create-session [36m302[0m 20.214 ms - 46[0m
[0mGET / [32m200[0m 75.221 ms - 22912[0m
[0mGET /users/sign-out [36m302[0m 24.672 ms - 72[0m
[0mGET /users/sign-in [32m200[0m 8.337 ms - 2656[0m
[0mPOST /users/create-session [36m302[0m 13.476 ms - 46[0m
[0mGET / [32m200[0m 68.822 ms - 21046[0m
[0mPOST /search [32m200[0m 45.412 ms - 1467[0m
[0mGET /users/profile/5ee1e8c009e11b447e8a188e [32m200[0m 36.982 ms - 2969[0m
[0mGET /friends/sendreq/5ee1e8c009e11b447e8a188e [32m200[0m 39.045 ms - 53[0m
[0mGET / [32m200[0m 104.536 ms - 20756[0m
[0mGET /users/sign-out [36m302[0m 9.606 ms - 72[0m
[0mGET /users/sign-in [36m304[0m 5.803 ms - -[0m
[0mPOST /users/create-session [36m302[0m 17.254 ms - 46[0m
[0mGET / [32m200[0m 71.753 ms - 22912[0m
[0mGET /users/profile/5ee1e8c009e11b447e8a188e [0m-[0m - ms - -[0m
[0mGET / [32m200[0m 123.658 ms - 22622[0m
[0mGET /users/profile/5ee1e8c009e11b447e8a188e [32m200[0m 41.348 ms - 3774[0m
[0mGET /friends/accept/5ed976218c3d9c4a23a00072 [36m302[0m 77.263 ms - 164[0m
[0mGET /users/profile/5ee1e8c009e11b447e8a188e [32m200[0m 22.634 ms - 4013[0m
[0mGET / [32m200[0m 120.206 ms - 22915[0m
[0mGET / [32m200[0m 119.733 ms - 22926[0m
[0mGET /users/profile/5ee1e8c009e11b447e8a188e [32m200[0m 86.648 ms - 3725[0m
[0mGET / [36m304[0m 86.773 ms - -[0m
[0mGET / [36m304[0m 117.081 ms - -[0m
[0mGET /chat/5ed976218c3d9c4a23a00072 [0m-[0m - ms - -[0m
[0mGET /chat/5ed976218c3d9c4a23a00072 [0m-[0m - ms - -[0m
[0mGET / [36m304[0m 86.146 ms - -[0m
[0mGET /chat/5ed976218c3d9c4a23a00072 [0m-[0m - ms - -[0m
[0mGET /chat/5ed976218c3d9c4a23a00072 [0m-[0m - ms - -[0m
[0mGET / [36m304[0m 105.522 ms - -[0m
[0mGET /chat/5ed976218c3d9c4a23a00072 [0m-[0m - ms - -[0m
[0mGET /chat/5ed976218c3d9c4a23a00072 [0m-[0m - ms - -[0m
[0mGET / [36m304[0m 82.317 ms - -[0m
[0mGET /chat/5ed976218c3d9c4a23a00072 [0m-[0m - ms - -[0m
[0mGET / [36m304[0m 114.023 ms - -[0m
[0mGET /chat/5ed976218c3d9c4a23a00072 [0m-[0m - ms - -[0m
[0mGET /chat/5ed976218c3d9c4a23a00072 [0m-[0m - ms - -[0m
[0mGET /chat/5ed976218c3d9c4a23a00072 [0m-[0m - ms - -[0m
[0mGET /chat/5ed976218c3d9c4a23a00072 [0m-[0m - ms - -[0m
[0mGET /chat/5ed976218c3d9c4a23a00072 [0m-[0m - ms - -[0m
[0mGET / [36m304[0m 103.674 ms - -[0m
[0mGET /users/profile/5ee1e8c009e11b447e8a188e [36m304[0m 96.475 ms - -[0m
[0mGET /chat/5ed976218c3d9c4a23a00072 [0m-[0m - ms - -[0m
[0mGET / [36m304[0m 118.877 ms - -[0m
[0mGET /chat/5ed976218c3d9c4a23a00072 [0m-[0m - ms - -[0m
[0mGET /chat/5ed976218c3d9c4a23a00072 [0m-[0m - ms - -[0m
[0mGET /chat/5ed976218c3d9c4a23a00072 [0m-[0m - ms - -[0m
[0mGET / [36m304[0m 77.066 ms - -[0m
[0mGET /chat/5ed976218c3d9c4a23a00072 [0m-[0m - ms - -[0m
[0mPOST /users/create-session [36m302[0m 11.127 ms - 46[0m
[0mGET / [32m200[0m 39.231 ms - 23216[0m
[0mGET /users/sign-in [36m302[0m 52.980 ms - 72[0m
[0mGET /users/profile [33m404[0m 9.251 ms - 152[0m
[0mGET /chat/5ed976218c3d9c4a23a00072 [0m-[0m - ms - -[0m
[0mGET /chat/5ed976218c3d9c4a23a00072 [0m-[0m - ms - -[0m
[0mGET /chat/5ed976218c3d9c4a23a00072 [0m-[0m - ms - -[0m
[0mGET / [32m200[0m 81.639 ms - 22926[0m
[0mGET /chat/5ed976218c3d9c4a23a00072 [0m-[0m - ms - -[0m
[0mGET / [36m304[0m 109.734 ms - -[0m
[0mGET /chat/5ed976218c3d9c4a23a00072 [0m-[0m - ms - -[0m
[0mGET /chat/5ed976218c3d9c4a23a00072 [0m-[0m - ms - -[0m
[0mGET / [36m304[0m 75.740 ms - -[0m
[0mGET /chat/5ed976218c3d9c4a23a00072 [0m-[0m - ms - -[0m
[0mGET /chat/5ed976218c3d9c4a23a00072 [0m-[0m - ms - -[0m
[0mGET / [36m304[0m 84.046 ms - -[0m
[0mGET /chat/5ed976218c3d9c4a23a00072 [0m-[0m - ms - -[0m
[0mGET /chat/5ed976218c3d9c4a23a00072 [0m-[0m - ms - -[0m
[0mGET / [36m304[0m 119.565 ms - -[0m
[0mGET /chat/5ed976218c3d9c4a23a00072 [0m-[0m - ms - -[0m
[0mGET /chat/5ed976218c3d9c4a23a00072 [0m-[0m - ms - -[0m
[0mGET /chat/5ed976218c3d9c4a23a00072 [0m-[0m - ms - -[0m
[0mGET / [36m304[0m 88.142 ms - -[0m
[0mGET /chat/5ed976218c3d9c4a23a00072 [0m-[0m - ms - -[0m
[0mGET / [36m304[0m 93.145 ms - -[0m
[0mGET / [36m304[0m 106.081 ms - -[0m
[0mGET /chat/5ed976218c3d9c4a23a00072 [0m-[0m - ms - -[0m
[0mGET /chat/5ed976218c3d9c4a23a00072 [0m-[0m - ms - -[0m
[0mGET /chat/5ed976218c3d9c4a23a00072 [0m-[0m - ms - -[0m
[0mGET / [36m304[0m 97.647 ms - -[0m
[0mGET /chat/5ed976218c3d9c4a23a00072 [0m-[0m - ms - -[0m
[0mGET /users/profile [33m404[0m 44.011 ms - 152[0m
[0mGET /chat/5ed976218c3d9c4a23a00072 [0m-[0m - ms - -[0m
[0mGET /chat/5ed976218c3d9c4a23a00072 [0m-[0m - ms - -[0m
[0mGET /users/profile/5ee1e8c009e11b447e8a188e [36m304[0m 85.559 ms - -[0m
[0mGET / [36m304[0m 110.089 ms - -[0m
[0mGET /chat/5ed976218c3d9c4a23a00072 [0m-[0m - ms - -[0m
[0mGET /chat/5ed976218c3d9c4a23a00072 [0m-[0m - ms - -[0m
[0mGET /chat/5ed976218c3d9c4a23a00072 [0m-[0m - ms - -[0m
[0mGET / [32m200[0m 72.280 ms - 22926[0m
[0mGET /chat/5ed976218c3d9c4a23a00072 [0m-[0m - ms - -[0m
[0mGET / [36m304[0m 57.690 ms - -[0m
[0mGET /chat/5ed976218c3d9c4a23a00072 [0m-[0m - ms - -[0m
[0mGET / [32m200[0m 112.265 ms - 22970[0m
[0mGET /chat/5ed976218c3d9c4a23a00072 [0m-[0m - ms - -[0m
[0mGET /users/profile/5ee1e8c009e11b447e8a188e [36m304[0m 58.960 ms - -[0m
[0mGET / [36m304[0m 48.410 ms - -[0m
[0mGET / [36m304[0m 129.265 ms - -[0m
[0mGET /chat/5ed976218c3d9c4a23a00072 [0m-[0m - ms - -[0m
[0mGET / [36m304[0m 51.959 ms - -[0m
[0mGET /chat/5ed976218c3d9c4a23a00072 [0m-[0m - ms - -[0m
[0mGET /users/profile/5ee1e8c009e11b447e8a188e [36m304[0m 80.371 ms - -[0m
[0mGET / [36m304[0m 58.181 ms - -[0m
[0mGET /chat/5ed976218c3d9c4a23a00072 [0m-[0m - ms - -[0m
[0mGET /users/profile/5ee1e8c009e11b447e8a188e [36m304[0m 49.871 ms - -[0m
[0mGET / [36m304[0m 54.507 ms - -[0m
[0mGET /chat/5ed976218c3d9c4a23a00072 [0m-[0m - ms - -[0m
[0mGET /chat/5ed976218c3d9c4a23a00072 [0m-[0m - ms - -[0m
[0mGET / [36m304[0m 114.703 ms - -[0m
[0mGET / [36m304[0m 114.137 ms - -[0m
[0mGET /chat/5ed976218c3d9c4a23a00072 [0m-[0m - ms - -[0m
[0mGET / [32m200[0m 71.296 ms - 22968[0m
[0mGET / [36m304[0m 102.391 ms - -[0m
[0mGET /chat/5ed976218c3d9c4a23a00072 [0m-[0m - ms - -[0m
[0mGET /chat/5ed976218c3d9c4a23a00072 [0m-[0m - ms - -[0m
[0mGET / [32m200[0m 56.454 ms - 22971[0m
[0mGET /chat/5ed976218c3d9c4a23a00072 [0m-[0m - ms - -[0m
[0mGET / [32m200[0m 86.148 ms - 22924[0m
[0mGET /chat/5ed976218c3d9c4a23a00072 [0m-[0m - ms - -[0m
[0mGET / [36m304[0m 101.730 ms - -[0m
[0mGET /chat/5ed976218c3d9c4a23a00072 [0m-[0m - ms - -[0m
[0mGET /chat/5ed976218c3d9c4a23a00072 [0m-[0m - ms - -[0m
[0mGET / [32m200[0m 74.752 ms - 22928[0m
[0mGET /chat/5ed976218c3d9c4a23a00072 [0m-[0m - ms - -[0m
[0mGET / [36m304[0m 99.725 ms - -[0m
[0mGET /chat/5ed976218c3d9c4a23a00072 [0m-[0m - ms - -[0m
[0mGET / [36m304[0m 118.027 ms - -[0m
[0mGET /users/profile/5ee1e8c009e11b447e8a188e [36m304[0m 88.189 ms - -[0m
[0mGET / [36m304[0m 99.873 ms - -[0m
[0mGET /users/profile/5ee1e8c009e11b447e8a188e [36m304[0m 85.171 ms - -[0m
[0mGET / [36m304[0m 82.688 ms - -[0m
[0mGET /chat/5ed976218c3d9c4a23a00072 [0m-[0m - ms - -[0m
[0mGET /chat/5ed976218c3d9c4a23a00072 [0m-[0m - ms - -[0m
[0mGET / [36m304[0m 98.530 ms - -[0m
[0mGET /chat/5ed976218c3d9c4a23a00072 [0m-[0m - ms - -[0m
[0mGET / [36m304[0m 126.644 ms - -[0m
[0mGET / [36m304[0m 156.098 ms - -[0m
[0mGET / [36m302[0m 21.188 ms - 72[0m
[0mGET /users/sign-in [32m200[0m 26.920 ms - 2365[0m
[0mPOST /users/create-session [36m302[0m 20.972 ms - 46[0m
[0mGET / [32m200[0m 73.515 ms - 23218[0m
[0mGET / [32m200[0m 156.858 ms - 22928[0m
[0mGET /chat/5ed976218c3d9c4a23a00072 [32m200[0m 34.636 ms - 796[0m
[0mGET / [36m304[0m 164.484 ms - -[0m
[0mGET /chat/5ed976218c3d9c4a23a00072 [36m304[0m 36.086 ms - -[0m
[0mGET / [36m304[0m 137.921 ms - -[0m
[0mGET /chat/5ed976218c3d9c4a23a00072 [36m304[0m 31.902 ms - -[0m
[0mGET / [36m304[0m 168.823 ms - -[0m
[0mGET /chat/5ed976218c3d9c4a23a00072 [36m304[0m 32.995 ms - -[0m
[0mGET /chat/5ed976218c3d9c4a23a00072 [36m304[0m 55.261 ms - -[0m
[0mGET / [36m304[0m 93.744 ms - -[0m
[0mGET /chat/5ed976218c3d9c4a23a00072 [36m304[0m 28.525 ms - -[0m
[0mGET / [36m304[0m 150.701 ms - -[0m
[0mGET /chat/5ed976218c3d9c4a23a00072 [36m304[0m 30.966 ms - -[0m
[0mGET / [36m304[0m 147.835 ms - -[0m
[0mGET /chat/5ed976218c3d9c4a23a00072 [36m304[0m 23.771 ms - -[0m
[0mGET / [36m304[0m 101.791 ms - -[0m
[0mGET / [36m304[0m 127.157 ms - -[0m
[0mGET /chat/5ed976218c3d9c4a23a00072 [36m304[0m 27.447 ms - -[0m
[0mGET /chat/5ed976218c3d9c4a23a00072 [36m304[0m 40.679 ms - -[0m
[0mGET / [36m304[0m 94.801 ms - -[0m
[0mGET /chat/5ed976218c3d9c4a23a00072 [36m304[0m 27.563 ms - -[0m
[0mGET / [36m304[0m 124.392 ms - -[0m
[0mGET /chat/5ed976218c3d9c4a23a00072 [36m304[0m 79.396 ms - -[0m
[0mGET / [36m304[0m 119.444 ms - -[0m
[0mGET /chat/5ed976218c3d9c4a23a00072 [32m200[0m 40.548 ms - 830[0m
[0mGET / [36m304[0m 76.891 ms - -[0m
[0mGET /chat/5ed976218c3d9c4a23a00072 [36m304[0m 17.416 ms - -[0m
[0mGET / [36m304[0m 129.478 ms - -[0m
[0mGET / [36m304[0m 136.778 ms - -[0m
[0mGET / [36m304[0m 135.987 ms - -[0m
[0mGET /chat/5ed976218c3d9c4a23a00072 [32m200[0m 78.287 ms - 818[0m
[0mGET /users/sign-in [36m304[0m 27.143 ms - -[0m
[0mPOST /users/create-session [36m302[0m 20.282 ms - 46[0m
[0mGET / [32m200[0m 49.088 ms - 23218[0m
[0mGET /users/sign-out [36m302[0m 26.295 ms - 72[0m
[0mGET /users/sign-in [32m200[0m 19.778 ms - 2656[0m
[0mPOST /users/create-session [36m302[0m 15.401 ms - 46[0m
[0mGET / [32m200[0m 87.889 ms - 21318[0m
[0mGET /chat/5ee1e8c009e11b447e8a188e [32m200[0m 30.153 ms - 818[0m
[0mGET / [32m200[0m 142.146 ms - 21028[0m
[0mGET / [36m302[0m 35.694 ms - 72[0m
[0mGET /users/sign-in [36m304[0m 11.191 ms - -[0m
[0mGET /users/sign-up [36m304[0m 14.462 ms - -[0m
[0mPOST /users/create [36m302[0m 23.238 ms - 72[0m
[0mGET /users/sign-in [32m200[0m 5.866 ms - 2663[0m
[0mGET /users/sign-up [36m304[0m 4.562 ms - -[0m
[0mPOST /users/create [36m302[0m 28.586 ms - 72[0m
[0mGET /users/sign-in [36m304[0m 6.553 ms - -[0m
[0mPOST /users/create-session [36m302[0m 20.486 ms - 46[0m
[0mGET / [31m500[0m 30.044 ms - 1977[0m
[0mGET / [31m500[0m 47.487 ms - 1980[0m
[0mGET /users/sign-up [36m304[0m 48.776 ms - -[0m
[0mPOST /users/create [36m302[0m 32.549 ms - 72[0m
[0mGET /users/sign-in [36m304[0m 4.981 ms - -[0m
[0mGET /users/sign-up [36m304[0m 13.833 ms - -[0m
[0mPOST /users/create [36m302[0m 10.754 ms - 72[0m
[0mGET /users/sign-in [36m304[0m 7.241 ms - -[0m
[0mPOST /users/create-session [36m302[0m 14.004 ms - 46[0m
[0mGET / [31m500[0m 27.168 ms - 1923[0m
[0mGET / [32m200[0m 40.099 ms - 5497[0m
[0mGET /users/profile/5efc6b3be17d013bb4a6668d [32m200[0m 32.906 ms - 3103[0m
[0mGET / [36m304[0m 32.135 ms - -[0m
[0mPOST /search [32m200[0m 53.529 ms - 322[0m
[0mGET /users/profile/5efc6b29e17d013bb4a6668c [32m200[0m 17.290 ms - 2971[0m
[0mGET /friends/sendreq/5efc6b29e17d013bb4a6668c [32m200[0m 19.574 ms - 53[0m
[0mGET /users/sign-out [36m302[0m 12.228 ms - 72[0m
[0mGET /users/sign-in [32m200[0m 8.009 ms - 2656[0m
[0mPOST /users/create-session [36m302[0m 9.852 ms - 46[0m
[0mGET / [32m200[0m 11.353 ms - 5787[0m
[0mGET /users/profile/5efc6b29e17d013bb4a6668c [32m200[0m 48.922 ms - 3723[0m
[0mGET /friends/accept/5efc6b3be17d013bb4a6668d [36m302[0m 110.829 ms - 164[0m
[0mGET /users/profile/5efc6b29e17d013bb4a6668c [32m200[0m 24.443 ms - 3899[0m
[0mGET / [32m200[0m 45.453 ms - 5886[0m
[0mGET / [36m304[0m 37.801 ms - -[0m
[0mGET / [32m200[0m 26.034 ms - 5885[0m
[0mGET /users/sign-out [0m-[0m - ms - -[0m
[0mGET / [36m302[0m 2.965 ms - 72[0m
[0mGET /users/sign-in [32m200[0m 9.456 ms - 2365[0m
[0mPOST /users/create-session [36m302[0m 12.678 ms - 46[0m
[0mGET / [32m200[0m 50.555 ms - 6176[0m
[0mGET / [32m200[0m 58.474 ms - 5886[0m
[0mGET / [36m304[0m 41.130 ms - -[0m
[0mGET / [36m304[0m 124.214 ms - -[0m
[0mGET / [32m200[0m 66.371 ms - 5882[0m
[0mGET / [32m200[0m 70.976 ms - 5883[0m
[0mGET /users/sign-out [36m302[0m 18.335 ms - 72[0m
[0mGET /users/sign-in [32m200[0m 15.995 ms - 2656[0m
[0mGET / [36m304[0m 31.562 ms - -[0m
[0mGET / [36m304[0m 49.747 ms - -[0m
[0mGET / [36m304[0m 59.839 ms - -[0m
[0mGET / [36m304[0m 45.814 ms - -[0m
[0mGET / [36m304[0m 36.636 ms - -[0m
[0mPOST /users/create-session [36m302[0m 32.240 ms - 46[0m
[0mGET / [32m200[0m 66.272 ms - 6173[0m
[0mGET /users/sign-out [36m302[0m 20.617 ms - 72[0m
[0mGET /users/sign-in [36m304[0m 11.108 ms - -[0m
[0mGET / [32m200[0m 60.459 ms - 5885[0m
[0mPOST /users/create-session [36m302[0m 11.585 ms - 46[0m
[0mGET / [36m304[0m 26.086 ms - -[0m
[0mGET /chat/5efc6b29e17d013bb4a6668c [32m200[0m 30.343 ms - 791[0m
[0mGET / [32m200[0m 47.043 ms - 5882[0m
[0mGET /chat/5efc6b3be17d013bb4a6668d [32m200[0m 26.519 ms - 791[0m
[0mGET /chat/5efc6b29e17d013bb4a6668c [32m200[0m 27.183 ms - 791[0m
[0mGET / [36m302[0m 28.571 ms - 72[0m
[0mGET /users/sign-in [32m200[0m 23.326 ms - 2365[0m
[0mPOST /users/create-session [36m302[0m 26.295 ms - 46[0m
[0mGET / [32m200[0m 31.002 ms - 6173[0m
[0mGET / [36m302[0m 2.916 ms - 72[0m
[0mGET /users/sign-in [32m200[0m 13.870 ms - 2365[0m
[0mPOST /users/create-session [36m302[0m 12.232 ms - 46[0m
[0mGET / [32m200[0m 56.793 ms - 6173[0m
[0mGET /users/sign-out [36m302[0m 10.273 ms - 72[0m
[0mGET /users/sign-in [32m200[0m 2.537 ms - 2656[0m
[0mPOST /users/create-session [36m302[0m 5.946 ms - 72[0m
[0mGET /users/sign-in [32m200[0m 2.956 ms - 2660[0m
[0mPOST /users/create-session [36m302[0m 11.800 ms - 46[0m
[0mGET / [32m200[0m 30.049 ms - 6175[0m
[0mGET / [32m200[0m 19.751 ms - 5883[0m
[0mGET / [32m200[0m 35.377 ms - 5882[0m
[0mGET / [36m304[0m 39.461 ms - -[0m
[0mGET /chat/5efc6b29e17d013bb4a6668c [32m200[0m 27.300 ms - 791[0m
[0mGET /chat/5efc6b3be17d013bb4a6668d [32m200[0m 26.589 ms - 791[0m
[0mGET / [36m304[0m 19.845 ms - -[0m
[0mGET /chat/5efc6b29e17d013bb4a6668c [32m200[0m 21.027 ms - 791[0m
[0mGET /users/profile/5efc6b29e17d013bb4a6668c [32m200[0m 19.077 ms - 3611[0m
[0mGET / [36m304[0m 22.329 ms - -[0m
[0mGET /chat/5efc6b3be17d013bb4a6668d [32m200[0m 21.391 ms - 791[0m
[0mGET / [36m304[0m 37.674 ms - -[0m
[0mGET /users/profile/5efc6b3be17d013bb4a6668d [32m200[0m 45.967 ms - 3610[0m
[0mGET / [36m304[0m 24.331 ms - -[0m
[0mGET / [36m304[0m 96.495 ms - -[0m
[0mGET /chat/5efc6b29e17d013bb4a6668c [32m200[0m 30.966 ms - 791[0m
[0mGET / [36m304[0m 105.034 ms - -[0m
[0mGET / [36m304[0m 40.523 ms - -[0m
[0mGET /chat/5efc6b29e17d013bb4a6668c [32m200[0m 58.038 ms - 791[0m
[0mGET / [36m304[0m 134.184 ms - -[0m
[0mGET /chat/5efc6b3be17d013bb4a6668d [32m200[0m 23.926 ms - 791[0m
[0mGET /chat/5efc6b3be17d013bb4a6668d [36m304[0m 46.997 ms - -[0m
[0mGET / [36m304[0m 62.012 ms - -[0m
[0mGET / [36m304[0m 55.452 ms - -[0m
[0mPOST /search [32m200[0m 16.098 ms - 632[0m
[0mGET /users/sign-out [36m302[0m 16.965 ms - 72[0m
[0mGET /users/sign-in [32m200[0m 8.716 ms - 2656[0m
[0mPOST /users/create-session [36m302[0m 8.914 ms - 46[0m
[0mGET / [32m200[0m 15.048 ms - 6176[0m
[0mGET /users/sign-out [36m302[0m 21.575 ms - 72[0m
[0mGET /users/sign-in [36m304[0m 9.539 ms - -[0m
[0mPOST /users/create-session [36m302[0m 16.411 ms - 46[0m
[0mGET / [32m200[0m 47.117 ms - 6175[0m
[0mGET / [32m200[0m 117.365 ms - 5885[0m
