[0mGET / [32m200[0m 314.229 ms - 6047[0m
[0mGET /users/sign-in [32m200[0m 26.378 ms - 2333[0m
[0mGET /users/sign-up [32m200[0m 17.965 ms - 2428[0m
[0mGET /users/sign-in [36m304[0m 13.158 ms - -[0m
[0mGET /users/auth/google [36m302[0m 14.254 ms - 0[0m
[0mGET /users/auth/google/callback?code=4%2F0gGvKxEKghqkjKQ4C_cKKFHZ_B1lDqU9SIAtR55z2YPJKleLm4YZJO7HzjlT_REu-jIn5Gv9-rWc5eC3PN68dxY&scope=email+profile+https%3A%2F%2Fwww.googleapis.com%2Fauth%2Fuserinfo.profile+https%3A%2F%2Fwww.googleapis.com%2Fauth%2Fuserinfo.email+openid&authuser=0&prompt=consent [36m302[0m 659.704 ms - 46[0m
[0mGET / [32m200[0m 54.237 ms - 9519[0m
[0mPOST /search [32m200[0m 25.254 ms - 903[0m
[0mPOST /search [32m200[0m 32.375 ms - 653[0m
[0mGET /users/sign-out [36m302[0m 14.711 ms - 72[0m
[0mGET /users/sign-in [32m200[0m 7.131 ms - 2624[0m
[0mGET /users/sign-up [36m304[0m 13.475 ms - -[0m
[0mPOST /users/create [36m302[0m 8.154 ms - 72[0m
[0mGET /users/sign-up [32m200[0m 6.962 ms - 2738[0m
[0mPOST /users/create [36m302[0m 21.664 ms - 72[0m
[0mGET /users/sign-in [32m200[0m 5.255 ms - 2631[0m
[0mGET /users/sign-up [32m200[0m 18.083 ms - 2428[0m
[0mPOST /users/create [36m302[0m 22.664 ms - 72[0m
[0mGET /users/sign-in [36m304[0m 10.818 ms - -[0m
[0mGET /users/sign-up [36m304[0m 9.964 ms - -[0m
[0mPOST /users/create [36m302[0m 13.328 ms - 114[0m
[0mGET /users/sign-up [32m200[0m 3.625 ms - 2714[0m
[0mPOST /users/create [36m302[0m 10.808 ms - 114[0m
[0mGET /users/sign-up [36m304[0m 6.138 ms - -[0m
[0mPOST /users/create [36m302[0m 15.110 ms - 72[0m
[0mGET /users/sign-in [36m304[0m 3.021 ms - -[0m
[0mGET /users/sign-up [32m200[0m 11.710 ms - 2428[0m
[0mPOST /users/create [36m302[0m 18.897 ms - 72[0m
[0mGET /users/sign-in [36m304[0m 3.728 ms - -[0m
[0mGET /users/auth/google [36m302[0m 8.913 ms - 0[0m
[0mGET /users/auth/google/callback?code=4%2F0gGr6uXPkuwfqprWzbgJcHMJRaBjQKG21lc7pMuoP3zqJXwFsVQSJ1LWkZpjR7UDXNy8hnwI1Pbwex6-jGYy3bI&scope=email+profile+https%3A%2F%2Fwww.googleapis.com%2Fauth%2Fuserinfo.email+openid+https%3A%2F%2Fwww.googleapis.com%2Fauth%2Fuserinfo.profile&authuser=0&prompt=none [36m302[0m 536.862 ms - 46[0m
[0mGET / [36m304[0m 76.354 ms - -[0m
[0mGET / [32m200[0m 21.987 ms - 9229[0m
[0mGET / [36m304[0m 18.831 ms - -[0m
[0mGET / [32m200[0m 6.422 ms - 6047[0m
[0mGET /users/sign-in [36m304[0m 10.871 ms - -[0m
[0mPOST /users/create-session [36m302[0m 12.627 ms - 46[0m
[0mGET / [32m200[0m 20.845 ms - 9047[0m
[0mGET /users/profile/5ed976218c3d9c4a23a00072 [32m200[0m 16.554 ms - 2673[0m
[0mGET / [32m200[0m 28.888 ms - 8757[0m
[0mGET /users/profile/5ed976358c3d9c4a23a00074 [32m200[0m 37.872 ms - 2726[0m
[0mGET / [36m304[0m 41.146 ms - -[0m
[0mPOST /search [32m200[0m 20.529 ms - 1880[0m
[0mPOST /search [32m200[0m 25.057 ms - 1880[0m
[0mPOST /search [32m200[0m 23.958 ms - 307[0m
[0mPOST /search [32m200[0m 16.442 ms - 1143[0m
[0mPOST /search [32m200[0m 14.539 ms - 62[0m
[0mPOST /search [32m200[0m 19.726 ms - 1931[0m
[0mPOST /search [32m200[0m 14.358 ms - 62[0m
[0mPOST /search [32m200[0m 11.369 ms - 62[0m
[0mPOST /search [32m200[0m 17.427 ms - 407[0m
[0mPOST /search [32m200[0m 12.926 ms - 62[0m
[0mPOST /search [32m200[0m 15.425 ms - 407[0m
[0mPOST /search [32m200[0m 12.465 ms - 62[0m
[0mPOST /search [32m200[0m 18.106 ms - 62[0m
[0mPOST /search [32m200[0m 14.973 ms - 62[0m
[0mPOST /search [32m200[0m 18.320 ms - 62[0m
[0mPOST /search [32m200[0m 11.995 ms - 62[0m
[0mPOST /search [32m200[0m 19.612 ms - 62[0m
[0mPOST /search [32m200[0m 19.412 ms - 62[0m
[0mPOST /search [32m200[0m 13.140 ms - 62[0m
[0mPOST /search [32m200[0m 17.872 ms - 407[0m
[0mPOST /search [32m200[0m 18.271 ms - 354[0m
[0mPOST /search [32m200[0m 18.385 ms - 798[0m
[0mPOST /search [32m200[0m 26.408 ms - 1634[0m
[0mPOST /posts/create [32m200[0m 23.835 ms - 304[0m
[0mPOST /posts/create [32m200[0m 19.909 ms - 304[0m
[0mPOST /search [32m200[0m 47.933 ms - 1880[0m
[0mPOST /search [32m200[0m 20.915 ms - 1931[0m
[0mPOST /search [32m200[0m 31.282 ms - 1880[0m
[0mPOST /search [32m200[0m 23.926 ms - 1880[0m
[0mPOST /search [32m200[0m 24.140 ms - 1931[0m
[0mGET / [32m200[0m 45.100 ms - 13143[0m
[0mGET /posts/destroy/5ee1eaf909e11b447e8a1893 [32m200[0m 53.475 ms - 72[0m
[0mGET /posts/destroy/5ee1eaeb09e11b447e8a1892 [32m200[0m 39.982 ms - 72[0m
[0mGET /posts/destroy/5edbc02542e2962ad95cd8bc [32m200[0m 38.259 ms - 72[0m
[0mGET /posts/destroy/5edbbff742e2962ad95cd8bb [32m200[0m 37.506 ms - 72[0m
[0mPOST /posts/create [32m200[0m 14.901 ms - 306[0m
[0mPOST /posts/create [32m200[0m 26.853 ms - 306[0m
[0mGET / [32m200[0m 23.997 ms - 9233[0m
[0mPOST /search [32m200[0m 27.533 ms - 1880[0m
[0mGET / [36m304[0m 56.605 ms - -[0m
[0mPOST /search [32m200[0m 30.012 ms - 1880[0m
[0mGET / [36m304[0m 55.990 ms - -[0m
[0mPOST /search [32m200[0m 20.185 ms - 1880[0m
[0mGET / [36m304[0m 56.387 ms - -[0m
[0mPOST /search [32m200[0m 18.173 ms - 1143[0m
[0mPOST /search [32m200[0m 32.455 ms - 1880[0m
[0mGET /users/profile/5ed976358c3d9c4a23a00074 [36m304[0m 13.434 ms - -[0m
[0mPOST /search [32m200[0m 16.219 ms - 407[0m
[0mGET /users/profile/5ed976358c3d9c4a23a00074 [32m200[0m 9.206 ms - 2416[0m
[0mGET /friends/sendreq/5ed976358c3d9c4a23a00074 [36m302[0m 11.754 ms - 164[0m
[0mGET /users/profile/5ed976358c3d9c4a23a00074 [32m200[0m 16.800 ms - 2700[0m
[0mGET /users/profile/5ed976358c3d9c4a23a00074 [32m200[0m 35.199 ms - 2416[0m
[0mGET /users/profile/5ed976358c3d9c4a23a00074 [32m200[0m 22.346 ms - 3291[0m
[0mGET /users/profile/5ed976358c3d9c4a23a00074 [36m304[0m 40.367 ms - -[0m
[0mGET /users/profile/5ed976358c3d9c4a23a00074 [32m200[0m 53.872 ms - 3328[0m
[0mGET /users/sign-out [36m302[0m 6.393 ms - 72[0m
[0mGET /users/sign-in [32m200[0m 3.585 ms - 2624[0m
[0mPOST /users/create-session [36m302[0m 12.351 ms - 46[0m
[0mGET / [32m200[0m 27.941 ms - 9051[0m
[0mGET /users/profile/5ee1e8dd09e11b447e8a188f [32m200[0m 22.989 ms - 2671[0m
[0mGET / [32m200[0m 25.799 ms - 8761[0m
[0mPOST /search [32m200[0m 16.641 ms - 433[0m
[0mGET /users/profile/5ed976358c3d9c4a23a00074 [32m200[0m 30.859 ms - 2416[0m
[0mGET /friends/sendreq/5ed976358c3d9c4a23a00074 [36m302[0m 17.284 ms - 164[0m
[0mGET /users/profile/5ed976358c3d9c4a23a00074 [32m200[0m 35.673 ms - 2700[0m
[0mGET /users/profile/5ed976358c3d9c4a23a00074 [32m200[0m 33.838 ms - 3929[0m
[0mGET /users/profile/5ed976358c3d9c4a23a00074 [36m304[0m 41.661 ms - -[0m
[0mGET /users/profile/5ed976358c3d9c4a23a00074 [36m304[0m 18.167 ms - -[0m
[0mGET /users/profile/5ed976358c3d9c4a23a00074 [36m304[0m 49.497 ms - -[0m
[0mGET /users/profile/5ed976358c3d9c4a23a00074 [36m304[0m 20.821 ms - -[0m
[0mGET /users/profile/5ed976358c3d9c4a23a00074 [36m304[0m 18.355 ms - -[0m
[0mGET /users/profile/5ed976358c3d9c4a23a00074 [36m304[0m 22.884 ms - -[0m
[0mGET /users/profile/5ed976358c3d9c4a23a00074 [36m304[0m 45.867 ms - -[0m
[0mGET /users/profile/5ed976358c3d9c4a23a00074 [36m304[0m 54.832 ms - -[0m
[0mGET /users/profile/5ed976358c3d9c4a23a00074 [36m304[0m 40.451 ms - -[0m
[0mGET /users/profile/5ed976358c3d9c4a23a00074 [36m304[0m 31.035 ms - -[0m
[0mGET /users/profile/5ed976358c3d9c4a23a00074 [36m304[0m 20.129 ms - -[0m
[0mGET /users/profile/5ed976358c3d9c4a23a00074 [36m304[0m 48.471 ms - -[0m
[0mGET /users/profile/5ed976358c3d9c4a23a00074 [36m304[0m 19.774 ms - -[0m
[0mGET /users/profile/5ed976358c3d9c4a23a00074 [36m304[0m 21.929 ms - -[0m
[0mGET /users/profile/5ed976358c3d9c4a23a00074 [36m304[0m 72.453 ms - -[0m
[0mGET /users/profile/5ed976358c3d9c4a23a00074 [32m200[0m 82.182 ms - 4041[0m
[0mGET /users/profile/5ed976358c3d9c4a23a00074 [36m304[0m 28.450 ms - -[0m
[0mGET /users/profile/5ed976358c3d9c4a23a00074 [36m304[0m 51.563 ms - -[0m
[0mGET /users/profile/5ed976358c3d9c4a23a00074 [36m304[0m 25.763 ms - -[0m
[0mGET /users/profile/5ed976358c3d9c4a23a00074 [36m304[0m 49.217 ms - -[0m
[0mGET /users/profile/5ed976358c3d9c4a23a00074 [36m304[0m 49.709 ms - -[0m
[0mGET /users/profile/5ed976358c3d9c4a23a00074 [36m304[0m 45.983 ms - -[0m
[0mGET /users/profile/5ed976358c3d9c4a23a00074 [36m304[0m 44.652 ms - -[0m
[0mGET /users/profile/5ed976358c3d9c4a23a00074 [36m304[0m 55.667 ms - -[0m
[0mGET /users/profile/5ed976358c3d9c4a23a00074 [36m304[0m 57.094 ms - -[0m
[0mGET /users/profile/5ed976358c3d9c4a23a00074 [32m200[0m 57.319 ms - 4009[0m
[0mGET /users/profile/5ed976358c3d9c4a23a00074 [36m304[0m 24.255 ms - -[0m
[0mGET / [36m304[0m 81.917 ms - -[0m
[0mGET /users/profile/5ed976358c3d9c4a23a00074 [36m304[0m 28.987 ms - -[0m
[0mGET / [36m304[0m 22.035 ms - -[0m
[0mGET /users/profile/5ed976358c3d9c4a23a00074 [36m304[0m 20.002 ms - -[0m
[0mGET /users/profile/5ed976358c3d9c4a23a00074 [36m304[0m 59.715 ms - -[0m
[0mGET /users/profile/5ed976358c3d9c4a23a00074 [36m304[0m 52.208 ms - -[0m
[0mGET / [36m304[0m 25.370 ms - -[0m
[0mGET /users/profile/5ee1e8dd09e11b447e8a188f [32m200[0m 25.771 ms - 2675[0m
[0mGET /users/sign-out [36m302[0m 37.190 ms - 72[0m
[0mGET /users/sign-in [36m304[0m 5.572 ms - -[0m
[0mGET /users/auth/google [36m302[0m 11.376 ms - 0[0m
[0mGET /users/auth/google/callback?code=4%2F0gHjBK19uo43EydjKYiJaup2OtcJYn8SwEFB00qNmvmhGPeVeCrYqyVC9fVwIZKkrxeA7mvgr57kbsPAHpqQiF4&scope=email+profile+https%3A%2F%2Fwww.googleapis.com%2Fauth%2Fuserinfo.profile+https%3A%2F%2Fwww.googleapis.com%2Fauth%2Fuserinfo.email+openid&authuser=1&prompt=consent [36m302[0m 700.296 ms - 46[0m
[0mGET / [32m200[0m 50.424 ms - 9523[0m
[0mGET /users/profile/5ed976358c3d9c4a23a00074 [32m200[0m 27.970 ms - 4009[0m
[0mGET /users/profile/5ed976358c3d9c4a23a00074 [36m304[0m 43.853 ms - -[0m
[0mGET /users/profile/5ed976358c3d9c4a23a00074 [36m304[0m 52.709 ms - -[0m
[0mGET /users/profile/5ed976358c3d9c4a23a00074 [32m200[0m 43.918 ms - 3967[0m
[0mGET /users/profile/5ed976358c3d9c4a23a00074 [36m304[0m 51.185 ms - -[0m
[0mGET /users/profile/5ed976358c3d9c4a23a00074 [36m304[0m 24.332 ms - -[0m
[0mGET /users/profile/5ed976358c3d9c4a23a00074 [36m304[0m 46.379 ms - -[0m
[0mGET /users/profile/5ed976358c3d9c4a23a00074 [36m304[0m 51.388 ms - -[0m
[0mGET /users/profile/5ed976358c3d9c4a23a00074 [36m304[0m 48.044 ms - -[0m
[0mGET /users/profile/5ed976358c3d9c4a23a00074 [36m304[0m 53.656 ms - -[0m
[0mGET /users/profile/5ed976358c3d9c4a23a00074 [36m304[0m 44.476 ms - -[0m
[0mGET /users/profile/5ed976358c3d9c4a23a00074 [36m304[0m 56.290 ms - -[0m
[0mGET /users/profile/5ed976358c3d9c4a23a00074 [36m304[0m 51.082 ms - -[0m
[0mGET /users/profile/5ed976358c3d9c4a23a00074 [32m200[0m 70.523 ms - 3965[0m
[0mGET /users/profile/5ed976358c3d9c4a23a00074 [36m304[0m 56.762 ms - -[0m
[0mGET /users/profile/5ed976358c3d9c4a23a00074 [36m304[0m 43.048 ms - -[0m
[0mGET /users/profile/5ed976358c3d9c4a23a00074 [36m304[0m 46.409 ms - -[0m
[0mGET /users/profile/5ed976358c3d9c4a23a00074 [36m304[0m 38.579 ms - -[0m
[0mGET /users/profile/5ed976358c3d9c4a23a00074 [36m304[0m 71.667 ms - -[0m
[0mGET /users/profile/5ed976358c3d9c4a23a00074 [36m304[0m 56.003 ms - -[0m
[0mGET /users/profile/5ed976358c3d9c4a23a00074 [36m304[0m 15.580 ms - -[0m
[0mGET /users/profile/5ed976358c3d9c4a23a00074 [36m304[0m 60.740 ms - -[0m
[0mGET /users/profile/5ed976358c3d9c4a23a00074 [36m304[0m 13.027 ms - -[0m
[0mGET /users/profile/5ed976358c3d9c4a23a00074 [36m304[0m 39.969 ms - -[0m
[0mGET /users/profile/5ed976358c3d9c4a23a00074 [36m304[0m 28.171 ms - -[0m
[0mGET /users/profile/5ed976358c3d9c4a23a00074 [36m304[0m 43.833 ms - -[0m
[0mGET /users/profile/5ed976358c3d9c4a23a00074 [36m304[0m 40.946 ms - -[0m
[0mGET /users/profile/5ed976358c3d9c4a23a00074 [36m304[0m 45.784 ms - -[0m
[0mGET /users/profile/5ed976358c3d9c4a23a00074 [32m200[0m 16.998 ms - 3996[0m
[0mGET /users/profile/5ed976358c3d9c4a23a00074 [36m304[0m 34.883 ms - -[0m
[0mGET /users/profile/5ed976358c3d9c4a23a00074 [36m304[0m 43.983 ms - -[0m
[0mGET /users/profile/5ed976358c3d9c4a23a00074 [36m304[0m 36.334 ms - -[0m
[0mGET / [32m200[0m 18.981 ms - 9233[0m
[0mGET / [36m304[0m 18.675 ms - -[0m
[0mGET /users/profile/5ed976358c3d9c4a23a00074 [36m304[0m 25.198 ms - -[0m
[0mGET /users/profile/5ed976358c3d9c4a23a00074 [36m304[0m 47.711 ms - -[0m
[0mGET /users/profile/5ed976358c3d9c4a23a00074 [36m304[0m 38.197 ms - -[0m
[0mGET /users/profile/5ed976358c3d9c4a23a00074 [36m304[0m 43.144 ms - -[0m
[0mGET /users/profile/5ed976358c3d9c4a23a00074 [36m304[0m 42.191 ms - -[0m
[0mGET /users/profile/5ed976358c3d9c4a23a00074 [36m304[0m 49.916 ms - -[0m
[0mGET /users/profile/5ed976358c3d9c4a23a00074 [36m304[0m 25.925 ms - -[0m
[0mGET / [36m304[0m 46.531 ms - -[0m
[0mGET /users/profile/5ed976358c3d9c4a23a00074 [36m304[0m 23.905 ms - -[0m
[0mGET / [36m304[0m 17.566 ms - -[0m
[0mGET /users/profile/5ed976358c3d9c4a23a00074 [36m304[0m 23.960 ms - -[0m
[0mGET /users/profile/5ed976358c3d9c4a23a00074 [36m304[0m 59.603 ms - -[0m
[0mGET /users/profile/5ed976358c3d9c4a23a00074 [32m200[0m 32.012 ms - 3996[0m
[0mGET /users/profile/5ed976358c3d9c4a23a00074 [36m304[0m 28.561 ms - -[0m
[0mGET /users/profile/5ed976358c3d9c4a23a00074 [36m304[0m 31.181 ms - -[0m
[0mGET /users/profile/5ed976358c3d9c4a23a00074 [36m304[0m 15.806 ms - -[0m
[0mGET /users/profile/5ed976358c3d9c4a23a00074 [36m304[0m 47.925 ms - -[0m
[0mGET /users/profile/5ed976358c3d9c4a23a00074 [36m304[0m 48.179 ms - -[0m
[0mGET /users/profile/5ed976358c3d9c4a23a00074 [36m304[0m 45.682 ms - -[0m
[0mGET /users/profile/5ed976358c3d9c4a23a00074 [36m304[0m 48.183 ms - -[0m
[0mGET /users/profile/5ed976358c3d9c4a23a00074 [36m304[0m 45.617 ms - -[0m
[0mGET /users/profile/5ed976358c3d9c4a23a00074 [36m304[0m 45.750 ms - -[0m
[0mGET /users/profile/5ed976358c3d9c4a23a00074 [36m304[0m 34.791 ms - -[0m
[0mGET /users/profile/5ed976358c3d9c4a23a00074 [36m304[0m 39.069 ms - -[0m
[0mGET /users/profile/5ed976358c3d9c4a23a00074 [36m304[0m 53.400 ms - -[0m
[0mGET /users/profile/5ed976358c3d9c4a23a00074 [36m304[0m 37.755 ms - -[0m
[0mGET /users/profile/5ed976358c3d9c4a23a00074 [36m304[0m 36.878 ms - -[0m
[0mGET /users/profile/5ed976358c3d9c4a23a00074 [36m304[0m 37.589 ms - -[0m
[0mGET /users/profile/5ed976358c3d9c4a23a00074 [36m304[0m 40.974 ms - -[0m
[0mGET /users/profile/5ed976358c3d9c4a23a00074 [36m304[0m 37.866 ms - -[0m
[0mGET /users/profile/5ed976358c3d9c4a23a00074 [36m304[0m 34.041 ms - -[0m
[0mGET /users/profile/5ed976358c3d9c4a23a00074 [36m304[0m 40.102 ms - -[0m
[0mGET /users/profile/5ed976358c3d9c4a23a00074 [36m304[0m 53.660 ms - -[0m
[0mGET /users/profile/5ed976358c3d9c4a23a00074 [36m304[0m 11.710 ms - -[0m
[0mGET /users/profile/5ed976358c3d9c4a23a00074 [36m304[0m 14.679 ms - -[0m
[0mGET /users/profile/5ed976358c3d9c4a23a00074 [36m304[0m 43.664 ms - -[0m
[0mGET /users/profile/5ed976358c3d9c4a23a00074 [36m304[0m 40.663 ms - -[0m
[0mGET / [32m200[0m 36.394 ms - 9233[0m
[0mGET /users/profile/5ed976358c3d9c4a23a00074 [36m304[0m 21.420 ms - -[0m
[0mGET /users/profile/5ed976358c3d9c4a23a00074 [36m304[0m 35.278 ms - -[0m
[0mGET /users/profile/5ed976358c3d9c4a23a00074 [36m304[0m 26.376 ms - -[0m
[0mGET /users/profile/5ed976358c3d9c4a23a00074 [36m304[0m 41.680 ms - -[0m
[0mGET /users/profile/5ed976358c3d9c4a23a00074 [36m304[0m 49.842 ms - -[0m
[0mGET /users/profile/5ed976358c3d9c4a23a00074 [36m304[0m 56.129 ms - -[0m
[0mGET /users/profile/5ed976358c3d9c4a23a00074 [36m304[0m 13.308 ms - -[0m
[0mGET /users/profile/5ed976358c3d9c4a23a00074 [36m304[0m 40.435 ms - -[0m
[0mGET /users/profile/5ed976358c3d9c4a23a00074 [36m304[0m 39.652 ms - -[0m
[0mGET /users/profile/5ed976358c3d9c4a23a00074 [36m304[0m 33.932 ms - -[0m
[0mGET /users/profile/5ed976358c3d9c4a23a00074 [36m304[0m 12.239 ms - -[0m
[0mGET /users/profile/5ed976358c3d9c4a23a00074 [36m304[0m 38.683 ms - -[0m
[0mGET /users/profile/5ed976358c3d9c4a23a00074 [36m304[0m 44.285 ms - -[0m
[0mGET /users/profile/5ed976358c3d9c4a23a00074 [36m304[0m 39.639 ms - -[0m
[0mGET /users/profile/5ed976358c3d9c4a23a00074 [36m304[0m 47.379 ms - -[0m
[0mGET /users/profile/5ed976358c3d9c4a23a00074 [36m304[0m 45.585 ms - -[0m
[0mGET /users/profile/5ed976358c3d9c4a23a00074 [36m304[0m 38.159 ms - -[0m
[0mGET /users/profile/5ed976358c3d9c4a23a00074 [36m304[0m 41.136 ms - -[0m
[0mGET /users/profile/5ed976358c3d9c4a23a00074 [36m304[0m 38.865 ms - -[0m
[0mGET /users/profile/5ed976358c3d9c4a23a00074 [36m304[0m 36.018 ms - -[0m
[0mGET /users/profile/5ed976358c3d9c4a23a00074 [36m304[0m 38.597 ms - -[0m
[0mGET / [36m304[0m 28.931 ms - -[0m
[0mGET /users/profile/5ed976358c3d9c4a23a00074 [36m304[0m 20.923 ms - -[0m
[0mGET / [36m304[0m 19.540 ms - -[0m
[0mGET /users/profile/5ed976358c3d9c4a23a00074 [36m304[0m 27.117 ms - -[0m
[0mGET /users/profile/5ed976358c3d9c4a23a00074 [36m304[0m 39.323 ms - -[0m
[0mGET /users/profile/5ed976358c3d9c4a23a00074 [36m304[0m 36.489 ms - -[0m
[0mGET /users/profile/5ed976358c3d9c4a23a00074 [36m304[0m 18.606 ms - -[0m
[0mGET /users/profile/5ed976358c3d9c4a23a00074 [36m304[0m 28.190 ms - -[0m
[0mGET /users/profile/5ed976358c3d9c4a23a00074 [36m304[0m 40.330 ms - -[0m
[0mGET /users/profile/5ed976358c3d9c4a23a00074 [36m304[0m 7.935 ms - -[0m
[0mGET /users/profile/5ed976358c3d9c4a23a00074 [36m304[0m 35.836 ms - -[0m
[0mGET /users/profile/5ed976358c3d9c4a23a00074 [36m304[0m 42.752 ms - -[0m
[0mGET /users/profile/5ed976358c3d9c4a23a00074 [36m304[0m 55.425 ms - -[0m
[0mGET /users/profile/5ed976358c3d9c4a23a00074 [36m304[0m 36.660 ms - -[0m
[0mGET /users/profile/5ed976358c3d9c4a23a00074 [36m304[0m 40.656 ms - -[0m
[0mGET /users/profile/5ed976358c3d9c4a23a00074 [36m304[0m 41.869 ms - -[0m
[0mGET /users/profile/5ed976358c3d9c4a23a00074 [36m304[0m 35.876 ms - -[0m
[0mGET /users/profile/5ed976358c3d9c4a23a00074 [36m304[0m 10.828 ms - -[0m
[0mGET /users/profile/5ed976358c3d9c4a23a00074 [36m304[0m 12.798 ms - -[0m
[0mGET /users/profile/5ed976358c3d9c4a23a00074 [36m304[0m 30.411 ms - -[0m
[0mGET /users/profile/5ed976358c3d9c4a23a00074 [36m304[0m 40.420 ms - -[0m
[0mGET /users/profile/5ed976358c3d9c4a23a00074 [36m304[0m 38.811 ms - -[0m
[0mGET /users/profile/5ed976358c3d9c4a23a00074 [36m304[0m 31.605 ms - -[0m
[0mGET /users/profile/5ed976358c3d9c4a23a00074 [36m304[0m 36.390 ms - -[0m
[0mGET /users/profile/5ed976358c3d9c4a23a00074 [36m304[0m 34.262 ms - -[0m
[0mGET /users/profile/5ed976358c3d9c4a23a00074 [36m304[0m 37.342 ms - -[0m
[0mGET /users/profile/5ed976358c3d9c4a23a00074 [36m304[0m 38.149 ms - -[0m
[0mGET /users/profile/5ed976358c3d9c4a23a00074 [36m304[0m 42.629 ms - -[0m
[0mGET /users/profile/5ed976358c3d9c4a23a00074 [36m304[0m 26.418 ms - -[0m
[0mGET /users/profile/5ed976358c3d9c4a23a00074 [36m304[0m 41.981 ms - -[0m
[0mGET / [36m304[0m 20.514 ms - -[0m
[0mGET /users/profile/5ed976358c3d9c4a23a00074 [36m304[0m 10.261 ms - -[0m
[0mGET /users/profile/5ed976358c3d9c4a23a00074 [36m304[0m 33.983 ms - -[0m
[0mGET /users/profile/5ed976358c3d9c4a23a00074 [36m304[0m 33.370 ms - -[0m
[0mGET /users/profile/5ed976358c3d9c4a23a00074 [36m304[0m 83.471 ms - -[0m
[0mGET /users/profile/5ed976358c3d9c4a23a00074 [36m304[0m 52.715 ms - -[0m
[0mGET /users/profile/5ed976358c3d9c4a23a00074 [36m304[0m 48.167 ms - -[0m
[0mGET /users/profile/5ed976358c3d9c4a23a00074 [36m304[0m 64.135 ms - -[0m
[0mGET /users/profile/5ed976358c3d9c4a23a00074 [36m304[0m 119.011 ms - -[0m
[0mGET /users/profile/5ed976358c3d9c4a23a00074 [32m200[0m 96.581 ms - 4033[0m
[0mGET /users/profile/5ed976358c3d9c4a23a00074 [36m304[0m 15.722 ms - -[0m
[0mGET /users/profile/5ed976358c3d9c4a23a00074 [36m304[0m 59.483 ms - -[0m
[0mGET /users/profile/5ed976358c3d9c4a23a00074 [36m304[0m 62.556 ms - -[0m
[0mGET /users/profile/5ed976358c3d9c4a23a00074 [36m304[0m 50.977 ms - -[0m
[0mGET /users/profile/5ed976358c3d9c4a23a00074 [36m304[0m 49.547 ms - -[0m
[0mGET /users/profile/5ed976358c3d9c4a23a00074 [36m304[0m 46.094 ms - -[0m
[0mGET /users/profile/5ed976358c3d9c4a23a00074 [36m304[0m 57.476 ms - -[0m
[0mGET /users/profile/5ed976358c3d9c4a23a00074 [36m304[0m 56.684 ms - -[0m
[0mGET /users/profile/5ed976358c3d9c4a23a00074 [36m304[0m 96.551 ms - -[0m
[0mGET / [36m304[0m 45.056 ms - -[0m
[0mGET /users/profile/5ed976358c3d9c4a23a00074 [36m304[0m 11.894 ms - -[0m
[0mGET /users/profile/5ed976358c3d9c4a23a00074 [36m304[0m 61.599 ms - -[0m
[0mGET /users/profile/5ed976358c3d9c4a23a00074 [36m304[0m 92.208 ms - -[0m
[0mGET /users/profile/5ed976358c3d9c4a23a00074 [36m304[0m 101.562 ms - -[0m
[0mGET /users/profile/5ed976358c3d9c4a23a00074 [36m304[0m 57.766 ms - -[0m
[0mGET /users/profile/5ed976358c3d9c4a23a00074 [36m304[0m 59.589 ms - -[0m
[0mGET /users/profile/5ed976358c3d9c4a23a00074 [36m304[0m 117.068 ms - -[0m
[0mGET /users/profile/5ed976358c3d9c4a23a00074 [36m304[0m 84.115 ms - -[0m
[0mGET /users/profile/5ed976358c3d9c4a23a00074 [36m304[0m 54.142 ms - -[0m
[0mGET /users/profile/5ed976358c3d9c4a23a00074 [36m304[0m 56.316 ms - -[0m
[0mGET / [36m304[0m 82.558 ms - -[0m
[0mGET / [36m304[0m 81.563 ms - -[0m
[0mGET / [36m304[0m 39.387 ms - -[0m
[0mGET / [36m304[0m 86.220 ms - -[0m
[0mGET / [36m304[0m 74.183 ms - -[0m
[0mGET / [36m304[0m 79.298 ms - -[0m
[0mGET / [36m304[0m 85.638 ms - -[0m
[0mGET / [36m304[0m 67.996 ms - -[0m
[0mGET / [36m304[0m 71.268 ms - -[0m
[0mGET / [36m304[0m 58.160 ms - -[0m
[0mGET / [36m304[0m 61.169 ms - -[0m
[0mGET / [36m304[0m 73.471 ms - -[0m
[0mGET / [36m304[0m 68.965 ms - -[0m
[0mGET / [36m304[0m 66.248 ms - -[0m
[0mGET /users/profile/5ed976358c3d9c4a23a00074 [36m304[0m 26.760 ms - -[0m
[0mGET /users/profile/5ed976358c3d9c4a23a00074 [36m304[0m 52.101 ms - -[0m
[0mGET /users/profile/5ed976358c3d9c4a23a00074 [36m304[0m 93.720 ms - -[0m
[0mGET / [36m304[0m 45.261 ms - -[0m
[0mGET / [36m304[0m 87.313 ms - -[0m
[0mGET /users/profile/5ed976358c3d9c4a23a00074 [36m304[0m 18.836 ms - -[0m
[0mGET /users/profile/5ed976358c3d9c4a23a00074 [36m304[0m 109.486 ms - -[0m
[0mGET /users/profile/5ed976358c3d9c4a23a00074 [36m304[0m 54.401 ms - -[0m
[0mGET /users/profile/5ed976358c3d9c4a23a00074 [36m304[0m 64.751 ms - -[0m
[0mGET / [36m304[0m 44.218 ms - -[0m
[0mGET /users/profile/5ed976358c3d9c4a23a00074 [36m304[0m 21.371 ms - -[0m
[0mGET / [36m304[0m 36.603 ms - -[0m
[0mGET /users/profile/5ed976358c3d9c4a23a00074 [36m304[0m 21.714 ms - -[0m
[0mGET / [36m304[0m 72.324 ms - -[0m
[0mGET /users/profile/5ed976358c3d9c4a23a00074 [36m304[0m 17.319 ms - -[0m
[0mGET / [36m304[0m 64.381 ms - -[0m
[0mGET / [36m304[0m 32.752 ms - -[0m
[0mGET /users/profile/5ed976358c3d9c4a23a00074 [36m304[0m 17.075 ms - -[0m
[0mGET /users/profile/5ed976358c3d9c4a23a00074 [31m500[0m 63.973 ms - 2180[0m
[0mGET /users/profile/5ed976358c3d9c4a23a00074 [32m200[0m 83.012 ms - 4200[0m
[0mGET /friends/accept/5ed976218c3d9c4a23a00072 [36m302[0m 285.665 ms - 164[0m
[0mGET /users/profile/5ed976358c3d9c4a23a00074 [32m200[0m 18.399 ms - 4279[0m
[0mGET /friends/accept/5ee1e8dd09e11b447e8a188f [36m302[0m 33.812 ms - 164[0m
[0mGET /users/profile/5ed976358c3d9c4a23a00074 [32m200[0m 14.431 ms - 4070[0m
[0mGET /users/profile/5ed976358c3d9c4a23a00074 [32m200[0m 20.733 ms - 3782[0m
[0mGET /users/profile/5ed976358c3d9c4a23a00074 [32m200[0m 52.753 ms - 3997[0m
[0mGET /users/profile/5ed976358c3d9c4a23a00074 [36m304[0m 49.249 ms - -[0m
[0mGET /users/profile/5ed976358c3d9c4a23a00074 [36m304[0m 49.023 ms - -[0m
[0mGET /users/profile/5ed976358c3d9c4a23a00074 [36m304[0m 50.299 ms - -[0m
[0mGET /users/profile/5ed976358c3d9c4a23a00074 [36m304[0m 48.664 ms - -[0m
[0mGET /users/profile/5ed976358c3d9c4a23a00074 [36m304[0m 28.515 ms - -[0m
[0mGET /users/profile/5ed976358c3d9c4a23a00074 [36m304[0m 52.769 ms - -[0m
[0mGET /users/profile/5ed976358c3d9c4a23a00074 [36m304[0m 44.210 ms - -[0m
[0mGET /users/profile/5ed976358c3d9c4a23a00074 [36m304[0m 43.760 ms - -[0m
[0mGET /users/profile/5ed976358c3d9c4a23a00074 [36m304[0m 59.757 ms - -[0m
[0mGET /users/profile/5ed976358c3d9c4a23a00074 [36m304[0m 47.635 ms - -[0m
[0mGET /users/profile/5ed976358c3d9c4a23a00074 [36m304[0m 15.339 ms - -[0m
[0mGET /users/profile/5ed976358c3d9c4a23a00074 [32m200[0m 62.174 ms - 4008[0m
[0mGET /users/profile/5ed976358c3d9c4a23a00074 [32m200[0m 46.287 ms - 4031[0m
[0mGET /users/profile/5ed976358c3d9c4a23a00074 [36m304[0m 51.791 ms - -[0m
[0mGET /users/profile/5ed976358c3d9c4a23a00074 [36m304[0m 55.803 ms - -[0m
[0mGET /users/profile/5ed976358c3d9c4a23a00074 [36m304[0m 9.639 ms - -[0m
[0mGET /users/profile/5ed976358c3d9c4a23a00074 [36m304[0m 50.509 ms - -[0m
[0mGET /users/profile/5ed976358c3d9c4a23a00074 [32m200[0m 42.644 ms - 4008[0m
[0mGET /users/profile/5ed976358c3d9c4a23a00074 [36m304[0m 49.753 ms - -[0m
[0mGET /users/profile/5ed976358c3d9c4a23a00074 [36m304[0m 50.012 ms - -[0m
[0mGET /users/profile/5ed976358c3d9c4a23a00074 [36m304[0m 41.568 ms - -[0m
[0mGET /users/profile/5ed976358c3d9c4a23a00074 [32m200[0m 58.422 ms - 4008[0m
[0mGET /users/profile/5ed976358c3d9c4a23a00074 [36m304[0m 17.537 ms - -[0m
[0mGET /users/profile/5ed976358c3d9c4a23a00074 [36m304[0m 61.238 ms - -[0m
[0mGET /users/profile/5ed976358c3d9c4a23a00074 [36m304[0m 49.550 ms - -[0m
[0mGET /users/profile/5ed976358c3d9c4a23a00074 [32m200[0m 30.689 ms - 4021[0m
[0mGET /users/profile/5ed976358c3d9c4a23a00074 [36m304[0m 20.012 ms - -[0m
[0mGET /users/profile/5ed976358c3d9c4a23a00074 [36m304[0m 48.353 ms - -[0m
[0mGET /users/profile/5ed976358c3d9c4a23a00074 [32m200[0m 45.169 ms - 4022[0m
[0mGET /users/profile/5ed976358c3d9c4a23a00074 [36m304[0m 42.450 ms - -[0m
[0mGET /users/profile/5ed976358c3d9c4a23a00074 [36m304[0m 42.395 ms - -[0m
[0mGET /users/profile/5ed976358c3d9c4a23a00074 [36m304[0m 46.147 ms - -[0m
[0mGET /users/profile/5ed976358c3d9c4a23a00074 [36m304[0m 43.132 ms - -[0m
[0mGET /users/profile/5ed976358c3d9c4a23a00074 [36m304[0m 45.093 ms - -[0m
[0mGET /users/profile/5ed976358c3d9c4a23a00074 [36m304[0m 44.705 ms - -[0m
[0mGET /users/profile/5ed976358c3d9c4a23a00074 [32m200[0m 57.011 ms - 4011[0m
[0mGET /users/profile/5ed976358c3d9c4a23a00074 [36m304[0m 50.268 ms - -[0m
[0mGET / [32m200[0m 33.424 ms - 9824[0m
[0mGET /users/profile/5ed976358c3d9c4a23a00074 [36m304[0m 26.858 ms - -[0m
[0mGET / [36m304[0m 42.928 ms - -[0m
[0mGET /users/profile/5ed976358c3d9c4a23a00074 [36m302[0m 3.700 ms - 72[0m
[0mGET /users/sign-in [32m200[0m 5.938 ms - 2333[0m
[0mGET /users/auth/google [36m302[0m 13.397 ms - 0[0m
[0mGET /users/auth/google/callback?code=4%2F0wGIMaMRfWNM-fAMD-NlyrJ0o898X_pBHCcwPvAz4YNnTofkPORexM7oMjxZg1JNYVMheATyKJcWrzb6O0u5qcI&scope=email+profile+https%3A%2F%2Fwww.googleapis.com%2Fauth%2Fuserinfo.profile+https%3A%2F%2Fwww.googleapis.com%2Fauth%2Fuserinfo.email+openid&authuser=1&prompt=consent [36m302[0m 824.721 ms - 46[0m
[0mGET / [32m200[0m 49.620 ms - 10114[0m
[0mGET /users/profile/5ed976358c3d9c4a23a00074 [32m200[0m 28.061 ms - 4011[0m
[0mGET /users/profile/5ed976358c3d9c4a23a00074 [32m200[0m 23.441 ms - 4086[0m
[0mGET /users/profile/5ed976358c3d9c4a23a00074 [32m200[0m 23.412 ms - 4011[0m
[0mGET /users/profile/5ed976358c3d9c4a23a00074 [32m200[0m 36.689 ms - 4044[0m
[0mGET /users/profile/5ed976358c3d9c4a23a00074 [32m200[0m 37.246 ms - 4070[0m
[0mGET /users/profile/5ed976358c3d9c4a23a00074 [36m304[0m 29.536 ms - -[0m
[0mGET /users/profile/5ed976358c3d9c4a23a00074 [36m304[0m 31.795 ms - -[0m
[0mGET /users/profile/5ed976358c3d9c4a23a00074 [36m304[0m 35.396 ms - -[0m
[0mGET /users/profile/5ed976358c3d9c4a23a00074 [36m304[0m 29.549 ms - -[0m
[0mGET / [32m200[0m 13.753 ms - 6051[0m
[0mGET /users/sign-in [32m200[0m 11.785 ms - 2333[0m
[0mPOST /users/create-session [36m302[0m 15.559 ms - 46[0m
[0mGET / [32m200[0m 20.638 ms - 9051[0m
[0mPOST /search [32m200[0m 15.461 ms - 461[0m
[0mGET /users/profile/5ed976358c3d9c4a23a00074 [32m200[0m 53.305 ms - 3936[0m
[0mGET /friends/sendreq/5ed976358c3d9c4a23a00074 [36m302[0m 16.358 ms - 164[0m
[0mGET /users/profile/5ed976358c3d9c4a23a00074 [32m200[0m 18.136 ms - 4838[0m
[0mGET /users/profile/5ed976358c3d9c4a23a00074 [32m200[0m 33.995 ms - 4688[0m
[0mGET /users/profile/5ed976358c3d9c4a23a00074 [36m304[0m 63.539 ms - -[0m
[0mGET /users/profile/5ed976358c3d9c4a23a00074 [36m304[0m 27.329 ms - -[0m
[0mGET /users/profile/5ed976358c3d9c4a23a00074 [36m304[0m 50.364 ms - -[0m
[0mGET / [32m200[0m 32.634 ms - 9824[0m
[0mGET /users/profile/5ed976358c3d9c4a23a00074 [36m304[0m 18.187 ms - -[0m
[0mGET / [36m304[0m 48.130 ms - -[0m
[0mGET /users/profile/5ed976358c3d9c4a23a00074 [36m304[0m 50.501 ms - -[0m
[0mGET / [36m304[0m 24.505 ms - -[0m
[0mPOST /search [32m200[0m 32.267 ms - 2012[0m
[0mGET /users/profile/5ee1e8c009e11b447e8a188e [32m200[0m 23.212 ms - 2872[0m
[0mGET / [36m304[0m 22.447 ms - -[0m
[0mGET /users/profile/5ed976358c3d9c4a23a00074 [36m304[0m 50.832 ms - -[0m
[0mGET /friends/accept/5ee1e8c009e11b447e8a188e [36m302[0m 39.387 ms - 164[0m
[0mGET /users/profile/5ed976358c3d9c4a23a00074 [32m200[0m 28.533 ms - 4862[0m
[0mGET / [32m200[0m 31.832 ms - 10119[0m
[0mGET /users/profile/5ed976358c3d9c4a23a00074 [32m200[0m 16.190 ms - 4574[0m
[0mGET /friends/destroy/5ed976218c3d9c4a23a00072 [36m302[0m 49.092 ms - 164[0m
[0mGET /users/profile/5ed976358c3d9c4a23a00074 [32m200[0m 20.836 ms - 4361[0m
[0mGET /friends/destroy/5ee1e8dd09e11b447e8a188f [36m302[0m 19.886 ms - 164[0m
[0mGET /users/profile/5ed976358c3d9c4a23a00074 [32m200[0m 15.421 ms - 3856[0m
[0mGET / [32m200[0m 48.820 ms - 9528[0m
[0mGET /users/sign-out [36m302[0m 13.005 ms - 72[0m
[0mGET /users/sign-in [32m200[0m 5.071 ms - 2624[0m
[0mGET /users/sign-in [32m200[0m 8.619 ms - 2333[0m
[0mPOST /users/create-session [36m302[0m 14.095 ms - 72[0m
[0mGET /users/sign-in [32m200[0m 14.270 ms - 2628[0m
[0mGET /users/auth/google [36m302[0m 11.388 ms - 0[0m
[0mGET /users/auth/google/callback?code=4%2F0gG5cC9d1MtuL45Pqudos9dehYXhpqz4UTKAUWKR93zGloEUgtKdXFq3gp85fCwBHLpAB53ojTkxHLhzUAatQ68&scope=email+profile+https%3A%2F%2Fwww.googleapis.com%2Fauth%2Fuserinfo.profile+https%3A%2F%2Fwww.googleapis.com%2Fauth%2Fuserinfo.email+openid&authuser=1&prompt=consent [36m302[0m 453.368 ms - 46[0m
[0mGET / [32m200[0m 38.597 ms - 9818[0m
[0mPOST /posts/create [32m200[0m 23.531 ms - 306[0m
[0mGET /users/profile/5ed976358c3d9c4a23a00074 [32m200[0m 36.664 ms - 3565[0m
[0mGET /users/profile/5ed976358c3d9c4a23a00074 [36m304[0m 50.241 ms - -[0m
[0mGET /users/profile/5ed976358c3d9c4a23a00074 [36m304[0m 41.022 ms - -[0m
[0mGET / [32m200[0m 54.204 ms - 11487[0m
[0mPOST /search [32m200[0m 22.317 ms - 1196[0m
[0mGET /users/profile/5ee1e8c009e11b447e8a188e [32m200[0m 19.582 ms - 3464[0m
[0mGET /users/profile/5ee1e8c009e11b447e8a188e [32m200[0m 51.536 ms - 3232[0m
[0mGET /users/profile/5ee1e8c009e11b447e8a188e [32m200[0m 39.288 ms - 3087[0m
[0mGET /users/profile/5ee1e8c009e11b447e8a188e [32m200[0m 45.688 ms - 3088[0m
[0mGET /users/profile/5ee1e8c009e11b447e8a188e [32m200[0m 39.080 ms - 2532[0m
[0mGET /users/profile/5ee1e8c009e11b447e8a188e [31m500[0m 49.078 ms - 1949[0m
[0mGET /users/profile/5ee1e8c009e11b447e8a188e [31m500[0m 40.128 ms - 1990[0m
[0mGET /users/profile/5ee1e8c009e11b447e8a188e [32m200[0m 40.791 ms - 3088[0m
[0mGET /users/profile/5ee1e8c009e11b447e8a188e [36m304[0m 42.328 ms - -[0m
[0mGET /users/profile/5ed976358c3d9c4a23a00074 [32m200[0m 13.283 ms - 3055[0m
[0mGET /users/profile/5ed976358c3d9c4a23a00074 [36m304[0m 40.414 ms - -[0m
[0mGET /favicon.ico [33m404[0m 5.083 ms - 150[0m
[0mGET / [32m200[0m 139.392 ms - 7086[0m
[0mGET /users/sign-in [32m200[0m 15.295 ms - 2333[0m
[0mGET /users/auth/google [36m302[0m 20.023 ms - 0[0m
[0mGET /users/auth/google/callback?code=4%2F0wFfS29umkyJI16LqCLhNC0svIhhKBUt0zFMlXVDKqM-UVX2Sy9rUGbSeCeaFLftt7l46BfQDgm62ilL-9CqGvs&scope=email+profile+https%3A%2F%2Fwww.googleapis.com%2Fauth%2Fuserinfo.profile+https%3A%2F%2Fwww.googleapis.com%2Fauth%2Fuserinfo.email+openid&authuser=0&prompt=consent [36m302[0m 786.380 ms - 46[0m
[0mGET / [32m200[0m 88.383 ms - 11777[0m
[0mGET /users/profile/5ed976358c3d9c4a23a00074 [32m200[0m 29.191 ms - 3607[0m
[0mGET / [32m200[0m 36.465 ms - 11487[0m
[0mGET /games/snakes [32m200[0m 24.166 ms - 2640[0m
[0mGET /favicon.ico [33m404[0m 16.986 ms - 150[0m
[0mGET /favicon.ico [33m404[0m 12.688 ms - 150[0m
[0mGET /favicon.ico [33m404[0m 10.264 ms - 150[0m
[0mGET /favicon.ico [33m404[0m 10.486 ms - 150[0m
[0mGET /favicon.ico [33m404[0m 15.049 ms - 150[0m
[0mGET /games/snakes [36m304[0m 18.953 ms - -[0m
[0mGET /favicon.ico [33m404[0m 15.936 ms - 150[0m
[0mGET /favicon.ico [33m404[0m 12.803 ms - 150[0m
[0mGET /favicon.ico [33m404[0m 10.267 ms - 150[0m
[0mGET /favicon.ico [33m404[0m 11.038 ms - 150[0m
[0mGET /favicon.ico [33m404[0m 14.905 ms - 150[0m
[0mGET /favicon.ico [33m404[0m 10.401 ms - 150[0m
[0mGET /favicon.ico [33m404[0m 10.083 ms - 150[0m
[0mGET /favicon.ico [33m404[0m 17.974 ms - 150[0m
[0mGET /favicon.ico [33m404[0m 16.198 ms - 150[0m
[0mGET /favicon.ico [33m404[0m 12.712 ms - 150[0m
[0mGET /favicon.ico [33m404[0m 8.634 ms - 150[0m
[0mGET /favicon.ico [33m404[0m 9.435 ms - 150[0m
[0mGET /favicon.ico [33m404[0m 10.644 ms - 150[0m
[0mGET /favicon.ico [33m404[0m 12.764 ms - 150[0m
[0mGET /favicon.ico [33m404[0m 9.927 ms - 150[0m
[0mGET /favicon.ico [33m404[0m 10.391 ms - 150[0m
[0mGET /favicon.ico [33m404[0m 13.727 ms - 150[0m
[0mGET /favicon.ico [33m404[0m 12.424 ms - 150[0m
[0mGET /favicon.ico [33m404[0m 13.283 ms - 150[0m
[0mGET /favicon.ico [33m404[0m 10.364 ms - 150[0m
[0mGET /favicon.ico [33m404[0m 21.313 ms - 150[0m
[0mGET /favicon.ico [33m404[0m 12.380 ms - 150[0m
[0mGET /favicon.ico [33m404[0m 13.391 ms - 150[0m
[0mGET /favicon.ico [33m404[0m 14.010 ms - 150[0m
[0mGET / [36m304[0m 39.687 ms - -[0m
[0mGET /users/profile/5ed976358c3d9c4a23a00074 [36m304[0m 21.463 ms - -[0m
[0mGET / [36m304[0m 34.518 ms - -[0m
[0mGET /users/profile/5ee1e8c009e11b447e8a188e [36m304[0m 23.652 ms - -[0m
[0mGET /users/profile/5ee1e8c009e11b447e8a188e [32m200[0m 49.437 ms - 2533[0m
[0mGET /users/profile/5ee1e8c009e11b447e8a188e [32m200[0m 41.311 ms - 2647[0m
[0mGET /users/profile/5ee1e8c009e11b447e8a188e [32m200[0m 24.362 ms - 2645[0m
[0mGET /users/profile/5ee1e8c009e11b447e8a188e [36m304[0m 61.250 ms - -[0m
[0mGET /users/profile/5ee1e8c009e11b447e8a188e [36m304[0m 46.608 ms - -[0m
[0mGET /users/profile/5ee1e8c009e11b447e8a188e [36m304[0m 41.103 ms - -[0m
[0mGET /users/profile/5ee1e8c009e11b447e8a188e [36m304[0m 35.765 ms - -[0m
[0mGET /users/profile/5ee1e8c009e11b447e8a188e [36m304[0m 46.082 ms - -[0m
[0mGET /users/profile/5ee1e8c009e11b447e8a188e [36m304[0m 40.923 ms - -[0m
[0mGET /users/profile/5ed976358c3d9c4a23a00074 [36m304[0m 17.174 ms - -[0m
[0mGET / [36m304[0m 39.661 ms - -[0m
[0mGET /users/profile/5ee1e8c009e11b447e8a188e [36m304[0m 18.059 ms - -[0m
[0mGET /users/profile/5ee1e8c009e11b447e8a188e [32m200[0m 15.415 ms - 2664[0m
[0mGET /users/profile/5ee1e8c009e11b447e8a188e [32m200[0m 27.072 ms - 2693[0m
[0mGET /users/profile/5ee1e8c009e11b447e8a188e [32m200[0m 16.339 ms - 2734[0m
[0mGET /users/profile/5ee1e8c009e11b447e8a188e [36m304[0m 15.900 ms - -[0m
[0mGET /users/profile/5ee1e8c009e11b447e8a188e [36m304[0m 24.773 ms - -[0m
[0mGET /users/profile/5ee1e8c009e11b447e8a188e [36m304[0m 36.432 ms - -[0m
[0mGET /users/profile/5ee1e8c009e11b447e8a188e [36m304[0m 43.900 ms - -[0m
[0mGET /users/profile/5ee1e8c009e11b447e8a188e [36m304[0m 36.345 ms - -[0m
[0mGET /users/profile/5ee1e8c009e11b447e8a188e [36m304[0m 43.158 ms - -[0m
[0mGET /users/profile/5ee1e8c009e11b447e8a188e [36m304[0m 29.601 ms - -[0m
[0mGET /users/profile/5ee1e8c009e11b447e8a188e [36m304[0m 29.436 ms - -[0m
[0mGET /users/profile/5ee1e8c009e11b447e8a188e [36m304[0m 30.731 ms - -[0m
[0mGET /users/profile/5ee1e8c009e11b447e8a188e [36m304[0m 44.313 ms - -[0m
[0mGET /users/profile/5ee1e8c009e11b447e8a188e [36m304[0m 17.622 ms - -[0m
[0mGET /users/profile/5ee1e8c009e11b447e8a188e [36m304[0m 53.491 ms - -[0m
[0mGET / [36m304[0m 34.882 ms - -[0m
[0mGET /users/profile/5ed976358c3d9c4a23a00074 [36m304[0m 32.257 ms - -[0m
[0mGET /users/profile/5ee1e8c009e11b447e8a188e [36m304[0m 19.743 ms - -[0m
[0mGET /users/profile/5ee1e8c009e11b447e8a188e [36m304[0m 49.151 ms - -[0m
[0mGET /users/profile/5ee1e8c009e11b447e8a188e [36m304[0m 23.749 ms - -[0m
[0mGET /users/profile/5ee1e8c009e11b447e8a188e [32m200[0m 41.266 ms - 3363[0m
[0mGET /users/profile/5ee1e8c009e11b447e8a188e [36m304[0m 39.450 ms - -[0m
[0mGET /users/profile/5ee1e8c009e11b447e8a188e [36m304[0m 44.015 ms - -[0m
[0mGET /users/profile/5ee1e8c009e11b447e8a188e [36m304[0m 33.809 ms - -[0m
[0mGET /users/profile/5ee1e8c009e11b447e8a188e [31m500[0m 46.442 ms - 1990[0m
[0mGET /users/profile/5ee1e8c009e11b447e8a188e [32m200[0m 41.520 ms - 3387[0m
[0mGET /users/profile/5ee1e8c009e11b447e8a188e [32m200[0m 30.279 ms - 3387[0m
[0mGET /users/profile/5ee1e8c009e11b447e8a188e [32m200[0m 37.742 ms - 3387[0m
[0mGET /users/profile/5ee1e8c009e11b447e8a188e [32m200[0m 43.399 ms - 3387[0m
[0mGET /users/profile/5ee1e8c009e11b447e8a188e [36m304[0m 38.260 ms - -[0m
[0mGET /users/profile/5ee1e8c009e11b447e8a188e [36m304[0m 36.677 ms - -[0m
[0mGET /users/profile/5ee1e8c009e11b447e8a188e [36m304[0m 34.316 ms - -[0m
[0mGET /users/profile/5ee1e8c009e11b447e8a188e [32m200[0m 57.193 ms - 3375[0m
[0mGET /users/profile/5ee1e8c009e11b447e8a188e [32m200[0m 17.792 ms - 3339[0m
[0mGET /users/profile/5ee1e8c009e11b447e8a188e [36m304[0m 39.343 ms - -[0m
[0mGET /users/profile/5ee1e8c009e11b447e8a188e [36m304[0m 56.470 ms - -[0m
[0mGET /users/profile/5ee1e8c009e11b447e8a188e [36m304[0m 38.363 ms - -[0m
[0mGET /users/profile/5ee1e8c009e11b447e8a188e [36m304[0m 19.735 ms - -[0m
[0mGET /users/profile/5ee1e8c009e11b447e8a188e [36m304[0m 38.294 ms - -[0m
[0mGET /users/profile/5ee1e8c009e11b447e8a188e [36m304[0m 35.957 ms - -[0m
[0mGET /users/profile/5ee1e8c009e11b447e8a188e [36m304[0m 21.576 ms - -[0m
[0mGET /users/profile/5ee1e8c009e11b447e8a188e [36m304[0m 43.318 ms - -[0m
[0mGET /users/profile/5ee1e8c009e11b447e8a188e [36m304[0m 50.373 ms - -[0m
[0mGET /users/profile/5ee1e8c009e11b447e8a188e [36m304[0m 38.614 ms - -[0m
[0mGET /users/profile/5ee1e8c009e11b447e8a188e [36m304[0m 14.772 ms - -[0m
[0mGET /users/profile/5ee1e8c009e11b447e8a188e [36m304[0m 52.610 ms - -[0m
[0mGET /users/profile/5ee1e8c009e11b447e8a188e [36m304[0m 47.165 ms - -[0m
[0mGET /users/profile/5ee1e8c009e11b447e8a188e [36m304[0m 40.018 ms - -[0m
[0mGET /users/profile/5ee1e8c009e11b447e8a188e [32m200[0m 43.328 ms - 2687[0m
[0mGET /users/profile/5ee1e8c009e11b447e8a188e [31m500[0m 40.437 ms - 1990[0m
[0mGET /users/profile/5ee1e8c009e11b447e8a188e [32m200[0m 33.161 ms - 3353[0m
[0mGET /users/profile/5ee1e8c009e11b447e8a188e [32m200[0m 39.963 ms - 3354[0m
[0mGET /users/profile/5ee1e8c009e11b447e8a188e [32m200[0m 39.123 ms - 3360[0m
[0mGET /users/profile/5ee1e8c009e11b447e8a188e [36m304[0m 45.146 ms - -[0m
[0mGET /users/profile/5ee1e8c009e11b447e8a188e [36m304[0m 44.015 ms - -[0m
[0mGET /users/profile/5ee1e8c009e11b447e8a188e [36m304[0m 31.608 ms - -[0m
[0mGET /users/profile/5ee1e8c009e11b447e8a188e [36m304[0m 40.120 ms - -[0m
[0mGET /users/profile/5ee1e8c009e11b447e8a188e [36m304[0m 55.709 ms - -[0m
[0mGET / [36m304[0m 36.370 ms - -[0m
[0mGET /users/profile/5ed976358c3d9c4a23a00074 [32m200[0m 20.201 ms - 3608[0m
[0mGET /users/profile/5ee1e8c009e11b447e8a188e [36m304[0m 21.779 ms - -[0m
[0mGET / [36m304[0m 72.549 ms - -[0m
[0mGET /users/profile/5ed976358c3d9c4a23a00074 [36m304[0m 34.819 ms - -[0m
[0mGET /users/sign-out [36m302[0m 7.648 ms - 72[0m
[0mGET /users/sign-in [32m200[0m 4.515 ms - 2624[0m
[0mPOST /users/create-session [36m302[0m 11.915 ms - 46[0m
[0mGET / [32m200[0m 17.875 ms - 10779[0m
[0mPOST /search [32m200[0m 17.333 ms - 434[0m
[0mGET /users/profile/5ed976358c3d9c4a23a00074 [32m200[0m 23.507 ms - 3327[0m
[0mGET /friends/sendreq/5ed976358c3d9c4a23a00074 [36m302[0m 7.048 ms - 164[0m
[0mGET /users/profile/5ed976358c3d9c4a23a00074 [32m200[0m 21.254 ms - 3611[0m
[0mGET / [32m200[0m 58.332 ms - 10489[0m
[0mGET / [36m304[0m 29.338 ms - -[0m
[0mGET /users/sign-out [36m302[0m 17.706 ms - 72[0m
[0mGET /users/sign-in [36m304[0m 18.146 ms - -[0m
[0mGET /users/auth/google [36m302[0m 9.603 ms - 0[0m
[0mGET /users/auth/google/callback?code=4%2F0wF52m2rIvhlk4wHhygmijaYmRDD6dHaT3ECEc227wiZAGsanWQZVlvkeQOyMjFZrHwmEjfLuUbJ8DdNjOK9xNk&scope=email+profile+https%3A%2F%2Fwww.googleapis.com%2Fauth%2Fuserinfo.profile+https%3A%2F%2Fwww.googleapis.com%2Fauth%2Fuserinfo.email+openid&authuser=0&prompt=consent [36m302[0m 664.116 ms - 46[0m
[0mGET / [32m200[0m 49.517 ms - 11777[0m
[0mGET /users/profile/5ed976358c3d9c4a23a00074 [32m200[0m 33.929 ms - 4227[0m
[0mGET / [32m200[0m 36.068 ms - 11487[0m
[0mGET /users/profile/5ed976358c3d9c4a23a00074 [36m304[0m 35.684 ms - -[0m
[0mGET /users/sign-out [36m302[0m 9.249 ms - 72[0m
[0mGET /users/sign-in [36m304[0m 4.289 ms - -[0m
[0mPOST /users/create-session [36m302[0m 6.918 ms - 46[0m
[0mGET / [32m200[0m 31.143 ms - 10779[0m
[0mPOST /search [32m200[0m 14.363 ms - 460[0m
[0mGET /users/profile/5ed976358c3d9c4a23a00074 [32m200[0m 40.919 ms - 3327[0m
[0mGET /friends/sendreq/5ed976358c3d9c4a23a00074 [36m302[0m 15.571 ms - 164[0m
[0mGET /users/profile/5ed976358c3d9c4a23a00074 [32m200[0m 23.798 ms - 3611[0m
[0mGET /friends/sendreq/5ed976358c3d9c4a23a00074 [36m302[0m 57.093 ms - 164[0m
[0mGET /users/profile/5ed976358c3d9c4a23a00074 [32m200[0m 24.998 ms - 3626[0m
[0mGET /friends/sendreq/5ed976358c3d9c4a23a00074 [36m302[0m 20.611 ms - 164[0m
[0mGET /users/profile/5ed976358c3d9c4a23a00074 [32m200[0m 51.070 ms - 3611[0m
[0mGET / [32m200[0m 40.019 ms - 10489[0m
[0mGET /users/sign-out [36m302[0m 9.675 ms - 72[0m
[0mGET /users/sign-in [36m304[0m 4.488 ms - -[0m
[0mPOST /users/create-session [36m302[0m 8.305 ms - 46[0m
[0mGET / [32m200[0m 15.257 ms - 10779[0m
[0mPOST /search [32m200[0m 15.577 ms - 487[0m
[0mGET /users/profile/5ed976358c3d9c4a23a00074 [32m200[0m 37.431 ms - 3327[0m
[0mGET /friends/sendreq/5ed976358c3d9c4a23a00074 [36m302[0m 19.917 ms - 164[0m
[0mGET /users/profile/5ed976358c3d9c4a23a00074 [32m200[0m 26.213 ms - 3611[0m
[0mGET / [32m200[0m 31.775 ms - 10489[0m
[0mGET /users/sign-out [36m302[0m 8.813 ms - 72[0m
[0mGET /users/sign-in [36m304[0m 5.503 ms - -[0m
[0mGET /users/auth/google [36m302[0m 6.033 ms - 0[0m
[0mGET /users/auth/google/callback?code=4%2F0wEShbQrqJQjYBxLBxRai2Z4avG7RYea1n5ZDUWuxuGxHt3Z4BqsxPahiTNuPKoY0PUbSk__b5gXPiRq5uDBfUk&scope=email+profile+https%3A%2F%2Fwww.googleapis.com%2Fauth%2Fuserinfo.profile+https%3A%2F%2Fwww.googleapis.com%2Fauth%2Fuserinfo.email+openid&authuser=0&prompt=consent [36m302[0m 787.124 ms - 46[0m
[0mGET / [32m200[0m 49.912 ms - 11777[0m
[0mGET /users/profile/5ed976358c3d9c4a23a00074 [32m200[0m 38.074 ms - 5460[0m
[0mGET /users/sign-out [36m302[0m 10.530 ms - 72[0m
[0mGET /users/sign-in [36m304[0m 5.583 ms - -[0m
[0mPOST /users/create-session [36m302[0m 11.318 ms - 46[0m
[0mGET / [32m200[0m 31.817 ms - 10779[0m
[0mPOST /search [32m200[0m 10.788 ms - 514[0m
[0mGET /users/profile/5ed976358c3d9c4a23a00074 [32m200[0m 34.193 ms - 3327[0m
[0mGET /friends/sendreq/5ed976358c3d9c4a23a00074 [36m302[0m 7.696 ms - 164[0m
[0mGET /users/profile/5ed976358c3d9c4a23a00074 [32m200[0m 22.464 ms - 3611[0m
[0mGET / [32m200[0m 55.295 ms - 10489[0m
[0mPOST /search [32m200[0m 18.585 ms - 2040[0m
[0mPOST /search [32m200[0m 17.774 ms - 1277[0m
[0mGET /users/sign-out [36m302[0m 6.654 ms - 72[0m
[0mGET /users/sign-in [36m304[0m 3.199 ms - -[0m
[0mGET /users/auth/google [36m302[0m 6.453 ms - 0[0m
[0mGET /users/auth/google/callback?code=4%2F0wFV_oA4vCPWBZwNouq9eydxOCoMXfr_FZeCFXHrMfDT9zv4-K6wJ35PUADo-iw2DX6H7N1RhNkCStv4tJx4t8A&scope=email+profile+https%3A%2F%2Fwww.googleapis.com%2Fauth%2Fuserinfo.profile+https%3A%2F%2Fwww.googleapis.com%2Fauth%2Fuserinfo.email+openid&authuser=0&prompt=consent [36m302[0m 586.150 ms - 46[0m
[0mGET / [32m200[0m 59.584 ms - 11777[0m
[0mGET /users/profile/5ed976358c3d9c4a23a00074 [32m200[0m 35.949 ms - 6078[0m
[0mGET /friends/accept/5ed976218c3d9c4a23a00072 [36m302[0m 92.407 ms - 164[0m
[0mGET /users/profile/5ed976358c3d9c4a23a00074 [32m200[0m 37.543 ms - 6286[0m
[0mGET /users/sign-out [36m302[0m 12.685 ms - 72[0m
[0mGET /users/sign-in [36m304[0m 8.231 ms - -[0m
[0mPOST /users/create-session [36m302[0m 11.163 ms - 46[0m
[0mGET / [32m200[0m 52.794 ms - 10779[0m
[0mPOST /search [32m200[0m 16.617 ms - 541[0m
[0mGET /users/profile/5ed976358c3d9c4a23a00074 [32m200[0m 39.781 ms - 3687[0m
[0mGET /friends/sendreq/5ed976358c3d9c4a23a00074 [36m302[0m 20.509 ms - 164[0m
[0mGET /users/profile/5ed976358c3d9c4a23a00074 [32m200[0m 24.709 ms - 3971[0m
[0mGET / [32m200[0m 59.806 ms - 10489[0m
[0mGET /users/sign-out [36m302[0m 17.037 ms - 72[0m
[0mGET /users/sign-in [36m304[0m 8.272 ms - -[0m
[0mGET /users/auth/google [36m302[0m 9.939 ms - 0[0m
[0mGET /users/auth/google/callback?code=4%2F0wFrGlrKhGFsBzWxis8jSnPf2w_o_lcVRNARDjEMT6HdspOyQdvoA7BChTTGd41TD92GubhPXuNJI5RFIqrKodo&scope=email+profile+https%3A%2F%2Fwww.googleapis.com%2Fauth%2Fuserinfo.profile+https%3A%2F%2Fwww.googleapis.com%2Fauth%2Fuserinfo.email+openid&authuser=0&prompt=consent [36m302[0m 554.150 ms - 46[0m
[0mGET / [32m200[0m 75.382 ms - 12073[0m
[0mGET /users/profile/5ed976358c3d9c4a23a00074 [32m200[0m 43.658 ms - 6620[0m
[0mGET / [32m200[0m 24.331 ms - 11783[0m
[0mGET / [36m304[0m 39.778 ms - -[0m
[0mGET / [36m304[0m 22.811 ms - -[0m
[0mGET /users/profile/5ed976358c3d9c4a23a00074 [36m304[0m 31.764 ms - -[0m
[0mGET / [36m304[0m 62.646 ms - -[0m
[0mGET /features/todo/5ed976358c3d9c4a23a00074 [32m200[0m 17.808 ms - 3798[0m
[0mGET /js/home [33m404[0m 10.966 ms - 146[0m
[0mGET /js/home [33m404[0m 7.513 ms - 146[0m
[0mGET /features/todo/5ed976358c3d9c4a23a00074 [36m304[0m 43.388 ms - -[0m
[0mGET /js/home [33m404[0m 5.686 ms - 146[0m
[0mGET /js/home [33m404[0m 6.763 ms - 146[0m
[0mGET / [36m304[0m 47.516 ms - -[0m
[0mGET /users/profile/5ed976358c3d9c4a23a00074 [36m304[0m 24.284 ms - -[0m
[0mGET / [36m304[0m 34.364 ms - -[0m
[0mGET /features/calculator [32m200[0m 15.377 ms - 3400[0m
[0mGET /features/js/calculator.js [33m404[0m 14.089 ms - 164[0m
[0mGET /features/js/calculator.js [33m404[0m 3.332 ms - 164[0m
[0mGET / [36m304[0m 41.357 ms - -[0m
[0mGET /features/todo/5ed976358c3d9c4a23a00074 [36m304[0m 12.975 ms - -[0m
[0mGET /js/home [33m404[0m 10.044 ms - 146[0m
[0mGET /js/home [33m404[0m 2.453 ms - 146[0m
[0mPOST /features/todo/create-list [36m302[0m 111.604 ms - 164[0m
[0mGET /features/todo/5ed976358c3d9c4a23a00074 [32m200[0m 12.878 ms - 4660[0m
[0mGET /js/home [33m404[0m 7.763 ms - 146[0m
[0mGET /js/home [33m404[0m 4.967 ms - 146[0m
[0mGET / [36m304[0m 42.810 ms - -[0m
[0mGET /features/todo/5ed976358c3d9c4a23a00074 [32m200[0m 11.224 ms - 4366[0m
[0mGET /js/home [33m404[0m 30.304 ms - 146[0m
[0mGET /js/home [33m404[0m 7.701 ms - 146[0m
[0mPOST /features/todo/delete-list [36m302[0m 20.043 ms - 164[0m
[0mGET /features/todo/5ed976358c3d9c4a23a00074 [32m200[0m 19.654 ms - 4093[0m
[0mGET /js/home [33m404[0m 7.168 ms - 146[0m
[0mGET /js/home [33m404[0m 2.122 ms - 146[0m
[0mGET / [36m304[0m 36.183 ms - -[0m
[0mGET /features/calculator [36m304[0m 16.994 ms - -[0m
[0mGET /features/js/calculator.js [33m404[0m 8.653 ms - 164[0m
[0mGET /features/js/calculator.js [33m404[0m 7.990 ms - 164[0m
[0mGET / [36m304[0m 22.172 ms - -[0m
[0mGET /features/calculator [36m304[0m 14.766 ms - -[0m
[0mGET /features/js/calculator.js [33m404[0m 9.263 ms - 164[0m
[0mGET /features/js/calculator.js [33m404[0m 7.803 ms - 164[0m
[0mGET / [36m304[0m 32.585 ms - -[0m
[0mGET /features/calculator [36m304[0m 14.334 ms - -[0m
[0mGET /features/js/calculator.js [33m404[0m 4.238 ms - 164[0m
[0mGET /features/js/calculator.js [33m404[0m 3.414 ms - 164[0m
[0mGET /features/js/calculator.js [33m404[0m 4.426 ms - 164[0m
[0mGET /features/calculator [32m200[0m 67.501 ms - 3413[0m
[0mGET /features/js/calculator.js [33m404[0m 32.778 ms - 164[0m
[0mGET /features/js/calculator.js [33m404[0m 7.529 ms - 164[0m
[0mGET /features/calculator [32m200[0m 36.777 ms - 3379[0m
[0mGET /features/js/calculator.js [33m404[0m 11.501 ms - 164[0m
[0mGET /features/js/calculator.js [33m404[0m 5.787 ms - 164[0m
[0mGET /features/calculator [32m200[0m 30.601 ms - 3380[0m
[0mGET / [36m304[0m 59.232 ms - -[0m
[0mGET /features/calculator [36m304[0m 15.680 ms - -[0m
[0mGET / [36m304[0m 40.425 ms - -[0m
[0mGET /features/todo/5ed976358c3d9c4a23a00074 [32m200[0m 15.958 ms - 3798[0m
[0mGET /js/home [33m404[0m 10.165 ms - 146[0m
[0mGET /js/home [33m404[0m 4.385 ms - 146[0m
[0mGET / [36m304[0m 37.852 ms - -[0m
[0mGET /games/pong [32m200[0m 24.820 ms - 2226[0m
[0mGET /favicon.ico [33m404[0m 19.060 ms - 150[0m
[0mGET /favicon.ico [33m404[0m 21.846 ms - 150[0m
[0mGET /favicon.ico [33m404[0m 16.946 ms - 150[0m
[0mGET /favicon.ico [33m404[0m 28.372 ms - 150[0m
[0mGET /favicon.ico [33m404[0m 19.230 ms - 150[0m
[0mGET /favicon.ico [33m404[0m 21.906 ms - 150[0m
[0mGET /favicon.ico [33m404[0m 15.882 ms - 150[0m
[0mGET /favicon.ico [33m404[0m 17.842 ms - 150[0m
[0mGET /favicon.ico [33m404[0m 14.823 ms - 150[0m
[0mGET /favicon.ico [33m404[0m 20.157 ms - 150[0m
[0mGET /favicon.ico [33m404[0m 21.165 ms - 150[0m
[0mGET /favicon.ico [33m404[0m 14.368 ms - 150[0m
[0mGET /favicon.ico [33m404[0m 29.196 ms - 150[0m
[0mGET /favicon.ico [33m404[0m 19.098 ms - 150[0m
[0mGET /favicon.ico [33m404[0m 13.000 ms - 150[0m
[0mGET /favicon.ico [33m404[0m 19.517 ms - 150[0m
[0mGET /favicon.ico [33m404[0m 21.563 ms - 150[0m
[0mGET /favicon.ico [33m404[0m 15.772 ms - 150[0m
[0mGET /favicon.ico [33m404[0m 20.506 ms - 150[0m
[0mGET /favicon.ico [33m404[0m 11.051 ms - 150[0m
[0mGET /favicon.ico [33m404[0m 16.576 ms - 150[0m
[0mGET /favicon.ico [33m404[0m 12.192 ms - 150[0m
[0mGET /favicon.ico [33m404[0m 25.098 ms - 150[0m
[0mGET /favicon.ico [33m404[0m 16.299 ms - 150[0m
[0mGET /favicon.ico [33m404[0m 20.201 ms - 150[0m
[0mGET /favicon.ico [33m404[0m 16.968 ms - 150[0m
[0mGET /favicon.ico [33m404[0m 19.434 ms - 150[0m
[0mGET /favicon.ico [33m404[0m 21.802 ms - 150[0m
[0mGET /favicon.ico [33m404[0m 21.333 ms - 150[0m
[0mGET /favicon.ico [33m404[0m 18.711 ms - 150[0m
[0mGET /favicon.ico [33m404[0m 21.710 ms - 150[0m
[0mGET /favicon.ico [33m404[0m 24.342 ms - 150[0m
[0mGET /favicon.ico [33m404[0m 20.728 ms - 150[0m
[0mGET /favicon.ico [33m404[0m 26.074 ms - 150[0m
[0mGET /favicon.ico [33m404[0m 19.606 ms - 150[0m
[0mGET /favicon.ico [33m404[0m 20.460 ms - 150[0m
[0mGET /favicon.ico [33m404[0m 15.372 ms - 150[0m
[0mGET /favicon.ico [33m404[0m 25.856 ms - 150[0m
[0mGET /favicon.ico [33m404[0m 19.637 ms - 150[0m
[0mGET /favicon.ico [33m404[0m 21.134 ms - 150[0m
[0mGET /favicon.ico [33m404[0m 18.470 ms - 150[0m
[0mGET /favicon.ico [33m404[0m 19.563 ms - 150[0m
[0mGET /favicon.ico [33m404[0m 21.065 ms - 150[0m
[0mGET /favicon.ico [33m404[0m 15.986 ms - 150[0m
[0mGET /favicon.ico [33m404[0m 15.221 ms - 150[0m
[0mGET /favicon.ico [33m404[0m 17.165 ms - 150[0m
[0mGET /favicon.ico [33m404[0m 5.357 ms - 150[0m
[0mGET /favicon.ico [33m404[0m 19.389 ms - 150[0m
[0mGET /favicon.ico [33m404[0m 21.694 ms - 150[0m
[0mGET /favicon.ico [33m404[0m 26.370 ms - 150[0m
[0mGET /favicon.ico [33m404[0m 20.382 ms - 150[0m
[0mGET /favicon.ico [33m404[0m 22.257 ms - 150[0m
[0mGET /favicon.ico [33m404[0m 17.577 ms - 150[0m
[0mGET /favicon.ico [33m404[0m 14.953 ms - 150[0m
[0mGET /favicon.ico [33m404[0m 16.226 ms - 150[0m
[0mGET /favicon.ico [33m404[0m 18.214 ms - 150[0m
[0mGET /favicon.ico [33m404[0m 19.876 ms - 150[0m
[0mGET /favicon.ico [33m404[0m 15.207 ms - 150[0m
[0mGET /favicon.ico [33m404[0m 12.653 ms - 150[0m
[0mGET /favicon.ico [33m404[0m 11.418 ms - 150[0m
[0mGET /favicon.ico [33m404[0m 17.344 ms - 150[0m
[0mGET /favicon.ico [33m404[0m 12.650 ms - 150[0m
[0mGET /favicon.ico [33m404[0m 27.233 ms - 150[0m
[0mGET /favicon.ico [33m404[0m 18.953 ms - 150[0m
[0mGET /favicon.ico [33m404[0m 12.066 ms - 150[0m
[0mGET /favicon.ico [33m404[0m 23.159 ms - 150[0m
[0mGET /favicon.ico [33m404[0m 19.300 ms - 150[0m
[0mGET /favicon.ico [33m404[0m 8.488 ms - 150[0m
[0mGET /favicon.ico [33m404[0m 17.773 ms - 150[0m
[0mGET /favicon.ico [33m404[0m 19.948 ms - 150[0m
[0mGET /favicon.ico [33m404[0m 15.899 ms - 150[0m
[0mGET /favicon.ico [33m404[0m 7.003 ms - 150[0m
[0mGET /favicon.ico [33m404[0m 16.356 ms - 150[0m
[0mGET /favicon.ico [33m404[0m 26.010 ms - 150[0m
[0mGET /favicon.ico [33m404[0m 22.930 ms - 150[0m
[0mGET /favicon.ico [33m404[0m 14.955 ms - 150[0m
[0mGET /favicon.ico [33m404[0m 22.969 ms - 150[0m
[0mGET /favicon.ico [33m404[0m 15.730 ms - 150[0m
[0mGET /favicon.ico [33m404[0m 19.889 ms - 150[0m
[0mGET /favicon.ico [33m404[0m 21.244 ms - 150[0m
[0mGET /favicon.ico [33m404[0m 17.518 ms - 150[0m
[0mGET /favicon.ico [33m404[0m 20.552 ms - 150[0m
[0mGET /games/pong [36m304[0m 17.676 ms - -[0m
[0mGET /favicon.ico [33m404[0m 13.490 ms - 150[0m
[0mGET /favicon.ico [33m404[0m 12.434 ms - 150[0m
[0mGET / [36m304[0m 43.915 ms - -[0m
[0mGET /games/snakes [36m304[0m 10.311 ms - -[0m
[0mGET /favicon.ico [33m404[0m 10.698 ms - 150[0m
[0mGET /favicon.ico [33m404[0m 8.768 ms - 150[0m
[0mGET /favicon.ico [33m404[0m 10.740 ms - 150[0m
[0mGET /favicon.ico [33m404[0m 9.040 ms - 150[0m
[0mGET /favicon.ico [33m404[0m 10.589 ms - 150[0m
[0mGET /favicon.ico [33m404[0m 11.873 ms - 150[0m
[0mGET /favicon.ico [33m404[0m 9.390 ms - 150[0m
[0mGET /favicon.ico [33m404[0m 9.380 ms - 150[0m
[0mGET /favicon.ico [33m404[0m 8.201 ms - 150[0m
[0mGET /favicon.ico [33m404[0m 8.783 ms - 150[0m
[0mGET /favicon.ico [33m404[0m 14.047 ms - 150[0m
[0mGET /favicon.ico [33m404[0m 12.677 ms - 150[0m
[0mGET /favicon.ico [33m404[0m 9.638 ms - 150[0m
[0mGET /favicon.ico [33m404[0m 11.197 ms - 150[0m
[0mGET /favicon.ico [33m404[0m 15.635 ms - 150[0m
[0mGET /favicon.ico [33m404[0m 13.281 ms - 150[0m
[0mGET /favicon.ico [33m404[0m 11.030 ms - 150[0m
[0mGET /favicon.ico [33m404[0m 10.459 ms - 150[0m
[0mGET /games/snakes [36m304[0m 9.306 ms - -[0m
[0mGET /favicon.ico [33m404[0m 20.267 ms - 150[0m
[0mGET /favicon.ico [33m404[0m 14.834 ms - 150[0m
[0mGET /favicon.ico [33m404[0m 8.798 ms - 150[0m
[0mGET /favicon.ico [33m404[0m 9.570 ms - 150[0m
[0mGET /favicon.ico [33m404[0m 11.052 ms - 150[0m
[0mGET /favicon.ico [33m404[0m 11.164 ms - 150[0m
[0mGET /favicon.ico [33m404[0m 11.586 ms - 150[0m
[0mGET /favicon.ico [33m404[0m 14.818 ms - 150[0m
[0mGET /favicon.ico [33m404[0m 8.867 ms - 150[0m
[0mGET /favicon.ico [33m404[0m 11.810 ms - 150[0m
[0mGET /games/snakes [36m304[0m 9.131 ms - -[0m
[0mGET /favicon.ico [33m404[0m 10.133 ms - 150[0m
[0mGET /favicon.ico [33m404[0m 12.011 ms - 150[0m
[0mGET /favicon.ico [33m404[0m 15.841 ms - 150[0m
[0mGET /favicon.ico [33m404[0m 9.788 ms - 150[0m
[0mGET /favicon.ico [33m404[0m 8.555 ms - 150[0m
[0mGET /favicon.ico [33m404[0m 9.070 ms - 150[0m
[0mGET /favicon.ico [33m404[0m 9.012 ms - 150[0m
[0mGET /favicon.ico [33m404[0m 14.585 ms - 150[0m
[0mGET /favicon.ico [33m404[0m 11.881 ms - 150[0m
[0mGET /favicon.ico [33m404[0m 8.849 ms - 150[0m
[0mGET /favicon.ico [33m404[0m 10.698 ms - 150[0m
[0mGET /favicon.ico [33m404[0m 10.782 ms - 150[0m
[0mGET /favicon.ico [33m404[0m 8.478 ms - 150[0m
[0mGET /favicon.ico [33m404[0m 11.880 ms - 150[0m
[0mGET /favicon.ico [33m404[0m 11.117 ms - 150[0m
[0mGET /favicon.ico [33m404[0m 10.036 ms - 150[0m
[0mGET /favicon.ico [33m404[0m 13.827 ms - 150[0m
[0mGET /favicon.ico [33m404[0m 13.282 ms - 150[0m
[0mGET /favicon.ico [33m404[0m 14.081 ms - 150[0m
[0mGET /favicon.ico [33m404[0m 11.491 ms - 150[0m
[0mGET /favicon.ico [33m404[0m 9.461 ms - 150[0m
[0mGET /favicon.ico [33m404[0m 9.132 ms - 150[0m
[0mGET /favicon.ico [33m404[0m 12.856 ms - 150[0m
[0mGET /favicon.ico [33m404[0m 11.272 ms - 150[0m
[0mGET /favicon.ico [33m404[0m 11.773 ms - 150[0m
[0mGET /favicon.ico [33m404[0m 12.773 ms - 150[0m
[0mGET /favicon.ico [33m404[0m 10.879 ms - 150[0m
[0mGET /favicon.ico [33m404[0m 11.263 ms - 150[0m
[0mGET /favicon.ico [33m404[0m 8.884 ms - 150[0m
[0mGET /favicon.ico [33m404[0m 8.789 ms - 150[0m
[0mGET /favicon.ico [33m404[0m 13.089 ms - 150[0m
[0mGET /favicon.ico [33m404[0m 12.360 ms - 150[0m
[0mGET /favicon.ico [33m404[0m 9.561 ms - 150[0m
[0mGET /favicon.ico [33m404[0m 11.223 ms - 150[0m
[0mGET /favicon.ico [33m404[0m 8.926 ms - 150[0m
[0mGET /favicon.ico [33m404[0m 11.762 ms - 150[0m
[0mGET /favicon.ico [33m404[0m 11.377 ms - 150[0m
[0mGET /favicon.ico [33m404[0m 12.521 ms - 150[0m
[0mGET /favicon.ico [33m404[0m 11.398 ms - 150[0m
[0mGET /favicon.ico [33m404[0m 13.039 ms - 150[0m
[0mGET /favicon.ico [33m404[0m 13.539 ms - 150[0m
[0mGET / [36m304[0m 35.924 ms - -[0m
[0mGET /users/profile/5ed976358c3d9c4a23a00074 [36m304[0m 49.092 ms - -[0m
[0mGET / [36m304[0m 38.130 ms - -[0m
[0mPOST /comments/create [32m200[0m 180.391 ms - 337[0m
[0mGET / [32m200[0m 70.524 ms - 12726[0m
[0mGET /comments/destroy/undefined [0m-[0m - ms - -[0m
[0mGET /comments/destroy/5ee32b4b78f9be19bb2b76fd [32m200[0m 39.135 ms - 75[0m
[0mGET /posts/destroy/5ee263a880a1535f3dfe3eca [32m200[0m 54.700 ms - 72[0m
[0mPOST /search [32m200[0m 16.181 ms - 1356[0m
[0mGET / [32m200[0m 81.117 ms - 9824[0m
[0mGET / [36m304[0m 39.627 ms - -[0m
[0mGET / [36m304[0m 55.520 ms - -[0m
[0mGET /users/profile/5ed976358c3d9c4a23a00074 [36m304[0m 27.127 ms - -[0m
[0mGET /users/profile/5ed976358c3d9c4a23a00074 [36m304[0m 49.941 ms - -[0m
[0mGET / [36m304[0m 37.051 ms - -[0m
[0mGET / [36m304[0m 34.994 ms - -[0m
[0mGET / [36m304[0m 74.787 ms - -[0m
[0mGET / [32m200[0m 260.066 ms - 6051[0m
[0mGET /favicon.ico [33m404[0m 5.798 ms - 150[0m
[0mGET /users/sign-in [32m200[0m 22.101 ms - 2333[0m
[0mGET /users/auth/google [36m302[0m 8.689 ms - 0[0m
[0mGET /users/auth/google/callback?code=4%2F0wF-p6qffjjsRvLP0zjM6vUI1d4lCuyHoKsN7V9kWWTqs4M3JxkM8mCiebXU1LhiLs40XjVoR5-rf7UVZ-FS-TM&scope=email+profile+https%3A%2F%2Fwww.googleapis.com%2Fauth%2Fuserinfo.profile+https%3A%2F%2Fwww.googleapis.com%2Fauth%2Fuserinfo.email+openid&authuser=0&prompt=consent [36m302[0m 722.867 ms - 46[0m
[0mGET / [32m200[0m 78.497 ms - 10114[0m
[0mGET /users/profile/5ed976358c3d9c4a23a00074 [36m304[0m 63.870 ms - -[0m
[0mGET / [32m200[0m 38.285 ms - 9824[0m
[0mGET /users/profile/5ed976358c3d9c4a23a00074 [36m304[0m 88.091 ms - -[0m
[0mGET / [36m304[0m 38.205 ms - -[0m
[0mGET / [36m304[0m 24.678 ms - -[0m
[0mGET /features/todo/5ed976358c3d9c4a23a00074 [36m304[0m 21.157 ms - -[0m
[0mGET /js/home [33m404[0m 5.658 ms - 146[0m
[0mGET /js/home [33m404[0m 4.367 ms - 146[0m
[0mGET / [36m304[0m 33.515 ms - -[0m
[0mGET /features/calculator [36m304[0m 5.703 ms - -[0m
[0mGET / [36m304[0m 61.381 ms - -[0m
[0mGET /features/calculator [36m304[0m 15.359 ms - -[0m
[0mGET / [36m304[0m 85.182 ms - -[0m
[0mGET /features/todo/5ed976358c3d9c4a23a00074 [36m304[0m 17.267 ms - -[0m
[0mGET /js/home [33m404[0m 5.737 ms - 146[0m
[0mGET /js/home [33m404[0m 5.076 ms - 146[0m
[0mGET / [36m304[0m 51.232 ms - -[0m
[0mGET /features/calculator [36m304[0m 11.893 ms - -[0m
[0mGET / [36m304[0m 40.913 ms - -[0m
[0mGET /users/profile/5ed976358c3d9c4a23a00074 [36m304[0m 42.551 ms - -[0m
[0mGET / [36m304[0m 29.723 ms - -[0m
[0mGET /users/sign-out [36m302[0m 15.186 ms - 72[0m
[0mGET /users/sign-in [32m200[0m 14.981 ms - 2624[0m
[0mPOST /users/create-session [36m302[0m 6.499 ms - 72[0m
[0mGET /users/sign-in [32m200[0m 4.053 ms - 2628[0m
[0mGET /users/auth/google [36m302[0m 9.949 ms - 0[0m
[0mGET /users/auth/google/callback?code=4%2F0wFvkS8_lpbOvouO4ZcQTXMOM4fKTyBOM7BFDeY8Wr5foHSMiOJQuFIZpLzQkWNEfUxdc3m_0kx8Hd_4ZmFZ2DI&scope=email+profile+https%3A%2F%2Fwww.googleapis.com%2Fauth%2Fuserinfo.profile+https%3A%2F%2Fwww.googleapis.com%2Fauth%2Fuserinfo.email+openid&authuser=0&prompt=consent [36m302[0m 669.751 ms - 46[0m
[0mGET / [32m200[0m 62.019 ms - 10114[0m
[0mGET /users/profile/5ed976358c3d9c4a23a00074 [36m304[0m 38.977 ms - -[0m
[0mPOST /users/update/5ed976358c3d9c4a23a00074 [36m302[0m 36.484 ms - 164[0m
[0mGET /users/profile/5ed976358c3d9c4a23a00074 [36m304[0m 18.711 ms - -[0m
[0mPOST /users/update/5ed976358c3d9c4a23a00074 [36m302[0m 17.759 ms - 164[0m
[0mGET /users/profile/5ed976358c3d9c4a23a00074 [36m304[0m 24.980 ms - -[0m
[0mPOST /users/update/5ed976358c3d9c4a23a00074 [36m302[0m 17.933 ms - 164[0m
[0mGET /users/profile/5ed976358c3d9c4a23a00074 [36m304[0m 17.731 ms - -[0m
[0mPOST /users/update/5ed976358c3d9c4a23a00074 [36m302[0m 23.284 ms - 164[0m
[0mGET /users/profile/5ed976358c3d9c4a23a00074 [36m304[0m 53.856 ms - -[0m
[0mPOST /users/update/5ed976358c3d9c4a23a00074 [36m302[0m 29.681 ms - 164[0m
[0mGET /users/profile/5ed976358c3d9c4a23a00074 [32m200[0m 56.706 ms - 6608[0m
[0mPOST /users/update/5ed976358c3d9c4a23a00074 [36m302[0m 8.045 ms - 164[0m
[0mGET /users/profile/5ed976358c3d9c4a23a00074 [36m304[0m 17.895 ms - -[0m
[0mGET / [32m200[0m 37.107 ms - 9812[0m
[0mGET /users/profile/5ed976358c3d9c4a23a00074 [36m304[0m 41.979 ms - -[0m
[0mGET / [36m304[0m 32.943 ms - -[0m
[0mPOST /likes/toggle/?id=5ee1eb3009e11b447e8a1895&type=Post [32m200[0m 108.164 ms - 58[0m
[0mPOST /likes/toggle/?id=5ee1eb3009e11b447e8a1894&type=Post [32m200[0m 26.364 ms - 58[0m
[0mPOST /comments/create [32m200[0m 93.353 ms - 323[0m
[0mPOST /likes/toggle/?id=5ee3c069ee39401bc2d15be2&type=Comment [32m200[0m 24.933 ms - 58[0m
[0mPOST /likes/toggle/?id=5ee3c069ee39401bc2d15be2&type=Comment [32m200[0m 26.087 ms - 57[0m
[0mPOST /likes/toggle/?id=5ee1eb3009e11b447e8a1895&type=Post [32m200[0m 25.106 ms - 57[0m
[0mGET /posts/destroy/5ee1eb3009e11b447e8a1895 [32m200[0m 33.894 ms - 72[0m
[0mPOST /search [32m200[0m 23.176 ms - 562[0m
[0mGET /features/calculator [36m304[0m 57.772 ms - -[0m
[0mGET / [32m200[0m 50.366 ms - 7859[0m
[0mPOST /search [32m200[0m 11.179 ms - 562[0m
[0mPOST /comments/create [32m200[0m 50.349 ms - 331[0m
[0mGET / [32m200[0m 116.722 ms - 8796[0m
::ffff:127.0.0.1 - - [12/Jun/2020:18:01:43 +0000] "GET /comments/destroy/5ee3c1241941e71de770401d HTTP/1.1" 302 36 "http://127.0.0.1:8000/" "Mozilla/5.0 (X11; Linux x86_64) AppleWebKit/537.36 (KHTML, like Gecko) Chrome/83.0.4103.97 Safari/537.36"
::ffff:127.0.0.1 - - [12/Jun/2020:18:01:43 +0000] "GET /users/sign-in HTTP/1.1" 200 2333 "http://127.0.0.1:8000/" "Mozilla/5.0 (X11; Linux x86_64) AppleWebKit/537.36 (KHTML, like Gecko) Chrome/83.0.4103.97 Safari/537.36"
::ffff:127.0.0.1 - - [12/Jun/2020:18:02:05 +0000] "GET /comments/destroy/5ee3c1241941e71de770401d HTTP/1.1" 302 36 "http://127.0.0.1:8000/" "Mozilla/5.0 (X11; Linux x86_64) AppleWebKit/537.36 (KHTML, like Gecko) Chrome/83.0.4103.97 Safari/537.36"
::ffff:127.0.0.1 - - [12/Jun/2020:18:02:05 +0000] "GET /users/sign-in HTTP/1.1" 304 - "http://127.0.0.1:8000/" "Mozilla/5.0 (X11; Linux x86_64) AppleWebKit/537.36 (KHTML, like Gecko) Chrome/83.0.4103.97 Safari/537.36"
::ffff:127.0.0.1 - - [12/Jun/2020:18:04:23 +0000] "GET /users/profile/5ed976358c3d9c4a23a00074 HTTP/1.1" 302 72 "http://127.0.0.1:8000/" "Mozilla/5.0 (X11; Linux x86_64) AppleWebKit/537.36 (KHTML, like Gecko) Chrome/83.0.4103.97 Safari/537.36"
::ffff:127.0.0.1 - - [12/Jun/2020:18:04:23 +0000] "GET /users/sign-in HTTP/1.1" 304 - "http://127.0.0.1:8000/" "Mozilla/5.0 (X11; Linux x86_64) AppleWebKit/537.36 (KHTML, like Gecko) Chrome/83.0.4103.97 Safari/537.36"
::ffff:127.0.0.1 - - [12/Jun/2020:18:04:34 +0000] "POST /users/create-session HTTP/1.1" 302 46 "http://127.0.0.1:8000/users/sign-in" "Mozilla/5.0 (X11; Linux x86_64) AppleWebKit/537.36 (KHTML, like Gecko) Chrome/83.0.4103.97 Safari/537.36"
::ffff:127.0.0.1 - - [12/Jun/2020:18:04:34 +0000] "GET / HTTP/1.1" 200 5595 "http://127.0.0.1:8000/users/sign-in" "Mozilla/5.0 (X11; Linux x86_64) AppleWebKit/537.36 (KHTML, like Gecko) Chrome/83.0.4103.97 Safari/537.36"
::ffff:127.0.0.1 - - [12/Jun/2020:18:04:34 +0000] "GET /js/home_comments.js HTTP/1.1" 404 158 "http://127.0.0.1:8000/" "Mozilla/5.0 (X11; Linux x86_64) AppleWebKit/537.36 (KHTML, like Gecko) Chrome/83.0.4103.97 Safari/537.36"
::ffff:127.0.0.1 - - [12/Jun/2020:18:04:34 +0000] "GET /js/home_posts.js HTTP/1.1" 404 155 "http://127.0.0.1:8000/" "Mozilla/5.0 (X11; Linux x86_64) AppleWebKit/537.36 (KHTML, like Gecko) Chrome/83.0.4103.97 Safari/537.36"
::ffff:127.0.0.1 - - [12/Jun/2020:18:04:34 +0000] "GET /js/search.js HTTP/1.1" 404 151 "http://127.0.0.1:8000/" "Mozilla/5.0 (X11; Linux x86_64) AppleWebKit/537.36 (KHTML, like Gecko) Chrome/83.0.4103.97 Safari/537.36"
::ffff:127.0.0.1 - - [12/Jun/2020:18:04:34 +0000] "GET /js/toggle_likes.js HTTP/1.1" 404 157 "http://127.0.0.1:8000/" "Mozilla/5.0 (X11; Linux x86_64) AppleWebKit/537.36 (KHTML, like Gecko) Chrome/83.0.4103.97 Safari/537.36"
::ffff:127.0.0.1 - - [12/Jun/2020:18:04:34 +0000] "GET /js/chat_engine.js HTTP/1.1" 404 156 "http://127.0.0.1:8000/" "Mozilla/5.0 (X11; Linux x86_64) AppleWebKit/537.36 (KHTML, like Gecko) Chrome/83.0.4103.97 Safari/537.36"
::ffff:127.0.0.1 - - [12/Jun/2020:18:04:34 +0000] "GET /js/home_comments.js HTTP/1.1" 404 158 "http://127.0.0.1:8000/" "Mozilla/5.0 (X11; Linux x86_64) AppleWebKit/537.36 (KHTML, like Gecko) Chrome/83.0.4103.97 Safari/537.36"
::ffff:127.0.0.1 - - [12/Jun/2020:18:04:34 +0000] "GET /js/home_posts.js HTTP/1.1" 404 155 "http://127.0.0.1:8000/" "Mozilla/5.0 (X11; Linux x86_64) AppleWebKit/537.36 (KHTML, like Gecko) Chrome/83.0.4103.97 Safari/537.36"
::ffff:127.0.0.1 - - [12/Jun/2020:18:04:34 +0000] "GET /js/toggle_likes.js HTTP/1.1" 404 157 "http://127.0.0.1:8000/" "Mozilla/5.0 (X11; Linux x86_64) AppleWebKit/537.36 (KHTML, like Gecko) Chrome/83.0.4103.97 Safari/537.36"
::ffff:127.0.0.1 - - [12/Jun/2020:18:04:34 +0000] "GET /js/search.js HTTP/1.1" 404 151 "http://127.0.0.1:8000/" "Mozilla/5.0 (X11; Linux x86_64) AppleWebKit/537.36 (KHTML, like Gecko) Chrome/83.0.4103.97 Safari/537.36"
::ffff:127.0.0.1 - - [12/Jun/2020:18:04:34 +0000] "GET /js/chat_engine.js HTTP/1.1" 404 156 "http://127.0.0.1:8000/" "Mozilla/5.0 (X11; Linux x86_64) AppleWebKit/537.36 (KHTML, like Gecko) Chrome/83.0.4103.97 Safari/537.36"
::ffff:127.0.0.1 - - [12/Jun/2020:18:08:12 +0000] "POST /posts/create HTTP/1.1" - - "http://127.0.0.1:8000/" "Mozilla/5.0 (X11; Linux x86_64) AppleWebKit/537.36 (KHTML, like Gecko) Chrome/83.0.4103.97 Safari/537.36"
::ffff:127.0.0.1 - - [12/Jun/2020:18:08:13 +0000] "GET / HTTP/1.1" 200 7262 "http://127.0.0.1:8000/users/sign-in" "Mozilla/5.0 (X11; Linux x86_64) AppleWebKit/537.36 (KHTML, like Gecko) Chrome/83.0.4103.97 Safari/537.36"
::ffff:127.0.0.1 - - [12/Jun/2020:18:08:13 +0000] "GET /js/home_posts.js HTTP/1.1" 404 155 "http://127.0.0.1:8000/" "Mozilla/5.0 (X11; Linux x86_64) AppleWebKit/537.36 (KHTML, like Gecko) Chrome/83.0.4103.97 Safari/537.36"
::ffff:127.0.0.1 - - [12/Jun/2020:18:08:13 +0000] "GET /js/home_comments.js HTTP/1.1" 404 158 "http://127.0.0.1:8000/" "Mozilla/5.0 (X11; Linux x86_64) AppleWebKit/537.36 (KHTML, like Gecko) Chrome/83.0.4103.97 Safari/537.36"
::ffff:127.0.0.1 - - [12/Jun/2020:18:08:13 +0000] "GET /js/search.js HTTP/1.1" 404 151 "http://127.0.0.1:8000/" "Mozilla/5.0 (X11; Linux x86_64) AppleWebKit/537.36 (KHTML, like Gecko) Chrome/83.0.4103.97 Safari/537.36"
::ffff:127.0.0.1 - - [12/Jun/2020:18:08:13 +0000] "GET /js/chat_engine.js HTTP/1.1" 404 156 "http://127.0.0.1:8000/" "Mozilla/5.0 (X11; Linux x86_64) AppleWebKit/537.36 (KHTML, like Gecko) Chrome/83.0.4103.97 Safari/537.36"
::ffff:127.0.0.1 - - [12/Jun/2020:18:08:13 +0000] "GET /js/toggle_likes.js HTTP/1.1" 404 157 "http://127.0.0.1:8000/" "Mozilla/5.0 (X11; Linux x86_64) AppleWebKit/537.36 (KHTML, like Gecko) Chrome/83.0.4103.97 Safari/537.36"
::ffff:127.0.0.1 - - [12/Jun/2020:18:08:15 +0000] "GET /js/home_comments.js HTTP/1.1" 404 158 "http://127.0.0.1:8000/" "Mozilla/5.0 (X11; Linux x86_64) AppleWebKit/537.36 (KHTML, like Gecko) Chrome/83.0.4103.97 Safari/537.36"
::ffff:127.0.0.1 - - [12/Jun/2020:18:08:15 +0000] "GET /js/home_posts.js HTTP/1.1" 404 155 "http://127.0.0.1:8000/" "Mozilla/5.0 (X11; Linux x86_64) AppleWebKit/537.36 (KHTML, like Gecko) Chrome/83.0.4103.97 Safari/537.36"
::ffff:127.0.0.1 - - [12/Jun/2020:18:08:15 +0000] "GET /js/toggle_likes.js HTTP/1.1" 404 157 "http://127.0.0.1:8000/" "Mozilla/5.0 (X11; Linux x86_64) AppleWebKit/537.36 (KHTML, like Gecko) Chrome/83.0.4103.97 Safari/537.36"
::ffff:127.0.0.1 - - [12/Jun/2020:18:08:15 +0000] "GET /js/search.js HTTP/1.1" 404 151 "http://127.0.0.1:8000/" "Mozilla/5.0 (X11; Linux x86_64) AppleWebKit/537.36 (KHTML, like Gecko) Chrome/83.0.4103.97 Safari/537.36"
::ffff:127.0.0.1 - - [12/Jun/2020:18:08:15 +0000] "GET /js/chat_engine.js HTTP/1.1" 404 156 "http://127.0.0.1:8000/" "Mozilla/5.0 (X11; Linux x86_64) AppleWebKit/537.36 (KHTML, like Gecko) Chrome/83.0.4103.97 Safari/537.36"
::ffff:127.0.0.1 - - [12/Jun/2020:18:08:20 +0000] "POST /posts/create HTTP/1.1" 302 88 "http://127.0.0.1:8000/" "Mozilla/5.0 (X11; Linux x86_64) AppleWebKit/537.36 (KHTML, like Gecko) Chrome/83.0.4103.97 Safari/537.36"
::ffff:127.0.0.1 - - [12/Jun/2020:18:08:20 +0000] "GET / HTTP/1.1" 200 9505 "http://127.0.0.1:8000/" "Mozilla/5.0 (X11; Linux x86_64) AppleWebKit/537.36 (KHTML, like Gecko) Chrome/83.0.4103.97 Safari/537.36"
::ffff:127.0.0.1 - - [12/Jun/2020:18:08:21 +0000] "GET /js/home_comments.js HTTP/1.1" 404 158 "http://127.0.0.1:8000/" "Mozilla/5.0 (X11; Linux x86_64) AppleWebKit/537.36 (KHTML, like Gecko) Chrome/83.0.4103.97 Safari/537.36"
::ffff:127.0.0.1 - - [12/Jun/2020:18:08:21 +0000] "GET /js/home_posts.js HTTP/1.1" 404 155 "http://127.0.0.1:8000/" "Mozilla/5.0 (X11; Linux x86_64) AppleWebKit/537.36 (KHTML, like Gecko) Chrome/83.0.4103.97 Safari/537.36"
::ffff:127.0.0.1 - - [12/Jun/2020:18:08:21 +0000] "GET /js/toggle_likes.js HTTP/1.1" 404 157 "http://127.0.0.1:8000/" "Mozilla/5.0 (X11; Linux x86_64) AppleWebKit/537.36 (KHTML, like Gecko) Chrome/83.0.4103.97 Safari/537.36"
::ffff:127.0.0.1 - - [12/Jun/2020:18:08:21 +0000] "GET /js/chat_engine.js HTTP/1.1" 404 156 "http://127.0.0.1:8000/" "Mozilla/5.0 (X11; Linux x86_64) AppleWebKit/537.36 (KHTML, like Gecko) Chrome/83.0.4103.97 Safari/537.36"
::ffff:127.0.0.1 - - [12/Jun/2020:18:08:21 +0000] "GET /js/search.js HTTP/1.1" 404 151 "http://127.0.0.1:8000/" "Mozilla/5.0 (X11; Linux x86_64) AppleWebKit/537.36 (KHTML, like Gecko) Chrome/83.0.4103.97 Safari/537.36"
::ffff:127.0.0.1 - - [12/Jun/2020:18:08:21 +0000] "GET /js/home_comments.js HTTP/1.1" 404 158 "http://127.0.0.1:8000/" "Mozilla/5.0 (X11; Linux x86_64) AppleWebKit/537.36 (KHTML, like Gecko) Chrome/83.0.4103.97 Safari/537.36"
::ffff:127.0.0.1 - - [12/Jun/2020:18:08:21 +0000] "GET /js/home_posts.js HTTP/1.1" 404 155 "http://127.0.0.1:8000/" "Mozilla/5.0 (X11; Linux x86_64) AppleWebKit/537.36 (KHTML, like Gecko) Chrome/83.0.4103.97 Safari/537.36"
::ffff:127.0.0.1 - - [12/Jun/2020:18:08:21 +0000] "GET /js/toggle_likes.js HTTP/1.1" 404 157 "http://127.0.0.1:8000/" "Mozilla/5.0 (X11; Linux x86_64) AppleWebKit/537.36 (KHTML, like Gecko) Chrome/83.0.4103.97 Safari/537.36"
::ffff:127.0.0.1 - - [12/Jun/2020:18:08:21 +0000] "GET /js/search.js HTTP/1.1" 404 151 "http://127.0.0.1:8000/" "Mozilla/5.0 (X11; Linux x86_64) AppleWebKit/537.36 (KHTML, like Gecko) Chrome/83.0.4103.97 Safari/537.36"
::ffff:127.0.0.1 - - [12/Jun/2020:18:08:21 +0000] "GET /js/chat_engine.js HTTP/1.1" 404 156 "http://127.0.0.1:8000/" "Mozilla/5.0 (X11; Linux x86_64) AppleWebKit/537.36 (KHTML, like Gecko) Chrome/83.0.4103.97 Safari/537.36"
::ffff:127.0.0.1 - - [12/Jun/2020:18:08:28 +0000] "POST /posts/create HTTP/1.1" 302 88 "http://127.0.0.1:8000/" "Mozilla/5.0 (X11; Linux x86_64) AppleWebKit/537.36 (KHTML, like Gecko) Chrome/83.0.4103.97 Safari/537.36"
::ffff:127.0.0.1 - - [12/Jun/2020:18:08:28 +0000] "GET / HTTP/1.1" 200 11462 "http://127.0.0.1:8000/" "Mozilla/5.0 (X11; Linux x86_64) AppleWebKit/537.36 (KHTML, like Gecko) Chrome/83.0.4103.97 Safari/537.36"
::ffff:127.0.0.1 - - [12/Jun/2020:18:08:28 +0000] "GET /js/home_comments.js HTTP/1.1" 404 158 "http://127.0.0.1:8000/" "Mozilla/5.0 (X11; Linux x86_64) AppleWebKit/537.36 (KHTML, like Gecko) Chrome/83.0.4103.97 Safari/537.36"
::ffff:127.0.0.1 - - [12/Jun/2020:18:08:28 +0000] "GET /js/home_posts.js HTTP/1.1" 404 155 "http://127.0.0.1:8000/" "Mozilla/5.0 (X11; Linux x86_64) AppleWebKit/537.36 (KHTML, like Gecko) Chrome/83.0.4103.97 Safari/537.36"
::ffff:127.0.0.1 - - [12/Jun/2020:18:08:28 +0000] "GET /js/toggle_likes.js HTTP/1.1" 404 157 "http://127.0.0.1:8000/" "Mozilla/5.0 (X11; Linux x86_64) AppleWebKit/537.36 (KHTML, like Gecko) Chrome/83.0.4103.97 Safari/537.36"
::ffff:127.0.0.1 - - [12/Jun/2020:18:08:28 +0000] "GET /js/search.js HTTP/1.1" 404 151 "http://127.0.0.1:8000/" "Mozilla/5.0 (X11; Linux x86_64) AppleWebKit/537.36 (KHTML, like Gecko) Chrome/83.0.4103.97 Safari/537.36"
::ffff:127.0.0.1 - - [12/Jun/2020:18:08:28 +0000] "GET /js/chat_engine.js HTTP/1.1" 404 156 "http://127.0.0.1:8000/" "Mozilla/5.0 (X11; Linux x86_64) AppleWebKit/537.36 (KHTML, like Gecko) Chrome/83.0.4103.97 Safari/537.36"
::ffff:127.0.0.1 - - [12/Jun/2020:18:08:28 +0000] "GET /js/home_comments.js HTTP/1.1" 404 158 "http://127.0.0.1:8000/" "Mozilla/5.0 (X11; Linux x86_64) AppleWebKit/537.36 (KHTML, like Gecko) Chrome/83.0.4103.97 Safari/537.36"
::ffff:127.0.0.1 - - [12/Jun/2020:18:08:28 +0000] "GET /js/home_posts.js HTTP/1.1" 404 155 "http://127.0.0.1:8000/" "Mozilla/5.0 (X11; Linux x86_64) AppleWebKit/537.36 (KHTML, like Gecko) Chrome/83.0.4103.97 Safari/537.36"
::ffff:127.0.0.1 - - [12/Jun/2020:18:08:28 +0000] "GET /js/toggle_likes.js HTTP/1.1" 404 157 "http://127.0.0.1:8000/" "Mozilla/5.0 (X11; Linux x86_64) AppleWebKit/537.36 (KHTML, like Gecko) Chrome/83.0.4103.97 Safari/537.36"
::ffff:127.0.0.1 - - [12/Jun/2020:18:08:28 +0000] "GET /js/search.js HTTP/1.1" 404 151 "http://127.0.0.1:8000/" "Mozilla/5.0 (X11; Linux x86_64) AppleWebKit/537.36 (KHTML, like Gecko) Chrome/83.0.4103.97 Safari/537.36"
::ffff:127.0.0.1 - - [12/Jun/2020:18:08:28 +0000] "GET /js/chat_engine.js HTTP/1.1" 404 156 "http://127.0.0.1:8000/" "Mozilla/5.0 (X11; Linux x86_64) AppleWebKit/537.36 (KHTML, like Gecko) Chrome/83.0.4103.97 Safari/537.36"
::ffff:127.0.0.1 - - [12/Jun/2020:18:08:35 +0000] "GET /posts/destroy/5ee3c49c6dd33221f9176b64 HTTP/1.1" 302 88 "http://127.0.0.1:8000/" "Mozilla/5.0 (X11; Linux x86_64) AppleWebKit/537.36 (KHTML, like Gecko) Chrome/83.0.4103.97 Safari/537.36"
::ffff:127.0.0.1 - - [12/Jun/2020:18:08:35 +0000] "GET / HTTP/1.1" 200 9525 "http://127.0.0.1:8000/" "Mozilla/5.0 (X11; Linux x86_64) AppleWebKit/537.36 (KHTML, like Gecko) Chrome/83.0.4103.97 Safari/537.36"
::ffff:127.0.0.1 - - [12/Jun/2020:18:08:35 +0000] "GET /js/home_posts.js HTTP/1.1" 404 155 "http://127.0.0.1:8000/" "Mozilla/5.0 (X11; Linux x86_64) AppleWebKit/537.36 (KHTML, like Gecko) Chrome/83.0.4103.97 Safari/537.36"
::ffff:127.0.0.1 - - [12/Jun/2020:18:08:35 +0000] "GET /js/home_comments.js HTTP/1.1" 404 158 "http://127.0.0.1:8000/" "Mozilla/5.0 (X11; Linux x86_64) AppleWebKit/537.36 (KHTML, like Gecko) Chrome/83.0.4103.97 Safari/537.36"
::ffff:127.0.0.1 - - [12/Jun/2020:18:08:35 +0000] "GET /js/search.js HTTP/1.1" 404 151 "http://127.0.0.1:8000/" "Mozilla/5.0 (X11; Linux x86_64) AppleWebKit/537.36 (KHTML, like Gecko) Chrome/83.0.4103.97 Safari/537.36"
::ffff:127.0.0.1 - - [12/Jun/2020:18:08:35 +0000] "GET /js/chat_engine.js HTTP/1.1" 404 156 "http://127.0.0.1:8000/" "Mozilla/5.0 (X11; Linux x86_64) AppleWebKit/537.36 (KHTML, like Gecko) Chrome/83.0.4103.97 Safari/537.36"
::ffff:127.0.0.1 - - [12/Jun/2020:18:08:35 +0000] "GET /js/toggle_likes.js HTTP/1.1" 404 157 "http://127.0.0.1:8000/" "Mozilla/5.0 (X11; Linux x86_64) AppleWebKit/537.36 (KHTML, like Gecko) Chrome/83.0.4103.97 Safari/537.36"
::ffff:127.0.0.1 - - [12/Jun/2020:18:08:35 +0000] "GET /js/home_comments.js HTTP/1.1" 404 158 "http://127.0.0.1:8000/" "Mozilla/5.0 (X11; Linux x86_64) AppleWebKit/537.36 (KHTML, like Gecko) Chrome/83.0.4103.97 Safari/537.36"
::ffff:127.0.0.1 - - [12/Jun/2020:18:08:35 +0000] "GET /js/home_posts.js HTTP/1.1" 404 155 "http://127.0.0.1:8000/" "Mozilla/5.0 (X11; Linux x86_64) AppleWebKit/537.36 (KHTML, like Gecko) Chrome/83.0.4103.97 Safari/537.36"
::ffff:127.0.0.1 - - [12/Jun/2020:18:08:35 +0000] "GET /js/toggle_likes.js HTTP/1.1" 404 157 "http://127.0.0.1:8000/" "Mozilla/5.0 (X11; Linux x86_64) AppleWebKit/537.36 (KHTML, like Gecko) Chrome/83.0.4103.97 Safari/537.36"
::ffff:127.0.0.1 - - [12/Jun/2020:18:08:35 +0000] "GET /js/search.js HTTP/1.1" 404 151 "http://127.0.0.1:8000/" "Mozilla/5.0 (X11; Linux x86_64) AppleWebKit/537.36 (KHTML, like Gecko) Chrome/83.0.4103.97 Safari/537.36"
::ffff:127.0.0.1 - - [12/Jun/2020:18:08:35 +0000] "GET /js/chat_engine.js HTTP/1.1" 404 156 "http://127.0.0.1:8000/" "Mozilla/5.0 (X11; Linux x86_64) AppleWebKit/537.36 (KHTML, like Gecko) Chrome/83.0.4103.97 Safari/537.36"
::ffff:127.0.0.1 - - [12/Jun/2020:18:08:36 +0000] "GET /posts/destroy/5ee3c4946dd33221f9176b63 HTTP/1.1" 302 88 "http://127.0.0.1:8000/" "Mozilla/5.0 (X11; Linux x86_64) AppleWebKit/537.36 (KHTML, like Gecko) Chrome/83.0.4103.97 Safari/537.36"
::ffff:127.0.0.1 - - [12/Jun/2020:18:08:36 +0000] "GET / HTTP/1.1" 200 7568 "http://127.0.0.1:8000/" "Mozilla/5.0 (X11; Linux x86_64) AppleWebKit/537.36 (KHTML, like Gecko) Chrome/83.0.4103.97 Safari/537.36"
::ffff:127.0.0.1 - - [12/Jun/2020:18:08:36 +0000] "GET /js/toggle_likes.js HTTP/1.1" 404 157 "http://127.0.0.1:8000/" "Mozilla/5.0 (X11; Linux x86_64) AppleWebKit/537.36 (KHTML, like Gecko) Chrome/83.0.4103.97 Safari/537.36"
::ffff:127.0.0.1 - - [12/Jun/2020:18:08:36 +0000] "GET /js/home_comments.js HTTP/1.1" 404 158 "http://127.0.0.1:8000/" "Mozilla/5.0 (X11; Linux x86_64) AppleWebKit/537.36 (KHTML, like Gecko) Chrome/83.0.4103.97 Safari/537.36"
::ffff:127.0.0.1 - - [12/Jun/2020:18:08:36 +0000] "GET /js/home_posts.js HTTP/1.1" 404 155 "http://127.0.0.1:8000/" "Mozilla/5.0 (X11; Linux x86_64) AppleWebKit/537.36 (KHTML, like Gecko) Chrome/83.0.4103.97 Safari/537.36"
::ffff:127.0.0.1 - - [12/Jun/2020:18:08:36 +0000] "GET /js/search.js HTTP/1.1" 404 151 "http://127.0.0.1:8000/" "Mozilla/5.0 (X11; Linux x86_64) AppleWebKit/537.36 (KHTML, like Gecko) Chrome/83.0.4103.97 Safari/537.36"
::ffff:127.0.0.1 - - [12/Jun/2020:18:08:36 +0000] "GET /js/chat_engine.js HTTP/1.1" 404 156 "http://127.0.0.1:8000/" "Mozilla/5.0 (X11; Linux x86_64) AppleWebKit/537.36 (KHTML, like Gecko) Chrome/83.0.4103.97 Safari/537.36"
::ffff:127.0.0.1 - - [12/Jun/2020:18:08:36 +0000] "GET /js/home_comments.js HTTP/1.1" 404 158 "http://127.0.0.1:8000/" "Mozilla/5.0 (X11; Linux x86_64) AppleWebKit/537.36 (KHTML, like Gecko) Chrome/83.0.4103.97 Safari/537.36"
::ffff:127.0.0.1 - - [12/Jun/2020:18:08:36 +0000] "GET /js/home_posts.js HTTP/1.1" 404 155 "http://127.0.0.1:8000/" "Mozilla/5.0 (X11; Linux x86_64) AppleWebKit/537.36 (KHTML, like Gecko) Chrome/83.0.4103.97 Safari/537.36"
::ffff:127.0.0.1 - - [12/Jun/2020:18:08:36 +0000] "GET /js/toggle_likes.js HTTP/1.1" 404 157 "http://127.0.0.1:8000/" "Mozilla/5.0 (X11; Linux x86_64) AppleWebKit/537.36 (KHTML, like Gecko) Chrome/83.0.4103.97 Safari/537.36"
::ffff:127.0.0.1 - - [12/Jun/2020:18:08:36 +0000] "GET /js/search.js HTTP/1.1" 404 151 "http://127.0.0.1:8000/" "Mozilla/5.0 (X11; Linux x86_64) AppleWebKit/537.36 (KHTML, like Gecko) Chrome/83.0.4103.97 Safari/537.36"
::ffff:127.0.0.1 - - [12/Jun/2020:18:08:37 +0000] "GET /js/chat_engine.js HTTP/1.1" 404 156 "http://127.0.0.1:8000/" "Mozilla/5.0 (X11; Linux x86_64) AppleWebKit/537.36 (KHTML, like Gecko) Chrome/83.0.4103.97 Safari/537.36"
::ffff:127.0.0.1 - - [12/Jun/2020:18:08:37 +0000] "GET /posts/destroy/5ee3c47e6dd33221f9176b62 HTTP/1.1" 302 88 "http://127.0.0.1:8000/" "Mozilla/5.0 (X11; Linux x86_64) AppleWebKit/537.36 (KHTML, like Gecko) Chrome/83.0.4103.97 Safari/537.36"
::ffff:127.0.0.1 - - [12/Jun/2020:18:08:37 +0000] "GET / HTTP/1.1" 200 5611 "http://127.0.0.1:8000/" "Mozilla/5.0 (X11; Linux x86_64) AppleWebKit/537.36 (KHTML, like Gecko) Chrome/83.0.4103.97 Safari/537.36"
::ffff:127.0.0.1 - - [12/Jun/2020:18:08:37 +0000] "GET /js/search.js HTTP/1.1" 404 151 "http://127.0.0.1:8000/" "Mozilla/5.0 (X11; Linux x86_64) AppleWebKit/537.36 (KHTML, like Gecko) Chrome/83.0.4103.97 Safari/537.36"
::ffff:127.0.0.1 - - [12/Jun/2020:18:08:37 +0000] "GET /js/home_comments.js HTTP/1.1" 404 158 "http://127.0.0.1:8000/" "Mozilla/5.0 (X11; Linux x86_64) AppleWebKit/537.36 (KHTML, like Gecko) Chrome/83.0.4103.97 Safari/537.36"
::ffff:127.0.0.1 - - [12/Jun/2020:18:08:37 +0000] "GET /js/home_posts.js HTTP/1.1" 404 155 "http://127.0.0.1:8000/" "Mozilla/5.0 (X11; Linux x86_64) AppleWebKit/537.36 (KHTML, like Gecko) Chrome/83.0.4103.97 Safari/537.36"
::ffff:127.0.0.1 - - [12/Jun/2020:18:08:37 +0000] "GET /js/toggle_likes.js HTTP/1.1" 404 157 "http://127.0.0.1:8000/" "Mozilla/5.0 (X11; Linux x86_64) AppleWebKit/537.36 (KHTML, like Gecko) Chrome/83.0.4103.97 Safari/537.36"
::ffff:127.0.0.1 - - [12/Jun/2020:18:08:37 +0000] "GET /js/chat_engine.js HTTP/1.1" 404 156 "http://127.0.0.1:8000/" "Mozilla/5.0 (X11; Linux x86_64) AppleWebKit/537.36 (KHTML, like Gecko) Chrome/83.0.4103.97 Safari/537.36"
::ffff:127.0.0.1 - - [12/Jun/2020:18:08:38 +0000] "GET /js/home_comments.js HTTP/1.1" 404 158 "http://127.0.0.1:8000/" "Mozilla/5.0 (X11; Linux x86_64) AppleWebKit/537.36 (KHTML, like Gecko) Chrome/83.0.4103.97 Safari/537.36"
::ffff:127.0.0.1 - - [12/Jun/2020:18:08:38 +0000] "GET /js/home_posts.js HTTP/1.1" 404 155 "http://127.0.0.1:8000/" "Mozilla/5.0 (X11; Linux x86_64) AppleWebKit/537.36 (KHTML, like Gecko) Chrome/83.0.4103.97 Safari/537.36"
::ffff:127.0.0.1 - - [12/Jun/2020:18:08:38 +0000] "GET /js/toggle_likes.js HTTP/1.1" 404 157 "http://127.0.0.1:8000/" "Mozilla/5.0 (X11; Linux x86_64) AppleWebKit/537.36 (KHTML, like Gecko) Chrome/83.0.4103.97 Safari/537.36"
::ffff:127.0.0.1 - - [12/Jun/2020:18:08:38 +0000] "GET /js/search.js HTTP/1.1" 404 151 "http://127.0.0.1:8000/" "Mozilla/5.0 (X11; Linux x86_64) AppleWebKit/537.36 (KHTML, like Gecko) Chrome/83.0.4103.97 Safari/537.36"
::ffff:127.0.0.1 - - [12/Jun/2020:18:08:38 +0000] "GET /js/chat_engine.js HTTP/1.1" 404 156 "http://127.0.0.1:8000/" "Mozilla/5.0 (X11; Linux x86_64) AppleWebKit/537.36 (KHTML, like Gecko) Chrome/83.0.4103.97 Safari/537.36"
::ffff:127.0.0.1 - - [12/Jun/2020:18:09:10 +0000] "GET / HTTP/1.1" 200 5305 "http://127.0.0.1:8000/" "Mozilla/5.0 (X11; Linux x86_64) AppleWebKit/537.36 (KHTML, like Gecko) Chrome/83.0.4103.97 Safari/537.36"
::ffff:127.0.0.1 - - [12/Jun/2020:18:09:10 +0000] "GET /js/home_comments.js HTTP/1.1" 404 158 "http://127.0.0.1:8000/" "Mozilla/5.0 (X11; Linux x86_64) AppleWebKit/537.36 (KHTML, like Gecko) Chrome/83.0.4103.97 Safari/537.36"
::ffff:127.0.0.1 - - [12/Jun/2020:18:09:10 +0000] "GET /js/home_posts.js HTTP/1.1" 404 155 "http://127.0.0.1:8000/" "Mozilla/5.0 (X11; Linux x86_64) AppleWebKit/537.36 (KHTML, like Gecko) Chrome/83.0.4103.97 Safari/537.36"
::ffff:127.0.0.1 - - [12/Jun/2020:18:09:10 +0000] "GET /js/toggle_likes.js HTTP/1.1" 404 157 "http://127.0.0.1:8000/" "Mozilla/5.0 (X11; Linux x86_64) AppleWebKit/537.36 (KHTML, like Gecko) Chrome/83.0.4103.97 Safari/537.36"
::ffff:127.0.0.1 - - [12/Jun/2020:18:09:10 +0000] "GET /js/search.js HTTP/1.1" 404 151 "http://127.0.0.1:8000/" "Mozilla/5.0 (X11; Linux x86_64) AppleWebKit/537.36 (KHTML, like Gecko) Chrome/83.0.4103.97 Safari/537.36"
::ffff:127.0.0.1 - - [12/Jun/2020:18:09:10 +0000] "GET /js/chat_engine.js HTTP/1.1" 404 156 "http://127.0.0.1:8000/" "Mozilla/5.0 (X11; Linux x86_64) AppleWebKit/537.36 (KHTML, like Gecko) Chrome/83.0.4103.97 Safari/537.36"
::ffff:127.0.0.1 - - [12/Jun/2020:18:09:10 +0000] "GET /js/home_comments.js HTTP/1.1" 404 158 "http://127.0.0.1:8000/" "Mozilla/5.0 (X11; Linux x86_64) AppleWebKit/537.36 (KHTML, like Gecko) Chrome/83.0.4103.97 Safari/537.36"
::ffff:127.0.0.1 - - [12/Jun/2020:18:09:10 +0000] "GET /js/home_posts.js HTTP/1.1" 404 155 "http://127.0.0.1:8000/" "Mozilla/5.0 (X11; Linux x86_64) AppleWebKit/537.36 (KHTML, like Gecko) Chrome/83.0.4103.97 Safari/537.36"
::ffff:127.0.0.1 - - [12/Jun/2020:18:09:10 +0000] "GET /js/toggle_likes.js HTTP/1.1" 404 157 "http://127.0.0.1:8000/" "Mozilla/5.0 (X11; Linux x86_64) AppleWebKit/537.36 (KHTML, like Gecko) Chrome/83.0.4103.97 Safari/537.36"
::ffff:127.0.0.1 - - [12/Jun/2020:18:09:10 +0000] "GET /js/search.js HTTP/1.1" 404 151 "http://127.0.0.1:8000/" "Mozilla/5.0 (X11; Linux x86_64) AppleWebKit/537.36 (KHTML, like Gecko) Chrome/83.0.4103.97 Safari/537.36"
::ffff:127.0.0.1 - - [12/Jun/2020:18:09:10 +0000] "GET /js/chat_engine.js HTTP/1.1" 404 156 "http://127.0.0.1:8000/" "Mozilla/5.0 (X11; Linux x86_64) AppleWebKit/537.36 (KHTML, like Gecko) Chrome/83.0.4103.97 Safari/537.36"
::ffff:127.0.0.1 - - [12/Jun/2020:18:09:11 +0000] "GET / HTTP/1.1" 304 - "http://127.0.0.1:8000/" "Mozilla/5.0 (X11; Linux x86_64) AppleWebKit/537.36 (KHTML, like Gecko) Chrome/83.0.4103.97 Safari/537.36"
::ffff:127.0.0.1 - - [12/Jun/2020:18:09:11 +0000] "GET /js/home_comments.js HTTP/1.1" 404 158 "http://127.0.0.1:8000/" "Mozilla/5.0 (X11; Linux x86_64) AppleWebKit/537.36 (KHTML, like Gecko) Chrome/83.0.4103.97 Safari/537.36"
::ffff:127.0.0.1 - - [12/Jun/2020:18:09:11 +0000] "GET /js/home_posts.js HTTP/1.1" 404 155 "http://127.0.0.1:8000/" "Mozilla/5.0 (X11; Linux x86_64) AppleWebKit/537.36 (KHTML, like Gecko) Chrome/83.0.4103.97 Safari/537.36"
::ffff:127.0.0.1 - - [12/Jun/2020:18:09:11 +0000] "GET /js/toggle_likes.js HTTP/1.1" 404 157 "http://127.0.0.1:8000/" "Mozilla/5.0 (X11; Linux x86_64) AppleWebKit/537.36 (KHTML, like Gecko) Chrome/83.0.4103.97 Safari/537.36"
::ffff:127.0.0.1 - - [12/Jun/2020:18:09:11 +0000] "GET /js/search.js HTTP/1.1" 404 151 "http://127.0.0.1:8000/" "Mozilla/5.0 (X11; Linux x86_64) AppleWebKit/537.36 (KHTML, like Gecko) Chrome/83.0.4103.97 Safari/537.36"
::ffff:127.0.0.1 - - [12/Jun/2020:18:09:11 +0000] "GET /js/chat_engine.js HTTP/1.1" 404 156 "http://127.0.0.1:8000/" "Mozilla/5.0 (X11; Linux x86_64) AppleWebKit/537.36 (KHTML, like Gecko) Chrome/83.0.4103.97 Safari/537.36"
::ffff:127.0.0.1 - - [12/Jun/2020:18:09:11 +0000] "GET /js/home_comments.js HTTP/1.1" 404 158 "http://127.0.0.1:8000/" "Mozilla/5.0 (X11; Linux x86_64) AppleWebKit/537.36 (KHTML, like Gecko) Chrome/83.0.4103.97 Safari/537.36"
::ffff:127.0.0.1 - - [12/Jun/2020:18:09:11 +0000] "GET /js/home_posts.js HTTP/1.1" 404 155 "http://127.0.0.1:8000/" "Mozilla/5.0 (X11; Linux x86_64) AppleWebKit/537.36 (KHTML, like Gecko) Chrome/83.0.4103.97 Safari/537.36"
::ffff:127.0.0.1 - - [12/Jun/2020:18:09:11 +0000] "GET /js/toggle_likes.js HTTP/1.1" 404 157 "http://127.0.0.1:8000/" "Mozilla/5.0 (X11; Linux x86_64) AppleWebKit/537.36 (KHTML, like Gecko) Chrome/83.0.4103.97 Safari/537.36"
::ffff:127.0.0.1 - - [12/Jun/2020:18:09:11 +0000] "GET /js/search.js HTTP/1.1" 404 151 "http://127.0.0.1:8000/" "Mozilla/5.0 (X11; Linux x86_64) AppleWebKit/537.36 (KHTML, like Gecko) Chrome/83.0.4103.97 Safari/537.36"
::ffff:127.0.0.1 - - [12/Jun/2020:18:09:11 +0000] "GET /js/chat_engine.js HTTP/1.1" 404 156 "http://127.0.0.1:8000/" "Mozilla/5.0 (X11; Linux x86_64) AppleWebKit/537.36 (KHTML, like Gecko) Chrome/83.0.4103.97 Safari/537.36"
::ffff:127.0.0.1 - - [12/Jun/2020:18:09:17 +0000] "POST /posts/create HTTP/1.1" 302 88 "http://127.0.0.1:8000/" "Mozilla/5.0 (X11; Linux x86_64) AppleWebKit/537.36 (KHTML, like Gecko) Chrome/83.0.4103.97 Safari/537.36"
::ffff:127.0.0.1 - - [12/Jun/2020:18:09:17 +0000] "GET / HTTP/1.1" 200 7548 "http://127.0.0.1:8000/" "Mozilla/5.0 (X11; Linux x86_64) AppleWebKit/537.36 (KHTML, like Gecko) Chrome/83.0.4103.97 Safari/537.36"
::ffff:127.0.0.1 - - [12/Jun/2020:18:09:17 +0000] "GET /js/home_comments.js HTTP/1.1" 404 158 "http://127.0.0.1:8000/" "Mozilla/5.0 (X11; Linux x86_64) AppleWebKit/537.36 (KHTML, like Gecko) Chrome/83.0.4103.97 Safari/537.36"
::ffff:127.0.0.1 - - [12/Jun/2020:18:09:17 +0000] "GET /js/toggle_likes.js HTTP/1.1" 404 157 "http://127.0.0.1:8000/" "Mozilla/5.0 (X11; Linux x86_64) AppleWebKit/537.36 (KHTML, like Gecko) Chrome/83.0.4103.97 Safari/537.36"
::ffff:127.0.0.1 - - [12/Jun/2020:18:09:17 +0000] "GET /js/chat_engine.js HTTP/1.1" 404 156 "http://127.0.0.1:8000/" "Mozilla/5.0 (X11; Linux x86_64) AppleWebKit/537.36 (KHTML, like Gecko) Chrome/83.0.4103.97 Safari/537.36"
::ffff:127.0.0.1 - - [12/Jun/2020:18:09:17 +0000] "GET /js/search.js HTTP/1.1" 404 151 "http://127.0.0.1:8000/" "Mozilla/5.0 (X11; Linux x86_64) AppleWebKit/537.36 (KHTML, like Gecko) Chrome/83.0.4103.97 Safari/537.36"
::ffff:127.0.0.1 - - [12/Jun/2020:18:09:17 +0000] "GET /js/home_posts.js HTTP/1.1" 404 155 "http://127.0.0.1:8000/" "Mozilla/5.0 (X11; Linux x86_64) AppleWebKit/537.36 (KHTML, like Gecko) Chrome/83.0.4103.97 Safari/537.36"
::ffff:127.0.0.1 - - [12/Jun/2020:18:09:24 +0000] "GET /js/home_comments.js HTTP/1.1" 404 158 "http://127.0.0.1:8000/" "Mozilla/5.0 (X11; Linux x86_64) AppleWebKit/537.36 (KHTML, like Gecko) Chrome/83.0.4103.97 Safari/537.36"
::ffff:127.0.0.1 - - [12/Jun/2020:18:09:24 +0000] "GET /js/home_posts.js HTTP/1.1" 404 155 "http://127.0.0.1:8000/" "Mozilla/5.0 (X11; Linux x86_64) AppleWebKit/537.36 (KHTML, like Gecko) Chrome/83.0.4103.97 Safari/537.36"
::ffff:127.0.0.1 - - [12/Jun/2020:18:09:24 +0000] "GET /js/toggle_likes.js HTTP/1.1" 404 157 "http://127.0.0.1:8000/" "Mozilla/5.0 (X11; Linux x86_64) AppleWebKit/537.36 (KHTML, like Gecko) Chrome/83.0.4103.97 Safari/537.36"
::ffff:127.0.0.1 - - [12/Jun/2020:18:09:24 +0000] "GET /js/search.js HTTP/1.1" 404 151 "http://127.0.0.1:8000/" "Mozilla/5.0 (X11; Linux x86_64) AppleWebKit/537.36 (KHTML, like Gecko) Chrome/83.0.4103.97 Safari/537.36"
::ffff:127.0.0.1 - - [12/Jun/2020:18:09:24 +0000] "GET /js/chat_engine.js HTTP/1.1" 404 156 "http://127.0.0.1:8000/" "Mozilla/5.0 (X11; Linux x86_64) AppleWebKit/537.36 (KHTML, like Gecko) Chrome/83.0.4103.97 Safari/537.36"
[0mGET / [32m200[0m 105.889 ms - 5442[0m
[0mGET /users/sign-in [36m304[0m 11.856 ms - -[0m
[0mPOST /users/create-session [36m302[0m 30.508 ms - 72[0m
[0mGET /users/sign-in [32m200[0m 6.936 ms - 2628[0m
[0mGET /users/auth/google [36m302[0m 14.353 ms - 0[0m
[0mGET /users/auth/google/callback?code=4/0wHz1NhsHsN__yYd1vSJ3F_217A6nw9H5FchcDNdhzwY37aml2AHXc49ge76hxS1uGa128JDal-cjKtdb-6NnEM&scope=email%20profile%20https://www.googleapis.com/auth/userinfo.profile%20https://www.googleapis.com/auth/userinfo.email%20openid&authuser=1&hd=thapar.edu&prompt=none [36m302[0m 857.269 ms - 46[0m
[0mGET / [32m200[0m 71.560 ms - 8020[0m
[0mGET /users/profile/5edb78d86257720b595b72f2 [32m200[0m 54.937 ms - 3028[0m
[0mGET / [32m200[0m 65.918 ms - 7730[0m
[0mGET /users/sign-out [36m302[0m 11.544 ms - 72[0m
[0mGET /users/sign-in [32m200[0m 5.580 ms - 2624[0m
[0mGET /users/auth/google [36m302[0m 9.196 ms - 0[0m
[0mGET /users/auth/google/callback?code=4%2F0wHSRLwK99GqB-poXmcwNgaXDsk-yjGUrnEQY3rhDRsEmVsYBKXpqEJbQctzJMv-iUQFLFYuiO6JSCnQ3FqxJv4&scope=email+profile+https%3A%2F%2Fwww.googleapis.com%2Fauth%2Fuserinfo.profile+https%3A%2F%2Fwww.googleapis.com%2Fauth%2Fuserinfo.email+openid&authuser=0&prompt=consent [36m302[0m 1754.472 ms - 46[0m
[0mGET / [32m200[0m 77.987 ms - 9086[0m
[0mGET / [32m200[0m 68.007 ms - 8796[0m
[0mGET /users/profile/5ed976358c3d9c4a23a00074 [32m200[0m 42.824 ms - 6608[0m
[0mGET / [36m304[0m 36.906 ms - -[0m
[0mPOST /posts/create [32m200[0m 37.423 ms - 300[0m
[0mPOST /posts/create [32m200[0m 43.452 ms - 300[0m
[0mGET /posts/destroy/5ee3c52adcf22c229b097dab [32m200[0m 32.784 ms - 72[0m
[0mGET /posts/destroy/5ee3c529dcf22c229b097daa [32m200[0m 57.384 ms - 72[0m
[0mGET /comments/destroy/5ee3c1241941e71de770401d [32m200[0m 74.941 ms - 75[0m
[0mPOST /comments/create [32m200[0m 29.361 ms - 321[0m
[0mPOST /comments/create [32m200[0m 41.039 ms - 321[0m
[0mGET / [32m200[0m 101.390 ms - 9713[0m
[0mGET /comments/destroy/undefined [0m-[0m - ms - -[0m
[0mGET /comments/destroy/5ee3c545dcf22c229b097dac [32m200[0m 14.778 ms - 75[0m
[0mGET /comments/destroy/5ee3c546dcf22c229b097dae [32m200[0m 42.574 ms - 75[0m
[0mGET /posts/destroy/5ee1eb3009e11b447e8a1894 [32m200[0m 39.764 ms - 72[0m
[0mPOST /posts/create [32m200[0m 20.543 ms - 300[0m
[0mPOST /comments/create [32m200[0m 27.356 ms - 331[0m
[0mPOST /comments/create [32m200[0m 35.642 ms - 331[0m
[0mPOST /likes/toggle/?id=5ee3c55cdcf22c229b097db0&type=Comment [32m200[0m 24.811 ms - 58[0m
[0mGET / [32m200[0m 70.643 ms - 9733[0m
[0mGET /comments/destroy/undefined [0m-[0m - ms - -[0m
[0mGET /comments/destroy/undefined [0m-[0m - ms - -[0m
[0mGET /comments/destroy/5ee3c55cdcf22c229b097db0 [32m200[0m 19.196 ms - 75[0m
[0mGET /comments/destroy/5ee3c55cdcf22c229b097db2 [32m200[0m 34.943 ms - 75[0m
[0mPOST /comments/create [32m200[0m 30.204 ms - 331[0m
[0mGET / [32m200[0m 119.338 ms - 8796[0m
[0mPOST /posts/create [32m200[0m 25.756 ms - 298[0m
[0mPOST /comments/create [32m200[0m 36.943 ms - 321[0m
[0mGET /comments/destroy/5ee3c6a88405e023eb936534 [32m200[0m 44.050 ms - 75[0m
