[0mGET / [36m302[0m 35.348 ms - 72[0m
[0mGET /users/sign-in [32m200[0m 416.338 ms - 2365[0m
[0mPOST /users/create-session [36m302[0m 58.121 ms - 46[0m
[0mGET /users/sign-in [36m302[0m 28.264 ms - 72[0m
[0mGET /users/profile [33m404[0m 15.895 ms - 152[0m
[0mGET / [36m302[0m 5.907 ms - 72[0m
[0mGET /users/profile [33m404[0m 26.914 ms - 152[0m
[0mGET /users/profile [33m404[0m 19.757 ms - 152[0m
[0mGET / [36m302[0m 4.636 ms - 72[0m
[0mGET /users/sign-in [32m200[0m 24.294 ms - 2365[0m
[0mGET / [32m200[0m 118.494 ms - 5883[0m
[0mGET /users/profile/5efc6b3be17d013bb4a6668d [32m200[0m 58.515 ms - 3610[0m
[0mGET / [36m304[0m 46.434 ms - -[0m
[0mGET / [36m304[0m 27.565 ms - -[0m
[0mGET /chat/5efc6b29e17d013bb4a6668c [32m200[0m 64.111 ms - 791[0m
[0mGET / [36m304[0m 196.403 ms - -[0m
[0mGET /chat/5efc6b29e17d013bb4a6668c [32m200[0m 103.048 ms - 791[0m
[0mGET / [36m304[0m 138.327 ms - -[0m
[0mGET /chat/5efc6b29e17d013bb4a6668c [32m200[0m 63.314 ms - 791[0m
[0mGET /chat/5efc6b29e17d013bb4a6668c [36m304[0m 45.861 ms - -[0m
[0mGET /chat/5efc6b29e17d013bb4a6668c [36m304[0m 32.355 ms - -[0m
[0mGET /chat/5efc6b29e17d013bb4a6668c [36m304[0m 51.025 ms - -[0m
[0mGET /chat/5efc6b29e17d013bb4a6668c [36m304[0m 65.371 ms - -[0m
[0mGET /chat/5efc6b29e17d013bb4a6668c [36m304[0m 42.674 ms - -[0m
[0mGET /chat/5efc6b29e17d013bb4a6668c [36m304[0m 28.173 ms - -[0m
[0mGET / [36m304[0m 68.860 ms - -[0m
[0mGET /chat/5efc6b29e17d013bb4a6668c [32m200[0m 68.785 ms - 791[0m
[0mGET / [36m304[0m 133.882 ms - -[0m
[0mGET /chat/5efc6b29e17d013bb4a6668c [32m200[0m 31.778 ms - 791[0m
[0mGET / [36m304[0m 182.280 ms - -[0m
[0mGET /chat/5efc6b29e17d013bb4a6668c [32m200[0m 35.704 ms - 791[0m
[0mGET / [36m304[0m 82.256 ms - -[0m
[0mGET /chat/5efc6b29e17d013bb4a6668c [32m200[0m 24.230 ms - 791[0m
[0mGET / [36m304[0m 181.969 ms - -[0m
[0mGET /chat/5efc6b29e17d013bb4a6668c [32m200[0m 49.766 ms - 791[0m
[0mGET / [36m304[0m 212.250 ms - -[0m
[0mGET /chat/5efc6b29e17d013bb4a6668c [32m200[0m 31.764 ms - 791[0m
[0mGET / [36m304[0m 25.744 ms - -[0m
[0mGET / [36m302[0m 8.153 ms - 72[0m
[0mGET /users/sign-in [36m304[0m 18.367 ms - -[0m
[0mPOST /users/create-session [36m302[0m 19.292 ms - 46[0m
[0mGET / [32m200[0m 28.367 ms - 6172[0m
[0mGET /chat/5efc6b3be17d013bb4a6668d [32m200[0m 24.837 ms - 791[0m
[0mGET / [36m304[0m 63.488 ms - -[0m
[0mGET / [36m304[0m 39.433 ms - -[0m
[0mGET / [36m304[0m 70.626 ms - -[0m
[0mGET / [32m200[0m 26.593 ms - 5882[0m
[0mGET / [36m302[0m 181.224 ms - 72[0m
[0mGET /users/sign-in [32m200[0m 580.292 ms - 2365[0m
[0mGET / [36m302[0m 254.272 ms - 72[0m
[0mGET /users/sign-in [36m304[0m 156.379 ms - -[0m
[0mPOST /users/create-session [36m302[0m 48.617 ms - 46[0m
[0mGET / [32m200[0m 110.879 ms - 6173[0m
[0mGET / [36m302[0m 6.376 ms - 72[0m
[0mPOST /users/create-session [36m302[0m 10.258 ms - 46[0m
[0mGET /users/sign-in [36m304[0m 12.579 ms - -[0m
[0mPOST /users/create-session [36m302[0m 7.360 ms - 46[0m
[0mGET / [32m200[0m 45.455 ms - 6172[0m
[0mGET /chat/5efc6b3be17d013bb4a6668d [32m200[0m 29.260 ms - 791[0m
[0mGET /chat/5efc6b29e17d013bb4a6668c [32m200[0m 34.613 ms - 791[0m
[0mGET /chat/5efc6b3be17d013bb4a6668d [36m304[0m 30.428 ms - -[0m
[0mGET /chat/5efc6b3be17d013bb4a6668d [36m304[0m 66.688 ms - -[0m
[0mGET / [32m200[0m 53.187 ms - 5882[0m
[0mGET /chat/5efc6b3be17d013bb4a6668d [32m200[0m 16.936 ms - 791[0m
[0mGET / [32m200[0m 62.588 ms - 5883[0m
[0mGET /chat/5efc6b29e17d013bb4a6668c [32m200[0m 18.145 ms - 791[0m
[0mGET /chat/5efc6b29e17d013bb4a6668c [36m304[0m 35.158 ms - -[0m
[0mGET /chat/5efc6b29e17d013bb4a6668c [36m304[0m 49.647 ms - -[0m
[0mGET /chat/5efc6b29e17d013bb4a6668c [36m304[0m 20.113 ms - -[0m
[0mGET /chat/5efc6b3be17d013bb4a6668d [32m200[0m 21.942 ms - 791[0m
[0mGET / [36m304[0m 136.467 ms - -[0m
[0mGET /chat/5efc6b29e17d013bb4a6668c [32m200[0m 33.278 ms - 791[0m
[0mGET / [36m304[0m 183.873 ms - -[0m
[0mGET /chat/5efc6b29e17d013bb4a6668c [32m200[0m 63.205 ms - 791[0m
[0mGET /chat/5efc6b3be17d013bb4a6668d [32m200[0m 30.422 ms - 791[0m
[0mGET / [36m304[0m 62.750 ms - -[0m
[0mGET /chat/5efc6b3be17d013bb4a6668d [32m200[0m 22.995 ms - 791[0m
[0mGET / [36m304[0m 83.587 ms - -[0m
[0mGET / [36m304[0m 79.001 ms - -[0m
[0mGET /chat/5efc6b29e17d013bb4a6668c [32m200[0m 28.666 ms - 791[0m
[0mGET / [36m304[0m 55.884 ms - -[0m
[0mGET / [36m304[0m 23.620 ms - -[0m
[0mGET /chat/5efc6b3be17d013bb4a6668d [32m200[0m 36.471 ms - 791[0m
[0mGET / [36m304[0m 126.550 ms - -[0m
[0mGET / [36m304[0m 64.836 ms - -[0m
[0mGET /chat/5efc6b29e17d013bb4a6668c [32m200[0m 26.192 ms - 791[0m
[0mGET /chat/5efc6b3be17d013bb4a6668d [32m200[0m 25.903 ms - 791[0m
[0mGET / [36m304[0m 71.360 ms - -[0m
[0mGET / [36m304[0m 55.295 ms - -[0m
[0mGET / [36m304[0m 118.974 ms - -[0m
[0mGET / [36m304[0m 78.052 ms - -[0m
[0mGET /chat/5efc6b29e17d013bb4a6668c [32m200[0m 26.677 ms - 791[0m
[0mGET / [36m304[0m 29.623 ms - -[0m
[0mGET / [36m304[0m 51.025 ms - -[0m
[0mGET / [36m304[0m 67.829 ms - -[0m
[0mGET / [36m304[0m 40.005 ms - -[0m
[0mGET /chat/5efc6b29e17d013bb4a6668c [32m200[0m 26.799 ms - 791[0m
[0mGET /chat/5efc6b3be17d013bb4a6668d [32m200[0m 34.131 ms - 791[0m
[0mGET / [36m304[0m 356.438 ms - -[0m
[0mGET / [36m304[0m 86.646 ms - -[0m
[0mGET /chat/5efc6b29e17d013bb4a6668c [32m200[0m 35.128 ms - 791[0m
[0mGET /chat/5efc6b3be17d013bb4a6668d [32m200[0m 32.156 ms - 791[0m
[0mGET / [36m304[0m 77.719 ms - -[0m
[0mGET /chat/5efc6b29e17d013bb4a6668c [32m200[0m 35.001 ms - 791[0m
[0mGET /chat/5efc6b3be17d013bb4a6668d [32m200[0m 28.750 ms - 791[0m
[0mGET / [36m304[0m 61.552 ms - -[0m
[0mGET /chat/5efc6b3be17d013bb4a6668d [32m200[0m 30.692 ms - 791[0m
[0mGET / [36m304[0m 102.669 ms - -[0m
[0mGET / [36m304[0m 81.378 ms - -[0m
[0mGET /chat/5efc6b29e17d013bb4a6668c [32m200[0m 26.043 ms - 791[0m
[0mGET /chat/5efc6b3be17d013bb4a6668d [32m200[0m 39.361 ms - 791[0m
[0mGET / [36m304[0m 120.747 ms - -[0m
[0mGET / [36m304[0m 29.780 ms - -[0m
[0mGET /chat/5efc6b29e17d013bb4a6668c [32m200[0m 33.723 ms - 791[0m
[0mGET /chat/5efc6b3be17d013bb4a6668d [32m200[0m 24.952 ms - 791[0m
[0mGET / [36m304[0m 124.136 ms - -[0m
[0mGET / [36m304[0m 70.632 ms - -[0m
[0mGET /chat/5efc6b3be17d013bb4a6668d [32m200[0m 33.661 ms - 791[0m
[0mGET /chat/5efc6b29e17d013bb4a6668c [32m200[0m 20.971 ms - 791[0m
[0mGET / [36m304[0m 109.166 ms - -[0m
[0mGET / [36m304[0m 79.426 ms - -[0m
[0mGET /chat/5efc6b29e17d013bb4a6668c [32m200[0m 24.078 ms - 791[0m
[0mGET /chat/5efc6b3be17d013bb4a6668d [32m200[0m 29.985 ms - 791[0m
[0mGET / [36m304[0m 111.255 ms - -[0m
[0mGET /chat/5efc6b3be17d013bb4a6668d [32m200[0m 44.148 ms - 791[0m
[0mGET / [36m304[0m 44.275 ms - -[0m
[0mGET /chat/5efc6b3be17d013bb4a6668d [32m200[0m 34.606 ms - 791[0m
[0mGET /chat/5efc6b29e17d013bb4a6668c [32m200[0m 29.273 ms - 791[0m
[0mGET / [36m304[0m 33.914 ms - -[0m
[0mGET /chat/5efc6b29e17d013bb4a6668c [32m200[0m 34.260 ms - 791[0m
[0mGET / [36m304[0m 43.574 ms - -[0m
[0mGET /chat/5efc6b3be17d013bb4a6668d [32m200[0m 31.899 ms - 791[0m
[0mGET / [36m304[0m 151.456 ms - -[0m
[0mGET / [36m304[0m 64.135 ms - -[0m
[0mGET /chat/5efc6b29e17d013bb4a6668c [32m200[0m 35.679 ms - 791[0m
[0mGET /chat/5efc6b3be17d013bb4a6668d [32m200[0m 50.570 ms - 791[0m
[0mGET / [36m304[0m 108.464 ms - -[0m
[0mGET / [36m304[0m 64.472 ms - -[0m
[0mGET /chat/5efc6b3be17d013bb4a6668d [32m200[0m 37.850 ms - 791[0m
[0mGET / [36m304[0m 125.116 ms - -[0m
[0mGET / [36m304[0m 69.006 ms - -[0m
[0mGET /chat/5efc6b29e17d013bb4a6668c [32m200[0m 35.571 ms - 791[0m
[0mGET /chat/5efc6b3be17d013bb4a6668d [32m200[0m 36.538 ms - 791[0m
[0mGET / [36m302[0m 44.268 ms - 72[0m
[0mGET /users/sign-in [36m304[0m 106.667 ms - -[0m
[0mGET /users/sign-in [36m304[0m 43.901 ms - -[0m
[0mGET / [36m302[0m 2.145 ms - 72[0m
[0mGET /users/sign-in [36m304[0m 8.283 ms - -[0m
[0mPOST /users/create-session [36m302[0m 34.585 ms - 46[0m
[0mPOST /users/create-session [36m302[0m 12.420 ms - 46[0m
[0mGET / [32m200[0m 262.702 ms - 6173[0m
[0mGET / [32m200[0m 62.738 ms - 5883[0m
[0mGET /users/profile/5efc6b3be17d013bb4a6668d [36m304[0m 44.974 ms - -[0m
[0mGET / [36m304[0m 27.511 ms - -[0m
[0mGET /chat/5efc6b29e17d013bb4a6668c [32m200[0m 50.621 ms - 791[0m
[0mGET / [36m302[0m 5.883 ms - 72[0m
[0mGET /users/sign-in [36m304[0m 9.837 ms - -[0m
[0mPOST /users/create-session [36m302[0m 13.601 ms - 46[0m
[0mGET / [32m200[0m 64.184 ms - 6172[0m
[0mGET /chat/5efc6b3be17d013bb4a6668d [32m200[0m 55.933 ms - 791[0m
[0mGET / [32m200[0m 51.803 ms - 5882[0m
[0mGET / [36m304[0m 56.816 ms - -[0m
[0mGET /chat/5efc6b29e17d013bb4a6668c [32m200[0m 19.526 ms - 791[0m
[0mGET / [36m304[0m 54.359 ms - -[0m
[0mGET /chat/5efc6b3be17d013bb4a6668d [32m200[0m 15.520 ms - 791[0m
[0mGET / [36m304[0m 123.371 ms - -[0m
[0mGET / [36m304[0m 44.996 ms - -[0m
[0mGET /chat/5efc6b29e17d013bb4a6668c [32m200[0m 26.437 ms - 791[0m
[0mGET / [36m304[0m 787.867 ms - -[0m
[0mGET /chat/5efc6b3be17d013bb4a6668d [32m200[0m 50.381 ms - 791[0m
[0mGET /front_end1/audio/swiftly.mp3 [33m404[0m 13.013 ms - 167[0m
[0mPOST /users/create-session [36m302[0m 114.666 ms - 46[0m
[0mGET / [32m200[0m 62.046 ms - 6173[0m
[0mGET /chat/5efc6b29e17d013bb4a6668c [32m200[0m 25.487 ms - 791[0m
[0mGET /front_end1/audio/swiftly.mp3 [33m404[0m 20.075 ms - 167[0m
[0mGET /front_end1/audio/swiftly.mp3 [33m404[0m 8.874 ms - 167[0m
[0mGET /front_end1/audio/swiftly.mp3 [33m404[0m 14.093 ms - 167[0m
[0mGET /front_end1/audio/swiftly.mp3 [33m404[0m 13.556 ms - 167[0m
[0mGET /front_end1/audio/swiftly.mp3 [33m404[0m 6.567 ms - 167[0m
[0mGET /front_end1/audio/swiftly.mp3 [33m404[0m 18.410 ms - 167[0m
[0mGET / [36m304[0m 156.977 ms - -[0m
[0mGET /chat/5efc6b3be17d013bb4a6668d [32m200[0m 38.106 ms - 791[0m
[0mGET /front_end1/audio/swiftly.mp3 [33m404[0m 26.911 ms - 167[0m
[0mGET /front_end1/audio/swiftly.mp3 [33m404[0m 23.950 ms - 167[0m
[0mGET /front_end1/audio/swiftly.mp3 [33m404[0m 19.211 ms - 167[0m
[0mGET /front_end1/audio/swiftly.mp3 [33m404[0m 18.613 ms - 167[0m
[0mGET / [36m304[0m 59.938 ms - -[0m
[0mGET / [32m200[0m 53.207 ms - 5883[0m
[0mGET / [36m304[0m 114.812 ms - -[0m
[0mGET / [36m304[0m 80.101 ms - -[0m
[0mGET /chat/5efc6b3be17d013bb4a6668d [32m200[0m 24.902 ms - 791[0m
[0mGET / [36m304[0m 157.758 ms - -[0m
[0mGET / [36m304[0m 74.614 ms - -[0m
[0mGET /chat/5efc6b3be17d013bb4a6668d [32m200[0m 35.898 ms - 791[0m
[0mGET /front_end1/audio/dead.mp3 [33m404[0m 9.690 ms - 164[0m
[0mGET /front_end1/audio/dead.mp3 [33m404[0m 11.711 ms - 164[0m
[0mGET / [36m304[0m 150.674 ms - -[0m
[0mGET /chat/5efc6b3be17d013bb4a6668d [32m200[0m 36.592 ms - 791[0m
[0mGET /front_end1/audio/dead.mp3 [33m404[0m 13.367 ms - 164[0m
[0mGET / [36m304[0m 143.086 ms - -[0m
[0mGET / [36m304[0m 74.455 ms - -[0m
[0mGET /chat/5efc6b3be17d013bb4a6668d [32m200[0m 35.504 ms - 791[0m
[0mGET /front_end1/audio/dead.mp3 [33m404[0m 7.357 ms - 164[0m
[0mGET /front_end1/audio/dead.mp3 [33m404[0m 21.978 ms - 164[0m
[0mGET / [36m304[0m 118.519 ms - -[0m
[0mGET /chat/5efc6b3be17d013bb4a6668d [32m200[0m 45.813 ms - 791[0m
[0mGET /front_end1/audio/dead.mp3 [33m404[0m 12.966 ms - 164[0m
[0mGET /front_end1/audio/dead.mp3 [33m404[0m 14.329 ms - 164[0m
[0mGET / [36m304[0m 126.814 ms - -[0m
[0mGET /chat/5efc6b29e17d013bb4a6668c [32m200[0m 33.096 ms - 791[0m
[0mGET /favicon.ico [33m404[0m 22.186 ms - 150[0m
[0mGET / [36m304[0m 56.648 ms - -[0m
[0mGET / [36m304[0m 55.495 ms - -[0m
[0mGET /chat/5efc6b29e17d013bb4a6668c [32m200[0m 20.315 ms - 791[0m
[0mGET /favicon.ico [33m404[0m 17.137 ms - 150[0m
[0mGET / [36m304[0m 32.081 ms - -[0m
[0mGET /chat/5efc6b29e17d013bb4a6668c [32m200[0m 38.983 ms - 791[0m
[0mGET /favicon.ico [33m404[0m 18.228 ms - 150[0m
[0mGET /front_end1/audio/dead.mp3 [33m404[0m 9.007 ms - 164[0m
[0mGET /front_end1/audio/dead.mp3 [33m404[0m 6.601 ms - 164[0m
[0mGET /front_end1/audio/dead.mp3 [33m404[0m 4.672 ms - 164[0m
[0mGET /front_end1/audio/dead.mp3 [33m404[0m 6.698 ms - 164[0m
[0mGET /front_end1/audio/dead.mp3 [33m404[0m 5.453 ms - 164[0m
[0mGET /front_end1/audio/dead.mp3 [33m404[0m 5.184 ms - 164[0m
[0mGET /front_end1/audio/dead.mp3 [33m404[0m 8.926 ms - 164[0m
[0mGET / [36m304[0m 45.068 ms - -[0m
[0mGET /chat/5efc6b3be17d013bb4a6668d [32m200[0m 61.257 ms - 791[0m
[0mGET /favicon.ico [33m404[0m 11.686 ms - 150[0m
[0mGET /favicon.ico [33m404[0m 8.060 ms - 150[0m
[0mGET / [36m304[0m 65.763 ms - -[0m
[0mGET / [36m304[0m 66.814 ms - -[0m
[0mGET / [36m304[0m 47.041 ms - -[0m
[0mGET / [36m304[0m 48.731 ms - -[0m
[0mGET / [36m304[0m 30.727 ms - -[0m
[0mGET /chat/5efc6b29e17d013bb4a6668c [32m200[0m 17.135 ms - 791[0m
[0mGET / [36m304[0m 46.287 ms - -[0m
[0mGET /chat/5efc6b29e17d013bb4a6668c [32m200[0m 19.874 ms - 791[0m
[0mGET / [36m304[0m 126.621 ms - -[0m
[0mGET /chat/5efc6b29e17d013bb4a6668c [32m200[0m 26.078 ms - 791[0m
[0mGET /users/sign-out [36m302[0m 68.276 ms - 72[0m
[0mGET /users/sign-in [32m200[0m 71.423 ms - 2656[0m
[0mGET /users/sign-out [0m-[0m - ms - -[0m
[0mGET / [36m302[0m 8.457 ms - 72[0m
[0mGET /users/sign-in [32m200[0m 6.486 ms - 2365[0m
[0mGET / [36m302[0m 4.549 ms - 72[0m
[0mGET /users/sign-in [36m304[0m 6.627 ms - -[0m
[0mPOST /users/create-session [36m302[0m 16.557 ms - 46[0m
[0mGET / [32m200[0m 50.101 ms - 6173[0m
[0mGET / [32m200[0m 42.940 ms - 5883[0m
[0mGET /chat/5efc6b29e17d013bb4a6668c [32m200[0m 28.081 ms - 791[0m
[0mGET /chat/5efc6b3be17d013bb4a6668d [32m200[0m 25.537 ms - 791[0m
[0mGET / [36m304[0m 32.736 ms - -[0m
[0mGET /chat/5efc6b29e17d013bb4a6668c [32m200[0m 21.904 ms - 791[0m
[0mGET / [36m304[0m 40.557 ms - -[0m
[0mGET /chat/5efc6b3be17d013bb4a6668d [32m200[0m 24.322 ms - 791[0m
[0mGET /favicon.ico [33m404[0m 7.833 ms - 150[0m
[0mGET /favicon.ico [33m404[0m 9.037 ms - 150[0m
[0mGET /favicon.ico [33m404[0m 8.811 ms - 150[0m
[0mGET /favicon.ico [33m404[0m 75.650 ms - 150[0m
[0mGET /favicon.ico [33m404[0m 30.468 ms - 150[0m
[0mGET / [36m304[0m 75.834 ms - -[0m
[0mGET / [36m304[0m 57.783 ms - -[0m
[0mGET /chat/5efc6b3be17d013bb4a6668d [32m200[0m 77.083 ms - 791[0m
[0mGET / [36m304[0m 39.801 ms - -[0m
[0mGET /chat/5efc6b29e17d013bb4a6668c [32m200[0m 15.744 ms - 791[0m
[0mGET /favicon.ico [33m404[0m 25.249 ms - 150[0m
[0mGET /favicon.ico [33m404[0m 8.252 ms - 150[0m
[0mGET /favicon.ico [33m404[0m 10.192 ms - 150[0m
[0mGET /favicon.ico [33m404[0m 7.322 ms - 150[0m
[0mGET /favicon.ico [33m404[0m 4.568 ms - 150[0m
[0mGET /favicon.ico [33m404[0m 4.278 ms - 150[0m
[0mGET /favicon.ico [33m404[0m 62.034 ms - 150[0m
[0mGET /favicon.ico [33m404[0m 15.331 ms - 150[0m
[0mGET / [32m200[0m 111.880 ms - 5882[0m
[0mGET /favicon.ico [33m404[0m 7.013 ms - 150[0m
[0mGET /chat/5efc6b29e17d013bb4a6668c [32m200[0m 30.620 ms - 791[0m
[0mGET / [36m302[0m 12.081 ms - 72[0m
[0mGET /users/sign-in [36m304[0m 32.127 ms - -[0m
[0mGET /favicon.ico [33m404[0m 8.440 ms - 150[0m
[0mPOST /users/create-session [36m302[0m 19.002 ms - 46[0m
[0mGET / [32m200[0m 39.819 ms - 6172[0m
[0mGET / [36m302[0m 1.543 ms - 72[0m
[0mGET /users/sign-in [32m200[0m 9.234 ms - 2365[0m
[0mPOST /users/create-session [36m302[0m 15.354 ms - 46[0m
[0mGET / [32m200[0m 36.113 ms - 6171[0m
[0mGET /chat/5efc6b3be17d013bb4a6668d [32m200[0m 42.052 ms - 791[0m
[0mGET /chat/5efc6b29e17d013bb4a6668c [32m200[0m 31.246 ms - 791[0m
[0mGET /favicon.ico [33m404[0m 7.293 ms - 150[0m
[0mGET /favicon.ico [33m404[0m 15.668 ms - 150[0m
[0mGET /favicon.ico [33m404[0m 15.287 ms - 150[0m
[0mGET /favicon.ico [33m404[0m 12.836 ms - 150[0m
[0mPOST /posts/create [32m200[0m 136.626 ms - 295[0m
[0mGET /favicon.ico [33m404[0m 52.220 ms - 150[0m
[0mGET /favicon.ico [33m404[0m 36.277 ms - 150[0m
[0mGET / [32m200[0m 144.087 ms - 7694[0m
[0mPOST /posts/create [32m200[0m 21.564 ms - 295[0m
[0mGET / [32m200[0m 127.574 ms - 9492[0m
[0mGET / [32m200[0m 65.360 ms - 9249[0m
[0mPOST /posts/create [32m200[0m 44.098 ms - 294[0m
[0mPOST /posts/create [32m200[0m 22.685 ms - 294[0m
[0mGET /posts/destroy/5efef55f7aea0b114396d103 [32m200[0m 64.423 ms - 72[0m
[0mGET /posts/destroy/5efef5557aea0b114396d102 [32m200[0m 14.580 ms - 72[0m
[0mPOST /comments/create [32m200[0m 29.792 ms - 325[0m
[0mGET / [32m200[0m 176.470 ms - 10426[0m
[0mPOST /comments/create [32m200[0m 22.412 ms - 325[0m
[0mPOST /posts/create [32m200[0m 35.450 ms - 294[0m
[0mGET / [32m200[0m 143.248 ms - 13399[0m
[0mPOST /search [32m200[0m 266.836 ms - 347[0m
[0mGET / [36m302[0m 11.292 ms - 72[0m
[0mGET /users/sign-in [36m304[0m 28.752 ms - -[0m
[0mPOST /users/create-session [36m302[0m 27.620 ms - 46[0m
[0mGET / [32m200[0m 92.273 ms - 13689[0m
[0mGET / [32m200[0m 201.273 ms - 13387[0m
[0mGET / [36m304[0m 85.064 ms - -[0m
[0mGET / [36m304[0m 87.712 ms - -[0m
[0mGET / [36m304[0m 88.032 ms - -[0m
[0mGET / [36m304[0m 69.388 ms - -[0m
[0mGET / [36m304[0m 93.574 ms - -[0m
[0mGET / [36m304[0m 68.612 ms - -[0m
[0mGET / [36m304[0m 70.320 ms - -[0m
[0mGET / [36m304[0m 88.063 ms - -[0m
[0mGET / [36m304[0m 66.379 ms - -[0m
[0mGET / [36m304[0m 64.762 ms - -[0m
[0mGET / [36m304[0m 61.351 ms - -[0m
[0mGET / [32m200[0m 167.131 ms - 12982[0m
[0mPOST /posts/create [32m200[0m 32.268 ms - 344[0m
[0mPOST /posts/create [32m200[0m 29.967 ms - 344[0m
[0mGET /posts/destroy/5eff2b0f04301b25f0284886 [32m200[0m 14.852 ms - 72[0m
[0mGET /posts/destroy/5eff2afa04301b25f0284885 [32m200[0m 15.396 ms - 72[0m
[0mGET /posts/destroy/5eff2afa04301b25f0284885 [36m302[0m 33.739 ms - 44[0m
[0mGET / [32m200[0m 94.937 ms - 13264[0m
[0mGET /posts/destroy/5efef8b857a22a12b1c202a5 [32m200[0m 39.075 ms - 72[0m
[0mGET / [32m200[0m 67.710 ms - 11302[0m
[0mPOST /posts/create [32m200[0m 19.968 ms - 344[0m
[0mGET /posts/destroy/5eff2b4d04301b25f0284887 [32m200[0m 27.041 ms - 72[0m
[0mGET / [36m304[0m 70.021 ms - -[0m
[0mPOST /posts/create [32m200[0m 39.009 ms - 344[0m
[0mGET / [32m200[0m 77.470 ms - 13112[0m
[0mPOST /posts/create [32m200[0m 48.537 ms - 294[0m
[0mGET / [32m200[0m 138.009 ms - 14792[0m
[0mGET /posts/destroy/5eff320e6320392694e74d75 [32m200[0m 17.502 ms - 72[0m
[0mGET /posts/destroy/5eff2b6a04301b25f0284888 [32m200[0m 18.740 ms - 72[0m
[0mPOST /posts/create [32m200[0m 29.322 ms - 294[0m
[0mGET /posts/destroy/5eff32356320392694e74d76 [32m200[0m 35.877 ms - 72[0m
[0mPOST /posts/create [32m200[0m 10.833 ms - 294[0m
[0mPOST /posts/create [32m200[0m 29.555 ms - 344[0m
[0mGET /posts/destroy/5eff324a6320392694e74d78 [32m200[0m 21.836 ms - 72[0m
[0mGET /posts/destroy/5eff324a6320392694e74d78 [36m302[0m 10.717 ms - 44[0m
[0mGET / [32m200[0m 46.755 ms - 13264[0m
[0mGET /posts/destroy/5eff324a6320392694e74d78 [36m302[0m 50.690 ms - 44[0m
[0mGET / [36m304[0m 64.655 ms - -[0m
[0mGET / [32m200[0m 162.740 ms - 12982[0m
[0mPOST /posts/create [32m200[0m 35.185 ms - 344[0m
[0mGET /posts/destroy/5eff33441c1aee29cabc08c3 [32m200[0m 27.592 ms - 72[0m
[0mPOST /posts/create [32m200[0m 46.772 ms - 344[0m
[0mGET / [32m200[0m 185.417 ms - 14835[0m
[0mGET /users/profile/5efc6b3be17d013bb4a6668d [36m304[0m 60.233 ms - -[0m
[0mGET / [36m304[0m 166.161 ms - -[0m
[0mGET / [36m304[0m 182.680 ms - -[0m
[0mGET /posts/destroy/5eff35686386882ad775296a [32m200[0m 26.289 ms - 72[0m
[0mGET / [32m200[0m 132.426 ms - 12982[0m
[0mGET / [36m304[0m 182.910 ms - -[0m
[0mGET / [36m302[0m 25.714 ms - 72[0m
[0mGET /users/sign-in [36m304[0m 31.059 ms - -[0m
[0mPOST /users/create-session [36m302[0m 19.971 ms - 46[0m
[0mGET / [32m200[0m 67.847 ms - 13272[0m
[0mGET / [32m200[0m 92.572 ms - 12982[0m
[0mGET / [36m304[0m 63.590 ms - -[0m
[0mGET / [36m304[0m 81.100 ms - -[0m
[0mGET / [36m304[0m 64.857 ms - -[0m
[0mGET / [36m304[0m 108.144 ms - -[0m
[0mPOST /posts/create [0m-[0m - ms - -[0m
[0mPOST /posts/create [0m-[0m - ms - -[0m
[0mPOST /posts/create [32m200[0m 32.705 ms - 344[0m
[0mGET / [32m200[0m 95.477 ms - 14836[0m
[0mPOST /posts/create [0m-[0m - ms - -[0m
[0mGET / [32m200[0m 82.906 ms - 14835[0m
[0mGET / [32m200[0m 71.136 ms - 14835[0m
[0mGET / [36m304[0m 34.531 ms - -[0m
[0mGET / [32m200[0m 65.639 ms - 14835[0m
[0mGET / [36m304[0m 60.498 ms - -[0m
[0mGET / [32m200[0m 72.809 ms - 14835[0m
[0mGET / [36m304[0m 74.205 ms - -[0m
[0mGET / [36m304[0m 51.589 ms - -[0m
[0mGET / [36m304[0m 61.476 ms - -[0m
[0mGET /uploads/pic_posts/pics/pic-1593795156855 [33m404[0m 5.767 ms - 179[0m
[0mGET /posts/destroy/5eff6254dfbf253568d76faa [36m302[0m 19.649 ms - 44[0m
[0mGET / [32m200[0m 57.146 ms - 15117[0m
[0mGET /posts/destroy/5eff6254dfbf253568d76faa [36m302[0m 11.659 ms - 44[0m
[0mGET / [36m304[0m 28.650 ms - -[0m
[0mGET / [32m200[0m 57.069 ms - 14835[0m
[0mGET /uploads/pic_posts/pics/pic-1593795156855 [33m404[0m 10.023 ms - 179[0m
[0mGET /posts/destroy/5eff6254dfbf253568d76faa [36m302[0m 17.120 ms - 44[0m
[0mGET / [32m200[0m 31.093 ms - 15117[0m
[0mGET / [32m200[0m 65.476 ms - 12982[0m
[0mPOST /posts/create [32m200[0m 24.319 ms - 344[0m
[0mPOST /posts/create [32m200[0m 27.775 ms - 344[0m
[0mGET /posts/destroy/5eff6378dfbf253568d76fad [32m200[0m 42.813 ms - 72[0m
[0mGET /posts/destroy/5eff636edfbf253568d76fac [32m200[0m 30.688 ms - 72[0m
[0mPOST /posts/create [32m200[0m 57.843 ms - 344[0m
[0mGET / [32m200[0m 173.809 ms - 14835[0m
[0mGET / [36m304[0m 133.406 ms - -[0m
[0mGET / [32m200[0m 88.404 ms - 14810[0m
[0mGET / [32m200[0m 131.490 ms - 14835[0m
[0mGET / [36m304[0m 81.903 ms - -[0m
[0mGET /posts/destroy/5eff6654bb857b389eedb7a8 [32m200[0m 23.044 ms - 72[0m
[0mPOST /posts/create [32m200[0m 32.865 ms - 344[0m
[0mGET / [32m200[0m 83.380 ms - 14835[0m
[0mGET /posts/destroy/5eff66e3bb857b389eedb7a9 [32m200[0m 42.865 ms - 72[0m
[0mPOST /posts/create [32m200[0m 20.535 ms - 344[0m
[0mGET / [32m200[0m 112.704 ms - 14833[0m
[0mGET / [32m200[0m 76.813 ms - 14835[0m
[0mGET / [32m200[0m 138.064 ms - 14835[0m
