[0mGET / [36m302[0m 18.651 ms - 72[0m
[0mGET /users/sign-in [36m304[0m 8.029 ms - -[0m
[0mGET /users/auth/google [36m302[0m 14.756 ms - 0[0m
[0mGET /users/auth/google/callback?code=4%2F2gF-owKtx32Pqx3bB69dXzy0BKTBETdgktRdVpEvhD_eJg97Yuo-VlwDJOTqoCR2uvS-Wzan4XVVmUTjOOPreLY&scope=email+profile+https%3A%2F%2Fwww.googleapis.com%2Fauth%2Fuserinfo.profile+https%3A%2F%2Fwww.googleapis.com%2Fauth%2Fuserinfo.email+openid&authuser=1&prompt=consent [36m302[0m 1299.954 ms - 46[0m
[0mGET / [32m200[0m 124.112 ms - 67308[0m
[0mGET / [36m302[0m 3.965 ms - 72[0m
[0mGET /users/sign-in [36m304[0m 7.035 ms - -[0m
[0mPOST /users/create-session [36m302[0m 5.378 ms - 46[0m
[0mGET / [32m200[0m 95.458 ms - 65975[0m
[0mGET / [36m302[0m 1.469 ms - 72[0m
[0mGET /users/sign-in [36m304[0m 3.960 ms - -[0m
[0mPOST /users/create-session [36m302[0m 20.104 ms - 46[0m
[0mGET / [32m200[0m 84.642 ms - 68530[0m
[0mGET /chat/5efc6b3be17d013bb4a6668d [32m200[0m 74.948 ms - 899[0m
[0mGET /chat/5efc6b29e17d013bb4a6668c [32m200[0m 67.000 ms - 900[0m
[0mGET /favicon.ico [33m404[0m 10.809 ms - 150[0m
[0mGET /favicon.ico [33m404[0m 9.178 ms - 150[0m
[0mGET /chat/5efc6b3be17d013bb4a6668d [32m200[0m 44.595 ms - 983[0m
[0mGET /chat/5eff889bb54ab544997b0e14 [32m200[0m 68.602 ms - 975[0m
[0mGET /favicon.ico [33m404[0m 7.616 ms - 150[0m
[0mGET /favicon.ico [33m404[0m 11.337 ms - 150[0m
[0mGET /favicon.ico [33m404[0m 1.053 ms - 150[0m
[0mGET /favicon.ico [33m404[0m 0.910 ms - 150[0m
[0mGET / [36m302[0m 6.819 ms - 72[0m
[0mGET /users/sign-in [36m304[0m 10.979 ms - -[0m
[0mGET / [36m302[0m 3.164 ms - 72[0m
[0mGET /users/sign-in [36m304[0m 11.187 ms - -[0m
[0mGET / [36m302[0m 3.254 ms - 72[0m
[0mGET /users/sign-in [32m200[0m 5.561 ms - 2784[0m
[0mPOST /users/create-session [36m302[0m 34.549 ms - 46[0m
[0mGET / [32m200[0m 107.146 ms - 65972[0m
[0mGET /chat/5efc6b29e17d013bb4a6668c [32m200[0m 66.051 ms - 900[0m
[0mGET / [32m200[0m 200.992 ms - 65682[0m
[0mGET /chat/5efc6b29e17d013bb4a6668c [32m200[0m 84.833 ms - 900[0m
[0mPOST /users/create-session [36m302[0m 19.205 ms - 46[0m
[0mGET / [32m200[0m 94.968 ms - 68530[0m
[0mGET /chat/5efc6b3be17d013bb4a6668d [32m200[0m 30.931 ms - 899[0m
[0mGET /favicon.ico [33m404[0m 18.580 ms - 150[0m
[0mGET /favicon.ico [33m404[0m 6.179 ms - 150[0m
[0mGET /favicon.ico [33m404[0m 12.048 ms - 150[0m
[0mGET /users/auth/google [36m302[0m 15.522 ms - 0[0m
[0mGET /users/auth/google/callback?code=4%2F2gHVfa9-A3ZJsJXcfqMFIWQMgib2FiZ2NpdR1FuAfDbl-QDvz3Uyym9ONGAb4Xd17gKxanuflpEIHIhd7vy0fvc&scope=email+profile+https%3A%2F%2Fwww.googleapis.com%2Fauth%2Fuserinfo.profile+https%3A%2F%2Fwww.googleapis.com%2Fauth%2Fuserinfo.email+openid&authuser=1&prompt=consent [36m302[0m 1188.092 ms - 46[0m
[0mGET / [32m200[0m 112.653 ms - 67308[0m
[0mGET /chat/5efc6b3be17d013bb4a6668d [32m200[0m 51.099 ms - 983[0m
[0mGET /chat/5eff889bb54ab544997b0e14 [32m200[0m 65.788 ms - 975[0m
[0mGET /favicon.ico [33m404[0m 7.937 ms - 150[0m
[0mGET /favicon.ico [33m404[0m 6.552 ms - 150[0m
[0mGET /favicon.ico [33m404[0m 13.410 ms - 150[0m
[0mGET /favicon.ico [33m404[0m 5.836 ms - 150[0m
[0mGET /favicon.ico [33m404[0m 12.036 ms - 150[0m
[0mGET /favicon.ico [33m404[0m 4.884 ms - 150[0m
[0mGET /favicon.ico [33m404[0m 6.530 ms - 150[0m
[0mGET /favicon.ico [33m404[0m 5.351 ms - 150[0m
[0mGET /favicon.ico [33m404[0m 10.971 ms - 150[0m
[0mGET / [36m302[0m 21.272 ms - 72[0m
[0mGET /users/sign-in [36m304[0m 33.903 ms - -[0m
[0mPOST /users/create-session [36m302[0m 33.229 ms - 46[0m
[0mGET / [32m200[0m 106.932 ms - 65972[0m
[0mGET /chat/5efc6b29e17d013bb4a6668c [32m200[0m 52.413 ms - 900[0m
[0mGET /chat/5eff889bb54ab544997b0e14 [32m200[0m 57.020 ms - 975[0m
[0mGET /favicon.ico [33m404[0m 15.668 ms - 150[0m
[0mGET /favicon.ico [33m404[0m 1.534 ms - 150[0m
[0mGET /chat/5efc6b29e17d013bb4a6668c [36m304[0m 60.356 ms - -[0m
[0mGET /favicon.ico [33m404[0m 2.625 ms - 150[0m
[0mGET /favicon.ico [33m404[0m 9.227 ms - 150[0m
[0mGET / [32m200[0m 153.693 ms - 65682[0m
[0mGET /chat/5efc6b29e17d013bb4a6668c [32m200[0m 56.563 ms - 900[0m
[0mGET /favicon.ico [33m404[0m 9.296 ms - 150[0m
[0mGET /favicon.ico [33m404[0m 2.246 ms - 150[0m
[0mGET / [36m304[0m 129.840 ms - -[0m
[0mGET /chat/5eff889bb54ab544997b0e14 [32m200[0m 75.637 ms - 975[0m
[0mGET /favicon.ico [33m404[0m 9.754 ms - 150[0m
[0mGET / [36m302[0m 1.080 ms - 72[0m
[0mGET /users/sign-in [32m200[0m 5.781 ms - 2784[0m
[0mGET / [36m304[0m 108.980 ms - -[0m
[0mGET /chat/5eff889bb54ab544997b0e14 [32m200[0m 53.008 ms - 975[0m
[0mGET / [36m304[0m 131.181 ms - -[0m
[0mGET / [36m304[0m 102.794 ms - -[0m
[0mGET /chat/5eff889bb54ab544997b0e14 [32m200[0m 41.435 ms - 975[0m
[0mGET /chat/5efc6b29e17d013bb4a6668c [32m200[0m 53.023 ms - 900[0m
[0mGET /favicon.ico [33m404[0m 21.184 ms - 150[0m
[0mGET /favicon.ico [33m404[0m 9.620 ms - 150[0m
[0mGET / [36m304[0m 154.799 ms - -[0m
[0mGET /chat/5eff889bb54ab544997b0e14 [32m200[0m 52.305 ms - 975[0m
[0mGET / [36m304[0m 213.288 ms - -[0m
[0mGET /chat/5efc6b29e17d013bb4a6668c [32m200[0m 32.513 ms - 900[0m
[0mGET / [36m304[0m 128.153 ms - -[0m
[0mGET / [36m304[0m 196.963 ms - -[0m
[0mGET /chat/5efc6b29e17d013bb4a6668c [32m200[0m 67.253 ms - 900[0m
[0mGET / [36m304[0m 108.292 ms - -[0m
[0mGET / [36m304[0m 207.248 ms - -[0m
[0mGET /chat/5efc6b29e17d013bb4a6668c [32m200[0m 51.131 ms - 900[0m
[0mGET / [36m304[0m 113.836 ms - -[0m
[0mGET /chat/5efc6b29e17d013bb4a6668c [32m200[0m 64.899 ms - 900[0m
[0mGET / [36m304[0m 194.816 ms - -[0m
[0mGET /chat/5efc6b29e17d013bb4a6668c [32m200[0m 32.744 ms - 900[0m
[0mGET / [36m304[0m 111.482 ms - -[0m
[0mGET / [36m302[0m 27.032 ms - 72[0m
[0mGET /users/sign-in [36m304[0m 20.337 ms - -[0m
[0mGET /chat/5efc6b29e17d013bb4a6668c [0m-[0m - ms - -[0m
[0mPOST /users/create-session [36m302[0m 37.884 ms - 46[0m
[0mGET / [32m200[0m 136.999 ms - 65972[0m
[0mGET /chat/5efc6b29e17d013bb4a6668c [32m200[0m 26.559 ms - 900[0m
[0mGET / [32m200[0m 123.627 ms - 65682[0m
[0mGET / [36m304[0m 206.939 ms - -[0m
[0mGET /chat/5efc6b29e17d013bb4a6668c [32m200[0m 63.052 ms - 900[0m
[0mGET /favicon.ico [33m404[0m 6.953 ms - 150[0m
[0mGET /favicon.ico [33m404[0m 11.852 ms - 150[0m
[0mGET /chat/5eff889bb54ab544997b0e14 [32m200[0m 70.202 ms - 975[0m
[0mGET /users/sign-in [36m304[0m 6.853 ms - -[0m
[0mGET / [36m304[0m 159.211 ms - -[0m
[0mGET /users/sign-out [36m302[0m 48.047 ms - 72[0m
[0mGET /users/sign-in [32m200[0m 14.368 ms - 3075[0m
[0mPOST /users/create-session [36m302[0m 11.404 ms - 46[0m
[0mGET / [32m200[0m 117.467 ms - 65972[0m
[0mGET / [36m302[0m 4.622 ms - 72[0m
[0mGET /users/sign-in [36m304[0m 6.757 ms - -[0m
[0mPOST /users/create-session [36m302[0m 16.589 ms - 46[0m
[0mGET / [32m200[0m 90.910 ms - 68530[0m
[0mGET /users/auth/google [36m302[0m 3.672 ms - 0[0m
[0mGET /users/auth/google/callback?code=4%2F2gGqcxv2vVzTplFUYBC9e8SJ5RTBhLuZIr1hs8hEje16-5RAvfUKYNbz0GIodaTco0K-OWwOZ9RxcqT1NZee7vk&scope=email+profile+https%3A%2F%2Fwww.googleapis.com%2Fauth%2Fuserinfo.profile+https%3A%2F%2Fwww.googleapis.com%2Fauth%2Fuserinfo.email+openid&authuser=1&prompt=consent [36m302[0m 871.643 ms - 46[0m
[0mGET / [32m200[0m 124.581 ms - 67308[0m
[0mGET /chat/5efc6b3be17d013bb4a6668d [32m200[0m 21.673 ms - 983[0m
[0mGET /chat/5efc6b3be17d013bb4a6668d [32m200[0m 35.222 ms - 899[0m
[0mGET /chat/5efc6b29e17d013bb4a6668c [32m200[0m 41.196 ms - 900[0m
[0mGET /favicon.ico [33m404[0m 13.274 ms - 150[0m
[0mGET /favicon.ico [33m404[0m 5.079 ms - 150[0m
[0mGET /favicon.ico [33m404[0m 8.616 ms - 150[0m
[0mGET /chat/5eff889bb54ab544997b0e14 [32m200[0m 52.472 ms - 975[0m
[0mGET /favicon.ico [33m404[0m 6.014 ms - 150[0m
[0mGET /favicon.ico [33m404[0m 6.051 ms - 150[0m
[0mGET / [36m302[0m 1.841 ms - 72[0m
[0mGET /users/sign-in [32m200[0m 7.450 ms - 2784[0m
[0mGET / [36m302[0m 1.127 ms - 72[0m
[0mGET /users/sign-in [36m304[0m 2.981 ms - -[0m
[0mGET / [36m302[0m 4.453 ms - 72[0m
[0mGET /users/sign-in [36m304[0m 9.608 ms - -[0m
[0mPOST /users/create-session [36m302[0m 12.813 ms - 46[0m
[0mGET / [32m200[0m 92.001 ms - 65972[0m
[0mPOST /users/create-session [36m302[0m 13.111 ms - 72[0m
[0mGET /users/sign-in [32m200[0m 14.341 ms - 3079[0m
[0mPOST /users/create-session [36m302[0m 14.271 ms - 46[0m
[0mGET / [32m200[0m 102.074 ms - 68530[0m
[0mGET /users/auth/google [36m302[0m 2.735 ms - 0[0m
[0mGET /users/auth/google/callback?code=4%2F2gEuBpTHNSyKhls_ZeKK8PW_WmDv81tGzUDxbkcxYo5l7BMNSAfL7vJZ5oaM3Ch7sIcZyLvNO3WeZKkSqc-HpNI&scope=email+profile+https%3A%2F%2Fwww.googleapis.com%2Fauth%2Fuserinfo.profile+https%3A%2F%2Fwww.googleapis.com%2Fauth%2Fuserinfo.email+openid&authuser=1&prompt=consent [36m302[0m 696.057 ms - 46[0m
[0mGET / [32m200[0m 109.243 ms - 67308[0m
[0mGET /chat/5efc6b3be17d013bb4a6668d [32m200[0m 44.766 ms - 983[0m
[0mGET /chat/5efc6b3be17d013bb4a6668d [32m200[0m 22.406 ms - 899[0m
[0mGET /chat/5efc6b29e17d013bb4a6668c [32m200[0m 37.243 ms - 900[0m
[0mGET /favicon.ico [33m404[0m 4.488 ms - 150[0m
[0mGET /favicon.ico [33m404[0m 8.442 ms - 150[0m
[0mGET /favicon.ico [33m404[0m 7.038 ms - 150[0m
[0mGET /favicon.ico [33m404[0m 4.113 ms - 150[0m
[0mGET /chat/5eff889bb54ab544997b0e14 [32m200[0m 40.614 ms - 975[0m
[0mGET /favicon.ico [33m404[0m 5.517 ms - 150[0m
[0mGET /favicon.ico [33m404[0m 6.503 ms - 150[0m
[0mGET /chat/5efc6b29e17d013bb4a6668c [36m304[0m 34.892 ms - -[0m
[0mGET /favicon.ico [33m404[0m 7.039 ms - 150[0m
[0mGET /favicon.ico [33m404[0m 7.057 ms - 150[0m
[0mGET / [36m302[0m 62.902 ms - 72[0m
[0mGET /users/sign-in [36m304[0m 72.500 ms - -[0m
[0mPOST /users/create-session [36m302[0m 78.615 ms - 46[0m
[0mGET / [32m200[0m 195.067 ms - 65972[0m
[0mGET /chat/5efc6b29e17d013bb4a6668c [32m200[0m 65.747 ms - 900[0m
[0mGET /favicon.ico [33m404[0m 2.482 ms - 150[0m
[0mGET /favicon.ico [33m404[0m 6.242 ms - 150[0m
[0mGET / [32m200[0m 135.311 ms - 65682[0m
[0mGET /chat/5eff889bb54ab544997b0e14 [32m200[0m 83.311 ms - 975[0m
[0mGET /favicon.ico [33m404[0m 8.533 ms - 150[0m
[0mGET / [36m304[0m 316.013 ms - -[0m
[0mGET /chat/5eff889bb54ab544997b0e14 [32m200[0m 99.769 ms - 975[0m
[0mGET /favicon.ico [33m404[0m 11.824 ms - 150[0m
[0mGET / [36m304[0m 212.862 ms - -[0m
[0mGET /chat/5efc6b29e17d013bb4a6668c [32m200[0m 19.326 ms - 900[0m
[0mGET /favicon.ico [33m404[0m 6.505 ms - 150[0m
[0mGET /favicon.ico [33m404[0m 19.064 ms - 150[0m
[0mGET / [36m302[0m 27.432 ms - 72[0m
[0mGET /users/sign-in [36m304[0m 20.565 ms - -[0m
[0mPOST /users/create-session [36m302[0m 26.907 ms - 46[0m
[0mGET / [32m200[0m 127.148 ms - 65972[0m
[0mGET /chat/5efc6b29e17d013bb4a6668c [32m200[0m 71.092 ms - 900[0m
[0mGET /favicon.ico [33m404[0m 2.914 ms - 150[0m
[0mGET /favicon.ico [33m404[0m 8.210 ms - 150[0m
[0mGET / [32m200[0m 172.745 ms - 65682[0m
[0mGET /chat/5efc6b29e17d013bb4a6668c [32m200[0m 63.877 ms - 900[0m
[0mGET /favicon.ico [33m404[0m 6.124 ms - 150[0m
[0mGET /favicon.ico [33m404[0m 17.546 ms - 150[0m
[0mGET / [36m304[0m 213.908 ms - -[0m
[0mGET /chat/5efc6b29e17d013bb4a6668c [32m200[0m 62.077 ms - 900[0m
[0mGET /favicon.ico [33m404[0m 6.535 ms - 150[0m
[0mGET /favicon.ico [33m404[0m 6.530 ms - 150[0m
[0mGET / [36m304[0m 211.692 ms - -[0m
[0mGET /chat/5eff889bb54ab544997b0e14 [32m200[0m 67.151 ms - 975[0m
[0mGET /favicon.ico [33m404[0m 8.302 ms - 150[0m
[0mGET / [36m302[0m 32.210 ms - 72[0m
[0mGET /users/sign-in [36m304[0m 18.933 ms - -[0m
[0mPOST /users/create-session [36m302[0m 38.047 ms - 46[0m
[0mGET / [32m200[0m 121.301 ms - 65972[0m
[0mGET /chat/5eff889bb54ab544997b0e14 [32m200[0m 53.885 ms - 975[0m
[0mGET /favicon.ico [33m404[0m 10.474 ms - 150[0m
[0mGET /chat/5eff889bb54ab544997b0e14 [36m304[0m 54.125 ms - -[0m
[0mGET /favicon.ico [33m404[0m 11.909 ms - 150[0m
[0mGET / [32m200[0m 141.042 ms - 65682[0m
[0mGET /chat/5eff889bb54ab544997b0e14 [32m200[0m 25.526 ms - 975[0m
[0mGET /favicon.ico [33m404[0m 5.031 ms - 150[0m
[0mGET /favicon.ico [33m404[0m 384.236 ms - 150[0m
[0mGET / [36m304[0m 451.938 ms - -[0m
[0mGET / [36m302[0m 59.139 ms - 72[0m
[0mGET /users/sign-in [32m200[0m 25.175 ms - 2784[0m
[0mGET / [36m302[0m 0.773 ms - 72[0m
[0mGET /users/sign-in [36m304[0m 3.717 ms - -[0m
[0mGET /chat/5eff889bb54ab544997b0e14 [32m200[0m 67.483 ms - 975[0m
[0mGET / [36m304[0m 205.285 ms - -[0m
[0mGET /chat/5eff889bb54ab544997b0e14 [32m200[0m 69.327 ms - 975[0m
[0mGET / [36m302[0m 13.920 ms - 72[0m
[0mGET /users/sign-in [36m304[0m 56.969 ms - -[0m
[0mPOST /users/create-session [36m302[0m 61.514 ms - 46[0m
[0mGET / [32m200[0m 146.444 ms - 65981[0m
[0mGET /chat/5efc6b29e17d013bb4a6668c [32m200[0m 61.215 ms - 900[0m
[0mGET / [32m200[0m 124.170 ms - 65691[0m
[0mGET / [36m304[0m 156.666 ms - -[0m
[0mGET /chat/5efc6b29e17d013bb4a6668c [32m200[0m 27.834 ms - 900[0m
[0mGET / [32m200[0m 185.763 ms - 65725[0m
[0mGET /chat/5efc6b29e17d013bb4a6668c [32m200[0m 64.288 ms - 900[0m
[0mGET /chat/5eff889bb54ab544997b0e14 [32m200[0m 44.432 ms - 975[0m
[0mGET /chat/5efc6b29e17d013bb4a6668c [36m304[0m 69.649 ms - -[0m
[0mGET / [36m302[0m 19.112 ms - 72[0m
[0mGET /users/sign-in [36m304[0m 20.450 ms - -[0m
[0mPOST /users/create-session [36m302[0m 69.254 ms - 46[0m
[0mGET / [32m200[0m 126.645 ms - 66013[0m
[0mGET /chat/5efc6b29e17d013bb4a6668c [32m200[0m 89.805 ms - 900[0m
[0mGET /chat/5eff889bb54ab544997b0e14 [32m200[0m 52.468 ms - 975[0m
[0mGET /chat/5efc6b29e17d013bb4a6668c [36m304[0m 56.528 ms - -[0m
[0mGET /chat/5eff889bb54ab544997b0e14 [36m304[0m 48.678 ms - -[0m
[0mGET / [32m200[0m 183.912 ms - 65723[0m
[0mGET /chat/5efc6b29e17d013bb4a6668c [32m200[0m 53.776 ms - 900[0m
[0mGET /chat/5efc6b29e17d013bb4a6668c [36m304[0m 59.301 ms - -[0m
[0mGET / [36m304[0m 194.542 ms - -[0m
[0mGET /chat/5efc6b29e17d013bb4a6668c [32m200[0m 65.647 ms - 900[0m
[0mGET /chat/5eff889bb54ab544997b0e14 [32m200[0m 37.988 ms - 975[0m
[0mGET / [36m304[0m 196.397 ms - -[0m
[0mGET /chat/5efc6b29e17d013bb4a6668c [32m200[0m 48.668 ms - 900[0m
[0mGET /chat/5eff889bb54ab544997b0e14 [32m200[0m 30.457 ms - 975[0m
[0mGET /chat/5efc6b29e17d013bb4a6668c [36m304[0m 46.315 ms - -[0m
[0mGET /chat/5eff889bb54ab544997b0e14 [36m304[0m 57.705 ms - -[0m
[0mGET / [36m302[0m 25.887 ms - 72[0m
[0mGET /users/sign-in [36m304[0m 25.908 ms - -[0m
[0mPOST /users/create-session [36m302[0m 19.883 ms - 46[0m
[0mGET / [32m200[0m 106.244 ms - 66013[0m
[0mGET /chat/5efc6b29e17d013bb4a6668c [32m200[0m 64.630 ms - 900[0m
[0mGET /chat/5eff889bb54ab544997b0e14 [32m200[0m 55.847 ms - 975[0m
[0mGET / [32m200[0m 158.941 ms - 65723[0m
[0mGET / [36m304[0m 149.673 ms - -[0m
[0mGET /chat/5efc6b29e17d013bb4a6668c [32m200[0m 39.530 ms - 900[0m
[0mGET /chat/5eff889bb54ab544997b0e14 [32m200[0m 52.921 ms - 975[0m
