[0mGET / [36m302[0m 33.609 ms - 72[0m
[0mGET /users/sign-in [32m200[0m 234.774 ms - 2784[0m
[0mGET /favicon.ico [33m404[0m 7.932 ms - 150[0m
[0mPOST /users/create-session [36m302[0m 93.483 ms - 46[0m
[0mGET / [32m200[0m 327.467 ms - 66013[0m
[0mGET / [32m200[0m 156.970 ms - 65723[0m
[0mGET / [36m304[0m 160.793 ms - -[0m
[0mGET /users/profile/5efc6b3be17d013bb4a6668d [32m200[0m 55.033 ms - 4755[0m
[0mGET /friends/destroy/5eff889bb54ab544997b0e14 [36m302[0m 138.559 ms - 164[0m
[0mGET /users/profile/5efc6b3be17d013bb4a6668d [32m200[0m 26.461 ms - 4526[0m
[0mGET / [32m200[0m 160.078 ms - 65281[0m
[0mPOST /posts/create [32m200[0m 101.323 ms - 344[0m
[0mPOST /likes/toggle/?id=5f6a15ad44d5994249a6328f&type=Post [32m200[0m 77.618 ms - 58[0m
[0mPOST /comments/create [32m200[0m 34.444 ms - 318[0m
[0mGET /features/todo/5efc6b3be17d013bb4a6668d [32m200[0m 21.824 ms - 4428[0m
[0mGET /js/home [33m404[0m 4.886 ms - 146[0m
[0mGET /js/home [33m404[0m 8.633 ms - 146[0m
[0mGET /users/profile/5efc6b3be17d013bb4a6668d [32m200[0m 12.656 ms - 4233[0m
[0mGET / [32m200[0m 141.455 ms - 68362[0m
[0mGET /games/snakes [32m200[0m 57.435 ms - 2694[0m
[0mGET /favicon.ico [33m404[0m 4.134 ms - 150[0m
[0mGET /favicon.ico [33m404[0m 3.851 ms - 150[0m
[0mGET /favicon.ico [33m404[0m 6.479 ms - 150[0m
[0mGET /favicon.ico [33m404[0m 10.340 ms - 150[0m
[0mGET /games/snakes [36m304[0m 14.457 ms - -[0m
[0mGET /favicon.ico [33m404[0m 8.010 ms - 150[0m
[0mGET /favicon.ico [33m404[0m 8.615 ms - 150[0m
[0mGET /favicon.ico [33m404[0m 12.278 ms - 150[0m
[0mGET /favicon.ico [33m404[0m 3.575 ms - 150[0m
[0mGET /favicon.ico [33m404[0m 3.651 ms - 150[0m
[0mGET /favicon.ico [33m404[0m 7.961 ms - 150[0m
[0mGET /favicon.ico [33m404[0m 3.485 ms - 150[0m
[0mGET /favicon.ico [33m404[0m 14.378 ms - 150[0m
[0mGET /favicon.ico [33m404[0m 13.715 ms - 150[0m
[0mGET /favicon.ico [33m404[0m 11.886 ms - 150[0m
[0mGET /favicon.ico [33m404[0m 11.831 ms - 150[0m
[0mGET /favicon.ico [33m404[0m 13.540 ms - 150[0m
[0mGET /favicon.ico [33m404[0m 9.845 ms - 150[0m
[0mGET /favicon.ico [33m404[0m 8.817 ms - 150[0m
[0mGET /favicon.ico [33m404[0m 9.155 ms - 150[0m
[0mGET /favicon.ico [33m404[0m 9.786 ms - 150[0m
[0mGET /favicon.ico [33m404[0m 27.410 ms - 150[0m
[0mGET /favicon.ico [33m404[0m 11.347 ms - 150[0m
[0mGET /favicon.ico [33m404[0m 18.913 ms - 150[0m
[0mGET /favicon.ico [33m404[0m 12.166 ms - 150[0m
[0mGET /favicon.ico [33m404[0m 9.903 ms - 150[0m
[0mGET /favicon.ico [33m404[0m 9.441 ms - 150[0m
[0mGET /favicon.ico [33m404[0m 9.578 ms - 150[0m
[0mGET /favicon.ico [33m404[0m 18.251 ms - 150[0m
[0mGET /favicon.ico [33m404[0m 10.972 ms - 150[0m
[0mGET /favicon.ico [33m404[0m 11.231 ms - 150[0m
[0mGET /favicon.ico [33m404[0m 8.421 ms - 150[0m
[0mGET /favicon.ico [33m404[0m 10.171 ms - 150[0m
[0mGET /favicon.ico [33m404[0m 12.867 ms - 150[0m
[0mGET /favicon.ico [33m404[0m 7.421 ms - 150[0m
[0mGET /favicon.ico [33m404[0m 10.785 ms - 150[0m
[0mGET /favicon.ico [33m404[0m 17.337 ms - 150[0m
[0mGET /favicon.ico [33m404[0m 12.586 ms - 150[0m
[0mGET /favicon.ico [33m404[0m 15.937 ms - 150[0m
[0mGET /favicon.ico [33m404[0m 14.147 ms - 150[0m
[0mGET /games/snakes [36m304[0m 7.964 ms - -[0m
[0mGET /favicon.ico [33m404[0m 18.488 ms - 150[0m
[0mGET /favicon.ico [33m404[0m 4.379 ms - 150[0m
[0mGET /favicon.ico [33m404[0m 9.295 ms - 150[0m
[0mGET /favicon.ico [33m404[0m 9.239 ms - 150[0m
[0mGET /favicon.ico [33m404[0m 11.706 ms - 150[0m
[0mGET /favicon.ico [33m404[0m 9.422 ms - 150[0m
[0mGET /favicon.ico [33m404[0m 12.271 ms - 150[0m
[0mGET /favicon.ico [33m404[0m 11.270 ms - 150[0m
[0mGET /favicon.ico [33m404[0m 9.865 ms - 150[0m
[0mGET /favicon.ico [33m404[0m 11.103 ms - 150[0m
[0mGET /favicon.ico [33m404[0m 12.110 ms - 150[0m
[0mGET /favicon.ico [33m404[0m 16.877 ms - 150[0m
[0mGET /favicon.ico [33m404[0m 12.696 ms - 150[0m
[0mGET /games/snakes [36m304[0m 18.894 ms - -[0m
[0mGET /favicon.ico [33m404[0m 16.136 ms - 150[0m
[0mGET /favicon.ico [33m404[0m 8.756 ms - 150[0m
[0mGET /favicon.ico [33m404[0m 9.453 ms - 150[0m
[0mGET /favicon.ico [33m404[0m 12.103 ms - 150[0m
[0mGET /favicon.ico [33m404[0m 11.033 ms - 150[0m
[0mGET /favicon.ico [33m404[0m 15.039 ms - 150[0m
[0mGET /favicon.ico [33m404[0m 9.862 ms - 150[0m
[0mGET /favicon.ico [33m404[0m 9.802 ms - 150[0m
[0mGET /favicon.ico [33m404[0m 7.690 ms - 150[0m
[0mGET /favicon.ico [33m404[0m 10.145 ms - 150[0m
[0mGET /favicon.ico [33m404[0m 12.460 ms - 150[0m
[0mGET /favicon.ico [33m404[0m 11.463 ms - 150[0m
[0mGET /favicon.ico [33m404[0m 14.559 ms - 150[0m
[0mGET /favicon.ico [33m404[0m 9.091 ms - 150[0m
[0mGET /favicon.ico [33m404[0m 14.833 ms - 150[0m
[0mGET /favicon.ico [33m404[0m 13.149 ms - 150[0m
[0mGET /favicon.ico [33m404[0m 17.474 ms - 150[0m
[0mGET /favicon.ico [33m404[0m 8.963 ms - 150[0m
[0mGET /favicon.ico [33m404[0m 10.002 ms - 150[0m
[0mGET /favicon.ico [33m404[0m 10.998 ms - 150[0m
[0mGET /favicon.ico [33m404[0m 14.942 ms - 150[0m
[0mGET /favicon.ico [33m404[0m 9.406 ms - 150[0m
[0mGET /favicon.ico [33m404[0m 11.052 ms - 150[0m
[0mGET /favicon.ico [33m404[0m 9.391 ms - 150[0m
[0mGET /favicon.ico [33m404[0m 5.844 ms - 150[0m
[0mGET /favicon.ico [33m404[0m 11.845 ms - 150[0m
[0mGET /favicon.ico [33m404[0m 14.029 ms - 150[0m
[0mGET /favicon.ico [33m404[0m 11.459 ms - 150[0m
[0mGET /favicon.ico [33m404[0m 9.523 ms - 150[0m
[0mGET /favicon.ico [33m404[0m 11.000 ms - 150[0m
[0mGET /favicon.ico [33m404[0m 9.120 ms - 150[0m
[0mGET /favicon.ico [33m404[0m 8.293 ms - 150[0m
[0mGET /favicon.ico [33m404[0m 9.691 ms - 150[0m
[0mGET /favicon.ico [33m404[0m 13.503 ms - 150[0m
[0mGET /favicon.ico [33m404[0m 8.795 ms - 150[0m
[0mGET /favicon.ico [33m404[0m 16.699 ms - 150[0m
[0mGET /favicon.ico [33m404[0m 10.756 ms - 150[0m
[0mGET /favicon.ico [33m404[0m 13.691 ms - 150[0m
[0mGET /favicon.ico [33m404[0m 10.027 ms - 150[0m
[0mGET /favicon.ico [33m404[0m 8.471 ms - 150[0m
[0mGET /favicon.ico [33m404[0m 21.516 ms - 150[0m
[0mGET /favicon.ico [33m404[0m 12.612 ms - 150[0m
[0mGET /favicon.ico [33m404[0m 9.812 ms - 150[0m
[0mGET /favicon.ico [33m404[0m 12.175 ms - 150[0m
[0mGET /favicon.ico [33m404[0m 13.702 ms - 150[0m
[0mGET /favicon.ico [33m404[0m 14.675 ms - 150[0m
[0mGET /favicon.ico [33m404[0m 11.128 ms - 150[0m
[0mGET /favicon.ico [33m404[0m 8.433 ms - 150[0m
[0mGET /favicon.ico [33m404[0m 15.259 ms - 150[0m
[0mGET /favicon.ico [33m404[0m 13.910 ms - 150[0m
[0mGET /users/sign-out [36m302[0m 22.092 ms - 72[0m
[0mGET /users/sign-in [32m200[0m 18.023 ms - 3075[0m
