[0mGET / [36m302[0m 35.348 ms - 72[0m
[0mGET /users/sign-in [32m200[0m 416.338 ms - 2365[0m
[0mPOST /users/create-session [36m302[0m 58.121 ms - 46[0m
[0mGET /users/sign-in [36m302[0m 28.264 ms - 72[0m
[0mGET /users/profile [33m404[0m 15.895 ms - 152[0m
[0mGET / [36m302[0m 5.907 ms - 72[0m
[0mGET /users/profile [33m404[0m 26.914 ms - 152[0m
[0mGET /users/profile [33m404[0m 19.757 ms - 152[0m
[0mGET / [36m302[0m 4.636 ms - 72[0m
[0mGET /users/sign-in [32m200[0m 24.294 ms - 2365[0m
[0mGET / [32m200[0m 118.494 ms - 5883[0m
[0mGET /users/profile/5efc6b3be17d013bb4a6668d [32m200[0m 58.515 ms - 3610[0m
[0mGET / [36m304[0m 46.434 ms - -[0m
[0mGET / [36m304[0m 27.565 ms - -[0m
[0mGET /chat/5efc6b29e17d013bb4a6668c [32m200[0m 64.111 ms - 791[0m
[0mGET / [36m304[0m 196.403 ms - -[0m
[0mGET /chat/5efc6b29e17d013bb4a6668c [32m200[0m 103.048 ms - 791[0m
[0mGET / [36m304[0m 138.327 ms - -[0m
[0mGET /chat/5efc6b29e17d013bb4a6668c [32m200[0m 63.314 ms - 791[0m
[0mGET /chat/5efc6b29e17d013bb4a6668c [36m304[0m 45.861 ms - -[0m
[0mGET /chat/5efc6b29e17d013bb4a6668c [36m304[0m 32.355 ms - -[0m
[0mGET /chat/5efc6b29e17d013bb4a6668c [36m304[0m 51.025 ms - -[0m
[0mGET /chat/5efc6b29e17d013bb4a6668c [36m304[0m 65.371 ms - -[0m
[0mGET /chat/5efc6b29e17d013bb4a6668c [36m304[0m 42.674 ms - -[0m
[0mGET /chat/5efc6b29e17d013bb4a6668c [36m304[0m 28.173 ms - -[0m
[0mGET / [36m304[0m 68.860 ms - -[0m
[0mGET /chat/5efc6b29e17d013bb4a6668c [32m200[0m 68.785 ms - 791[0m
[0mGET / [36m304[0m 133.882 ms - -[0m
[0mGET /chat/5efc6b29e17d013bb4a6668c [32m200[0m 31.778 ms - 791[0m
[0mGET / [36m304[0m 182.280 ms - -[0m
[0mGET /chat/5efc6b29e17d013bb4a6668c [32m200[0m 35.704 ms - 791[0m
[0mGET / [36m304[0m 82.256 ms - -[0m
[0mGET /chat/5efc6b29e17d013bb4a6668c [32m200[0m 24.230 ms - 791[0m
[0mGET / [36m304[0m 181.969 ms - -[0m
[0mGET /chat/5efc6b29e17d013bb4a6668c [32m200[0m 49.766 ms - 791[0m
[0mGET / [36m304[0m 212.250 ms - -[0m
[0mGET /chat/5efc6b29e17d013bb4a6668c [32m200[0m 31.764 ms - 791[0m
[0mGET / [36m304[0m 25.744 ms - -[0m
[0mGET / [36m302[0m 8.153 ms - 72[0m
[0mGET /users/sign-in [36m304[0m 18.367 ms - -[0m
[0mPOST /users/create-session [36m302[0m 19.292 ms - 46[0m
[0mGET / [32m200[0m 28.367 ms - 6172[0m
[0mGET /chat/5efc6b3be17d013bb4a6668d [32m200[0m 24.837 ms - 791[0m
[0mGET / [36m304[0m 63.488 ms - -[0m
[0mGET / [36m304[0m 39.433 ms - -[0m
[0mGET / [36m304[0m 70.626 ms - -[0m
[0mGET / [32m200[0m 26.593 ms - 5882[0m
[0mGET / [36m302[0m 181.224 ms - 72[0m
[0mGET /users/sign-in [32m200[0m 580.292 ms - 2365[0m
